2025-09-07 23:31:59,912 - INFO - [SUMMARY]
INFO :      Run finished 100 round(s) in 6722.41s
2025-09-07 23:31:59,912 - INFO - Run finished 100 round(s) in 6722.41s
INFO :          History (loss, distributed):
2025-09-07 23:31:59,912 - INFO -        History (loss, distributed):
INFO :                  round 1: 0.08305895576874416
2025-09-07 23:31:59,912 - INFO -                round 1: 0.08305895576874416
INFO :                  round 2: 0.07061594227949779
2025-09-07 23:31:59,912 - INFO -                round 2: 0.07061594227949779
INFO :                  round 3: 0.07175324484705925
2025-09-07 23:31:59,912 - INFO -                round 3: 0.07175324484705925
INFO :                  round 4: 0.07490484416484833
2025-09-07 23:31:59,912 - INFO -                round 4: 0.07490484416484833
INFO :                  round 5: 0.08964037150144577
2025-09-07 23:31:59,912 - INFO -                round 5: 0.08964037150144577
INFO :                  round 6: 0.09463808238506317
2025-09-07 23:31:59,912 - INFO -                round 6: 0.09463808238506317
INFO :                  round 7: 0.10027350336313248
2025-09-07 23:31:59,913 - INFO -                round 7: 0.10027350336313248
INFO :                  round 8: 0.10443000495433807
2025-09-07 23:31:59,913 - INFO -                round 8: 0.10443000495433807
INFO :                  round 9: 0.1179822713136673
2025-09-07 23:31:59,913 - INFO -                round 9: 0.1179822713136673
INFO :                  round 10: 0.12112589925527573
2025-09-07 23:31:59,913 - INFO -                round 10: 0.12112589925527573
INFO :                  round 11: 0.11141006052494049
2025-09-07 23:31:59,913 - INFO -                round 11: 0.11141006052494049
INFO :                  round 12: 0.12006869167089462
2025-09-07 23:31:59,913 - INFO -                round 12: 0.12006869167089462
INFO :                  round 13: 0.11920011937618255
2025-09-07 23:31:59,913 - INFO -                round 13: 0.11920011937618255
INFO :                  round 14: 0.12170864641666412
2025-09-07 23:31:59,913 - INFO -                round 14: 0.12170864641666412
INFO :                  round 15: 0.12215513736009598
2025-09-07 23:31:59,913 - INFO -                round 15: 0.12215513736009598
INFO :                  round 16: 0.12046016603708268
2025-09-07 23:31:59,913 - INFO -                round 16: 0.12046016603708268
INFO :                  round 17: 0.11018220633268357
2025-09-07 23:31:59,913 - INFO -                round 17: 0.11018220633268357
INFO :                  round 18: 0.0982921689748764
2025-09-07 23:31:59,913 - INFO -                round 18: 0.0982921689748764
INFO :                  round 19: 0.11445572972297668
2025-09-07 23:31:59,913 - INFO -                round 19: 0.11445572972297668
INFO :                  round 20: 0.11598641723394394
2025-09-07 23:31:59,913 - INFO -                round 20: 0.11598641723394394
INFO :                  round 21: 0.11914704293012619
2025-09-07 23:31:59,913 - INFO -                round 21: 0.11914704293012619
INFO :                  round 22: 0.15221063792705536
2025-09-07 23:31:59,913 - INFO -                round 22: 0.15221063792705536
INFO :                  round 23: 0.14133481532335282
2025-09-07 23:31:59,913 - INFO -                round 23: 0.14133481532335282
INFO :                  round 24: 0.13930492103099823
2025-09-07 23:31:59,913 - INFO -                round 24: 0.13930492103099823
INFO :                  round 25: 0.15573085993528366
2025-09-07 23:31:59,913 - INFO -                round 25: 0.15573085993528366
INFO :                  round 26: 0.16707902550697326
2025-09-07 23:31:59,913 - INFO -                round 26: 0.16707902550697326
INFO :                  round 27: 0.14520723819732667
2025-09-07 23:31:59,913 - INFO -                round 27: 0.14520723819732667
INFO :                  round 28: 0.1313970908522606
2025-09-07 23:31:59,913 - INFO -                round 28: 0.1313970908522606
INFO :                  round 29: 0.16573659032583238
2025-09-07 23:31:59,913 - INFO -                round 29: 0.16573659032583238
INFO :                  round 30: 0.17704553604125978
2025-09-07 23:31:59,913 - INFO -                round 30: 0.17704553604125978
INFO :                  round 31: 0.13727076798677446
2025-09-07 23:31:59,913 - INFO -                round 31: 0.13727076798677446
INFO :                  round 32: 0.19333455413579942
2025-09-07 23:31:59,913 - INFO -                round 32: 0.19333455413579942
INFO :                  round 33: 0.1427313506603241
2025-09-07 23:31:59,913 - INFO -                round 33: 0.1427313506603241
INFO :                  round 34: 0.14748744070529937
2025-09-07 23:31:59,913 - INFO -                round 34: 0.14748744070529937
INFO :                  round 35: 0.14204267114400865
2025-09-07 23:31:59,913 - INFO -                round 35: 0.14204267114400865
INFO :                  round 36: 0.1416843131184578
2025-09-07 23:31:59,913 - INFO -                round 36: 0.1416843131184578
INFO :                  round 37: 0.1339780256152153
2025-09-07 23:31:59,913 - INFO -                round 37: 0.1339780256152153
INFO :                  round 38: 0.15312078595161438
2025-09-07 23:31:59,913 - INFO -                round 38: 0.15312078595161438
INFO :                  round 39: 0.1360581710934639
2025-09-07 23:31:59,913 - INFO -                round 39: 0.1360581710934639
INFO :                  round 40: 0.12338555753231048
2025-09-07 23:31:59,913 - INFO -                round 40: 0.12338555753231048
INFO :                  round 41: 0.12519450187683107
2025-09-07 23:31:59,913 - INFO -                round 41: 0.12519450187683107
INFO :                  round 42: 0.1067738875746727
2025-09-07 23:31:59,914 - INFO -                round 42: 0.1067738875746727
INFO :                  round 43: 0.10588139742612838
2025-09-07 23:31:59,914 - INFO -                round 43: 0.10588139742612838
INFO :                  round 44: 0.10779912620782853
2025-09-07 23:31:59,914 - INFO -                round 44: 0.10779912620782853
INFO :                  round 45: 0.14958426356315613
2025-09-07 23:31:59,914 - INFO -                round 45: 0.14958426356315613
INFO :                  round 46: 0.12260757088661194
2025-09-07 23:31:59,914 - INFO -                round 46: 0.12260757088661194
INFO :                  round 47: 0.1409695029258728
2025-09-07 23:31:59,914 - INFO -                round 47: 0.1409695029258728
INFO :                  round 48: 0.14362599998712539
2025-09-07 23:31:59,914 - INFO -                round 48: 0.14362599998712539
INFO :                  round 49: 0.10528146922588348
2025-09-07 23:31:59,914 - INFO -                round 49: 0.10528146922588348
INFO :                  round 50: 0.11489487141370773
2025-09-07 23:31:59,914 - INFO -                round 50: 0.11489487141370773
INFO :                  round 51: 0.12513268887996673
2025-09-07 23:31:59,914 - INFO -                round 51: 0.12513268887996673
INFO :                  round 52: 0.12681656926870347
2025-09-07 23:31:59,914 - INFO -                round 52: 0.12681656926870347
INFO :                  round 53: 0.12801920771598815
2025-09-07 23:31:59,914 - INFO -                round 53: 0.12801920771598815
INFO :                  round 54: 0.13015928119421005
2025-09-07 23:31:59,914 - INFO -                round 54: 0.13015928119421005
INFO :                  round 55: 0.12551990002393723
2025-09-07 23:31:59,914 - INFO -                round 55: 0.12551990002393723
INFO :                  round 56: 0.1461833491921425
2025-09-07 23:31:59,914 - INFO -                round 56: 0.1461833491921425
INFO :                  round 57: 0.14789246320724486
2025-09-07 23:31:59,914 - INFO -                round 57: 0.14789246320724486
INFO :                  round 58: 0.1569272443652153
2025-09-07 23:31:59,914 - INFO -                round 58: 0.1569272443652153
INFO :                  round 59: 0.16031984090805054
2025-09-07 23:31:59,914 - INFO -                round 59: 0.16031984090805054
INFO :                  round 60: 0.1581178829073906
2025-09-07 23:31:59,914 - INFO -                round 60: 0.1581178829073906
INFO :                  round 61: 0.1319100022315979
2025-09-07 23:31:59,914 - INFO -                round 61: 0.1319100022315979
INFO :                  round 62: 0.1647915318608284
2025-09-07 23:31:59,914 - INFO -                round 62: 0.1647915318608284
INFO :                  round 63: 0.17792418897151946
2025-09-07 23:31:59,914 - INFO -                round 63: 0.17792418897151946
INFO :                  round 64: 0.1547544151544571
2025-09-07 23:31:59,914 - INFO -                round 64: 0.1547544151544571
INFO :                  round 65: 0.1521274521946907
2025-09-07 23:31:59,914 - INFO -                round 65: 0.1521274521946907
INFO :                  round 66: 0.1692822813987732
2025-09-07 23:31:59,914 - INFO -                round 66: 0.1692822813987732
INFO :                  round 67: 0.1601702332496643
2025-09-07 23:31:59,914 - INFO -                round 67: 0.1601702332496643
INFO :                  round 68: 0.15008737295866012
2025-09-07 23:31:59,914 - INFO -                round 68: 0.15008737295866012
INFO :                  round 69: 0.11884313225746154
2025-09-07 23:31:59,914 - INFO -                round 69: 0.11884313225746154
INFO :                  round 70: 0.12287357300519944
2025-09-07 23:31:59,914 - INFO -                round 70: 0.12287357300519944
INFO :                  round 71: 0.1302288219332695
2025-09-07 23:31:59,914 - INFO -                round 71: 0.1302288219332695
INFO :                  round 72: 0.13660152852535248
2025-09-07 23:31:59,914 - INFO -                round 72: 0.13660152852535248
INFO :                  round 73: 0.13181332498788834
2025-09-07 23:31:59,914 - INFO -                round 73: 0.13181332498788834
INFO :                  round 74: 0.1422927901148796
2025-09-07 23:31:59,914 - INFO -                round 74: 0.1422927901148796
INFO :                  round 75: 0.13581794798374175
2025-09-07 23:31:59,914 - INFO -                round 75: 0.13581794798374175
INFO :                  round 76: 0.12027344703674317
2025-09-07 23:31:59,914 - INFO -                round 76: 0.12027344703674317
INFO :                  round 77: 0.18979776799678802
2025-09-07 23:31:59,914 - INFO -                round 77: 0.18979776799678802
INFO :                  round 78: 0.14493534564971924
2025-09-07 23:31:59,914 - INFO -                round 78: 0.14493534564971924
INFO :                  round 79: 0.15923082530498506
2025-09-07 23:31:59,914 - INFO -                round 79: 0.15923082530498506
INFO :                  round 80: 0.1803772494196892
2025-09-07 23:31:59,915 - INFO -                round 80: 0.1803772494196892
INFO :                  round 81: 0.12544450908899307
2025-09-07 23:31:59,915 - INFO -                round 81: 0.12544450908899307
INFO :                  round 82: 0.18110651671886444
2025-09-07 23:31:59,915 - INFO -                round 82: 0.18110651671886444
INFO :                  round 83: 0.2113276392221451
2025-09-07 23:31:59,915 - INFO -                round 83: 0.2113276392221451
INFO :                  round 84: 0.1499519467353821
2025-09-07 23:31:59,915 - INFO -                round 84: 0.1499519467353821
INFO :                  round 85: 0.13473382145166396
2025-09-07 23:31:59,915 - INFO -                round 85: 0.13473382145166396
INFO :                  round 86: 0.16570136845111846
2025-09-07 23:31:59,915 - INFO -                round 86: 0.16570136845111846
INFO :                  round 87: 0.19246533811092376
2025-09-07 23:31:59,915 - INFO -                round 87: 0.19246533811092376
INFO :                  round 88: 0.1374605342745781
2025-09-07 23:31:59,915 - INFO -                round 88: 0.1374605342745781
INFO :                  round 89: 0.1342460870742798
2025-09-07 23:31:59,915 - INFO -                round 89: 0.1342460870742798
INFO :                  round 90: 0.09383604824542999
2025-09-07 23:31:59,915 - INFO -                round 90: 0.09383604824542999
INFO :                  round 91: 0.13441247940063478
2025-09-07 23:31:59,915 - INFO -                round 91: 0.13441247940063478
INFO :                  round 92: 0.1115084394812584
2025-09-07 23:31:59,915 - INFO -                round 92: 0.1115084394812584
INFO :                  round 93: 0.14821930974721909
2025-09-07 23:31:59,915 - INFO -                round 93: 0.14821930974721909
INFO :                  round 94: 0.1257822185754776
2025-09-07 23:31:59,915 - INFO -                round 94: 0.1257822185754776
INFO :                  round 95: 0.14344208985567092
2025-09-07 23:31:59,915 - INFO -                round 95: 0.14344208985567092
INFO :                  round 96: 0.1362906888127327
2025-09-07 23:31:59,915 - INFO -                round 96: 0.1362906888127327
INFO :                  round 97: 0.10625692903995514
2025-09-07 23:31:59,915 - INFO -                round 97: 0.10625692903995514
INFO :                  round 98: 0.1617993324995041
2025-09-07 23:31:59,915 - INFO -                round 98: 0.1617993324995041
INFO :                  round 99: 0.14846200197935105
2025-09-07 23:31:59,915 - INFO -                round 99: 0.14846200197935105
INFO :                  round 100: 0.11953786462545395
2025-09-07 23:31:59,915 - INFO -                round 100: 0.11953786462545395
INFO :      
2025-09-07 23:31:59,915 - INFO - 