# Metrics log for client node-orin - Run started at 2025-09-09 10:27:32.456687
# XAI_ENABLED=False DEVICE_TYPE=JetsonOrinNano
# XAI Methods: GRADXINPUT=False SHAP=False LIME=False
# Format: ROUND=X NODE=Y ACC=Z ... [GRADXINPUT_MS=A GRADXINPUT_MEM_MB=B] [SHAP_MS=C SHAP_MEM_MB=D] [LIME_MS=E LIME_MEM_MB=F] XAI_METHODS=G,H,I
ROUND=1 NODE=node-orin ACC=0.9700 PREC=0.9618 REC=0.9788 F1=0.9702 AUC=0.9951 TRAIN_TIME_S=49.907 PEAK_MEM_MB=870.1 XAI_STATUS=DISABLED
ROUND=2 NODE=node-orin ACC=0.9628 PREC=0.9534 REC=0.9733 F1=0.9632 AUC=0.9942 TRAIN_TIME_S=46.443 PEAK_MEM_MB=877.6 XAI_STATUS=DISABLED
ROUND=3 NODE=node-orin ACC=0.9467 PREC=0.9545 REC=0.9382 F1=0.9463 AUC=0.9936 TRAIN_TIME_S=46.099 PEAK_MEM_MB=884.1 XAI_STATUS=DISABLED
ROUND=4 NODE=node-orin ACC=0.9377 PREC=0.9566 REC=0.9171 F1=0.9364 AUC=0.9935 TRAIN_TIME_S=46.855 PEAK_MEM_MB=886.8 XAI_STATUS=DISABLED
ROUND=5 NODE=node-orin ACC=0.9348 PREC=0.9574 REC=0.9102 F1=0.9332 AUC=0.9921 TRAIN_TIME_S=47.038 PEAK_MEM_MB=890.4 XAI_STATUS=DISABLED
ROUND=6 NODE=node-orin ACC=0.9291 PREC=0.9597 REC=0.8958 F1=0.9267 AUC=0.9928 TRAIN_TIME_S=46.286 PEAK_MEM_MB=892.0 XAI_STATUS=DISABLED
ROUND=7 NODE=node-orin ACC=0.9267 PREC=0.9605 REC=0.8900 F1=0.9239 AUC=0.9927 TRAIN_TIME_S=46.394 PEAK_MEM_MB=893.8 XAI_STATUS=DISABLED
ROUND=8 NODE=node-orin ACC=0.9319 PREC=0.9599 REC=0.9015 F1=0.9298 AUC=0.9929 TRAIN_TIME_S=46.890 PEAK_MEM_MB=894.3 XAI_STATUS=DISABLED
ROUND=9 NODE=node-orin ACC=0.9270 PREC=0.9597 REC=0.8914 F1=0.9243 AUC=0.9925 TRAIN_TIME_S=46.530 PEAK_MEM_MB=895.3 XAI_STATUS=DISABLED
ROUND=10 NODE=node-orin ACC=0.9273 PREC=0.9601 REC=0.8916 F1=0.9246 AUC=0.9927 TRAIN_TIME_S=47.092 PEAK_MEM_MB=897.9 XAI_STATUS=DISABLED
MACRO_AVG_LAST10 NODE=node-orin ACC=0.9394 PREC=0.9584 REC=0.9188 F1=0.9379 AUC=0.9932
ROUND=11 NODE=node-orin ACC=0.9222 PREC=0.9624 REC=0.8786 F1=0.9186 AUC=0.9928 TRAIN_TIME_S=45.957 PEAK_MEM_MB=899.6 XAI_STATUS=DISABLED
MACRO_AVG_LAST10 NODE=node-orin ACC=0.9346 PREC=0.9584 REC=0.9088 F1=0.9327 AUC=0.9930
ROUND=12 NODE=node-orin ACC=0.9274 PREC=0.9608 REC=0.8912 F1=0.9247 AUC=0.9926 TRAIN_TIME_S=45.379 PEAK_MEM_MB=901.3 XAI_STATUS=DISABLED
MACRO_AVG_LAST10 NODE=node-orin ACC=0.9311 PREC=0.9592 REC=0.9006 F1=0.9288 AUC=0.9928
ROUND=13 NODE=node-orin ACC=0.9265 PREC=0.9630 REC=0.8872 F1=0.9235 AUC=0.9928 TRAIN_TIME_S=45.652 PEAK_MEM_MB=902.1 XAI_STATUS=DISABLED
MACRO_AVG_LAST10 NODE=node-orin ACC=0.9291 PREC=0.9600 REC=0.8955 F1=0.9266 AUC=0.9928
ROUND=14 NODE=node-orin ACC=0.9275 PREC=0.9622 REC=0.8899 F1=0.9246 AUC=0.9929 TRAIN_TIME_S=49.886 PEAK_MEM_MB=903.3 XAI_STATUS=DISABLED
MACRO_AVG_LAST10 NODE=node-orin ACC=0.9280 PREC=0.9606 REC=0.8927 F1=0.9254 AUC=0.9927
ROUND=15 NODE=node-orin ACC=0.9272 PREC=0.9622 REC=0.8892 F1=0.9243 AUC=0.9934 TRAIN_TIME_S=45.713 PEAK_MEM_MB=903.5 XAI_STATUS=DISABLED
MACRO_AVG_LAST10 NODE=node-orin ACC=0.9273 PREC=0.9610 REC=0.8906 F1=0.9245 AUC=0.9928
ROUND=16 NODE=node-orin ACC=0.9226 PREC=0.9620 REC=0.8799 F1=0.9191 AUC=0.9928 TRAIN_TIME_S=45.570 PEAK_MEM_MB=904.6 XAI_STATUS=DISABLED
MACRO_AVG_LAST10 NODE=node-orin ACC=0.9266 PREC=0.9613 REC=0.8890 F1=0.9237 AUC=0.9928
ROUND=17 NODE=node-orin ACC=0.9233 PREC=0.9628 REC=0.8805 F1=0.9198 AUC=0.9931 TRAIN_TIME_S=45.041 PEAK_MEM_MB=904.9 XAI_STATUS=DISABLED
MACRO_AVG_LAST10 NODE=node-orin ACC=0.9263 PREC=0.9615 REC=0.8881 F1=0.9233 AUC=0.9929
ROUND=18 NODE=node-orin ACC=0.9268 PREC=0.9668 REC=0.8839 F1=0.9235 AUC=0.9935 TRAIN_TIME_S=45.777 PEAK_MEM_MB=905.8 XAI_STATUS=DISABLED
MACRO_AVG_LAST10 NODE=node-orin ACC=0.9258 PREC=0.9622 REC=0.8863 F1=0.9227 AUC=0.9929
ROUND=19 NODE=node-orin ACC=0.9218 PREC=0.9622 REC=0.8780 F1=0.9182 AUC=0.9931 TRAIN_TIME_S=45.108 PEAK_MEM_MB=905.9 XAI_STATUS=DISABLED
MACRO_AVG_LAST10 NODE=node-orin ACC=0.9252 PREC=0.9624 REC=0.8850 F1=0.9221 AUC=0.9930
ROUND=20 NODE=node-orin ACC=0.9221 PREC=0.9638 REC=0.8771 F1=0.9184 AUC=0.9933 TRAIN_TIME_S=46.390 PEAK_MEM_MB=907.0 XAI_STATUS=DISABLED
MACRO_AVG_LAST10 NODE=node-orin ACC=0.9247 PREC=0.9628 REC=0.8836 F1=0.9215 AUC=0.9930
ROUND=21 NODE=node-orin ACC=0.9238 PREC=0.9652 REC=0.8794 F1=0.9203 AUC=0.9933 TRAIN_TIME_S=46.468 PEAK_MEM_MB=906.2 XAI_STATUS=DISABLED
MACRO_AVG_LAST10 NODE=node-orin ACC=0.9249 PREC=0.9631 REC=0.8836 F1=0.9216 AUC=0.9931
ROUND=22 NODE=node-orin ACC=0.9229 PREC=0.9646 REC=0.8779 F1=0.9192 AUC=0.9936 TRAIN_TIME_S=46.194 PEAK_MEM_MB=909.0 XAI_STATUS=DISABLED
MACRO_AVG_LAST10 NODE=node-orin ACC=0.9244 PREC=0.9635 REC=0.8823 F1=0.9211 AUC=0.9932
ROUND=23 NODE=node-orin ACC=0.9281 PREC=0.9629 REC=0.8905 F1=0.9253 AUC=0.9936 TRAIN_TIME_S=46.453 PEAK_MEM_MB=910.3 XAI_STATUS=DISABLED
MACRO_AVG_LAST10 NODE=node-orin ACC=0.9246 PREC=0.9635 REC=0.8826 F1=0.9213 AUC=0.9933
ROUND=24 NODE=node-orin ACC=0.9316 PREC=0.9639 REC=0.8968 F1=0.9291 AUC=0.9940 TRAIN_TIME_S=46.334 PEAK_MEM_MB=910.4 XAI_STATUS=DISABLED
MACRO_AVG_LAST10 NODE=node-orin ACC=0.9250 PREC=0.9636 REC=0.8833 F1=0.9217 AUC=0.9934
ROUND=25 NODE=node-orin ACC=0.9275 PREC=0.9632 REC=0.8889 F1=0.9245 AUC=0.9939 TRAIN_TIME_S=46.233 PEAK_MEM_MB=911.5 XAI_STATUS=DISABLED
MACRO_AVG_LAST10 NODE=node-orin ACC=0.9250 PREC=0.9637 REC=0.8833 F1=0.9217 AUC=0.9934
ROUND=26 NODE=node-orin ACC=0.9286 PREC=0.9627 REC=0.8916 F1=0.9258 AUC=0.9939 TRAIN_TIME_S=46.591 PEAK_MEM_MB=911.9 XAI_STATUS=DISABLED
MACRO_AVG_LAST10 NODE=node-orin ACC=0.9256 PREC=0.9638 REC=0.8845 F1=0.9224 AUC=0.9935
ROUND=27 NODE=node-orin ACC=0.9258 PREC=0.9621 REC=0.8865 F1=0.9228 AUC=0.9935 TRAIN_TIME_S=45.095 PEAK_MEM_MB=912.2 XAI_STATUS=DISABLED
MACRO_AVG_LAST10 NODE=node-orin ACC=0.9259 PREC=0.9637 REC=0.8851 F1=0.9227 AUC=0.9936
ROUND=28 NODE=node-orin ACC=0.9283 PREC=0.9622 REC=0.8915 F1=0.9255 AUC=0.9936 TRAIN_TIME_S=45.942 PEAK_MEM_MB=912.4 XAI_STATUS=DISABLED
MACRO_AVG_LAST10 NODE=node-orin ACC=0.9260 PREC=0.9633 REC=0.8858 F1=0.9229 AUC=0.9936
ROUND=29 NODE=node-orin ACC=0.9250 PREC=0.9653 REC=0.8817 F1=0.9216 AUC=0.9934 TRAIN_TIME_S=45.661 PEAK_MEM_MB=912.4 XAI_STATUS=DISABLED
MACRO_AVG_LAST10 NODE=node-orin ACC=0.9264 PREC=0.9636 REC=0.8862 F1=0.9233 AUC=0.9936
ROUND=30 NODE=node-orin ACC=0.9276 PREC=0.9637 REC=0.8888 F1=0.9247 AUC=0.9936 TRAIN_TIME_S=46.036 PEAK_MEM_MB=905.8 XAI_STATUS=DISABLED
MACRO_AVG_LAST10 NODE=node-orin ACC=0.9269 PREC=0.9636 REC=0.8874 F1=0.9239 AUC=0.9936
ROUND=31 NODE=node-orin ACC=0.9335 PREC=0.9624 REC=0.9023 F1=0.9314 AUC=0.9938 TRAIN_TIME_S=45.149 PEAK_MEM_MB=911.8 XAI_STATUS=DISABLED
MACRO_AVG_LAST10 NODE=node-orin ACC=0.9279 PREC=0.9633 REC=0.8896 F1=0.9250 AUC=0.9937
ROUND=32 NODE=node-orin ACC=0.9381 PREC=0.9706 REC=0.9036 F1=0.9359 AUC=0.9945 TRAIN_TIME_S=45.699 PEAK_MEM_MB=912.7 XAI_STATUS=DISABLED
MACRO_AVG_LAST10 NODE=node-orin ACC=0.9294 PREC=0.9639 REC=0.8922 F1=0.9267 AUC=0.9938
ROUND=33 NODE=node-orin ACC=0.9323 PREC=0.9652 REC=0.8970 F1=0.9299 AUC=0.9937 TRAIN_TIME_S=45.115 PEAK_MEM_MB=919.4 XAI_STATUS=DISABLED
MACRO_AVG_LAST10 NODE=node-orin ACC=0.9298 PREC=0.9641 REC=0.8929 F1=0.9271 AUC=0.9938
ROUND=34 NODE=node-orin ACC=0.9291 PREC=0.9650 REC=0.8905 F1=0.9263 AUC=0.9928 TRAIN_TIME_S=46.008 PEAK_MEM_MB=919.5 XAI_STATUS=DISABLED
MACRO_AVG_LAST10 NODE=node-orin ACC=0.9296 PREC=0.9642 REC=0.8922 F1=0.9268 AUC=0.9937
ROUND=35 NODE=node-orin ACC=0.9395 PREC=0.9702 REC=0.9070 F1=0.9375 AUC=0.9950 TRAIN_TIME_S=46.233 PEAK_MEM_MB=919.8 XAI_STATUS=DISABLED
MACRO_AVG_LAST10 NODE=node-orin ACC=0.9308 PREC=0.9649 REC=0.8941 F1=0.9281 AUC=0.9938
ROUND=36 NODE=node-orin ACC=0.9337 PREC=0.9642 REC=0.9008 F1=0.9314 AUC=0.9934 TRAIN_TIME_S=45.873 PEAK_MEM_MB=920.1 XAI_STATUS=DISABLED
MACRO_AVG_LAST10 NODE=node-orin ACC=0.9313 PREC=0.9651 REC=0.8950 F1=0.9287 AUC=0.9937
ROUND=37 NODE=node-orin ACC=0.9348 PREC=0.9630 REC=0.9045 F1=0.9328 AUC=0.9938 TRAIN_TIME_S=45.597 PEAK_MEM_MB=926.0 XAI_STATUS=DISABLED
MACRO_AVG_LAST10 NODE=node-orin ACC=0.9322 PREC=0.9652 REC=0.8968 F1=0.9297 AUC=0.9937
ROUND=38 NODE=node-orin ACC=0.9431 PREC=0.9867 REC=0.8982 F1=0.9404 AUC=0.9948 TRAIN_TIME_S=45.888 PEAK_MEM_MB=914.3 XAI_STATUS=DISABLED
MACRO_AVG_LAST10 NODE=node-orin ACC=0.9337 PREC=0.9676 REC=0.8974 F1=0.9312 AUC=0.9939
ROUND=39 NODE=node-orin ACC=0.9366 PREC=0.9639 REC=0.9072 F1=0.9347 AUC=0.9947 TRAIN_TIME_S=45.979 PEAK_MEM_MB=914.6 XAI_STATUS=DISABLED
MACRO_AVG_LAST10 NODE=node-orin ACC=0.9348 PREC=0.9675 REC=0.9000 F1=0.9325 AUC=0.9940
ROUND=40 NODE=node-orin ACC=0.9348 PREC=0.9626 REC=0.9048 F1=0.9328 AUC=0.9937 TRAIN_TIME_S=45.647 PEAK_MEM_MB=923.2 XAI_STATUS=DISABLED
MACRO_AVG_LAST10 NODE=node-orin ACC=0.9356 PREC=0.9674 REC=0.9016 F1=0.9333 AUC=0.9940
ROUND=41 NODE=node-orin ACC=0.9348 PREC=0.9635 REC=0.9039 F1=0.9328 AUC=0.9946 TRAIN_TIME_S=46.251 PEAK_MEM_MB=924.1 XAI_STATUS=DISABLED
MACRO_AVG_LAST10 NODE=node-orin ACC=0.9357 PREC=0.9675 REC=0.9017 F1=0.9334 AUC=0.9941
ROUND=42 NODE=node-orin ACC=0.9336 PREC=0.9627 REC=0.9020 F1=0.9314 AUC=0.9938 TRAIN_TIME_S=46.407 PEAK_MEM_MB=924.4 XAI_STATUS=DISABLED
MACRO_AVG_LAST10 NODE=node-orin ACC=0.9352 PREC=0.9667 REC=0.9016 F1=0.9330 AUC=0.9940
ROUND=43 NODE=node-orin ACC=0.9398 PREC=0.9736 REC=0.9041 F1=0.9376 AUC=0.9944 TRAIN_TIME_S=46.073 PEAK_MEM_MB=924.9 XAI_STATUS=DISABLED
MACRO_AVG_LAST10 NODE=node-orin ACC=0.9360 PREC=0.9675 REC=0.9023 F1=0.9338 AUC=0.9941
ROUND=44 NODE=node-orin ACC=0.9347 PREC=0.9939 REC=0.8747 F1=0.9305 AUC=0.9946 TRAIN_TIME_S=46.507 PEAK_MEM_MB=925.5 XAI_STATUS=DISABLED
MACRO_AVG_LAST10 NODE=node-orin ACC=0.9365 PREC=0.9704 REC=0.9007 F1=0.9342 AUC=0.9943
ROUND=45 NODE=node-orin ACC=0.9346 PREC=0.9634 REC=0.9035 F1=0.9325 AUC=0.9929 TRAIN_TIME_S=46.198 PEAK_MEM_MB=926.3 XAI_STATUS=DISABLED
MACRO_AVG_LAST10 NODE=node-orin ACC=0.9360 PREC=0.9698 REC=0.9004 F1=0.9337 AUC=0.9941
ROUND=46 NODE=node-orin ACC=0.9344 PREC=0.9647 REC=0.9017 F1=0.9321 AUC=0.9931 TRAIN_TIME_S=45.358 PEAK_MEM_MB=926.6 XAI_STATUS=DISABLED
MACRO_AVG_LAST10 NODE=node-orin ACC=0.9361 PREC=0.9698 REC=0.9005 F1=0.9337 AUC=0.9940
ROUND=47 NODE=node-orin ACC=0.9344 PREC=0.9649 REC=0.9015 F1=0.9321 AUC=0.9931 TRAIN_TIME_S=46.272 PEAK_MEM_MB=926.6 XAI_STATUS=DISABLED
MACRO_AVG_LAST10 NODE=node-orin ACC=0.9361 PREC=0.9700 REC=0.9002 F1=0.9337 AUC=0.9940
ROUND=48 NODE=node-orin ACC=0.9327 PREC=0.9734 REC=0.8896 F1=0.9296 AUC=0.9922 TRAIN_TIME_S=46.415 PEAK_MEM_MB=926.6 XAI_STATUS=DISABLED
MACRO_AVG_LAST10 NODE=node-orin ACC=0.9350 PREC=0.9687 REC=0.8993 F1=0.9326 AUC=0.9937
ROUND=49 NODE=node-orin ACC=0.9516 PREC=0.9886 REC=0.9136 F1=0.9496 AUC=0.9948 TRAIN_TIME_S=45.863 PEAK_MEM_MB=926.6 XAI_STATUS=DISABLED
MACRO_AVG_LAST10 NODE=node-orin ACC=0.9365 PREC=0.9711 REC=0.8999 F1=0.9341 AUC=0.9937
ROUND=50 NODE=node-orin ACC=0.9407 PREC=0.9742 REC=0.9054 F1=0.9385 AUC=0.9938 TRAIN_TIME_S=45.545 PEAK_MEM_MB=923.7 XAI_STATUS=DISABLED
MACRO_AVG_LAST10 NODE=node-orin ACC=0.9371 PREC=0.9723 REC=0.9000 F1=0.9347 AUC=0.9937
