# Metrics log for client node-zeta - Run started at 2025-09-09 08:25:58.307360
# XAI_ENABLED=False DEVICE_TYPE=RaspberryPi-5
# XAI Methods: GRADXINPUT=False SHAP=False LIME=False
# Format: ROUND=X NODE=Y ACC=Z ... [GRADXINPUT_MS=A GRADXINPUT_MEM_MB=B] [SHAP_MS=C SHAP_MEM_MB=D] [LIME_MS=E LIME_MEM_MB=F] XAI_METHODS=G,H,I
ROUND=1 NODE=node-zeta ACC=0.9735 PREC=0.9664 REC=0.9811 F1=0.9737 AUC=0.9963 TRAIN_TIME_S=23.244 PEAK_MEM_MB=933.1 XAI_STATUS=DISABLED
ROUND=2 NODE=node-zeta ACC=0.9723 PREC=0.9731 REC=0.9715 F1=0.9723 AUC=0.9962 TRAIN_TIME_S=21.140 PEAK_MEM_MB=935.1 XAI_STATUS=DISABLED
ROUND=3 NODE=node-zeta ACC=0.9531 PREC=0.9735 REC=0.9315 F1=0.9520 AUC=0.9959 TRAIN_TIME_S=21.116 PEAK_MEM_MB=940.0 XAI_STATUS=DISABLED
ROUND=4 NODE=node-zeta ACC=0.9434 PREC=0.9732 REC=0.9118 F1=0.9415 AUC=0.9953 TRAIN_TIME_S=23.355 PEAK_MEM_MB=942.9 XAI_STATUS=DISABLED
ROUND=5 NODE=node-zeta ACC=0.9324 PREC=0.9610 REC=0.9015 F1=0.9303 AUC=0.9937 TRAIN_TIME_S=23.223 PEAK_MEM_MB=946.0 XAI_STATUS=DISABLED
ROUND=6 NODE=node-zeta ACC=0.9321 PREC=0.9665 REC=0.8952 F1=0.9295 AUC=0.9934 TRAIN_TIME_S=23.295 PEAK_MEM_MB=947.3 XAI_STATUS=DISABLED
ROUND=7 NODE=node-zeta ACC=0.9333 PREC=0.9608 REC=0.9034 F1=0.9312 AUC=0.9938 TRAIN_TIME_S=23.260 PEAK_MEM_MB=948.4 XAI_STATUS=DISABLED
ROUND=8 NODE=node-zeta ACC=0.9323 PREC=0.9619 REC=0.9003 F1=0.9301 AUC=0.9937 TRAIN_TIME_S=21.319 PEAK_MEM_MB=948.9 XAI_STATUS=DISABLED
ROUND=9 NODE=node-zeta ACC=0.9327 PREC=0.9569 REC=0.9062 F1=0.9309 AUC=0.9933 TRAIN_TIME_S=21.112 PEAK_MEM_MB=949.6 XAI_STATUS=DISABLED
ROUND=10 NODE=node-zeta ACC=0.9364 PREC=0.9652 REC=0.9054 F1=0.9344 AUC=0.9943 TRAIN_TIME_S=21.433 PEAK_MEM_MB=961.8 XAI_STATUS=DISABLED
MACRO_AVG_LAST10 NODE=node-zeta ACC=0.9441 PREC=0.9658 REC=0.9208 F1=0.9426 AUC=0.9946
ROUND=11 NODE=node-zeta ACC=0.9324 PREC=0.9622 REC=0.9003 F1=0.9302 AUC=0.9937 TRAIN_TIME_S=21.080 PEAK_MEM_MB=960.8 XAI_STATUS=DISABLED
MACRO_AVG_LAST10 NODE=node-zeta ACC=0.9400 PREC=0.9654 REC=0.9127 F1=0.9382 AUC=0.9943
ROUND=12 NODE=node-zeta ACC=0.9358 PREC=0.9591 REC=0.9104 F1=0.9341 AUC=0.9936 TRAIN_TIME_S=21.471 PEAK_MEM_MB=961.6 XAI_STATUS=DISABLED
MACRO_AVG_LAST10 NODE=node-zeta ACC=0.9364 PREC=0.9640 REC=0.9066 F1=0.9344 AUC=0.9941
ROUND=13 NODE=node-zeta ACC=0.9363 PREC=0.9653 REC=0.9051 F1=0.9342 AUC=0.9942 TRAIN_TIME_S=23.258 PEAK_MEM_MB=1017.3 XAI_STATUS=DISABLED
MACRO_AVG_LAST10 NODE=node-zeta ACC=0.9347 PREC=0.9632 REC=0.9040 F1=0.9326 AUC=0.9939
ROUND=14 NODE=node-zeta ACC=0.9431 PREC=0.9712 REC=0.9133 F1=0.9414 AUC=0.9953 TRAIN_TIME_S=21.208 PEAK_MEM_MB=1017.8 XAI_STATUS=DISABLED
MACRO_AVG_LAST10 NODE=node-zeta ACC=0.9347 PREC=0.9630 REC=0.9041 F1=0.9326 AUC=0.9939
ROUND=15 NODE=node-zeta ACC=0.9432 PREC=0.9733 REC=0.9114 F1=0.9413 AUC=0.9948 TRAIN_TIME_S=20.984 PEAK_MEM_MB=1017.8 XAI_STATUS=DISABLED
MACRO_AVG_LAST10 NODE=node-zeta ACC=0.9358 PREC=0.9642 REC=0.9051 F1=0.9337 AUC=0.9940
ROUND=16 NODE=node-zeta ACC=0.9449 PREC=0.9723 REC=0.9159 F1=0.9433 AUC=0.9955 TRAIN_TIME_S=25.375 PEAK_MEM_MB=1018.3 XAI_STATUS=DISABLED
MACRO_AVG_LAST10 NODE=node-zeta ACC=0.9370 PREC=0.9648 REC=0.9072 F1=0.9351 AUC=0.9942
ROUND=17 NODE=node-zeta ACC=0.9348 PREC=0.9695 REC=0.8979 F1=0.9324 AUC=0.9941 TRAIN_TIME_S=21.299 PEAK_MEM_MB=1018.3 XAI_STATUS=DISABLED
MACRO_AVG_LAST10 NODE=node-zeta ACC=0.9372 PREC=0.9657 REC=0.9066 F1=0.9352 AUC=0.9943
ROUND=18 NODE=node-zeta ACC=0.9413 PREC=0.9752 REC=0.9055 F1=0.9391 AUC=0.9952 TRAIN_TIME_S=23.295 PEAK_MEM_MB=1020.3 XAI_STATUS=DISABLED
MACRO_AVG_LAST10 NODE=node-zeta ACC=0.9381 PREC=0.9670 REC=0.9071 F1=0.9361 AUC=0.9944
ROUND=19 NODE=node-zeta ACC=0.9376 PREC=0.9788 REC=0.8946 F1=0.9348 AUC=0.9951 TRAIN_TIME_S=23.285 PEAK_MEM_MB=1020.3 XAI_STATUS=DISABLED
MACRO_AVG_LAST10 NODE=node-zeta ACC=0.9386 PREC=0.9692 REC=0.9060 F1=0.9365 AUC=0.9946
ROUND=20 NODE=node-zeta ACC=0.9445 PREC=0.9764 REC=0.9110 F1=0.9426 AUC=0.9956 TRAIN_TIME_S=23.470 PEAK_MEM_MB=1019.8 XAI_STATUS=DISABLED
MACRO_AVG_LAST10 NODE=node-zeta ACC=0.9394 PREC=0.9703 REC=0.9065 F1=0.9373 AUC=0.9947
ROUND=21 NODE=node-zeta ACC=0.9405 PREC=0.9706 REC=0.9085 F1=0.9385 AUC=0.9945 TRAIN_TIME_S=23.244 PEAK_MEM_MB=1031.7 XAI_STATUS=DISABLED
MACRO_AVG_LAST10 NODE=node-zeta ACC=0.9402 PREC=0.9712 REC=0.9074 F1=0.9382 AUC=0.9948
ROUND=22 NODE=node-zeta ACC=0.9428 PREC=0.9755 REC=0.9084 F1=0.9408 AUC=0.9956 TRAIN_TIME_S=21.120 PEAK_MEM_MB=1032.2 XAI_STATUS=DISABLED
MACRO_AVG_LAST10 NODE=node-zeta ACC=0.9409 PREC=0.9728 REC=0.9072 F1=0.9388 AUC=0.9950
ROUND=23 NODE=node-zeta ACC=0.9448 PREC=0.9781 REC=0.9100 F1=0.9428 AUC=0.9954 TRAIN_TIME_S=21.088 PEAK_MEM_MB=1032.7 XAI_STATUS=DISABLED
MACRO_AVG_LAST10 NODE=node-zeta ACC=0.9418 PREC=0.9741 REC=0.9076 F1=0.9397 AUC=0.9951
ROUND=24 NODE=node-zeta ACC=0.9470 PREC=0.9839 REC=0.9090 F1=0.9450 AUC=0.9955 TRAIN_TIME_S=23.249 PEAK_MEM_MB=1032.7 XAI_STATUS=DISABLED
MACRO_AVG_LAST10 NODE=node-zeta ACC=0.9421 PREC=0.9754 REC=0.9072 F1=0.9400 AUC=0.9951
ROUND=25 NODE=node-zeta ACC=0.9470 PREC=0.9919 REC=0.9014 F1=0.9445 AUC=0.9963 TRAIN_TIME_S=21.122 PEAK_MEM_MB=967.0 XAI_STATUS=DISABLED
MACRO_AVG_LAST10 NODE=node-zeta ACC=0.9425 PREC=0.9772 REC=0.9062 F1=0.9404 AUC=0.9953
ROUND=26 NODE=node-zeta ACC=0.9498 PREC=0.9876 REC=0.9110 F1=0.9478 AUC=0.9965 TRAIN_TIME_S=21.554 PEAK_MEM_MB=967.0 XAI_STATUS=DISABLED
MACRO_AVG_LAST10 NODE=node-zeta ACC=0.9430 PREC=0.9788 REC=0.9057 F1=0.9408 AUC=0.9954
ROUND=27 NODE=node-zeta ACC=0.9414 PREC=0.9824 REC=0.8990 F1=0.9389 AUC=0.9947 TRAIN_TIME_S=23.734 PEAK_MEM_MB=1032.7 XAI_STATUS=DISABLED
MACRO_AVG_LAST10 NODE=node-zeta ACC=0.9437 PREC=0.9800 REC=0.9058 F1=0.9415 AUC=0.9954
ROUND=28 NODE=node-zeta ACC=0.9416 PREC=0.9855 REC=0.8964 F1=0.9388 AUC=0.9941 TRAIN_TIME_S=23.524 PEAK_MEM_MB=1033.2 XAI_STATUS=DISABLED
MACRO_AVG_LAST10 NODE=node-zeta ACC=0.9437 PREC=0.9811 REC=0.9049 F1=0.9414 AUC=0.9953
ROUND=29 NODE=node-zeta ACC=0.9424 PREC=0.9779 REC=0.9054 F1=0.9402 AUC=0.9951 TRAIN_TIME_S=21.615 PEAK_MEM_MB=967.6 XAI_STATUS=DISABLED
MACRO_AVG_LAST10 NODE=node-zeta ACC=0.9442 PREC=0.9810 REC=0.9060 F1=0.9420 AUC=0.9953
ROUND=30 NODE=node-zeta ACC=0.9388 PREC=0.9748 REC=0.9008 F1=0.9363 AUC=0.9941 TRAIN_TIME_S=21.183 PEAK_MEM_MB=1031.2 XAI_STATUS=DISABLED
MACRO_AVG_LAST10 NODE=node-zeta ACC=0.9436 PREC=0.9808 REC=0.9050 F1=0.9414 AUC=0.9952
ROUND=31 NODE=node-zeta ACC=0.9484 PREC=0.9868 REC=0.9089 F1=0.9462 AUC=0.9950 TRAIN_TIME_S=21.175 PEAK_MEM_MB=1032.2 XAI_STATUS=DISABLED
MACRO_AVG_LAST10 NODE=node-zeta ACC=0.9444 PREC=0.9824 REC=0.9050 F1=0.9421 AUC=0.9952
ROUND=32 NODE=node-zeta ACC=0.9425 PREC=0.9849 REC=0.8988 F1=0.9399 AUC=0.9943 TRAIN_TIME_S=21.264 PEAK_MEM_MB=1033.2 XAI_STATUS=DISABLED
MACRO_AVG_LAST10 NODE=node-zeta ACC=0.9444 PREC=0.9834 REC=0.9041 F1=0.9420 AUC=0.9951
ROUND=33 NODE=node-zeta ACC=0.9339 PREC=0.9803 REC=0.8856 F1=0.9305 AUC=0.9931 TRAIN_TIME_S=23.474 PEAK_MEM_MB=968.0 XAI_STATUS=DISABLED
MACRO_AVG_LAST10 NODE=node-zeta ACC=0.9433 PREC=0.9836 REC=0.9016 F1=0.9408 AUC=0.9949
ROUND=34 NODE=node-zeta ACC=0.9274 PREC=0.9776 REC=0.8748 F1=0.9234 AUC=0.9923 TRAIN_TIME_S=21.500 PEAK_MEM_MB=1033.7 XAI_STATUS=DISABLED
MACRO_AVG_LAST10 NODE=node-zeta ACC=0.9413 PREC=0.9830 REC=0.8982 F1=0.9387 AUC=0.9946
ROUND=35 NODE=node-zeta ACC=0.9225 PREC=0.9957 REC=0.8486 F1=0.9163 AUC=0.9932 TRAIN_TIME_S=21.113 PEAK_MEM_MB=1034.2 XAI_STATUS=DISABLED
MACRO_AVG_LAST10 NODE=node-zeta ACC=0.9389 PREC=0.9833 REC=0.8929 F1=0.9358 AUC=0.9942
ROUND=36 NODE=node-zeta ACC=0.9449 PREC=0.9889 REC=0.8998 F1=0.9422 AUC=0.9939 TRAIN_TIME_S=23.208 PEAK_MEM_MB=1034.2 XAI_STATUS=DISABLED
MACRO_AVG_LAST10 NODE=node-zeta ACC=0.9384 PREC=0.9835 REC=0.8918 F1=0.9353 AUC=0.9940
ROUND=37 NODE=node-zeta ACC=0.9480 PREC=0.9832 REC=0.9115 F1=0.9460 AUC=0.9952 TRAIN_TIME_S=21.135 PEAK_MEM_MB=968.7 XAI_STATUS=DISABLED
MACRO_AVG_LAST10 NODE=node-zeta ACC=0.9390 PREC=0.9835 REC=0.8931 F1=0.9360 AUC=0.9940
ROUND=38 NODE=node-zeta ACC=0.9276 PREC=0.9938 REC=0.8607 F1=0.9225 AUC=0.9924 TRAIN_TIME_S=21.039 PEAK_MEM_MB=968.7 XAI_STATUS=DISABLED
MACRO_AVG_LAST10 NODE=node-zeta ACC=0.9376 PREC=0.9844 REC=0.8895 F1=0.9344 AUC=0.9939
ROUND=39 NODE=node-zeta ACC=0.9402 PREC=0.9856 REC=0.8936 F1=0.9373 AUC=0.9940 TRAIN_TIME_S=21.385 PEAK_MEM_MB=969.1 XAI_STATUS=DISABLED
MACRO_AVG_LAST10 NODE=node-zeta ACC=0.9374 PREC=0.9851 REC=0.8883 F1=0.9341 AUC=0.9938
ROUND=40 NODE=node-zeta ACC=0.9337 PREC=0.9906 REC=0.8756 F1=0.9296 AUC=0.9929 TRAIN_TIME_S=21.209 PEAK_MEM_MB=967.9 XAI_STATUS=DISABLED
MACRO_AVG_LAST10 NODE=node-zeta ACC=0.9369 PREC=0.9867 REC=0.8858 F1=0.9334 AUC=0.9936
ROUND=41 NODE=node-zeta ACC=0.9324 PREC=0.9701 REC=0.8923 F1=0.9296 AUC=0.9935 TRAIN_TIME_S=21.600 PEAK_MEM_MB=969.3 XAI_STATUS=DISABLED
MACRO_AVG_LAST10 NODE=node-zeta ACC=0.9353 PREC=0.9851 REC=0.8841 F1=0.9317 AUC=0.9935
ROUND=42 NODE=node-zeta ACC=0.9283 PREC=0.9800 REC=0.8744 F1=0.9242 AUC=0.9923 TRAIN_TIME_S=23.558 PEAK_MEM_MB=969.0 XAI_STATUS=DISABLED
MACRO_AVG_LAST10 NODE=node-zeta ACC=0.9339 PREC=0.9846 REC=0.8817 F1=0.9302 AUC=0.9933
ROUND=43 NODE=node-zeta ACC=0.9316 PREC=0.9795 REC=0.8818 F1=0.9281 AUC=0.9932 TRAIN_TIME_S=21.098 PEAK_MEM_MB=969.5 XAI_STATUS=DISABLED
MACRO_AVG_LAST10 NODE=node-zeta ACC=0.9337 PREC=0.9845 REC=0.8813 F1=0.9299 AUC=0.9933
ROUND=44 NODE=node-zeta ACC=0.9346 PREC=0.9828 REC=0.8847 F1=0.9312 AUC=0.9924 TRAIN_TIME_S=21.284 PEAK_MEM_MB=970.4 XAI_STATUS=DISABLED
MACRO_AVG_LAST10 NODE=node-zeta ACC=0.9344 PREC=0.9850 REC=0.8823 F1=0.9307 AUC=0.9933
ROUND=45 NODE=node-zeta ACC=0.9341 PREC=0.9864 REC=0.8802 F1=0.9303 AUC=0.9927 TRAIN_TIME_S=23.704 PEAK_MEM_MB=970.4 XAI_STATUS=DISABLED
MACRO_AVG_LAST10 NODE=node-zeta ACC=0.9355 PREC=0.9841 REC=0.8855 F1=0.9321 AUC=0.9933
ROUND=46 NODE=node-zeta ACC=0.9365 PREC=0.9851 REC=0.8864 F1=0.9332 AUC=0.9928 TRAIN_TIME_S=21.252 PEAK_MEM_MB=969.6 XAI_STATUS=DISABLED
MACRO_AVG_LAST10 NODE=node-zeta ACC=0.9347 PREC=0.9837 REC=0.8841 F1=0.9312 AUC=0.9931
ROUND=47 NODE=node-zeta ACC=0.9331 PREC=0.9741 REC=0.8899 F1=0.9301 AUC=0.9937 TRAIN_TIME_S=21.517 PEAK_MEM_MB=970.2 XAI_STATUS=DISABLED
MACRO_AVG_LAST10 NODE=node-zeta ACC=0.9332 PREC=0.9828 REC=0.8820 F1=0.9296 AUC=0.9930
ROUND=48 NODE=node-zeta ACC=0.9363 PREC=0.9783 REC=0.8924 F1=0.9334 AUC=0.9928 TRAIN_TIME_S=23.826 PEAK_MEM_MB=969.6 XAI_STATUS=DISABLED
MACRO_AVG_LAST10 NODE=node-zeta ACC=0.9341 PREC=0.9812 REC=0.8851 F1=0.9307 AUC=0.9930
ROUND=49 NODE=node-zeta ACC=0.9376 PREC=0.9791 REC=0.8943 F1=0.9348 AUC=0.9925 TRAIN_TIME_S=21.262 PEAK_MEM_MB=963.5 XAI_STATUS=DISABLED
MACRO_AVG_LAST10 NODE=node-zeta ACC=0.9338 PREC=0.9806 REC=0.8852 F1=0.9304 AUC=0.9929
ROUND=50 NODE=node-zeta ACC=0.9312 PREC=0.9750 REC=0.8852 F1=0.9279 AUC=0.9925 TRAIN_TIME_S=23.352 PEAK_MEM_MB=969.0 XAI_STATUS=DISABLED
MACRO_AVG_LAST10 NODE=node-zeta ACC=0.9336 PREC=0.9790 REC=0.8862 F1=0.9303 AUC=0.9928
ROUND=51 NODE=node-zeta ACC=0.9342 PREC=0.9783 REC=0.8882 F1=0.9311 AUC=0.9924 TRAIN_TIME_S=25.449 PEAK_MEM_MB=970.7 XAI_STATUS=DISABLED
MACRO_AVG_LAST10 NODE=node-zeta ACC=0.9338 PREC=0.9799 REC=0.8858 F1=0.9304 AUC=0.9927
ROUND=52 NODE=node-zeta ACC=0.9338 PREC=0.9789 REC=0.8867 F1=0.9305 AUC=0.9921 TRAIN_TIME_S=27.598 PEAK_MEM_MB=970.8 XAI_STATUS=DISABLED
MACRO_AVG_LAST10 NODE=node-zeta ACC=0.9343 PREC=0.9797 REC=0.8870 F1=0.9310 AUC=0.9927
ROUND=53 NODE=node-zeta ACC=0.9274 PREC=0.9753 REC=0.8770 F1=0.9235 AUC=0.9913 TRAIN_TIME_S=23.343 PEAK_MEM_MB=970.4 XAI_STATUS=DISABLED
MACRO_AVG_LAST10 NODE=node-zeta ACC=0.9339 PREC=0.9793 REC=0.8865 F1=0.9306 AUC=0.9925
ROUND=54 NODE=node-zeta ACC=0.9306 PREC=0.9742 REC=0.8846 F1=0.9273 AUC=0.9921 TRAIN_TIME_S=23.539 PEAK_MEM_MB=971.2 XAI_STATUS=DISABLED
MACRO_AVG_LAST10 NODE=node-zeta ACC=0.9335 PREC=0.9785 REC=0.8865 F1=0.9302 AUC=0.9925
ROUND=55 NODE=node-zeta ACC=0.9209 PREC=0.9742 REC=0.8647 F1=0.9162 AUC=0.9903 TRAIN_TIME_S=21.410 PEAK_MEM_MB=970.3 XAI_STATUS=DISABLED
MACRO_AVG_LAST10 NODE=node-zeta ACC=0.9322 PREC=0.9773 REC=0.8849 F1=0.9288 AUC=0.9923
ROUND=56 NODE=node-zeta ACC=0.9254 PREC=0.9697 REC=0.8781 F1=0.9216 AUC=0.9911 TRAIN_TIME_S=23.622 PEAK_MEM_MB=971.1 XAI_STATUS=DISABLED
MACRO_AVG_LAST10 NODE=node-zeta ACC=0.9311 PREC=0.9757 REC=0.8841 F1=0.9276 AUC=0.9921
ROUND=57 NODE=node-zeta ACC=0.9263 PREC=0.9677 REC=0.8821 F1=0.9229 AUC=0.9918 TRAIN_TIME_S=25.772 PEAK_MEM_MB=971.3 XAI_STATUS=DISABLED
MACRO_AVG_LAST10 NODE=node-zeta ACC=0.9304 PREC=0.9751 REC=0.8833 F1=0.9269 AUC=0.9919
ROUND=58 NODE=node-zeta ACC=0.9245 PREC=0.9643 REC=0.8816 F1=0.9211 AUC=0.9916 TRAIN_TIME_S=21.164 PEAK_MEM_MB=970.9 XAI_STATUS=DISABLED
MACRO_AVG_LAST10 NODE=node-zeta ACC=0.9292 PREC=0.9737 REC=0.8822 F1=0.9257 AUC=0.9918
ROUND=59 NODE=node-zeta ACC=0.9352 PREC=0.9707 REC=0.8976 F1=0.9327 AUC=0.9925 TRAIN_TIME_S=23.385 PEAK_MEM_MB=969.4 XAI_STATUS=DISABLED
MACRO_AVG_LAST10 NODE=node-zeta ACC=0.9290 PREC=0.9728 REC=0.8826 F1=0.9255 AUC=0.9918
ROUND=60 NODE=node-zeta ACC=0.9330 PREC=0.9770 REC=0.8870 F1=0.9298 AUC=0.9921 TRAIN_TIME_S=25.371 PEAK_MEM_MB=970.1 XAI_STATUS=DISABLED
MACRO_AVG_LAST10 NODE=node-zeta ACC=0.9291 PREC=0.9730 REC=0.8828 F1=0.9257 AUC=0.9917
ROUND=61 NODE=node-zeta ACC=0.9284 PREC=0.9767 REC=0.8778 F1=0.9246 AUC=0.9916 TRAIN_TIME_S=21.159 PEAK_MEM_MB=970.7 XAI_STATUS=DISABLED
MACRO_AVG_LAST10 NODE=node-zeta ACC=0.9286 PREC=0.9729 REC=0.8817 F1=0.9250 AUC=0.9917
ROUND=62 NODE=node-zeta ACC=0.9352 PREC=0.9753 REC=0.8931 F1=0.9324 AUC=0.9924 TRAIN_TIME_S=21.159 PEAK_MEM_MB=970.5 XAI_STATUS=DISABLED
MACRO_AVG_LAST10 NODE=node-zeta ACC=0.9287 PREC=0.9725 REC=0.8824 F1=0.9252 AUC=0.9917
ROUND=63 NODE=node-zeta ACC=0.9413 PREC=0.9718 REC=0.9089 F1=0.9393 AUC=0.9936 TRAIN_TIME_S=23.490 PEAK_MEM_MB=970.5 XAI_STATUS=DISABLED
MACRO_AVG_LAST10 NODE=node-zeta ACC=0.9301 PREC=0.9722 REC=0.8856 F1=0.9268 AUC=0.9919
ROUND=64 NODE=node-zeta ACC=0.9411 PREC=0.9779 REC=0.9026 F1=0.9387 AUC=0.9933 TRAIN_TIME_S=21.306 PEAK_MEM_MB=971.5 XAI_STATUS=DISABLED
MACRO_AVG_LAST10 NODE=node-zeta ACC=0.9311 PREC=0.9725 REC=0.8874 F1=0.9279 AUC=0.9920
ROUND=65 NODE=node-zeta ACC=0.9360 PREC=0.9803 REC=0.8900 F1=0.9330 AUC=0.9930 TRAIN_TIME_S=25.726 PEAK_MEM_MB=971.1 XAI_STATUS=DISABLED
MACRO_AVG_LAST10 NODE=node-zeta ACC=0.9327 PREC=0.9732 REC=0.8899 F1=0.9296 AUC=0.9923
ROUND=66 NODE=node-zeta ACC=0.9266 PREC=0.9791 REC=0.8718 F1=0.9223 AUC=0.9894 TRAIN_TIME_S=21.361 PEAK_MEM_MB=971.2 XAI_STATUS=DISABLED
MACRO_AVG_LAST10 NODE=node-zeta ACC=0.9328 PREC=0.9741 REC=0.8893 F1=0.9297 AUC=0.9921
ROUND=67 NODE=node-zeta ACC=0.9287 PREC=0.9771 REC=0.8781 F1=0.9249 AUC=0.9919 TRAIN_TIME_S=21.430 PEAK_MEM_MB=971.1 XAI_STATUS=DISABLED
MACRO_AVG_LAST10 NODE=node-zeta ACC=0.9330 PREC=0.9750 REC=0.8889 F1=0.9299 AUC=0.9921
ROUND=68 NODE=node-zeta ACC=0.9497 PREC=0.9760 REC=0.9221 F1=0.9483 AUC=0.9955 TRAIN_TIME_S=21.126 PEAK_MEM_MB=971.0 XAI_STATUS=DISABLED
MACRO_AVG_LAST10 NODE=node-zeta ACC=0.9355 PREC=0.9762 REC=0.8929 F1=0.9326 AUC=0.9925
ROUND=69 NODE=node-zeta ACC=0.9463 PREC=0.9811 REC=0.9100 F1=0.9442 AUC=0.9944 TRAIN_TIME_S=21.226 PEAK_MEM_MB=967.8 XAI_STATUS=DISABLED
MACRO_AVG_LAST10 NODE=node-zeta ACC=0.9366 PREC=0.9772 REC=0.8941 F1=0.9338 AUC=0.9927
ROUND=70 NODE=node-zeta ACC=0.9366 PREC=0.9660 REC=0.9052 F1=0.9346 AUC=0.9920 TRAIN_TIME_S=21.133 PEAK_MEM_MB=1034.8 XAI_STATUS=DISABLED
MACRO_AVG_LAST10 NODE=node-zeta ACC=0.9370 PREC=0.9761 REC=0.8960 F1=0.9342 AUC=0.9927
ROUND=71 NODE=node-zeta ACC=0.9444 PREC=0.9732 REC=0.9139 F1=0.9426 AUC=0.9949 TRAIN_TIME_S=21.404 PEAK_MEM_MB=1034.8 XAI_STATUS=DISABLED
MACRO_AVG_LAST10 NODE=node-zeta ACC=0.9386 PREC=0.9758 REC=0.8996 F1=0.9360 AUC=0.9930
ROUND=72 NODE=node-zeta ACC=0.9504 PREC=0.9859 REC=0.9139 F1=0.9485 AUC=0.9957 TRAIN_TIME_S=23.305 PEAK_MEM_MB=1035.3 XAI_STATUS=DISABLED
MACRO_AVG_LAST10 NODE=node-zeta ACC=0.9401 PREC=0.9768 REC=0.9017 F1=0.9377 AUC=0.9934
ROUND=73 NODE=node-zeta ACC=0.9495 PREC=0.9812 REC=0.9166 F1=0.9478 AUC=0.9939 TRAIN_TIME_S=23.536 PEAK_MEM_MB=970.2 XAI_STATUS=DISABLED
MACRO_AVG_LAST10 NODE=node-zeta ACC=0.9409 PREC=0.9778 REC=0.9024 F1=0.9385 AUC=0.9934
ROUND=74 NODE=node-zeta ACC=0.9482 PREC=0.9700 REC=0.9250 F1=0.9470 AUC=0.9953 TRAIN_TIME_S=21.321 PEAK_MEM_MB=1037.2 XAI_STATUS=DISABLED
MACRO_AVG_LAST10 NODE=node-zeta ACC=0.9416 PREC=0.9770 REC=0.9047 F1=0.9393 AUC=0.9936
ROUND=75 NODE=node-zeta ACC=0.9440 PREC=0.9720 REC=0.9143 F1=0.9423 AUC=0.9941 TRAIN_TIME_S=23.231 PEAK_MEM_MB=1037.2 XAI_STATUS=DISABLED
MACRO_AVG_LAST10 NODE=node-zeta ACC=0.9424 PREC=0.9761 REC=0.9071 F1=0.9403 AUC=0.9937
ROUND=76 NODE=node-zeta ACC=0.9513 PREC=0.9810 REC=0.9205 F1=0.9498 AUC=0.9949 TRAIN_TIME_S=25.434 PEAK_MEM_MB=1037.2 XAI_STATUS=DISABLED
MACRO_AVG_LAST10 NODE=node-zeta ACC=0.9449 PREC=0.9763 REC=0.9120 F1=0.9430 AUC=0.9943
ROUND=77 NODE=node-zeta ACC=0.9506 PREC=0.9738 REC=0.9262 F1=0.9494 AUC=0.9954 TRAIN_TIME_S=21.392 PEAK_MEM_MB=971.5 XAI_STATUS=DISABLED
MACRO_AVG_LAST10 NODE=node-zeta ACC=0.9471 PREC=0.9760 REC=0.9168 F1=0.9454 AUC=0.9946
ROUND=78 NODE=node-zeta ACC=0.9504 PREC=0.9740 REC=0.9255 F1=0.9491 AUC=0.9948 TRAIN_TIME_S=21.169 PEAK_MEM_MB=965.1 XAI_STATUS=DISABLED
MACRO_AVG_LAST10 NODE=node-zeta ACC=0.9472 PREC=0.9758 REC=0.9171 F1=0.9455 AUC=0.9945
ROUND=79 NODE=node-zeta ACC=0.9506 PREC=0.9800 REC=0.9199 F1=0.9490 AUC=0.9936 TRAIN_TIME_S=25.399 PEAK_MEM_MB=970.6 XAI_STATUS=DISABLED
MACRO_AVG_LAST10 NODE=node-zeta ACC=0.9476 PREC=0.9757 REC=0.9181 F1=0.9460 AUC=0.9945
ROUND=80 NODE=node-zeta ACC=0.9409 PREC=0.9645 REC=0.9156 F1=0.9394 AUC=0.9941 TRAIN_TIME_S=21.160 PEAK_MEM_MB=971.6 XAI_STATUS=DISABLED
MACRO_AVG_LAST10 NODE=node-zeta ACC=0.9480 PREC=0.9756 REC=0.9191 F1=0.9465 AUC=0.9947
ROUND=81 NODE=node-zeta ACC=0.9513 PREC=0.9686 REC=0.9328 F1=0.9504 AUC=0.9953 TRAIN_TIME_S=21.360 PEAK_MEM_MB=971.4 XAI_STATUS=DISABLED
MACRO_AVG_LAST10 NODE=node-zeta ACC=0.9487 PREC=0.9751 REC=0.9210 F1=0.9473 AUC=0.9947
ROUND=82 NODE=node-zeta ACC=0.9427 PREC=0.9751 REC=0.9086 F1=0.9407 AUC=0.9931 TRAIN_TIME_S=21.393 PEAK_MEM_MB=971.0 XAI_STATUS=DISABLED
MACRO_AVG_LAST10 NODE=node-zeta ACC=0.9480 PREC=0.9740 REC=0.9205 F1=0.9465 AUC=0.9944
ROUND=83 NODE=node-zeta ACC=0.9305 PREC=0.9777 REC=0.8811 F1=0.9269 AUC=0.9935 TRAIN_TIME_S=23.353 PEAK_MEM_MB=971.9 XAI_STATUS=DISABLED
MACRO_AVG_LAST10 NODE=node-zeta ACC=0.9461 PREC=0.9737 REC=0.9169 F1=0.9444 AUC=0.9944
ROUND=84 NODE=node-zeta ACC=0.9423 PREC=0.9802 REC=0.9028 F1=0.9399 AUC=0.9944 TRAIN_TIME_S=23.367 PEAK_MEM_MB=972.2 XAI_STATUS=DISABLED
MACRO_AVG_LAST10 NODE=node-zeta ACC=0.9455 PREC=0.9747 REC=0.9147 F1=0.9437 AUC=0.9943
ROUND=85 NODE=node-zeta ACC=0.9447 PREC=0.9756 REC=0.9122 F1=0.9428 AUC=0.9941 TRAIN_TIME_S=23.337 PEAK_MEM_MB=972.5 XAI_STATUS=DISABLED
MACRO_AVG_LAST10 NODE=node-zeta ACC=0.9455 PREC=0.9751 REC=0.9145 F1=0.9437 AUC=0.9943
ROUND=86 NODE=node-zeta ACC=0.9518 PREC=0.9845 REC=0.9181 F1=0.9501 AUC=0.9944 TRAIN_TIME_S=25.594 PEAK_MEM_MB=971.5 XAI_STATUS=DISABLED
MACRO_AVG_LAST10 NODE=node-zeta ACC=0.9456 PREC=0.9754 REC=0.9143 F1=0.9438 AUC=0.9943
ROUND=87 NODE=node-zeta ACC=0.9533 PREC=0.9851 REC=0.9205 F1=0.9517 AUC=0.9954 TRAIN_TIME_S=23.265 PEAK_MEM_MB=972.0 XAI_STATUS=DISABLED
MACRO_AVG_LAST10 NODE=node-zeta ACC=0.9459 PREC=0.9765 REC=0.9137 F1=0.9440 AUC=0.9943
ROUND=88 NODE=node-zeta ACC=0.9322 PREC=0.9863 REC=0.8766 F1=0.9282 AUC=0.9901 TRAIN_TIME_S=23.618 PEAK_MEM_MB=970.9 XAI_STATUS=DISABLED
MACRO_AVG_LAST10 NODE=node-zeta ACC=0.9440 PREC=0.9778 REC=0.9088 F1=0.9419 AUC=0.9938
ROUND=89 NODE=node-zeta ACC=0.9413 PREC=0.9773 REC=0.9035 F1=0.9389 AUC=0.9932 TRAIN_TIME_S=23.469 PEAK_MEM_MB=983.5 XAI_STATUS=DISABLED
MACRO_AVG_LAST10 NODE=node-zeta ACC=0.9431 PREC=0.9775 REC=0.9072 F1=0.9409 AUC=0.9938
ROUND=90 NODE=node-zeta ACC=0.9302 PREC=0.9800 REC=0.8783 F1=0.9264 AUC=0.9917 TRAIN_TIME_S=21.444 PEAK_MEM_MB=972.5 XAI_STATUS=DISABLED
MACRO_AVG_LAST10 NODE=node-zeta ACC=0.9420 PREC=0.9790 REC=0.9035 F1=0.9396 AUC=0.9935
ROUND=91 NODE=node-zeta ACC=0.9287 PREC=0.9804 REC=0.8748 F1=0.9246 AUC=0.9935 TRAIN_TIME_S=21.305 PEAK_MEM_MB=972.3 XAI_STATUS=DISABLED
MACRO_AVG_LAST10 NODE=node-zeta ACC=0.9398 PREC=0.9802 REC=0.8977 F1=0.9370 AUC=0.9933
ROUND=92 NODE=node-zeta ACC=0.9294 PREC=0.9791 REC=0.8774 F1=0.9255 AUC=0.9936 TRAIN_TIME_S=21.352 PEAK_MEM_MB=972.4 XAI_STATUS=DISABLED
MACRO_AVG_LAST10 NODE=node-zeta ACC=0.9384 PREC=0.9806 REC=0.8945 F1=0.9355 AUC=0.9934
ROUND=93 NODE=node-zeta ACC=0.9565 PREC=0.9763 REC=0.9357 F1=0.9556 AUC=0.9957 TRAIN_TIME_S=21.354 PEAK_MEM_MB=984.3 XAI_STATUS=DISABLED
MACRO_AVG_LAST10 NODE=node-zeta ACC=0.9410 PREC=0.9805 REC=0.9000 F1=0.9384 AUC=0.9936
ROUND=94 NODE=node-zeta ACC=0.9388 PREC=0.9799 REC=0.8961 F1=0.9361 AUC=0.9962 TRAIN_TIME_S=21.338 PEAK_MEM_MB=979.0 XAI_STATUS=DISABLED
MACRO_AVG_LAST10 NODE=node-zeta ACC=0.9407 PREC=0.9804 REC=0.8993 F1=0.9380 AUC=0.9938
ROUND=95 NODE=node-zeta ACC=0.9506 PREC=0.9783 REC=0.9217 F1=0.9492 AUC=0.9962 TRAIN_TIME_S=25.623 PEAK_MEM_MB=979.7 XAI_STATUS=DISABLED
MACRO_AVG_LAST10 NODE=node-zeta ACC=0.9413 PREC=0.9807 REC=0.9003 F1=0.9386 AUC=0.9940
ROUND=96 NODE=node-zeta ACC=0.9287 PREC=0.9799 REC=0.8754 F1=0.9247 AUC=0.9934 TRAIN_TIME_S=23.392 PEAK_MEM_MB=979.7 XAI_STATUS=DISABLED
MACRO_AVG_LAST10 NODE=node-zeta ACC=0.9390 PREC=0.9803 REC=0.8960 F1=0.9361 AUC=0.9939
ROUND=97 NODE=node-zeta ACC=0.9524 PREC=0.9801 REC=0.9236 F1=0.9510 AUC=0.9960 TRAIN_TIME_S=23.467 PEAK_MEM_MB=979.6 XAI_STATUS=DISABLED
MACRO_AVG_LAST10 NODE=node-zeta ACC=0.9389 PREC=0.9798 REC=0.8963 F1=0.9360 AUC=0.9940
ROUND=98 NODE=node-zeta ACC=0.9467 PREC=0.9734 REC=0.9186 F1=0.9452 AUC=0.9948 TRAIN_TIME_S=23.414 PEAK_MEM_MB=978.9 XAI_STATUS=DISABLED
MACRO_AVG_LAST10 NODE=node-zeta ACC=0.9403 PREC=0.9785 REC=0.9005 F1=0.9377 AUC=0.9944
ROUND=99 NODE=node-zeta ACC=0.9508 PREC=0.9728 REC=0.9275 F1=0.9496 AUC=0.9949 TRAIN_TIME_S=21.242 PEAK_MEM_MB=978.9 XAI_STATUS=DISABLED
MACRO_AVG_LAST10 NODE=node-zeta ACC=0.9413 PREC=0.9780 REC=0.9029 F1=0.9388 AUC=0.9946
ROUND=100 NODE=node-zeta ACC=0.9328 PREC=0.9821 REC=0.8817 F1=0.9292 AUC=0.9955 TRAIN_TIME_S=25.364 PEAK_MEM_MB=979.2 XAI_STATUS=DISABLED
MACRO_AVG_LAST10 NODE=node-zeta ACC=0.9415 PREC=0.9782 REC=0.9033 F1=0.9391 AUC=0.9950
