# Metrics log for client node-epsilon - Run started at 2025-09-09 10:27:22.621352
# XAI_ENABLED=False DEVICE_TYPE=RaspberryPi-5
# XAI Methods: GRADXINPUT=False SHAP=False LIME=False
# Format: ROUND=X NODE=Y ACC=Z ... [GRADXINPUT_MS=A GRADXINPUT_MEM_MB=B] [SHAP_MS=C SHAP_MEM_MB=D] [LIME_MS=E LIME_MEM_MB=F] XAI_METHODS=G,H,I
ROUND=1 NODE=node-epsilon ACC=0.9681 PREC=0.9766 REC=0.9591 F1=0.9678 AUC=0.9963 TRAIN_TIME_S=25.003 PEAK_MEM_MB=937.2 XAI_STATUS=DISABLED
ROUND=2 NODE=node-epsilon ACC=0.9717 PREC=0.9775 REC=0.9655 F1=0.9715 AUC=0.9930 TRAIN_TIME_S=21.139 PEAK_MEM_MB=1017.2 XAI_STATUS=DISABLED
ROUND=3 NODE=node-epsilon ACC=0.9701 PREC=0.9783 REC=0.9615 F1=0.9698 AUC=0.9917 TRAIN_TIME_S=20.927 PEAK_MEM_MB=1020.2 XAI_STATUS=DISABLED
ROUND=4 NODE=node-epsilon ACC=0.9690 PREC=0.9787 REC=0.9590 F1=0.9687 AUC=0.9912 TRAIN_TIME_S=20.925 PEAK_MEM_MB=1022.2 XAI_STATUS=DISABLED
ROUND=5 NODE=node-epsilon ACC=0.9694 PREC=0.9786 REC=0.9598 F1=0.9691 AUC=0.9912 TRAIN_TIME_S=23.249 PEAK_MEM_MB=1011.3 XAI_STATUS=DISABLED
ROUND=6 NODE=node-epsilon ACC=0.9670 PREC=0.9792 REC=0.9543 F1=0.9666 AUC=0.9794 TRAIN_TIME_S=21.160 PEAK_MEM_MB=1011.8 XAI_STATUS=DISABLED
ROUND=7 NODE=node-epsilon ACC=0.9661 PREC=0.9771 REC=0.9546 F1=0.9657 AUC=0.9790 TRAIN_TIME_S=23.361 PEAK_MEM_MB=1011.8 XAI_STATUS=DISABLED
ROUND=8 NODE=node-epsilon ACC=0.9661 PREC=0.9738 REC=0.9579 F1=0.9658 AUC=0.9802 TRAIN_TIME_S=21.192 PEAK_MEM_MB=1013.3 XAI_STATUS=DISABLED
ROUND=9 NODE=node-epsilon ACC=0.9668 PREC=0.9699 REC=0.9635 F1=0.9667 AUC=0.9911 TRAIN_TIME_S=21.241 PEAK_MEM_MB=960.0 XAI_STATUS=DISABLED
ROUND=10 NODE=node-epsilon ACC=0.9663 PREC=0.9730 REC=0.9591 F1=0.9660 AUC=0.9900 TRAIN_TIME_S=23.359 PEAK_MEM_MB=962.6 XAI_STATUS=DISABLED
MACRO_AVG_LAST10 NODE=node-epsilon ACC=0.9680 PREC=0.9763 REC=0.9594 F1=0.9678 AUC=0.9883
ROUND=11 NODE=node-epsilon ACC=0.9536 PREC=0.9730 REC=0.9331 F1=0.9526 AUC=0.9780 TRAIN_TIME_S=21.260 PEAK_MEM_MB=960.4 XAI_STATUS=DISABLED
MACRO_AVG_LAST10 NODE=node-epsilon ACC=0.9666 PREC=0.9759 REC=0.9568 F1=0.9663 AUC=0.9865
ROUND=12 NODE=node-epsilon ACC=0.9665 PREC=0.9718 REC=0.9609 F1=0.9663 AUC=0.9908 TRAIN_TIME_S=20.934 PEAK_MEM_MB=959.5 XAI_STATUS=DISABLED
MACRO_AVG_LAST10 NODE=node-epsilon ACC=0.9661 PREC=0.9753 REC=0.9564 F1=0.9657 AUC=0.9863
ROUND=13 NODE=node-epsilon ACC=0.9675 PREC=0.9757 REC=0.9590 F1=0.9673 AUC=0.9912 TRAIN_TIME_S=21.015 PEAK_MEM_MB=961.0 XAI_STATUS=DISABLED
MACRO_AVG_LAST10 NODE=node-epsilon ACC=0.9658 PREC=0.9751 REC=0.9561 F1=0.9655 AUC=0.9862
ROUND=14 NODE=node-epsilon ACC=0.9543 PREC=0.9775 REC=0.9301 F1=0.9532 AUC=0.9778 TRAIN_TIME_S=21.207 PEAK_MEM_MB=961.5 XAI_STATUS=DISABLED
MACRO_AVG_LAST10 NODE=node-epsilon ACC=0.9644 PREC=0.9749 REC=0.9532 F1=0.9639 AUC=0.9849
ROUND=15 NODE=node-epsilon ACC=0.9558 PREC=0.9774 REC=0.9332 F1=0.9548 AUC=0.9785 TRAIN_TIME_S=20.949 PEAK_MEM_MB=962.3 XAI_STATUS=DISABLED
MACRO_AVG_LAST10 NODE=node-epsilon ACC=0.9630 PREC=0.9748 REC=0.9506 F1=0.9625 AUC=0.9836
ROUND=16 NODE=node-epsilon ACC=0.9682 PREC=0.9779 REC=0.9579 F1=0.9678 AUC=0.9800 TRAIN_TIME_S=20.981 PEAK_MEM_MB=962.6 XAI_STATUS=DISABLED
MACRO_AVG_LAST10 NODE=node-epsilon ACC=0.9631 PREC=0.9747 REC=0.9509 F1=0.9626 AUC=0.9837
ROUND=17 NODE=node-epsilon ACC=0.9653 PREC=0.9762 REC=0.9540 F1=0.9650 AUC=0.9795 TRAIN_TIME_S=23.223 PEAK_MEM_MB=962.5 XAI_STATUS=DISABLED
MACRO_AVG_LAST10 NODE=node-epsilon ACC=0.9630 PREC=0.9746 REC=0.9509 F1=0.9625 AUC=0.9837
ROUND=18 NODE=node-epsilon ACC=0.9668 PREC=0.9756 REC=0.9574 F1=0.9664 AUC=0.9911 TRAIN_TIME_S=20.990 PEAK_MEM_MB=963.1 XAI_STATUS=DISABLED
MACRO_AVG_LAST10 NODE=node-epsilon ACC=0.9631 PREC=0.9748 REC=0.9508 F1=0.9626 AUC=0.9848
ROUND=19 NODE=node-epsilon ACC=0.9545 PREC=0.9778 REC=0.9301 F1=0.9534 AUC=0.9794 TRAIN_TIME_S=23.216 PEAK_MEM_MB=963.1 XAI_STATUS=DISABLED
MACRO_AVG_LAST10 NODE=node-epsilon ACC=0.9619 PREC=0.9756 REC=0.9475 F1=0.9613 AUC=0.9836
ROUND=20 NODE=node-epsilon ACC=0.9542 PREC=0.9765 REC=0.9307 F1=0.9530 AUC=0.9792 TRAIN_TIME_S=23.266 PEAK_MEM_MB=963.2 XAI_STATUS=DISABLED
MACRO_AVG_LAST10 NODE=node-epsilon ACC=0.9607 PREC=0.9759 REC=0.9446 F1=0.9600 AUC=0.9826
ROUND=21 NODE=node-epsilon ACC=0.9659 PREC=0.9764 REC=0.9549 F1=0.9655 AUC=0.9792 TRAIN_TIME_S=21.179 PEAK_MEM_MB=960.7 XAI_STATUS=DISABLED
MACRO_AVG_LAST10 NODE=node-epsilon ACC=0.9619 PREC=0.9763 REC=0.9468 F1=0.9613 AUC=0.9827
ROUND=22 NODE=node-epsilon ACC=0.9638 PREC=0.9748 REC=0.9521 F1=0.9633 AUC=0.9795 TRAIN_TIME_S=20.929 PEAK_MEM_MB=1028.5 XAI_STATUS=DISABLED
MACRO_AVG_LAST10 NODE=node-epsilon ACC=0.9616 PREC=0.9766 REC=0.9459 F1=0.9610 AUC=0.9815
ROUND=23 NODE=node-epsilon ACC=0.9600 PREC=0.9748 REC=0.9445 F1=0.9594 AUC=0.9790 TRAIN_TIME_S=21.017 PEAK_MEM_MB=1029.5 XAI_STATUS=DISABLED
MACRO_AVG_LAST10 NODE=node-epsilon ACC=0.9609 PREC=0.9765 REC=0.9445 F1=0.9602 AUC=0.9803
ROUND=24 NODE=node-epsilon ACC=0.9549 PREC=0.9765 REC=0.9321 F1=0.9538 AUC=0.9795 TRAIN_TIME_S=23.363 PEAK_MEM_MB=1029.5 XAI_STATUS=DISABLED
MACRO_AVG_LAST10 NODE=node-epsilon ACC=0.9609 PREC=0.9764 REC=0.9447 F1=0.9602 AUC=0.9805
ROUND=25 NODE=node-epsilon ACC=0.9558 PREC=0.9786 REC=0.9320 F1=0.9547 AUC=0.9790 TRAIN_TIME_S=21.058 PEAK_MEM_MB=1030.5 XAI_STATUS=DISABLED
MACRO_AVG_LAST10 NODE=node-epsilon ACC=0.9609 PREC=0.9765 REC=0.9446 F1=0.9602 AUC=0.9805
ROUND=26 NODE=node-epsilon ACC=0.9535 PREC=0.9718 REC=0.9340 F1=0.9525 AUC=0.9785 TRAIN_TIME_S=21.294 PEAK_MEM_MB=1030.5 XAI_STATUS=DISABLED
MACRO_AVG_LAST10 NODE=node-epsilon ACC=0.9595 PREC=0.9759 REC=0.9422 F1=0.9587 AUC=0.9804
ROUND=27 NODE=node-epsilon ACC=0.9546 PREC=0.9785 REC=0.9296 F1=0.9534 AUC=0.9785 TRAIN_TIME_S=20.944 PEAK_MEM_MB=1030.5 XAI_STATUS=DISABLED
MACRO_AVG_LAST10 NODE=node-epsilon ACC=0.9584 PREC=0.9761 REC=0.9397 F1=0.9576 AUC=0.9803
ROUND=28 NODE=node-epsilon ACC=0.9396 PREC=0.9766 REC=0.9008 F1=0.9372 AUC=0.9768 TRAIN_TIME_S=25.237 PEAK_MEM_MB=1030.5 XAI_STATUS=DISABLED
MACRO_AVG_LAST10 NODE=node-epsilon ACC=0.9557 PREC=0.9762 REC=0.9341 F1=0.9546 AUC=0.9788
ROUND=29 NODE=node-epsilon ACC=0.9553 PREC=0.9788 REC=0.9308 F1=0.9542 AUC=0.9776 TRAIN_TIME_S=21.041 PEAK_MEM_MB=977.2 XAI_STATUS=DISABLED
MACRO_AVG_LAST10 NODE=node-epsilon ACC=0.9557 PREC=0.9763 REC=0.9342 F1=0.9547 AUC=0.9787
ROUND=30 NODE=node-epsilon ACC=0.9550 PREC=0.9783 REC=0.9306 F1=0.9539 AUC=0.9782 TRAIN_TIME_S=21.471 PEAK_MEM_MB=1041.5 XAI_STATUS=DISABLED
MACRO_AVG_LAST10 NODE=node-epsilon ACC=0.9558 PREC=0.9765 REC=0.9341 F1=0.9548 AUC=0.9786
ROUND=31 NODE=node-epsilon ACC=0.9566 PREC=0.9790 REC=0.9332 F1=0.9556 AUC=0.9791 TRAIN_TIME_S=25.209 PEAK_MEM_MB=1042.0 XAI_STATUS=DISABLED
MACRO_AVG_LAST10 NODE=node-epsilon ACC=0.9549 PREC=0.9768 REC=0.9320 F1=0.9538 AUC=0.9786
ROUND=32 NODE=node-epsilon ACC=0.9567 PREC=0.9790 REC=0.9333 F1=0.9556 AUC=0.9790 TRAIN_TIME_S=21.126 PEAK_MEM_MB=1043.0 XAI_STATUS=DISABLED
MACRO_AVG_LAST10 NODE=node-epsilon ACC=0.9542 PREC=0.9772 REC=0.9301 F1=0.9530 AUC=0.9785
ROUND=33 NODE=node-epsilon ACC=0.9552 PREC=0.9793 REC=0.9301 F1=0.9540 AUC=0.9790 TRAIN_TIME_S=23.349 PEAK_MEM_MB=977.3 XAI_STATUS=DISABLED
MACRO_AVG_LAST10 NODE=node-epsilon ACC=0.9537 PREC=0.9776 REC=0.9287 F1=0.9525 AUC=0.9785
ROUND=34 NODE=node-epsilon ACC=0.9567 PREC=0.9792 REC=0.9333 F1=0.9557 AUC=0.9788 TRAIN_TIME_S=21.402 PEAK_MEM_MB=1043.5 XAI_STATUS=DISABLED
MACRO_AVG_LAST10 NODE=node-epsilon ACC=0.9539 PREC=0.9779 REC=0.9288 F1=0.9527 AUC=0.9784
ROUND=35 NODE=node-epsilon ACC=0.9554 PREC=0.9802 REC=0.9296 F1=0.9542 AUC=0.9780 TRAIN_TIME_S=20.989 PEAK_MEM_MB=1044.0 XAI_STATUS=DISABLED
MACRO_AVG_LAST10 NODE=node-epsilon ACC=0.9539 PREC=0.9781 REC=0.9285 F1=0.9526 AUC=0.9784
ROUND=36 NODE=node-epsilon ACC=0.9572 PREC=0.9820 REC=0.9316 F1=0.9561 AUC=0.9771 TRAIN_TIME_S=23.275 PEAK_MEM_MB=1044.0 XAI_STATUS=DISABLED
MACRO_AVG_LAST10 NODE=node-epsilon ACC=0.9542 PREC=0.9791 REC=0.9283 F1=0.9530 AUC=0.9782
ROUND=37 NODE=node-epsilon ACC=0.9520 PREC=0.9789 REC=0.9238 F1=0.9506 AUC=0.9784 TRAIN_TIME_S=21.397 PEAK_MEM_MB=978.3 XAI_STATUS=DISABLED
MACRO_AVG_LAST10 NODE=node-epsilon ACC=0.9540 PREC=0.9791 REC=0.9277 F1=0.9527 AUC=0.9782
ROUND=38 NODE=node-epsilon ACC=0.9543 PREC=0.9786 REC=0.9290 F1=0.9532 AUC=0.9790 TRAIN_TIME_S=23.531 PEAK_MEM_MB=978.2 XAI_STATUS=DISABLED
MACRO_AVG_LAST10 NODE=node-epsilon ACC=0.9554 PREC=0.9793 REC=0.9305 F1=0.9543 AUC=0.9784
ROUND=39 NODE=node-epsilon ACC=0.9565 PREC=0.9787 REC=0.9333 F1=0.9555 AUC=0.9800 TRAIN_TIME_S=23.156 PEAK_MEM_MB=998.0 XAI_STATUS=DISABLED
MACRO_AVG_LAST10 NODE=node-epsilon ACC=0.9556 PREC=0.9793 REC=0.9308 F1=0.9544 AUC=0.9787
ROUND=40 NODE=node-epsilon ACC=0.9560 PREC=0.9780 REC=0.9330 F1=0.9550 AUC=0.9781 TRAIN_TIME_S=21.193 PEAK_MEM_MB=1042.0 XAI_STATUS=DISABLED
MACRO_AVG_LAST10 NODE=node-epsilon ACC=0.9557 PREC=0.9793 REC=0.9310 F1=0.9545 AUC=0.9787
ROUND=41 NODE=node-epsilon ACC=0.9544 PREC=0.9793 REC=0.9284 F1=0.9532 AUC=0.9784 TRAIN_TIME_S=21.031 PEAK_MEM_MB=976.2 XAI_STATUS=DISABLED
MACRO_AVG_LAST10 NODE=node-epsilon ACC=0.9554 PREC=0.9793 REC=0.9305 F1=0.9543 AUC=0.9786
ROUND=42 NODE=node-epsilon ACC=0.9560 PREC=0.9780 REC=0.9331 F1=0.9550 AUC=0.9786 TRAIN_TIME_S=21.168 PEAK_MEM_MB=977.3 XAI_STATUS=DISABLED
MACRO_AVG_LAST10 NODE=node-epsilon ACC=0.9554 PREC=0.9792 REC=0.9305 F1=0.9542 AUC=0.9785
ROUND=43 NODE=node-epsilon ACC=0.9542 PREC=0.9789 REC=0.9285 F1=0.9530 AUC=0.9781 TRAIN_TIME_S=21.133 PEAK_MEM_MB=977.7 XAI_STATUS=DISABLED
MACRO_AVG_LAST10 NODE=node-epsilon ACC=0.9553 PREC=0.9792 REC=0.9304 F1=0.9541 AUC=0.9785
ROUND=44 NODE=node-epsilon ACC=0.9682 PREC=0.9808 REC=0.9551 F1=0.9678 AUC=0.9801 TRAIN_TIME_S=21.251 PEAK_MEM_MB=979.1 XAI_STATUS=DISABLED
MACRO_AVG_LAST10 NODE=node-epsilon ACC=0.9564 PREC=0.9793 REC=0.9325 F1=0.9554 AUC=0.9786
ROUND=45 NODE=node-epsilon ACC=0.9704 PREC=0.9823 REC=0.9580 F1=0.9700 AUC=0.9803 TRAIN_TIME_S=25.677 PEAK_MEM_MB=979.5 XAI_STATUS=DISABLED
MACRO_AVG_LAST10 NODE=node-epsilon ACC=0.9579 PREC=0.9795 REC=0.9354 F1=0.9569 AUC=0.9788
ROUND=46 NODE=node-epsilon ACC=0.9535 PREC=0.9799 REC=0.9259 F1=0.9521 AUC=0.9775 TRAIN_TIME_S=23.501 PEAK_MEM_MB=979.6 XAI_STATUS=DISABLED
MACRO_AVG_LAST10 NODE=node-epsilon ACC=0.9576 PREC=0.9793 REC=0.9348 F1=0.9565 AUC=0.9789
ROUND=47 NODE=node-epsilon ACC=0.9548 PREC=0.9796 REC=0.9289 F1=0.9536 AUC=0.9772 TRAIN_TIME_S=23.188 PEAK_MEM_MB=980.1 XAI_STATUS=DISABLED
MACRO_AVG_LAST10 NODE=node-epsilon ACC=0.9578 PREC=0.9794 REC=0.9353 F1=0.9568 AUC=0.9787
ROUND=48 NODE=node-epsilon ACC=0.9553 PREC=0.9792 REC=0.9303 F1=0.9541 AUC=0.9776 TRAIN_TIME_S=21.108 PEAK_MEM_MB=979.8 XAI_STATUS=DISABLED
MACRO_AVG_LAST10 NODE=node-epsilon ACC=0.9579 PREC=0.9795 REC=0.9354 F1=0.9569 AUC=0.9786
ROUND=49 NODE=node-epsilon ACC=0.9661 PREC=0.9777 REC=0.9539 F1=0.9656 AUC=0.9792 TRAIN_TIME_S=23.284 PEAK_MEM_MB=974.2 XAI_STATUS=DISABLED
MACRO_AVG_LAST10 NODE=node-epsilon ACC=0.9589 PREC=0.9794 REC=0.9375 F1=0.9579 AUC=0.9785
ROUND=50 NODE=node-epsilon ACC=0.9567 PREC=0.9793 REC=0.9332 F1=0.9557 AUC=0.9789 TRAIN_TIME_S=21.404 PEAK_MEM_MB=979.7 XAI_STATUS=DISABLED
MACRO_AVG_LAST10 NODE=node-epsilon ACC=0.9590 PREC=0.9795 REC=0.9375 F1=0.9580 AUC=0.9786
