# Metrics log for client node-zeta - Run started at 2025-09-09 10:27:18.469797
# XAI_ENABLED=False DEVICE_TYPE=RaspberryPi-5
# XAI Methods: GRADXINPUT=False SHAP=False LIME=False
# Format: ROUND=X NODE=Y ACC=Z ... [GRADXINPUT_MS=A GRADXINPUT_MEM_MB=B] [SHAP_MS=C SHAP_MEM_MB=D] [LIME_MS=E LIME_MEM_MB=F] XAI_METHODS=G,H,I
ROUND=1 NODE=node-zeta ACC=0.9723 PREC=0.9657 REC=0.9794 F1=0.9725 AUC=0.9963 TRAIN_TIME_S=25.276 PEAK_MEM_MB=935.8 XAI_STATUS=DISABLED
ROUND=2 NODE=node-zeta ACC=0.9710 PREC=0.9728 REC=0.9691 F1=0.9709 AUC=0.9960 TRAIN_TIME_S=21.337 PEAK_MEM_MB=936.3 XAI_STATUS=DISABLED
ROUND=3 NODE=node-zeta ACC=0.9473 PREC=0.9748 REC=0.9182 F1=0.9457 AUC=0.9956 TRAIN_TIME_S=23.307 PEAK_MEM_MB=940.1 XAI_STATUS=DISABLED
ROUND=4 NODE=node-zeta ACC=0.9434 PREC=0.9749 REC=0.9102 F1=0.9415 AUC=0.9957 TRAIN_TIME_S=25.398 PEAK_MEM_MB=943.5 XAI_STATUS=DISABLED
ROUND=5 NODE=node-zeta ACC=0.9354 PREC=0.9606 REC=0.9079 F1=0.9335 AUC=0.9935 TRAIN_TIME_S=20.909 PEAK_MEM_MB=945.7 XAI_STATUS=DISABLED
ROUND=6 NODE=node-zeta ACC=0.9342 PREC=0.9694 REC=0.8967 F1=0.9316 AUC=0.9942 TRAIN_TIME_S=21.236 PEAK_MEM_MB=984.8 XAI_STATUS=DISABLED
ROUND=7 NODE=node-zeta ACC=0.9291 PREC=0.9631 REC=0.8923 F1=0.9263 AUC=0.9937 TRAIN_TIME_S=21.236 PEAK_MEM_MB=987.1 XAI_STATUS=DISABLED
ROUND=8 NODE=node-zeta ACC=0.9324 PREC=0.9632 REC=0.8992 F1=0.9301 AUC=0.9943 TRAIN_TIME_S=27.430 PEAK_MEM_MB=940.9 XAI_STATUS=DISABLED
ROUND=9 NODE=node-zeta ACC=0.9304 PREC=0.9613 REC=0.8968 F1=0.9279 AUC=0.9936 TRAIN_TIME_S=23.310 PEAK_MEM_MB=989.4 XAI_STATUS=DISABLED
ROUND=10 NODE=node-zeta ACC=0.9281 PREC=0.9615 REC=0.8919 F1=0.9254 AUC=0.9934 TRAIN_TIME_S=23.538 PEAK_MEM_MB=987.6 XAI_STATUS=DISABLED
MACRO_AVG_LAST10 NODE=node-zeta ACC=0.9423 PREC=0.9667 REC=0.9162 F1=0.9405 AUC=0.9946
ROUND=11 NODE=node-zeta ACC=0.9301 PREC=0.9780 REC=0.8800 F1=0.9264 AUC=0.9942 TRAIN_TIME_S=21.053 PEAK_MEM_MB=988.6 XAI_STATUS=DISABLED
MACRO_AVG_LAST10 NODE=node-zeta ACC=0.9381 PREC=0.9680 REC=0.9062 F1=0.9359 AUC=0.9944
ROUND=12 NODE=node-zeta ACC=0.9284 PREC=0.9612 REC=0.8929 F1=0.9258 AUC=0.9938 TRAIN_TIME_S=21.179 PEAK_MEM_MB=989.6 XAI_STATUS=DISABLED
MACRO_AVG_LAST10 NODE=node-zeta ACC=0.9339 PREC=0.9668 REC=0.8986 F1=0.9314 AUC=0.9942
ROUND=13 NODE=node-zeta ACC=0.9288 PREC=0.9705 REC=0.8846 F1=0.9256 AUC=0.9938 TRAIN_TIME_S=21.050 PEAK_MEM_MB=990.1 XAI_STATUS=DISABLED
MACRO_AVG_LAST10 NODE=node-zeta ACC=0.9320 PREC=0.9664 REC=0.8952 F1=0.9294 AUC=0.9940
ROUND=14 NODE=node-zeta ACC=0.9313 PREC=0.9693 REC=0.8908 F1=0.9284 AUC=0.9944 TRAIN_TIME_S=25.465 PEAK_MEM_MB=990.1 XAI_STATUS=DISABLED
MACRO_AVG_LAST10 NODE=node-zeta ACC=0.9308 PREC=0.9658 REC=0.8933 F1=0.9281 AUC=0.9939
ROUND=15 NODE=node-zeta ACC=0.9323 PREC=0.9773 REC=0.8853 F1=0.9290 AUC=0.9950 TRAIN_TIME_S=25.632 PEAK_MEM_MB=959.2 XAI_STATUS=DISABLED
MACRO_AVG_LAST10 NODE=node-zeta ACC=0.9305 PREC=0.9675 REC=0.8910 F1=0.9277 AUC=0.9940
ROUND=16 NODE=node-zeta ACC=0.9272 PREC=0.9704 REC=0.8813 F1=0.9237 AUC=0.9943 TRAIN_TIME_S=21.321 PEAK_MEM_MB=959.7 XAI_STATUS=DISABLED
MACRO_AVG_LAST10 NODE=node-zeta ACC=0.9298 PREC=0.9676 REC=0.8895 F1=0.9269 AUC=0.9940
ROUND=17 NODE=node-zeta ACC=0.9292 PREC=0.9741 REC=0.8818 F1=0.9257 AUC=0.9943 TRAIN_TIME_S=23.284 PEAK_MEM_MB=965.7 XAI_STATUS=DISABLED
MACRO_AVG_LAST10 NODE=node-zeta ACC=0.9298 PREC=0.9687 REC=0.8885 F1=0.9268 AUC=0.9941
ROUND=18 NODE=node-zeta ACC=0.9320 PREC=0.9789 REC=0.8831 F1=0.9286 AUC=0.9952 TRAIN_TIME_S=23.349 PEAK_MEM_MB=967.0 XAI_STATUS=DISABLED
MACRO_AVG_LAST10 NODE=node-zeta ACC=0.9298 PREC=0.9703 REC=0.8868 F1=0.9266 AUC=0.9942
ROUND=19 NODE=node-zeta ACC=0.9313 PREC=0.9784 REC=0.8821 F1=0.9277 AUC=0.9949 TRAIN_TIME_S=21.417 PEAK_MEM_MB=966.8 XAI_STATUS=DISABLED
MACRO_AVG_LAST10 NODE=node-zeta ACC=0.9299 PREC=0.9720 REC=0.8854 F1=0.9266 AUC=0.9943
ROUND=20 NODE=node-zeta ACC=0.9291 PREC=0.9727 REC=0.8831 F1=0.9257 AUC=0.9947 TRAIN_TIME_S=21.204 PEAK_MEM_MB=966.7 XAI_STATUS=DISABLED
MACRO_AVG_LAST10 NODE=node-zeta ACC=0.9300 PREC=0.9731 REC=0.8845 F1=0.9267 AUC=0.9944
ROUND=21 NODE=node-zeta ACC=0.9308 PREC=0.9785 REC=0.8809 F1=0.9271 AUC=0.9944 TRAIN_TIME_S=23.170 PEAK_MEM_MB=966.2 XAI_STATUS=DISABLED
MACRO_AVG_LAST10 NODE=node-zeta ACC=0.9301 PREC=0.9731 REC=0.8846 F1=0.9267 AUC=0.9945
ROUND=22 NODE=node-zeta ACC=0.9286 PREC=0.9731 REC=0.8816 F1=0.9251 AUC=0.9947 TRAIN_TIME_S=23.311 PEAK_MEM_MB=967.0 XAI_STATUS=DISABLED
MACRO_AVG_LAST10 NODE=node-zeta ACC=0.9301 PREC=0.9743 REC=0.8835 F1=0.9267 AUC=0.9946
ROUND=23 NODE=node-zeta ACC=0.9334 PREC=0.9727 REC=0.8918 F1=0.9305 AUC=0.9953 TRAIN_TIME_S=25.419 PEAK_MEM_MB=967.2 XAI_STATUS=DISABLED
MACRO_AVG_LAST10 NODE=node-zeta ACC=0.9305 PREC=0.9745 REC=0.8842 F1=0.9272 AUC=0.9947
ROUND=24 NODE=node-zeta ACC=0.9336 PREC=0.9707 REC=0.8942 F1=0.9309 AUC=0.9948 TRAIN_TIME_S=21.288 PEAK_MEM_MB=966.9 XAI_STATUS=DISABLED
MACRO_AVG_LAST10 NODE=node-zeta ACC=0.9308 PREC=0.9747 REC=0.8845 F1=0.9274 AUC=0.9948
ROUND=25 NODE=node-zeta ACC=0.9365 PREC=0.9788 REC=0.8923 F1=0.9336 AUC=0.9952 TRAIN_TIME_S=23.459 PEAK_MEM_MB=967.3 XAI_STATUS=DISABLED
MACRO_AVG_LAST10 NODE=node-zeta ACC=0.9312 PREC=0.9748 REC=0.8852 F1=0.9279 AUC=0.9948
ROUND=26 NODE=node-zeta ACC=0.9341 PREC=0.9708 REC=0.8952 F1=0.9315 AUC=0.9947 TRAIN_TIME_S=23.234 PEAK_MEM_MB=967.4 XAI_STATUS=DISABLED
MACRO_AVG_LAST10 NODE=node-zeta ACC=0.9319 PREC=0.9749 REC=0.8866 F1=0.9286 AUC=0.9948
ROUND=27 NODE=node-zeta ACC=0.9335 PREC=0.9775 REC=0.8874 F1=0.9303 AUC=0.9944 TRAIN_TIME_S=25.716 PEAK_MEM_MB=968.2 XAI_STATUS=DISABLED
MACRO_AVG_LAST10 NODE=node-zeta ACC=0.9323 PREC=0.9752 REC=0.8872 F1=0.9291 AUC=0.9948
ROUND=28 NODE=node-zeta ACC=0.9332 PREC=0.9715 REC=0.8926 F1=0.9304 AUC=0.9945 TRAIN_TIME_S=21.146 PEAK_MEM_MB=968.2 XAI_STATUS=DISABLED
MACRO_AVG_LAST10 NODE=node-zeta ACC=0.9324 PREC=0.9745 REC=0.8881 F1=0.9293 AUC=0.9948
ROUND=29 NODE=node-zeta ACC=0.9321 PREC=0.9754 REC=0.8866 F1=0.9289 AUC=0.9946 TRAIN_TIME_S=21.218 PEAK_MEM_MB=968.3 XAI_STATUS=DISABLED
MACRO_AVG_LAST10 NODE=node-zeta ACC=0.9325 PREC=0.9742 REC=0.8886 F1=0.9294 AUC=0.9947
ROUND=30 NODE=node-zeta ACC=0.9421 PREC=0.9885 REC=0.8947 F1=0.9393 AUC=0.9948 TRAIN_TIME_S=21.077 PEAK_MEM_MB=961.4 XAI_STATUS=DISABLED
MACRO_AVG_LAST10 NODE=node-zeta ACC=0.9338 PREC=0.9757 REC=0.8897 F1=0.9307 AUC=0.9947
ROUND=31 NODE=node-zeta ACC=0.9484 PREC=0.9882 REC=0.9075 F1=0.9462 AUC=0.9957 TRAIN_TIME_S=21.215 PEAK_MEM_MB=966.9 XAI_STATUS=DISABLED
MACRO_AVG_LAST10 NODE=node-zeta ACC=0.9356 PREC=0.9767 REC=0.8924 F1=0.9326 AUC=0.9949
ROUND=32 NODE=node-zeta ACC=0.9377 PREC=0.9711 REC=0.9024 F1=0.9355 AUC=0.9952 TRAIN_TIME_S=21.546 PEAK_MEM_MB=966.7 XAI_STATUS=DISABLED
MACRO_AVG_LAST10 NODE=node-zeta ACC=0.9365 PREC=0.9765 REC=0.8945 F1=0.9337 AUC=0.9949
ROUND=33 NODE=node-zeta ACC=0.9421 PREC=0.9815 REC=0.9013 F1=0.9397 AUC=0.9944 TRAIN_TIME_S=23.454 PEAK_MEM_MB=966.8 XAI_STATUS=DISABLED
MACRO_AVG_LAST10 NODE=node-zeta ACC=0.9373 PREC=0.9774 REC=0.8954 F1=0.9346 AUC=0.9948
ROUND=34 NODE=node-zeta ACC=0.9401 PREC=0.9846 REC=0.8942 F1=0.9372 AUC=0.9941 TRAIN_TIME_S=25.830 PEAK_MEM_MB=968.8 XAI_STATUS=DISABLED
MACRO_AVG_LAST10 NODE=node-zeta ACC=0.9380 PREC=0.9788 REC=0.8954 F1=0.9352 AUC=0.9948
ROUND=35 NODE=node-zeta ACC=0.9431 PREC=0.9754 REC=0.9091 F1=0.9411 AUC=0.9958 TRAIN_TIME_S=21.400 PEAK_MEM_MB=968.1 XAI_STATUS=DISABLED
MACRO_AVG_LAST10 NODE=node-zeta ACC=0.9387 PREC=0.9785 REC=0.8971 F1=0.9360 AUC=0.9948
ROUND=36 NODE=node-zeta ACC=0.9399 PREC=0.9752 REC=0.9029 F1=0.9376 AUC=0.9950 TRAIN_TIME_S=23.453 PEAK_MEM_MB=968.4 XAI_STATUS=DISABLED
MACRO_AVG_LAST10 NODE=node-zeta ACC=0.9392 PREC=0.9789 REC=0.8979 F1=0.9366 AUC=0.9948
ROUND=37 NODE=node-zeta ACC=0.9408 PREC=0.9738 REC=0.9060 F1=0.9387 AUC=0.9950 TRAIN_TIME_S=23.286 PEAK_MEM_MB=969.1 XAI_STATUS=DISABLED
MACRO_AVG_LAST10 NODE=node-zeta ACC=0.9400 PREC=0.9785 REC=0.8997 F1=0.9374 AUC=0.9949
ROUND=38 NODE=node-zeta ACC=0.9439 PREC=0.9909 REC=0.8960 F1=0.9411 AUC=0.9953 TRAIN_TIME_S=21.448 PEAK_MEM_MB=969.9 XAI_STATUS=DISABLED
MACRO_AVG_LAST10 NODE=node-zeta ACC=0.9410 PREC=0.9805 REC=0.9001 F1=0.9385 AUC=0.9950
ROUND=39 NODE=node-zeta ACC=0.9437 PREC=0.9732 REC=0.9125 F1=0.9419 AUC=0.9958 TRAIN_TIME_S=21.499 PEAK_MEM_MB=971.0 XAI_STATUS=DISABLED
MACRO_AVG_LAST10 NODE=node-zeta ACC=0.9422 PREC=0.9802 REC=0.9027 F1=0.9398 AUC=0.9951
ROUND=40 NODE=node-zeta ACC=0.9393 PREC=0.9670 REC=0.9096 F1=0.9374 AUC=0.9950 TRAIN_TIME_S=23.675 PEAK_MEM_MB=967.8 XAI_STATUS=DISABLED
MACRO_AVG_LAST10 NODE=node-zeta ACC=0.9419 PREC=0.9781 REC=0.9042 F1=0.9396 AUC=0.9951
ROUND=41 NODE=node-zeta ACC=0.9378 PREC=0.9642 REC=0.9095 F1=0.9360 AUC=0.9946 TRAIN_TIME_S=21.207 PEAK_MEM_MB=969.4 XAI_STATUS=DISABLED
MACRO_AVG_LAST10 NODE=node-zeta ACC=0.9409 PREC=0.9757 REC=0.9044 F1=0.9386 AUC=0.9950
ROUND=42 NODE=node-zeta ACC=0.9373 PREC=0.9660 REC=0.9066 F1=0.9354 AUC=0.9946 TRAIN_TIME_S=21.151 PEAK_MEM_MB=970.0 XAI_STATUS=DISABLED
MACRO_AVG_LAST10 NODE=node-zeta ACC=0.9408 PREC=0.9752 REC=0.9048 F1=0.9386 AUC=0.9950
ROUND=43 NODE=node-zeta ACC=0.9433 PREC=0.9770 REC=0.9080 F1=0.9412 AUC=0.9950 TRAIN_TIME_S=23.713 PEAK_MEM_MB=969.4 XAI_STATUS=DISABLED
MACRO_AVG_LAST10 NODE=node-zeta ACC=0.9409 PREC=0.9747 REC=0.9054 F1=0.9388 AUC=0.9950
ROUND=44 NODE=node-zeta ACC=0.9452 PREC=0.9936 REC=0.8961 F1=0.9423 AUC=0.9954 TRAIN_TIME_S=25.658 PEAK_MEM_MB=969.9 XAI_STATUS=DISABLED
MACRO_AVG_LAST10 NODE=node-zeta ACC=0.9414 PREC=0.9756 REC=0.9056 F1=0.9393 AUC=0.9951
ROUND=45 NODE=node-zeta ACC=0.9376 PREC=0.9651 REC=0.9079 F1=0.9356 AUC=0.9936 TRAIN_TIME_S=23.260 PEAK_MEM_MB=970.1 XAI_STATUS=DISABLED
MACRO_AVG_LAST10 NODE=node-zeta ACC=0.9409 PREC=0.9746 REC=0.9055 F1=0.9387 AUC=0.9949
ROUND=46 NODE=node-zeta ACC=0.9424 PREC=0.9765 REC=0.9066 F1=0.9403 AUC=0.9938 TRAIN_TIME_S=25.530 PEAK_MEM_MB=969.9 XAI_STATUS=DISABLED
MACRO_AVG_LAST10 NODE=node-zeta ACC=0.9411 PREC=0.9747 REC=0.9059 F1=0.9390 AUC=0.9948
ROUND=47 NODE=node-zeta ACC=0.9435 PREC=0.9797 REC=0.9058 F1=0.9413 AUC=0.9940 TRAIN_TIME_S=21.379 PEAK_MEM_MB=970.9 XAI_STATUS=DISABLED
MACRO_AVG_LAST10 NODE=node-zeta ACC=0.9414 PREC=0.9753 REC=0.9059 F1=0.9393 AUC=0.9947
ROUND=48 NODE=node-zeta ACC=0.9400 PREC=0.9899 REC=0.8891 F1=0.9368 AUC=0.9928 TRAIN_TIME_S=23.462 PEAK_MEM_MB=970.9 XAI_STATUS=DISABLED
MACRO_AVG_LAST10 NODE=node-zeta ACC=0.9410 PREC=0.9752 REC=0.9052 F1=0.9388 AUC=0.9945
ROUND=49 NODE=node-zeta ACC=0.9505 PREC=0.9819 REC=0.9179 F1=0.9488 AUC=0.9955 TRAIN_TIME_S=21.330 PEAK_MEM_MB=964.7 XAI_STATUS=DISABLED
MACRO_AVG_LAST10 NODE=node-zeta ACC=0.9417 PREC=0.9761 REC=0.9057 F1=0.9395 AUC=0.9944
ROUND=50 NODE=node-zeta ACC=0.9438 PREC=0.9761 REC=0.9099 F1=0.9418 AUC=0.9949 TRAIN_TIME_S=23.307 PEAK_MEM_MB=970.9 XAI_STATUS=DISABLED
MACRO_AVG_LAST10 NODE=node-zeta ACC=0.9421 PREC=0.9770 REC=0.9057 F1=0.9400 AUC=0.9944
