# Metrics log for client node-epsilon - Run started at 2025-09-09 12:15:54.210694
# XAI_ENABLED=True DEVICE_TYPE=RaspberryPi-5
# XAI Methods: GRADXINPUT=True SHAP=True LIME=True
# Format: ROUND=X NODE=Y ACC=Z ... [GRADXINPUT_MS=A GRADXINPUT_MEM_MB=B] [SHAP_MS=C SHAP_MEM_MB=D] [LIME_MS=E LIME_MEM_MB=F] XAI_METHODS=G,H,I
ROUND=1 NODE=node-epsilon ACC=0.9704 PREC=0.9766 REC=0.9639 F1=0.9702 AUC=0.9971 TRAIN_TIME_S=22.782 PEAK_MEM_MB=938.1 GRADXINPUT_MS=0.11 GRADXINPUT_MEM_MB=0.0 SHAP_MS=784.11 SHAP_MEM_MB=12.8 LIME_MS=616.64 LIME_MEM_MB=1.0 XAI_METHODS=GRAD,SHAP,LIME
ROUND=2 NODE=node-epsilon ACC=0.9689 PREC=0.9790 REC=0.9585 F1=0.9686 AUC=0.9936 TRAIN_TIME_S=21.014 PEAK_MEM_MB=1094.5 GRADXINPUT_MS=0.11 GRADXINPUT_MEM_MB=0.0 SHAP_MS=788.85 SHAP_MEM_MB=4.8 LIME_MS=639.17 LIME_MEM_MB=1.0 XAI_METHODS=GRAD,SHAP,LIME
ROUND=3 NODE=node-epsilon ACC=0.9672 PREC=0.9807 REC=0.9533 F1=0.9668 AUC=0.9915 TRAIN_TIME_S=20.763 PEAK_MEM_MB=1031.9 GRADXINPUT_MS=0.11 GRADXINPUT_MEM_MB=0.0 SHAP_MS=787.86 SHAP_MEM_MB=-5.7 LIME_MS=624.13 LIME_MEM_MB=2.0 XAI_METHODS=GRAD,SHAP,LIME
ROUND=4 NODE=node-epsilon ACC=0.9699 PREC=0.9808 REC=0.9586 F1=0.9696 AUC=0.9939 TRAIN_TIME_S=25.396 PEAK_MEM_MB=1023.0 GRADXINPUT_MS=0.11 GRADXINPUT_MEM_MB=0.0 SHAP_MS=792.88 SHAP_MEM_MB=3.7 LIME_MS=621.48 LIME_MEM_MB=0.5 XAI_METHODS=GRAD,SHAP,LIME
ROUND=5 NODE=node-epsilon ACC=0.9688 PREC=0.9792 REC=0.9579 F1=0.9685 AUC=0.9802 TRAIN_TIME_S=22.979 PEAK_MEM_MB=1094.4 GRADXINPUT_MS=0.11 GRADXINPUT_MEM_MB=0.0 SHAP_MS=793.53 SHAP_MEM_MB=4.7 LIME_MS=614.60 LIME_MEM_MB=1.5 XAI_METHODS=GRAD,SHAP,LIME
ROUND=6 NODE=node-epsilon ACC=0.9660 PREC=0.9777 REC=0.9537 F1=0.9655 AUC=0.9902 TRAIN_TIME_S=21.180 PEAK_MEM_MB=1037.8 GRADXINPUT_MS=0.12 GRADXINPUT_MEM_MB=0.0 SHAP_MS=790.84 SHAP_MEM_MB=11.7 LIME_MS=620.98 LIME_MEM_MB=3.0 XAI_METHODS=GRAD,SHAP,LIME
ROUND=7 NODE=node-epsilon ACC=0.9649 PREC=0.9738 REC=0.9554 F1=0.9645 AUC=0.9908 TRAIN_TIME_S=23.156 PEAK_MEM_MB=1037.2 GRADXINPUT_MS=0.11 GRADXINPUT_MEM_MB=0.0 SHAP_MS=786.70 SHAP_MEM_MB=5.1 LIME_MS=623.07 LIME_MEM_MB=1.0 XAI_METHODS=GRAD,SHAP,LIME
ROUND=8 NODE=node-epsilon ACC=0.9635 PREC=0.9739 REC=0.9524 F1=0.9630 AUC=0.9803 TRAIN_TIME_S=20.991 PEAK_MEM_MB=1102.1 GRADXINPUT_MS=0.11 GRADXINPUT_MEM_MB=0.0 SHAP_MS=786.39 SHAP_MEM_MB=5.1 LIME_MS=615.84 LIME_MEM_MB=0.0 XAI_METHODS=GRAD,SHAP,LIME
ROUND=9 NODE=node-epsilon ACC=0.9615 PREC=0.9727 REC=0.9498 F1=0.9611 AUC=0.9790 TRAIN_TIME_S=23.077 PEAK_MEM_MB=1100.9 GRADXINPUT_MS=0.11 GRADXINPUT_MEM_MB=0.0 SHAP_MS=792.37 SHAP_MEM_MB=7.3 LIME_MS=626.51 LIME_MEM_MB=1.0 XAI_METHODS=GRAD,SHAP,LIME
ROUND=10 NODE=node-epsilon ACC=0.9606 PREC=0.9733 REC=0.9471 F1=0.9600 AUC=0.9769 TRAIN_TIME_S=23.214 PEAK_MEM_MB=1090.3 GRADXINPUT_MS=0.11 GRADXINPUT_MEM_MB=0.0 SHAP_MS=786.97 SHAP_MEM_MB=5.5 LIME_MS=622.84 LIME_MEM_MB=0.5 XAI_METHODS=GRAD,SHAP,LIME
MACRO_AVG_LAST10 NODE=node-epsilon ACC=0.9662 PREC=0.9768 REC=0.9551 F1=0.9658 AUC=0.9874
ROUND=11 NODE=node-epsilon ACC=0.9605 PREC=0.9697 REC=0.9507 F1=0.9601 AUC=0.9784 TRAIN_TIME_S=21.262 PEAK_MEM_MB=1097.6 GRADXINPUT_MS=0.11 GRADXINPUT_MEM_MB=0.0 SHAP_MS=786.96 SHAP_MEM_MB=5.3 LIME_MS=619.01 LIME_MEM_MB=0.5 XAI_METHODS=GRAD,SHAP,LIME
MACRO_AVG_LAST10 NODE=node-epsilon ACC=0.9652 PREC=0.9761 REC=0.9537 F1=0.9648 AUC=0.9855
ROUND=12 NODE=node-epsilon ACC=0.9634 PREC=0.9760 REC=0.9502 F1=0.9629 AUC=0.9777 TRAIN_TIME_S=20.953 PEAK_MEM_MB=1041.6 GRADXINPUT_MS=0.11 GRADXINPUT_MEM_MB=0.0 SHAP_MS=789.59 SHAP_MEM_MB=3.9 LIME_MS=631.27 LIME_MEM_MB=1.5 XAI_METHODS=GRAD,SHAP,LIME
MACRO_AVG_LAST10 NODE=node-epsilon ACC=0.9646 PREC=0.9758 REC=0.9529 F1=0.9642 AUC=0.9839
ROUND=13 NODE=node-epsilon ACC=0.9607 PREC=0.9712 REC=0.9497 F1=0.9603 AUC=0.9781 TRAIN_TIME_S=23.049 PEAK_MEM_MB=1093.3 GRADXINPUT_MS=0.11 GRADXINPUT_MEM_MB=0.0 SHAP_MS=792.75 SHAP_MEM_MB=5.3 LIME_MS=624.77 LIME_MEM_MB=0.5 XAI_METHODS=GRAD,SHAP,LIME
MACRO_AVG_LAST10 NODE=node-epsilon ACC=0.9640 PREC=0.9748 REC=0.9525 F1=0.9636 AUC=0.9826
ROUND=14 NODE=node-epsilon ACC=0.9621 PREC=0.9773 REC=0.9462 F1=0.9615 AUC=0.9763 TRAIN_TIME_S=23.078 PEAK_MEM_MB=1093.6 GRADXINPUT_MS=0.11 GRADXINPUT_MEM_MB=0.0 SHAP_MS=794.88 SHAP_MEM_MB=5.1 LIME_MS=625.92 LIME_MEM_MB=0.5 XAI_METHODS=GRAD,SHAP,LIME
MACRO_AVG_LAST10 NODE=node-epsilon ACC=0.9632 PREC=0.9745 REC=0.9513 F1=0.9627 AUC=0.9808
ROUND=15 NODE=node-epsilon ACC=0.9636 PREC=0.9769 REC=0.9498 F1=0.9631 AUC=0.9790 TRAIN_TIME_S=27.721 PEAK_MEM_MB=1025.7 GRADXINPUT_MS=0.11 GRADXINPUT_MEM_MB=0.0 SHAP_MS=794.46 SHAP_MEM_MB=5.6 LIME_MS=625.52 LIME_MEM_MB=0.5 XAI_METHODS=GRAD,SHAP,LIME
MACRO_AVG_LAST10 NODE=node-epsilon ACC=0.9627 PREC=0.9742 REC=0.9505 F1=0.9622 AUC=0.9807
ROUND=16 NODE=node-epsilon ACC=0.9628 PREC=0.9747 REC=0.9503 F1=0.9623 AUC=0.9779 TRAIN_TIME_S=23.408 PEAK_MEM_MB=1094.3 GRADXINPUT_MS=0.11 GRADXINPUT_MEM_MB=0.0 SHAP_MS=789.84 SHAP_MEM_MB=10.5 LIME_MS=615.71 LIME_MEM_MB=0.5 XAI_METHODS=GRAD,SHAP,LIME
MACRO_AVG_LAST10 NODE=node-epsilon ACC=0.9624 PREC=0.9739 REC=0.9502 F1=0.9619 AUC=0.9794
ROUND=17 NODE=node-epsilon ACC=0.9636 PREC=0.9793 REC=0.9473 F1=0.9630 AUC=0.9801 TRAIN_TIME_S=21.392 PEAK_MEM_MB=1048.3 GRADXINPUT_MS=0.11 GRADXINPUT_MEM_MB=0.0 SHAP_MS=793.43 SHAP_MEM_MB=4.8 LIME_MS=629.88 LIME_MEM_MB=-13.1 XAI_METHODS=GRAD,SHAP,LIME
MACRO_AVG_LAST10 NODE=node-epsilon ACC=0.9622 PREC=0.9745 REC=0.9494 F1=0.9617 AUC=0.9784
ROUND=18 NODE=node-epsilon ACC=0.9526 PREC=0.9781 REC=0.9259 F1=0.9513 AUC=0.9785 TRAIN_TIME_S=20.976 PEAK_MEM_MB=1093.1 GRADXINPUT_MS=0.12 GRADXINPUT_MEM_MB=0.0 SHAP_MS=799.53 SHAP_MEM_MB=10.2 LIME_MS=626.78 LIME_MEM_MB=1.0 XAI_METHODS=GRAD,SHAP,LIME
MACRO_AVG_LAST10 NODE=node-epsilon ACC=0.9612 PREC=0.9749 REC=0.9467 F1=0.9606 AUC=0.9782
ROUND=19 NODE=node-epsilon ACC=0.9653 PREC=0.9790 REC=0.9509 F1=0.9647 AUC=0.9901 TRAIN_TIME_S=23.112 PEAK_MEM_MB=1106.2 GRADXINPUT_MS=0.12 GRADXINPUT_MEM_MB=0.0 SHAP_MS=793.02 SHAP_MEM_MB=0.4 LIME_MS=626.65 LIME_MEM_MB=0.5 XAI_METHODS=GRAD,SHAP,LIME
MACRO_AVG_LAST10 NODE=node-epsilon ACC=0.9615 PREC=0.9755 REC=0.9468 F1=0.9609 AUC=0.9793
ROUND=20 NODE=node-epsilon ACC=0.9639 PREC=0.9797 REC=0.9474 F1=0.9633 AUC=0.9792 TRAIN_TIME_S=23.432 PEAK_MEM_MB=1107.1 GRADXINPUT_MS=0.11 GRADXINPUT_MEM_MB=0.0 SHAP_MS=790.10 SHAP_MEM_MB=11.9 LIME_MS=620.07 LIME_MEM_MB=7.5 XAI_METHODS=GRAD,SHAP,LIME
MACRO_AVG_LAST10 NODE=node-epsilon ACC=0.9619 PREC=0.9762 REC=0.9468 F1=0.9613 AUC=0.9795
ROUND=21 NODE=node-epsilon ACC=0.9630 PREC=0.9785 REC=0.9468 F1=0.9624 AUC=0.9784 TRAIN_TIME_S=20.879 PEAK_MEM_MB=1106.3 GRADXINPUT_MS=0.12 GRADXINPUT_MEM_MB=0.0 SHAP_MS=794.14 SHAP_MEM_MB=10.7 LIME_MS=621.20 LIME_MEM_MB=1.0 XAI_METHODS=GRAD,SHAP,LIME
MACRO_AVG_LAST10 NODE=node-epsilon ACC=0.9621 PREC=0.9771 REC=0.9465 F1=0.9615 AUC=0.9795
ROUND=22 NODE=node-epsilon ACC=0.9657 PREC=0.9722 REC=0.9587 F1=0.9654 AUC=0.9910 TRAIN_TIME_S=25.244 PEAK_MEM_MB=1106.3 GRADXINPUT_MS=0.11 GRADXINPUT_MEM_MB=0.0 SHAP_MS=794.85 SHAP_MEM_MB=5.4 LIME_MS=625.16 LIME_MEM_MB=1.0 XAI_METHODS=GRAD,SHAP,LIME
MACRO_AVG_LAST10 NODE=node-epsilon ACC=0.9623 PREC=0.9767 REC=0.9473 F1=0.9617 AUC=0.9809
ROUND=23 NODE=node-epsilon ACC=0.9660 PREC=0.9762 REC=0.9553 F1=0.9656 AUC=0.9902 TRAIN_TIME_S=21.138 PEAK_MEM_MB=1106.6 GRADXINPUT_MS=0.11 GRADXINPUT_MEM_MB=0.0 SHAP_MS=794.46 SHAP_MEM_MB=16.9 LIME_MS=641.00 LIME_MEM_MB=1.5 XAI_METHODS=GRAD,SHAP,LIME
MACRO_AVG_LAST10 NODE=node-epsilon ACC=0.9629 PREC=0.9772 REC=0.9479 F1=0.9623 AUC=0.9821
ROUND=24 NODE=node-epsilon ACC=0.9614 PREC=0.9768 REC=0.9452 F1=0.9608 AUC=0.9789 TRAIN_TIME_S=21.234 PEAK_MEM_MB=1106.7 GRADXINPUT_MS=0.11 GRADXINPUT_MEM_MB=0.0 SHAP_MS=794.65 SHAP_MEM_MB=3.3 LIME_MS=624.34 LIME_MEM_MB=2.0 XAI_METHODS=GRAD,SHAP,LIME
MACRO_AVG_LAST10 NODE=node-epsilon ACC=0.9628 PREC=0.9771 REC=0.9478 F1=0.9622 AUC=0.9823
ROUND=25 NODE=node-epsilon ACC=0.9646 PREC=0.9777 REC=0.9510 F1=0.9642 AUC=0.9786 TRAIN_TIME_S=23.082 PEAK_MEM_MB=1107.7 GRADXINPUT_MS=0.11 GRADXINPUT_MEM_MB=0.0 SHAP_MS=790.53 SHAP_MEM_MB=4.0 LIME_MS=620.67 LIME_MEM_MB=2.0 XAI_METHODS=GRAD,SHAP,LIME
MACRO_AVG_LAST10 NODE=node-epsilon ACC=0.9629 PREC=0.9772 REC=0.9479 F1=0.9623 AUC=0.9823
ROUND=26 NODE=node-epsilon ACC=0.9514 PREC=0.9747 REC=0.9269 F1=0.9502 AUC=0.9782 TRAIN_TIME_S=23.053 PEAK_MEM_MB=1056.1 GRADXINPUT_MS=0.11 GRADXINPUT_MEM_MB=0.0 SHAP_MS=791.01 SHAP_MEM_MB=8.7 LIME_MS=624.15 LIME_MEM_MB=2.0 XAI_METHODS=GRAD,SHAP,LIME
MACRO_AVG_LAST10 NODE=node-epsilon ACC=0.9618 PREC=0.9772 REC=0.9455 F1=0.9611 AUC=0.9823
ROUND=27 NODE=node-epsilon ACC=0.9627 PREC=0.9780 REC=0.9467 F1=0.9621 AUC=0.9782 TRAIN_TIME_S=20.995 PEAK_MEM_MB=1107.7 GRADXINPUT_MS=0.11 GRADXINPUT_MEM_MB=0.0 SHAP_MS=795.70 SHAP_MEM_MB=9.6 LIME_MS=627.32 LIME_MEM_MB=2.0 XAI_METHODS=GRAD,SHAP,LIME
MACRO_AVG_LAST10 NODE=node-epsilon ACC=0.9617 PREC=0.9771 REC=0.9455 F1=0.9610 AUC=0.9821
ROUND=28 NODE=node-epsilon ACC=0.9626 PREC=0.9772 REC=0.9473 F1=0.9620 AUC=0.9783 TRAIN_TIME_S=23.180 PEAK_MEM_MB=1056.1 GRADXINPUT_MS=0.11 GRADXINPUT_MEM_MB=0.0 SHAP_MS=794.49 SHAP_MEM_MB=-2.3 LIME_MS=629.25 LIME_MEM_MB=2.0 XAI_METHODS=GRAD,SHAP,LIME
MACRO_AVG_LAST10 NODE=node-epsilon ACC=0.9627 PREC=0.9770 REC=0.9476 F1=0.9621 AUC=0.9821
ROUND=29 NODE=node-epsilon ACC=0.9505 PREC=0.9771 REC=0.9225 F1=0.9490 AUC=0.9774 TRAIN_TIME_S=25.208 PEAK_MEM_MB=1037.1 GRADXINPUT_MS=0.11 GRADXINPUT_MEM_MB=0.0 SHAP_MS=796.84 SHAP_MEM_MB=3.8 LIME_MS=627.82 LIME_MEM_MB=2.0 XAI_METHODS=GRAD,SHAP,LIME
MACRO_AVG_LAST10 NODE=node-epsilon ACC=0.9612 PREC=0.9768 REC=0.9448 F1=0.9605 AUC=0.9808
ROUND=30 NODE=node-epsilon ACC=0.9504 PREC=0.9770 REC=0.9225 F1=0.9490 AUC=0.9774 TRAIN_TIME_S=20.989 PEAK_MEM_MB=1047.3 GRADXINPUT_MS=0.11 GRADXINPUT_MEM_MB=0.0 SHAP_MS=793.86 SHAP_MEM_MB=-1.4 LIME_MS=629.95 LIME_MEM_MB=0.0 XAI_METHODS=GRAD,SHAP,LIME
MACRO_AVG_LAST10 NODE=node-epsilon ACC=0.9598 PREC=0.9765 REC=0.9423 F1=0.9591 AUC=0.9807
ROUND=31 NODE=node-epsilon ACC=0.9608 PREC=0.9755 REC=0.9453 F1=0.9602 AUC=0.9782 TRAIN_TIME_S=21.033 PEAK_MEM_MB=1046.6 GRADXINPUT_MS=0.11 GRADXINPUT_MEM_MB=0.0 SHAP_MS=791.22 SHAP_MEM_MB=3.4 LIME_MS=623.87 LIME_MEM_MB=-13.9 XAI_METHODS=GRAD,SHAP,LIME
MACRO_AVG_LAST10 NODE=node-epsilon ACC=0.9596 PREC=0.9762 REC=0.9421 F1=0.9588 AUC=0.9806
ROUND=32 NODE=node-epsilon ACC=0.9643 PREC=0.9761 REC=0.9520 F1=0.9639 AUC=0.9794 TRAIN_TIME_S=25.633 PEAK_MEM_MB=1042.5 GRADXINPUT_MS=0.11 GRADXINPUT_MEM_MB=0.0 SHAP_MS=795.97 SHAP_MEM_MB=-0.0 LIME_MS=625.82 LIME_MEM_MB=0.0 XAI_METHODS=GRAD,SHAP,LIME
MACRO_AVG_LAST10 NODE=node-epsilon ACC=0.9595 PREC=0.9766 REC=0.9415 F1=0.9587 AUC=0.9795
ROUND=33 NODE=node-epsilon ACC=0.9543 PREC=0.9765 REC=0.9311 F1=0.9533 AUC=0.9781 TRAIN_TIME_S=23.392 PEAK_MEM_MB=1046.4 GRADXINPUT_MS=0.11 GRADXINPUT_MEM_MB=0.0 SHAP_MS=791.52 SHAP_MEM_MB=5.2 LIME_MS=622.30 LIME_MEM_MB=0.5 XAI_METHODS=GRAD,SHAP,LIME
MACRO_AVG_LAST10 NODE=node-epsilon ACC=0.9583 PREC=0.9767 REC=0.9391 F1=0.9575 AUC=0.9783
ROUND=34 NODE=node-epsilon ACC=0.9503 PREC=0.9749 REC=0.9244 F1=0.9490 AUC=0.9761 TRAIN_TIME_S=25.550 PEAK_MEM_MB=1051.5 GRADXINPUT_MS=0.12 GRADXINPUT_MEM_MB=0.0 SHAP_MS=793.19 SHAP_MEM_MB=-6.5 LIME_MS=620.90 LIME_MEM_MB=8.0 XAI_METHODS=GRAD,SHAP,LIME
MACRO_AVG_LAST10 NODE=node-epsilon ACC=0.9572 PREC=0.9765 REC=0.9370 F1=0.9563 AUC=0.9780
ROUND=35 NODE=node-epsilon ACC=0.9517 PREC=0.9749 REC=0.9272 F1=0.9504 AUC=0.9772 TRAIN_TIME_S=20.942 PEAK_MEM_MB=1048.1 GRADXINPUT_MS=0.11 GRADXINPUT_MEM_MB=0.0 SHAP_MS=790.33 SHAP_MEM_MB=1.9 LIME_MS=625.58 LIME_MEM_MB=2.5 XAI_METHODS=GRAD,SHAP,LIME
MACRO_AVG_LAST10 NODE=node-epsilon ACC=0.9559 PREC=0.9762 REC=0.9346 F1=0.9549 AUC=0.9779
ROUND=36 NODE=node-epsilon ACC=0.9510 PREC=0.9765 REC=0.9243 F1=0.9497 AUC=0.9780 TRAIN_TIME_S=21.211 PEAK_MEM_MB=1050.9 GRADXINPUT_MS=0.11 GRADXINPUT_MEM_MB=0.0 SHAP_MS=794.83 SHAP_MEM_MB=5.1 LIME_MS=630.78 LIME_MEM_MB=0.0 XAI_METHODS=GRAD,SHAP,LIME
MACRO_AVG_LAST10 NODE=node-epsilon ACC=0.9559 PREC=0.9764 REC=0.9343 F1=0.9549 AUC=0.9778
ROUND=37 NODE=node-epsilon ACC=0.9513 PREC=0.9766 REC=0.9247 F1=0.9499 AUC=0.9774 TRAIN_TIME_S=23.317 PEAK_MEM_MB=1051.5 GRADXINPUT_MS=0.11 GRADXINPUT_MEM_MB=0.0 SHAP_MS=793.55 SHAP_MEM_MB=18.1 LIME_MS=623.19 LIME_MEM_MB=1.0 XAI_METHODS=GRAD,SHAP,LIME
MACRO_AVG_LAST10 NODE=node-epsilon ACC=0.9547 PREC=0.9762 REC=0.9321 F1=0.9536 AUC=0.9778
ROUND=38 NODE=node-epsilon ACC=0.9673 PREC=0.9788 REC=0.9553 F1=0.9669 AUC=0.9788 TRAIN_TIME_S=21.082 PEAK_MEM_MB=1118.1 GRADXINPUT_MS=0.11 GRADXINPUT_MEM_MB=0.0 SHAP_MS=789.18 SHAP_MEM_MB=5.6 LIME_MS=615.70 LIME_MEM_MB=0.0 XAI_METHODS=GRAD,SHAP,LIME
MACRO_AVG_LAST10 NODE=node-epsilon ACC=0.9552 PREC=0.9764 REC=0.9329 F1=0.9541 AUC=0.9778
ROUND=39 NODE=node-epsilon ACC=0.9506 PREC=0.9755 REC=0.9245 F1=0.9493 AUC=0.9769 TRAIN_TIME_S=20.949 PEAK_MEM_MB=1119.4 GRADXINPUT_MS=0.11 GRADXINPUT_MEM_MB=0.0 SHAP_MS=790.87 SHAP_MEM_MB=4.7 LIME_MS=621.90 LIME_MEM_MB=0.0 XAI_METHODS=GRAD,SHAP,LIME
MACRO_AVG_LAST10 NODE=node-epsilon ACC=0.9552 PREC=0.9762 REC=0.9331 F1=0.9542 AUC=0.9778
ROUND=40 NODE=node-epsilon ACC=0.9530 PREC=0.9771 REC=0.9276 F1=0.9517 AUC=0.9776 TRAIN_TIME_S=23.110 PEAK_MEM_MB=1119.0 GRADXINPUT_MS=0.12 GRADXINPUT_MEM_MB=0.0 SHAP_MS=788.91 SHAP_MEM_MB=1.5 LIME_MS=619.18 LIME_MEM_MB=3.0 XAI_METHODS=GRAD,SHAP,LIME
MACRO_AVG_LAST10 NODE=node-epsilon ACC=0.9555 PREC=0.9762 REC=0.9336 F1=0.9544 AUC=0.9778
ROUND=41 NODE=node-epsilon ACC=0.9525 PREC=0.9751 REC=0.9288 F1=0.9514 AUC=0.9775 TRAIN_TIME_S=21.011 PEAK_MEM_MB=1111.9 GRADXINPUT_MS=0.11 GRADXINPUT_MEM_MB=0.0 SHAP_MS=793.83 SHAP_MEM_MB=10.6 LIME_MS=629.70 LIME_MEM_MB=0.0 XAI_METHODS=GRAD,SHAP,LIME
MACRO_AVG_LAST10 NODE=node-epsilon ACC=0.9546 PREC=0.9762 REC=0.9320 F1=0.9536 AUC=0.9777
ROUND=42 NODE=node-epsilon ACC=0.9380 PREC=0.9785 REC=0.8958 F1=0.9353 AUC=0.9770 TRAIN_TIME_S=21.058 PEAK_MEM_MB=1114.5 GRADXINPUT_MS=0.11 GRADXINPUT_MEM_MB=0.0 SHAP_MS=789.48 SHAP_MEM_MB=12.0 LIME_MS=621.02 LIME_MEM_MB=0.0 XAI_METHODS=GRAD,SHAP,LIME
MACRO_AVG_LAST10 NODE=node-epsilon ACC=0.9520 PREC=0.9764 REC=0.9264 F1=0.9507 AUC=0.9775
ROUND=43 NODE=node-epsilon ACC=0.9506 PREC=0.9758 REC=0.9241 F1=0.9493 AUC=0.9768 TRAIN_TIME_S=21.202 PEAK_MEM_MB=1057.6 GRADXINPUT_MS=0.12 GRADXINPUT_MEM_MB=0.0 SHAP_MS=792.93 SHAP_MEM_MB=10.7 LIME_MS=631.15 LIME_MEM_MB=1.0 XAI_METHODS=GRAD,SHAP,LIME
MACRO_AVG_LAST10 NODE=node-epsilon ACC=0.9516 PREC=0.9764 REC=0.9257 F1=0.9503 AUC=0.9773
ROUND=44 NODE=node-epsilon ACC=0.9388 PREC=0.9771 REC=0.8986 F1=0.9362 AUC=0.9768 TRAIN_TIME_S=21.012 PEAK_MEM_MB=1056.5 GRADXINPUT_MS=0.11 GRADXINPUT_MEM_MB=0.0 SHAP_MS=791.24 SHAP_MEM_MB=11.2 LIME_MS=623.56 LIME_MEM_MB=0.0 XAI_METHODS=GRAD,SHAP,LIME
MACRO_AVG_LAST10 NODE=node-epsilon ACC=0.9505 PREC=0.9766 REC=0.9231 F1=0.9490 AUC=0.9774
ROUND=45 NODE=node-epsilon ACC=0.9348 PREC=0.9782 REC=0.8893 F1=0.9316 AUC=0.9772 TRAIN_TIME_S=21.147 PEAK_MEM_MB=1056.6 GRADXINPUT_MS=0.11 GRADXINPUT_MEM_MB=0.0 SHAP_MS=793.30 SHAP_MEM_MB=10.3 LIME_MS=623.25 LIME_MEM_MB=-16.8 XAI_METHODS=GRAD,SHAP,LIME
MACRO_AVG_LAST10 NODE=node-epsilon ACC=0.9488 PREC=0.9769 REC=0.9193 F1=0.9471 AUC=0.9774
ROUND=46 NODE=node-epsilon ACC=0.9649 PREC=0.9796 REC=0.9495 F1=0.9643 AUC=0.9782 TRAIN_TIME_S=20.919 PEAK_MEM_MB=1042.7 GRADXINPUT_MS=0.11 GRADXINPUT_MEM_MB=0.0 SHAP_MS=791.79 SHAP_MEM_MB=10.6 LIME_MS=621.13 LIME_MEM_MB=0.0 XAI_METHODS=GRAD,SHAP,LIME
MACRO_AVG_LAST10 NODE=node-epsilon ACC=0.9502 PREC=0.9772 REC=0.9218 F1=0.9486 AUC=0.9774
ROUND=47 NODE=node-epsilon ACC=0.9654 PREC=0.9823 REC=0.9480 F1=0.9648 AUC=0.9782 TRAIN_TIME_S=23.075 PEAK_MEM_MB=1055.9 GRADXINPUT_MS=0.11 GRADXINPUT_MEM_MB=0.0 SHAP_MS=790.55 SHAP_MEM_MB=10.3 LIME_MS=619.56 LIME_MEM_MB=0.5 XAI_METHODS=GRAD,SHAP,LIME
MACRO_AVG_LAST10 NODE=node-epsilon ACC=0.9516 PREC=0.9778 REC=0.9241 F1=0.9501 AUC=0.9775
ROUND=48 NODE=node-epsilon ACC=0.9374 PREC=0.9777 REC=0.8952 F1=0.9346 AUC=0.9762 TRAIN_TIME_S=21.240 PEAK_MEM_MB=1057.4 GRADXINPUT_MS=0.11 GRADXINPUT_MEM_MB=0.0 SHAP_MS=796.35 SHAP_MEM_MB=-3.7 LIME_MS=633.58 LIME_MEM_MB=11.5 XAI_METHODS=GRAD,SHAP,LIME
MACRO_AVG_LAST10 NODE=node-epsilon ACC=0.9486 PREC=0.9777 REC=0.9181 F1=0.9469 AUC=0.9772
ROUND=49 NODE=node-epsilon ACC=0.9497 PREC=0.9754 REC=0.9227 F1=0.9483 AUC=0.9765 TRAIN_TIME_S=21.066 PEAK_MEM_MB=1053.8 GRADXINPUT_MS=0.11 GRADXINPUT_MEM_MB=0.0 SHAP_MS=794.00 SHAP_MEM_MB=8.8 LIME_MS=619.45 LIME_MEM_MB=1.5 XAI_METHODS=GRAD,SHAP,LIME
MACRO_AVG_LAST10 NODE=node-epsilon ACC=0.9485 PREC=0.9777 REC=0.9180 F1=0.9468 AUC=0.9772
ROUND=50 NODE=node-epsilon ACC=0.9498 PREC=0.9752 REC=0.9231 F1=0.9484 AUC=0.9760 TRAIN_TIME_S=21.095 PEAK_MEM_MB=1055.4 GRADXINPUT_MS=0.11 GRADXINPUT_MEM_MB=0.0 SHAP_MS=794.43 SHAP_MEM_MB=10.7 LIME_MS=617.40 LIME_MEM_MB=0.5 XAI_METHODS=GRAD,SHAP,LIME
MACRO_AVG_LAST10 NODE=node-epsilon ACC=0.9482 PREC=0.9775 REC=0.9175 F1=0.9464 AUC=0.9770
