# Metrics log for client node-beta - Run started at 2025-09-09 07:27:46.575012
# XAI_ENABLED=False DEVICE_TYPE=RaspberryPi-4B
# XAI Methods: GRADXINPUT=False SHAP=False LIME=False
# Format: ROUND=X NODE=Y ACC=Z ... [GRADXINPUT_MS=A GRADXINPUT_MEM_MB=B] [SHAP_MS=C SHAP_MEM_MB=D] [LIME_MS=E LIME_MEM_MB=F] XAI_METHODS=G,H,I
ROUND=1 NODE=node-beta ACC=0.9744 PREC=0.9721 REC=0.9768 F1=0.9745 AUC=0.9973 TRAIN_TIME_S=70.403 PEAK_MEM_MB=918.4 XAI_STATUS=DISABLED
ROUND=2 NODE=node-beta ACC=0.9694 PREC=0.9803 REC=0.9582 F1=0.9691 AUC=0.9976 TRAIN_TIME_S=62.763 PEAK_MEM_MB=920.2 XAI_STATUS=DISABLED
ROUND=3 NODE=node-beta ACC=0.9646 PREC=0.9834 REC=0.9451 F1=0.9638 AUC=0.9976 TRAIN_TIME_S=63.677 PEAK_MEM_MB=933.6 XAI_STATUS=DISABLED
ROUND=4 NODE=node-beta ACC=0.9623 PREC=0.9814 REC=0.9425 F1=0.9615 AUC=0.9968 TRAIN_TIME_S=62.641 PEAK_MEM_MB=933.7 XAI_STATUS=DISABLED
ROUND=5 NODE=node-beta ACC=0.9631 PREC=0.9813 REC=0.9442 F1=0.9624 AUC=0.9963 TRAIN_TIME_S=63.776 PEAK_MEM_MB=936.5 XAI_STATUS=DISABLED
ROUND=6 NODE=node-beta ACC=0.9596 PREC=0.9824 REC=0.9359 F1=0.9586 AUC=0.9836 TRAIN_TIME_S=66.001 PEAK_MEM_MB=1009.9 XAI_STATUS=DISABLED
ROUND=7 NODE=node-beta ACC=0.9488 PREC=0.9816 REC=0.9146 F1=0.9469 AUC=0.9841 TRAIN_TIME_S=64.489 PEAK_MEM_MB=1011.7 XAI_STATUS=DISABLED
ROUND=8 NODE=node-beta ACC=0.9624 PREC=0.9819 REC=0.9422 F1=0.9616 AUC=0.9955 TRAIN_TIME_S=62.499 PEAK_MEM_MB=1012.6 XAI_STATUS=DISABLED
ROUND=9 NODE=node-beta ACC=0.9629 PREC=0.9821 REC=0.9430 F1=0.9621 AUC=0.9961 TRAIN_TIME_S=62.720 PEAK_MEM_MB=1012.7 XAI_STATUS=DISABLED
ROUND=10 NODE=node-beta ACC=0.9610 PREC=0.9816 REC=0.9396 F1=0.9601 AUC=0.9854 TRAIN_TIME_S=64.670 PEAK_MEM_MB=1012.9 XAI_STATUS=DISABLED
MACRO_AVG_LAST10 NODE=node-beta ACC=0.9628 PREC=0.9808 REC=0.9442 F1=0.9621 AUC=0.9930
ROUND=11 NODE=node-beta ACC=0.9479 PREC=0.9816 REC=0.9129 F1=0.9460 AUC=0.9825 TRAIN_TIME_S=63.662 PEAK_MEM_MB=1012.4 XAI_STATUS=DISABLED
MACRO_AVG_LAST10 NODE=node-beta ACC=0.9602 PREC=0.9817 REC=0.9378 F1=0.9592 AUC=0.9916
ROUND=12 NODE=node-beta ACC=0.9623 PREC=0.9828 REC=0.9411 F1=0.9615 AUC=0.9963 TRAIN_TIME_S=64.690 PEAK_MEM_MB=1012.8 XAI_STATUS=DISABLED
MACRO_AVG_LAST10 NODE=node-beta ACC=0.9595 PREC=0.9820 REC=0.9361 F1=0.9585 AUC=0.9914
ROUND=13 NODE=node-beta ACC=0.9625 PREC=0.9827 REC=0.9415 F1=0.9616 AUC=0.9974 TRAIN_TIME_S=62.405 PEAK_MEM_MB=1013.5 XAI_STATUS=DISABLED
MACRO_AVG_LAST10 NODE=node-beta ACC=0.9593 PREC=0.9819 REC=0.9357 F1=0.9582 AUC=0.9914
ROUND=14 NODE=node-beta ACC=0.9474 PREC=0.9820 REC=0.9115 F1=0.9454 AUC=0.9829 TRAIN_TIME_S=64.995 PEAK_MEM_MB=1013.7 XAI_STATUS=DISABLED
MACRO_AVG_LAST10 NODE=node-beta ACC=0.9578 PREC=0.9820 REC=0.9326 F1=0.9566 AUC=0.9900
ROUND=15 NODE=node-beta ACC=0.9480 PREC=0.9840 REC=0.9108 F1=0.9460 AUC=0.9854 TRAIN_TIME_S=63.719 PEAK_MEM_MB=1013.8 XAI_STATUS=DISABLED
MACRO_AVG_LAST10 NODE=node-beta ACC=0.9563 PREC=0.9823 REC=0.9293 F1=0.9550 AUC=0.9889
ROUND=16 NODE=node-beta ACC=0.9639 PREC=0.9831 REC=0.9439 F1=0.9631 AUC=0.9972 TRAIN_TIME_S=64.737 PEAK_MEM_MB=1013.9 XAI_STATUS=DISABLED
MACRO_AVG_LAST10 NODE=node-beta ACC=0.9567 PREC=0.9823 REC=0.9301 F1=0.9555 AUC=0.9903
ROUND=17 NODE=node-beta ACC=0.9599 PREC=0.9842 REC=0.9348 F1=0.9589 AUC=0.9961 TRAIN_TIME_S=62.736 PEAK_MEM_MB=1014.4 XAI_STATUS=DISABLED
MACRO_AVG_LAST10 NODE=node-beta ACC=0.9578 PREC=0.9826 REC=0.9321 F1=0.9566 AUC=0.9915
ROUND=18 NODE=node-beta ACC=0.9606 PREC=0.9841 REC=0.9363 F1=0.9596 AUC=0.9955 TRAIN_TIME_S=63.835 PEAK_MEM_MB=1014.6 XAI_STATUS=DISABLED
MACRO_AVG_LAST10 NODE=node-beta ACC=0.9576 PREC=0.9828 REC=0.9315 F1=0.9564 AUC=0.9915
ROUND=19 NODE=node-beta ACC=0.9589 PREC=0.9823 REC=0.9346 F1=0.9579 AUC=0.9965 TRAIN_TIME_S=63.760 PEAK_MEM_MB=1014.6 XAI_STATUS=DISABLED
MACRO_AVG_LAST10 NODE=node-beta ACC=0.9572 PREC=0.9828 REC=0.9307 F1=0.9560 AUC=0.9915
ROUND=20 NODE=node-beta ACC=0.9608 PREC=0.9833 REC=0.9375 F1=0.9599 AUC=0.9961 TRAIN_TIME_S=64.757 PEAK_MEM_MB=1014.4 XAI_STATUS=DISABLED
MACRO_AVG_LAST10 NODE=node-beta ACC=0.9572 PREC=0.9830 REC=0.9305 F1=0.9560 AUC=0.9926
ROUND=21 NODE=node-beta ACC=0.9629 PREC=0.9834 REC=0.9417 F1=0.9621 AUC=0.9968 TRAIN_TIME_S=62.901 PEAK_MEM_MB=1014.9 XAI_STATUS=DISABLED
MACRO_AVG_LAST10 NODE=node-beta ACC=0.9587 PREC=0.9832 REC=0.9334 F1=0.9576 AUC=0.9940
ROUND=22 NODE=node-beta ACC=0.9628 PREC=0.9834 REC=0.9416 F1=0.9620 AUC=0.9958 TRAIN_TIME_S=65.109 PEAK_MEM_MB=1015.5 XAI_STATUS=DISABLED
MACRO_AVG_LAST10 NODE=node-beta ACC=0.9588 PREC=0.9833 REC=0.9334 F1=0.9577 AUC=0.9940
ROUND=23 NODE=node-beta ACC=0.9598 PREC=0.9846 REC=0.9342 F1=0.9587 AUC=0.9960 TRAIN_TIME_S=62.958 PEAK_MEM_MB=1015.6 XAI_STATUS=DISABLED
MACRO_AVG_LAST10 NODE=node-beta ACC=0.9585 PREC=0.9835 REC=0.9327 F1=0.9574 AUC=0.9938
ROUND=24 NODE=node-beta ACC=0.9603 PREC=0.9834 REC=0.9364 F1=0.9593 AUC=0.9962 TRAIN_TIME_S=62.891 PEAK_MEM_MB=1016.5 XAI_STATUS=DISABLED
MACRO_AVG_LAST10 NODE=node-beta ACC=0.9598 PREC=0.9836 REC=0.9352 F1=0.9588 AUC=0.9951
ROUND=25 NODE=node-beta ACC=0.9589 PREC=0.9834 REC=0.9337 F1=0.9579 AUC=0.9960 TRAIN_TIME_S=65.344 PEAK_MEM_MB=1016.6 XAI_STATUS=DISABLED
MACRO_AVG_LAST10 NODE=node-beta ACC=0.9609 PREC=0.9835 REC=0.9375 F1=0.9599 AUC=0.9962
ROUND=26 NODE=node-beta ACC=0.9597 PREC=0.9827 REC=0.9360 F1=0.9588 AUC=0.9957 TRAIN_TIME_S=65.327 PEAK_MEM_MB=1017.2 XAI_STATUS=DISABLED
MACRO_AVG_LAST10 NODE=node-beta ACC=0.9605 PREC=0.9835 REC=0.9367 F1=0.9595 AUC=0.9961
ROUND=27 NODE=node-beta ACC=0.9592 PREC=0.9857 REC=0.9320 F1=0.9581 AUC=0.9968 TRAIN_TIME_S=64.091 PEAK_MEM_MB=1017.3 XAI_STATUS=DISABLED
MACRO_AVG_LAST10 NODE=node-beta ACC=0.9604 PREC=0.9836 REC=0.9364 F1=0.9594 AUC=0.9961
ROUND=28 NODE=node-beta ACC=0.9484 PREC=0.9848 REC=0.9108 F1=0.9463 AUC=0.9953 TRAIN_TIME_S=63.149 PEAK_MEM_MB=1017.4 XAI_STATUS=DISABLED
MACRO_AVG_LAST10 NODE=node-beta ACC=0.9592 PREC=0.9837 REC=0.9338 F1=0.9581 AUC=0.9961
ROUND=29 NODE=node-beta ACC=0.9485 PREC=0.9850 REC=0.9108 F1=0.9464 AUC=0.9836 TRAIN_TIME_S=63.337 PEAK_MEM_MB=1017.4 XAI_STATUS=DISABLED
MACRO_AVG_LAST10 NODE=node-beta ACC=0.9581 PREC=0.9840 REC=0.9315 F1=0.9570 AUC=0.9948
ROUND=30 NODE=node-beta ACC=0.9491 PREC=0.9850 REC=0.9121 F1=0.9471 AUC=0.9855 TRAIN_TIME_S=63.350 PEAK_MEM_MB=1017.9 XAI_STATUS=DISABLED
MACRO_AVG_LAST10 NODE=node-beta ACC=0.9570 PREC=0.9841 REC=0.9289 F1=0.9557 AUC=0.9938
ROUND=31 NODE=node-beta ACC=0.9498 PREC=0.9849 REC=0.9135 F1=0.9479 AUC=0.9968 TRAIN_TIME_S=64.174 PEAK_MEM_MB=1018.5 XAI_STATUS=DISABLED
MACRO_AVG_LAST10 NODE=node-beta ACC=0.9557 PREC=0.9843 REC=0.9261 F1=0.9543 AUC=0.9938
ROUND=32 NODE=node-beta ACC=0.9500 PREC=0.9850 REC=0.9139 F1=0.9481 AUC=0.9964 TRAIN_TIME_S=64.245 PEAK_MEM_MB=1018.7 XAI_STATUS=DISABLED
MACRO_AVG_LAST10 NODE=node-beta ACC=0.9544 PREC=0.9844 REC=0.9233 F1=0.9529 AUC=0.9938
ROUND=33 NODE=node-beta ACC=0.9492 PREC=0.9848 REC=0.9125 F1=0.9473 AUC=0.9863 TRAIN_TIME_S=64.174 PEAK_MEM_MB=1019.1 XAI_STATUS=DISABLED
MACRO_AVG_LAST10 NODE=node-beta ACC=0.9533 PREC=0.9845 REC=0.9212 F1=0.9517 AUC=0.9929
ROUND=34 NODE=node-beta ACC=0.9593 PREC=0.9846 REC=0.9333 F1=0.9583 AUC=0.9960 TRAIN_TIME_S=63.318 PEAK_MEM_MB=1019.2 XAI_STATUS=DISABLED
MACRO_AVG_LAST10 NODE=node-beta ACC=0.9532 PREC=0.9846 REC=0.9209 F1=0.9516 AUC=0.9928
ROUND=35 NODE=node-beta ACC=0.9492 PREC=0.9826 REC=0.9147 F1=0.9474 AUC=0.9853 TRAIN_TIME_S=63.371 PEAK_MEM_MB=1019.3 XAI_STATUS=DISABLED
MACRO_AVG_LAST10 NODE=node-beta ACC=0.9522 PREC=0.9845 REC=0.9190 F1=0.9506 AUC=0.9918
ROUND=36 NODE=node-beta ACC=0.9485 PREC=0.9854 REC=0.9104 F1=0.9464 AUC=0.9959 TRAIN_TIME_S=63.363 PEAK_MEM_MB=1019.4 XAI_STATUS=DISABLED
MACRO_AVG_LAST10 NODE=node-beta ACC=0.9511 PREC=0.9848 REC=0.9164 F1=0.9493 AUC=0.9918
ROUND=37 NODE=node-beta ACC=0.9470 PREC=0.9849 REC=0.9078 F1=0.9448 AUC=0.9859 TRAIN_TIME_S=64.357 PEAK_MEM_MB=1019.5 XAI_STATUS=DISABLED
MACRO_AVG_LAST10 NODE=node-beta ACC=0.9499 PREC=0.9847 REC=0.9140 F1=0.9480 AUC=0.9907
ROUND=38 NODE=node-beta ACC=0.9504 PREC=0.9845 REC=0.9152 F1=0.9486 AUC=0.9846 TRAIN_TIME_S=63.478 PEAK_MEM_MB=1019.6 XAI_STATUS=DISABLED
MACRO_AVG_LAST10 NODE=node-beta ACC=0.9501 PREC=0.9847 REC=0.9144 F1=0.9482 AUC=0.9896
ROUND=39 NODE=node-beta ACC=0.9505 PREC=0.9878 REC=0.9123 F1=0.9485 AUC=0.9863 TRAIN_TIME_S=63.410 PEAK_MEM_MB=1019.6 XAI_STATUS=DISABLED
MACRO_AVG_LAST10 NODE=node-beta ACC=0.9503 PREC=0.9849 REC=0.9146 F1=0.9484 AUC=0.9899
ROUND=40 NODE=node-beta ACC=0.9493 PREC=0.9842 REC=0.9133 F1=0.9474 AUC=0.9856 TRAIN_TIME_S=64.612 PEAK_MEM_MB=1018.7 XAI_STATUS=DISABLED
MACRO_AVG_LAST10 NODE=node-beta ACC=0.9503 PREC=0.9849 REC=0.9147 F1=0.9485 AUC=0.9899
ROUND=41 NODE=node-beta ACC=0.9487 PREC=0.9831 REC=0.9130 F1=0.9468 AUC=0.9841 TRAIN_TIME_S=63.541 PEAK_MEM_MB=1019.6 XAI_STATUS=DISABLED
MACRO_AVG_LAST10 NODE=node-beta ACC=0.9502 PREC=0.9847 REC=0.9146 F1=0.9484 AUC=0.9886
ROUND=42 NODE=node-beta ACC=0.9495 PREC=0.9831 REC=0.9147 F1=0.9477 AUC=0.9825 TRAIN_TIME_S=65.581 PEAK_MEM_MB=1019.6 XAI_STATUS=DISABLED
MACRO_AVG_LAST10 NODE=node-beta ACC=0.9502 PREC=0.9845 REC=0.9147 F1=0.9483 AUC=0.9872
ROUND=43 NODE=node-beta ACC=0.9586 PREC=0.9856 REC=0.9309 F1=0.9575 AUC=0.9830 TRAIN_TIME_S=63.579 PEAK_MEM_MB=1019.7 XAI_STATUS=DISABLED
MACRO_AVG_LAST10 NODE=node-beta ACC=0.9511 PREC=0.9846 REC=0.9166 F1=0.9493 AUC=0.9869
ROUND=44 NODE=node-beta ACC=0.9492 PREC=0.9833 REC=0.9139 F1=0.9473 AUC=0.9841 TRAIN_TIME_S=64.310 PEAK_MEM_MB=1019.8 XAI_STATUS=DISABLED
MACRO_AVG_LAST10 NODE=node-beta ACC=0.9501 PREC=0.9844 REC=0.9146 F1=0.9482 AUC=0.9857
ROUND=45 NODE=node-beta ACC=0.9619 PREC=0.9840 REC=0.9391 F1=0.9610 AUC=0.9840 TRAIN_TIME_S=63.538 PEAK_MEM_MB=1020.3 XAI_STATUS=DISABLED
MACRO_AVG_LAST10 NODE=node-beta ACC=0.9514 PREC=0.9846 REC=0.9171 F1=0.9496 AUC=0.9856
ROUND=46 NODE=node-beta ACC=0.9338 PREC=0.9825 REC=0.8834 F1=0.9303 AUC=0.9788 TRAIN_TIME_S=65.604 PEAK_MEM_MB=1020.3 XAI_STATUS=DISABLED
MACRO_AVG_LAST10 NODE=node-beta ACC=0.9499 PREC=0.9843 REC=0.9144 F1=0.9480 AUC=0.9839
ROUND=47 NODE=node-beta ACC=0.9341 PREC=0.9830 REC=0.8836 F1=0.9306 AUC=0.9787 TRAIN_TIME_S=63.777 PEAK_MEM_MB=1020.4 XAI_STATUS=DISABLED
MACRO_AVG_LAST10 NODE=node-beta ACC=0.9486 PREC=0.9841 REC=0.9119 F1=0.9466 AUC=0.9832
ROUND=48 NODE=node-beta ACC=0.9332 PREC=0.9826 REC=0.8820 F1=0.9296 AUC=0.9804 TRAIN_TIME_S=64.802 PEAK_MEM_MB=1021.0 XAI_STATUS=DISABLED
MACRO_AVG_LAST10 NODE=node-beta ACC=0.9469 PREC=0.9839 REC=0.9086 F1=0.9447 AUC=0.9827
ROUND=49 NODE=node-beta ACC=0.9482 PREC=0.9830 REC=0.9122 F1=0.9463 AUC=0.9830 TRAIN_TIME_S=65.791 PEAK_MEM_MB=1020.9 XAI_STATUS=DISABLED
MACRO_AVG_LAST10 NODE=node-beta ACC=0.9467 PREC=0.9834 REC=0.9086 F1=0.9444 AUC=0.9824
ROUND=50 NODE=node-beta ACC=0.9315 PREC=0.9823 REC=0.8787 F1=0.9276 AUC=0.9842 TRAIN_TIME_S=63.898 PEAK_MEM_MB=1020.7 XAI_STATUS=DISABLED
MACRO_AVG_LAST10 NODE=node-beta ACC=0.9449 PREC=0.9833 REC=0.9052 F1=0.9425 AUC=0.9823
