# Metrics log for client node-beta - Run started at 2025-09-09 09:16:18.174470
# XAI_ENABLED=True DEVICE_TYPE=RaspberryPi-4B
# XAI Methods: GRADXINPUT=True SHAP=True LIME=True
# Format: ROUND=X NODE=Y ACC=Z ... [GRADXINPUT_MS=A GRADXINPUT_MEM_MB=B] [SHAP_MS=C SHAP_MEM_MB=D] [LIME_MS=E LIME_MEM_MB=F] XAI_METHODS=G,H,I
ROUND=1 NODE=node-beta ACC=0.9667 PREC=0.9759 REC=0.9570 F1=0.9664 AUC=0.9971 TRAIN_TIME_S=68.853 PEAK_MEM_MB=918.9 GRADXINPUT_MS=0.37 GRADXINPUT_MEM_MB=0.0 SHAP_MS=2820.38 SHAP_MEM_MB=3.8 LIME_MS=2162.86 LIME_MEM_MB=0.2 XAI_METHODS=GRAD,SHAP,LIME
ROUND=2 NODE=node-beta ACC=0.9628 PREC=0.9800 REC=0.9450 F1=0.9622 AUC=0.9975 TRAIN_TIME_S=64.732 PEAK_MEM_MB=1077.7 GRADXINPUT_MS=0.31 GRADXINPUT_MEM_MB=0.0 SHAP_MS=2814.65 SHAP_MEM_MB=4.9 LIME_MS=2156.33 LIME_MEM_MB=0.8 XAI_METHODS=GRAD,SHAP,LIME
ROUND=3 NODE=node-beta ACC=0.9650 PREC=0.9866 REC=0.9428 F1=0.9642 AUC=0.9976 TRAIN_TIME_S=63.148 PEAK_MEM_MB=1075.9 GRADXINPUT_MS=0.32 GRADXINPUT_MEM_MB=0.0 SHAP_MS=2836.44 SHAP_MEM_MB=9.5 LIME_MS=2267.00 LIME_MEM_MB=-13.5 XAI_METHODS=GRAD,SHAP,LIME
ROUND=4 NODE=node-beta ACC=0.9655 PREC=0.9879 REC=0.9425 F1=0.9647 AUC=0.9976 TRAIN_TIME_S=64.187 PEAK_MEM_MB=1081.5 GRADXINPUT_MS=0.33 GRADXINPUT_MEM_MB=0.0 SHAP_MS=2859.76 SHAP_MEM_MB=7.8 LIME_MS=2200.75 LIME_MEM_MB=3.1 XAI_METHODS=GRAD,SHAP,LIME
ROUND=5 NODE=node-beta ACC=0.9613 PREC=0.9827 REC=0.9391 F1=0.9604 AUC=0.9959 TRAIN_TIME_S=63.307 PEAK_MEM_MB=1079.1 GRADXINPUT_MS=0.31 GRADXINPUT_MEM_MB=0.0 SHAP_MS=2858.14 SHAP_MEM_MB=7.3 LIME_MS=2183.49 LIME_MEM_MB=3.4 XAI_METHODS=GRAD,SHAP,LIME
ROUND=6 NODE=node-beta ACC=0.9585 PREC=0.9836 REC=0.9325 F1=0.9574 AUC=0.9954 TRAIN_TIME_S=65.219 PEAK_MEM_MB=1026.3 GRADXINPUT_MS=0.33 GRADXINPUT_MEM_MB=0.0 SHAP_MS=2842.22 SHAP_MEM_MB=-17.1 LIME_MS=2229.45 LIME_MEM_MB=13.1 XAI_METHODS=GRAD,SHAP,LIME
ROUND=7 NODE=node-beta ACC=0.9612 PREC=0.9825 REC=0.9391 F1=0.9603 AUC=0.9963 TRAIN_TIME_S=63.124 PEAK_MEM_MB=1077.7 GRADXINPUT_MS=0.32 GRADXINPUT_MEM_MB=0.0 SHAP_MS=2873.17 SHAP_MEM_MB=7.6 LIME_MS=2190.35 LIME_MEM_MB=3.1 XAI_METHODS=GRAD,SHAP,LIME
ROUND=8 NODE=node-beta ACC=0.9592 PREC=0.9845 REC=0.9330 F1=0.9581 AUC=0.9951 TRAIN_TIME_S=64.954 PEAK_MEM_MB=1087.1 GRADXINPUT_MS=0.37 GRADXINPUT_MEM_MB=0.0 SHAP_MS=2844.54 SHAP_MEM_MB=8.4 LIME_MS=2308.53 LIME_MEM_MB=2.8 XAI_METHODS=GRAD,SHAP,LIME
ROUND=9 NODE=node-beta ACC=0.9575 PREC=0.9825 REC=0.9317 F1=0.9564 AUC=0.9828 TRAIN_TIME_S=64.260 PEAK_MEM_MB=1098.1 GRADXINPUT_MS=0.32 GRADXINPUT_MEM_MB=0.0 SHAP_MS=2865.65 SHAP_MEM_MB=-9.7 LIME_MS=2232.03 LIME_MEM_MB=11.5 XAI_METHODS=GRAD,SHAP,LIME
ROUND=10 NODE=node-beta ACC=0.9549 PREC=0.9835 REC=0.9254 F1=0.9536 AUC=0.9817 TRAIN_TIME_S=65.303 PEAK_MEM_MB=1079.5 GRADXINPUT_MS=0.33 GRADXINPUT_MEM_MB=0.0 SHAP_MS=2866.68 SHAP_MEM_MB=-5.6 LIME_MS=2383.79 LIME_MEM_MB=1.8 XAI_METHODS=GRAD,SHAP,LIME
MACRO_AVG_LAST10 NODE=node-beta ACC=0.9613 PREC=0.9830 REC=0.9388 F1=0.9604 AUC=0.9937
ROUND=11 NODE=node-beta ACC=0.9557 PREC=0.9825 REC=0.9280 F1=0.9545 AUC=0.9821 TRAIN_TIME_S=64.039 PEAK_MEM_MB=1065.5 GRADXINPUT_MS=0.32 GRADXINPUT_MEM_MB=0.0 SHAP_MS=2854.97 SHAP_MEM_MB=-5.4 LIME_MS=2200.12 LIME_MEM_MB=1.4 XAI_METHODS=GRAD,SHAP,LIME
MACRO_AVG_LAST10 NODE=node-beta ACC=0.9602 PREC=0.9836 REC=0.9359 F1=0.9592 AUC=0.9922
ROUND=12 NODE=node-beta ACC=0.9553 PREC=0.9841 REC=0.9256 F1=0.9539 AUC=0.9835 TRAIN_TIME_S=63.250 PEAK_MEM_MB=1083.3 GRADXINPUT_MS=0.33 GRADXINPUT_MEM_MB=0.1 SHAP_MS=2851.09 SHAP_MEM_MB=3.3 LIME_MS=2251.87 LIME_MEM_MB=8.5 XAI_METHODS=GRAD,SHAP,LIME
MACRO_AVG_LAST10 NODE=node-beta ACC=0.9594 PREC=0.9841 REC=0.9340 F1=0.9584 AUC=0.9908
ROUND=13 NODE=node-beta ACC=0.9453 PREC=0.9847 REC=0.9048 F1=0.9430 AUC=0.9825 TRAIN_TIME_S=63.288 PEAK_MEM_MB=1069.5 GRADXINPUT_MS=0.32 GRADXINPUT_MEM_MB=0.0 SHAP_MS=2843.42 SHAP_MEM_MB=1.0 LIME_MS=2309.09 LIME_MEM_MB=2.1 XAI_METHODS=GRAD,SHAP,LIME
MACRO_AVG_LAST10 NODE=node-beta ACC=0.9575 PREC=0.9839 REC=0.9302 F1=0.9562 AUC=0.9893
ROUND=14 NODE=node-beta ACC=0.9453 PREC=0.9840 REC=0.9053 F1=0.9430 AUC=0.9814 TRAIN_TIME_S=63.878 PEAK_MEM_MB=1070.4 GRADXINPUT_MS=0.33 GRADXINPUT_MEM_MB=0.0 SHAP_MS=2863.72 SHAP_MEM_MB=0.9 LIME_MS=2221.47 LIME_MEM_MB=2.1 XAI_METHODS=GRAD,SHAP,LIME
MACRO_AVG_LAST10 NODE=node-beta ACC=0.9554 PREC=0.9835 REC=0.9265 F1=0.9541 AUC=0.9877
ROUND=15 NODE=node-beta ACC=0.9574 PREC=0.9845 REC=0.9295 F1=0.9562 AUC=0.9843 TRAIN_TIME_S=64.250 PEAK_MEM_MB=1069.9 GRADXINPUT_MS=0.36 GRADXINPUT_MEM_MB=0.0 SHAP_MS=2849.21 SHAP_MEM_MB=1.4 LIME_MS=2294.45 LIME_MEM_MB=8.1 XAI_METHODS=GRAD,SHAP,LIME
MACRO_AVG_LAST10 NODE=node-beta ACC=0.9550 PREC=0.9836 REC=0.9255 F1=0.9536 AUC=0.9865
ROUND=16 NODE=node-beta ACC=0.9570 PREC=0.9846 REC=0.9284 F1=0.9557 AUC=0.9808 TRAIN_TIME_S=65.187 PEAK_MEM_MB=1071.1 GRADXINPUT_MS=0.32 GRADXINPUT_MEM_MB=0.0 SHAP_MS=2873.52 SHAP_MEM_MB=1.6 LIME_MS=2251.16 LIME_MEM_MB=1.6 XAI_METHODS=GRAD,SHAP,LIME
MACRO_AVG_LAST10 NODE=node-beta ACC=0.9549 PREC=0.9837 REC=0.9251 F1=0.9535 AUC=0.9850
ROUND=17 NODE=node-beta ACC=0.9591 PREC=0.9851 REC=0.9323 F1=0.9580 AUC=0.9955 TRAIN_TIME_S=64.303 PEAK_MEM_MB=1072.5 GRADXINPUT_MS=0.32 GRADXINPUT_MEM_MB=0.0 SHAP_MS=2858.70 SHAP_MEM_MB=1.8 LIME_MS=2387.69 LIME_MEM_MB=1.4 XAI_METHODS=GRAD,SHAP,LIME
MACRO_AVG_LAST10 NODE=node-beta ACC=0.9547 PREC=0.9840 REC=0.9244 F1=0.9532 AUC=0.9850
ROUND=18 NODE=node-beta ACC=0.9595 PREC=0.9836 REC=0.9346 F1=0.9585 AUC=0.9954 TRAIN_TIME_S=63.054 PEAK_MEM_MB=1072.3 GRADXINPUT_MS=0.62 GRADXINPUT_MEM_MB=0.1 SHAP_MS=2866.12 SHAP_MEM_MB=7.0 LIME_MS=2210.66 LIME_MEM_MB=1.0 XAI_METHODS=GRAD,SHAP,LIME
MACRO_AVG_LAST10 NODE=node-beta ACC=0.9547 PREC=0.9839 REC=0.9246 F1=0.9533 AUC=0.9850
ROUND=19 NODE=node-beta ACC=0.9596 PREC=0.9840 REC=0.9345 F1=0.9586 AUC=0.9949 TRAIN_TIME_S=66.220 PEAK_MEM_MB=1072.7 GRADXINPUT_MS=0.39 GRADXINPUT_MEM_MB=0.0 SHAP_MS=2871.45 SHAP_MEM_MB=2.2 LIME_MS=2275.65 LIME_MEM_MB=1.0 XAI_METHODS=GRAD,SHAP,LIME
MACRO_AVG_LAST10 NODE=node-beta ACC=0.9549 PREC=0.9841 REC=0.9248 F1=0.9535 AUC=0.9862
ROUND=20 NODE=node-beta ACC=0.9588 PREC=0.9852 REC=0.9316 F1=0.9576 AUC=0.9950 TRAIN_TIME_S=64.231 PEAK_MEM_MB=1072.7 GRADXINPUT_MS=0.32 GRADXINPUT_MEM_MB=0.0 SHAP_MS=2855.67 SHAP_MEM_MB=2.7 LIME_MS=2216.57 LIME_MEM_MB=0.9 XAI_METHODS=GRAD,SHAP,LIME
MACRO_AVG_LAST10 NODE=node-beta ACC=0.9553 PREC=0.9842 REC=0.9255 F1=0.9539 AUC=0.9875
ROUND=21 NODE=node-beta ACC=0.9586 PREC=0.9855 REC=0.9310 F1=0.9575 AUC=0.9949 TRAIN_TIME_S=64.391 PEAK_MEM_MB=1073.6 GRADXINPUT_MS=0.32 GRADXINPUT_MEM_MB=0.0 SHAP_MS=2874.54 SHAP_MEM_MB=3.0 LIME_MS=2198.28 LIME_MEM_MB=1.2 XAI_METHODS=GRAD,SHAP,LIME
MACRO_AVG_LAST10 NODE=node-beta ACC=0.9556 PREC=0.9845 REC=0.9258 F1=0.9542 AUC=0.9888
ROUND=22 NODE=node-beta ACC=0.9612 PREC=0.9839 REC=0.9377 F1=0.9603 AUC=0.9948 TRAIN_TIME_S=64.264 PEAK_MEM_MB=1074.5 GRADXINPUT_MS=0.34 GRADXINPUT_MEM_MB=0.0 SHAP_MS=2873.52 SHAP_MEM_MB=0.5 LIME_MS=2229.74 LIME_MEM_MB=2.4 XAI_METHODS=GRAD,SHAP,LIME
MACRO_AVG_LAST10 NODE=node-beta ACC=0.9562 PREC=0.9845 REC=0.9270 F1=0.9548 AUC=0.9900
ROUND=23 NODE=node-beta ACC=0.9596 PREC=0.9837 REC=0.9346 F1=0.9585 AUC=0.9940 TRAIN_TIME_S=63.473 PEAK_MEM_MB=1074.2 GRADXINPUT_MS=0.32 GRADXINPUT_MEM_MB=0.0 SHAP_MS=2858.06 SHAP_MEM_MB=0.6 LIME_MS=2196.22 LIME_MEM_MB=2.1 XAI_METHODS=GRAD,SHAP,LIME
MACRO_AVG_LAST10 NODE=node-beta ACC=0.9576 PREC=0.9844 REC=0.9299 F1=0.9564 AUC=0.9911
ROUND=24 NODE=node-beta ACC=0.9574 PREC=0.9858 REC=0.9282 F1=0.9561 AUC=0.9951 TRAIN_TIME_S=63.342 PEAK_MEM_MB=1074.1 GRADXINPUT_MS=0.39 GRADXINPUT_MEM_MB=0.0 SHAP_MS=2852.13 SHAP_MEM_MB=1.3 LIME_MS=2392.70 LIME_MEM_MB=2.5 XAI_METHODS=GRAD,SHAP,LIME
MACRO_AVG_LAST10 NODE=node-beta ACC=0.9588 PREC=0.9846 REC=0.9322 F1=0.9577 AUC=0.9925
ROUND=25 NODE=node-beta ACC=0.9551 PREC=0.9853 REC=0.9240 F1=0.9537 AUC=0.9846 TRAIN_TIME_S=64.171 PEAK_MEM_MB=1074.5 GRADXINPUT_MS=0.33 GRADXINPUT_MEM_MB=0.0 SHAP_MS=2869.54 SHAP_MEM_MB=1.0 LIME_MS=2189.74 LIME_MEM_MB=2.0 XAI_METHODS=GRAD,SHAP,LIME
MACRO_AVG_LAST10 NODE=node-beta ACC=0.9586 PREC=0.9847 REC=0.9317 F1=0.9574 AUC=0.9925
ROUND=26 NODE=node-beta ACC=0.9464 PREC=0.9848 REC=0.9069 F1=0.9442 AUC=0.9838 TRAIN_TIME_S=63.335 PEAK_MEM_MB=1075.1 GRADXINPUT_MS=0.32 GRADXINPUT_MEM_MB=0.0 SHAP_MS=2860.94 SHAP_MEM_MB=1.6 LIME_MS=2223.26 LIME_MEM_MB=1.4 XAI_METHODS=GRAD,SHAP,LIME
MACRO_AVG_LAST10 NODE=node-beta ACC=0.9575 PREC=0.9847 REC=0.9295 F1=0.9563 AUC=0.9928
ROUND=27 NODE=node-beta ACC=0.9560 PREC=0.9852 REC=0.9260 F1=0.9547 AUC=0.9822 TRAIN_TIME_S=64.334 PEAK_MEM_MB=1030.7 GRADXINPUT_MS=0.33 GRADXINPUT_MEM_MB=0.0 SHAP_MS=2863.84 SHAP_MEM_MB=3.0 LIME_MS=2197.07 LIME_MEM_MB=0.9 XAI_METHODS=GRAD,SHAP,LIME
MACRO_AVG_LAST10 NODE=node-beta ACC=0.9572 PREC=0.9847 REC=0.9289 F1=0.9560 AUC=0.9915
ROUND=28 NODE=node-beta ACC=0.9614 PREC=0.9846 REC=0.9376 F1=0.9605 AUC=0.9949 TRAIN_TIME_S=63.052 PEAK_MEM_MB=1078.1 GRADXINPUT_MS=0.32 GRADXINPUT_MEM_MB=0.0 SHAP_MS=2860.00 SHAP_MEM_MB=12.4 LIME_MS=2239.99 LIME_MEM_MB=0.4 XAI_METHODS=GRAD,SHAP,LIME
MACRO_AVG_LAST10 NODE=node-beta ACC=0.9574 PREC=0.9848 REC=0.9292 F1=0.9562 AUC=0.9914
ROUND=29 NODE=node-beta ACC=0.9477 PREC=0.9842 REC=0.9099 F1=0.9456 AUC=0.9816 TRAIN_TIME_S=64.215 PEAK_MEM_MB=1071.5 GRADXINPUT_MS=0.32 GRADXINPUT_MEM_MB=0.0 SHAP_MS=2857.07 SHAP_MEM_MB=-3.2 LIME_MS=2271.02 LIME_MEM_MB=1.1 XAI_METHODS=GRAD,SHAP,LIME
MACRO_AVG_LAST10 NODE=node-beta ACC=0.9562 PREC=0.9848 REC=0.9267 F1=0.9549 AUC=0.9901
ROUND=30 NODE=node-beta ACC=0.9305 PREC=0.9843 REC=0.8751 F1=0.9265 AUC=0.9806 TRAIN_TIME_S=64.960 PEAK_MEM_MB=1046.9 GRADXINPUT_MS=0.32 GRADXINPUT_MEM_MB=0.0 SHAP_MS=2876.05 SHAP_MEM_MB=2.0 LIME_MS=2213.49 LIME_MEM_MB=1.1 XAI_METHODS=GRAD,SHAP,LIME
MACRO_AVG_LAST10 NODE=node-beta ACC=0.9534 PREC=0.9847 REC=0.9211 F1=0.9518 AUC=0.9887
ROUND=31 NODE=node-beta ACC=0.9587 PREC=0.9859 REC=0.9307 F1=0.9575 AUC=0.9835 TRAIN_TIME_S=63.170 PEAK_MEM_MB=1075.7 GRADXINPUT_MS=0.32 GRADXINPUT_MEM_MB=0.0 SHAP_MS=2865.53 SHAP_MEM_MB=2.7 LIME_MS=2398.87 LIME_MEM_MB=0.4 XAI_METHODS=GRAD,SHAP,LIME
MACRO_AVG_LAST10 NODE=node-beta ACC=0.9534 PREC=0.9848 REC=0.9211 F1=0.9518 AUC=0.9875
ROUND=32 NODE=node-beta ACC=0.9625 PREC=0.9855 REC=0.9387 F1=0.9615 AUC=0.9918 TRAIN_TIME_S=63.099 PEAK_MEM_MB=1074.0 GRADXINPUT_MS=0.32 GRADXINPUT_MEM_MB=0.0 SHAP_MS=2862.84 SHAP_MEM_MB=2.6 LIME_MS=2198.87 LIME_MEM_MB=0.6 XAI_METHODS=GRAD,SHAP,LIME
MACRO_AVG_LAST10 NODE=node-beta ACC=0.9535 PREC=0.9849 REC=0.9212 F1=0.9519 AUC=0.9872
ROUND=33 NODE=node-beta ACC=0.9552 PREC=0.9835 REC=0.9258 F1=0.9538 AUC=0.9914 TRAIN_TIME_S=63.403 PEAK_MEM_MB=1080.4 GRADXINPUT_MS=0.32 GRADXINPUT_MEM_MB=0.0 SHAP_MS=2863.49 SHAP_MEM_MB=1.9 LIME_MS=2201.11 LIME_MEM_MB=0.9 XAI_METHODS=GRAD,SHAP,LIME
MACRO_AVG_LAST10 NODE=node-beta ACC=0.9531 PREC=0.9849 REC=0.9203 F1=0.9514 AUC=0.9869
ROUND=34 NODE=node-beta ACC=0.9487 PREC=0.9856 REC=0.9107 F1=0.9467 AUC=0.9805 TRAIN_TIME_S=65.405 PEAK_MEM_MB=1086.7 GRADXINPUT_MS=0.60 GRADXINPUT_MEM_MB=0.0 SHAP_MS=2877.20 SHAP_MEM_MB=2.3 LIME_MS=2237.41 LIME_MEM_MB=1.0 XAI_METHODS=GRAD,SHAP,LIME
MACRO_AVG_LAST10 NODE=node-beta ACC=0.9522 PREC=0.9849 REC=0.9185 F1=0.9505 AUC=0.9855
ROUND=35 NODE=node-beta ACC=0.9484 PREC=0.9850 REC=0.9107 F1=0.9464 AUC=0.9774 TRAIN_TIME_S=63.401 PEAK_MEM_MB=1086.6 GRADXINPUT_MS=0.37 GRADXINPUT_MEM_MB=0.0 SHAP_MS=2865.88 SHAP_MEM_MB=2.5 LIME_MS=2247.90 LIME_MEM_MB=0.6 XAI_METHODS=GRAD,SHAP,LIME
MACRO_AVG_LAST10 NODE=node-beta ACC=0.9516 PREC=0.9849 REC=0.9172 F1=0.9497 AUC=0.9848
ROUND=36 NODE=node-beta ACC=0.9572 PREC=0.9857 REC=0.9279 F1=0.9559 AUC=0.9829 TRAIN_TIME_S=65.396 PEAK_MEM_MB=1069.0 GRADXINPUT_MS=0.33 GRADXINPUT_MEM_MB=0.0 SHAP_MS=2872.80 SHAP_MEM_MB=2.4 LIME_MS=2168.90 LIME_MEM_MB=1.0 XAI_METHODS=GRAD,SHAP,LIME
MACRO_AVG_LAST10 NODE=node-beta ACC=0.9526 PREC=0.9849 REC=0.9193 F1=0.9509 AUC=0.9847
ROUND=37 NODE=node-beta ACC=0.9330 PREC=0.9847 REC=0.8797 F1=0.9292 AUC=0.9807 TRAIN_TIME_S=63.213 PEAK_MEM_MB=1075.4 GRADXINPUT_MS=0.32 GRADXINPUT_MEM_MB=0.0 SHAP_MS=2859.44 SHAP_MEM_MB=4.9 LIME_MS=2218.65 LIME_MEM_MB=0.8 XAI_METHODS=GRAD,SHAP,LIME
MACRO_AVG_LAST10 NODE=node-beta ACC=0.9503 PREC=0.9849 REC=0.9147 F1=0.9484 AUC=0.9845
ROUND=38 NODE=node-beta ACC=0.9620 PREC=0.9850 REC=0.9383 F1=0.9611 AUC=0.9818 TRAIN_TIME_S=63.278 PEAK_MEM_MB=1080.8 GRADXINPUT_MS=0.33 GRADXINPUT_MEM_MB=0.0 SHAP_MS=2858.14 SHAP_MEM_MB=-8.6 LIME_MS=2194.58 LIME_MEM_MB=3.8 XAI_METHODS=GRAD,SHAP,LIME
MACRO_AVG_LAST10 NODE=node-beta ACC=0.9504 PREC=0.9849 REC=0.9148 F1=0.9484 AUC=0.9832
ROUND=39 NODE=node-beta ACC=0.9458 PREC=0.9852 REC=0.9052 F1=0.9435 AUC=0.9811 TRAIN_TIME_S=63.314 PEAK_MEM_MB=1069.3 GRADXINPUT_MS=0.33 GRADXINPUT_MEM_MB=0.0 SHAP_MS=2848.51 SHAP_MEM_MB=-2.4 LIME_MS=2249.03 LIME_MEM_MB=5.4 XAI_METHODS=GRAD,SHAP,LIME
MACRO_AVG_LAST10 NODE=node-beta ACC=0.9502 PREC=0.9850 REC=0.9143 F1=0.9482 AUC=0.9832
ROUND=40 NODE=node-beta ACC=0.9601 PREC=0.9854 REC=0.9340 F1=0.9590 AUC=0.9826 TRAIN_TIME_S=64.431 PEAK_MEM_MB=1068.8 GRADXINPUT_MS=0.39 GRADXINPUT_MEM_MB=0.0 SHAP_MS=2851.47 SHAP_MEM_MB=-2.4 LIME_MS=2199.28 LIME_MEM_MB=5.4 XAI_METHODS=GRAD,SHAP,LIME
MACRO_AVG_LAST10 NODE=node-beta ACC=0.9532 PREC=0.9851 REC=0.9202 F1=0.9515 AUC=0.9834
ROUND=41 NODE=node-beta ACC=0.9627 PREC=0.9858 REC=0.9388 F1=0.9617 AUC=0.9920 TRAIN_TIME_S=64.114 PEAK_MEM_MB=1080.8 GRADXINPUT_MS=0.32 GRADXINPUT_MEM_MB=0.0 SHAP_MS=2844.56 SHAP_MEM_MB=-1.5 LIME_MS=2360.97 LIME_MEM_MB=-16.1 XAI_METHODS=GRAD,SHAP,LIME
MACRO_AVG_LAST10 NODE=node-beta ACC=0.9535 PREC=0.9851 REC=0.9210 F1=0.9519 AUC=0.9842
ROUND=42 NODE=node-beta ACC=0.9293 PREC=0.9848 REC=0.8721 F1=0.9250 AUC=0.9823 TRAIN_TIME_S=66.584 PEAK_MEM_MB=1077.8 GRADXINPUT_MS=0.37 GRADXINPUT_MEM_MB=0.0 SHAP_MS=2837.97 SHAP_MEM_MB=-1.7 LIME_MS=2243.68 LIME_MEM_MB=4.6 XAI_METHODS=GRAD,SHAP,LIME
MACRO_AVG_LAST10 NODE=node-beta ACC=0.9502 PREC=0.9851 REC=0.9143 F1=0.9482 AUC=0.9833
ROUND=43 NODE=node-beta ACC=0.9463 PREC=0.9855 REC=0.9058 F1=0.9440 AUC=0.9820 TRAIN_TIME_S=63.977 PEAK_MEM_MB=1081.0 GRADXINPUT_MS=0.32 GRADXINPUT_MEM_MB=0.0 SHAP_MS=2847.44 SHAP_MEM_MB=-1.4 LIME_MS=2253.63 LIME_MEM_MB=4.8 XAI_METHODS=GRAD,SHAP,LIME
MACRO_AVG_LAST10 NODE=node-beta ACC=0.9493 PREC=0.9853 REC=0.9123 F1=0.9473 AUC=0.9823
ROUND=44 NODE=node-beta ACC=0.9338 PREC=0.9849 REC=0.8811 F1=0.9301 AUC=0.9818 TRAIN_TIME_S=62.710 PEAK_MEM_MB=1081.5 GRADXINPUT_MS=0.43 GRADXINPUT_MEM_MB=0.0 SHAP_MS=2847.25 SHAP_MEM_MB=-1.8 LIME_MS=2214.39 LIME_MEM_MB=-15.2 XAI_METHODS=GRAD,SHAP,LIME
MACRO_AVG_LAST10 NODE=node-beta ACC=0.9479 PREC=0.9852 REC=0.9094 F1=0.9456 AUC=0.9825
ROUND=45 NODE=node-beta ACC=0.9309 PREC=0.9841 REC=0.8761 F1=0.9269 AUC=0.9816 TRAIN_TIME_S=62.582 PEAK_MEM_MB=1078.5 GRADXINPUT_MS=0.32 GRADXINPUT_MEM_MB=0.0 SHAP_MS=2857.43 SHAP_MEM_MB=3.4 LIME_MS=2221.69 LIME_MEM_MB=4.8 XAI_METHODS=GRAD,SHAP,LIME
MACRO_AVG_LAST10 NODE=node-beta ACC=0.9461 PREC=0.9851 REC=0.9059 F1=0.9437 AUC=0.9829
ROUND=46 NODE=node-beta ACC=0.9582 PREC=0.9855 REC=0.9301 F1=0.9570 AUC=0.9819 TRAIN_TIME_S=63.979 PEAK_MEM_MB=1069.8 GRADXINPUT_MS=0.32 GRADXINPUT_MEM_MB=0.0 SHAP_MS=2825.19 SHAP_MEM_MB=-1.5 LIME_MS=2172.32 LIME_MEM_MB=4.5 XAI_METHODS=GRAD,SHAP,LIME
MACRO_AVG_LAST10 NODE=node-beta ACC=0.9462 PREC=0.9851 REC=0.9061 F1=0.9438 AUC=0.9828
ROUND=47 NODE=node-beta ACC=0.9593 PREC=0.9837 REC=0.9342 F1=0.9583 AUC=0.9817 TRAIN_TIME_S=64.639 PEAK_MEM_MB=1069.7 GRADXINPUT_MS=0.43 GRADXINPUT_MEM_MB=0.0 SHAP_MS=2831.98 SHAP_MEM_MB=2.8 LIME_MS=2187.86 LIME_MEM_MB=-19.1 XAI_METHODS=GRAD,SHAP,LIME
MACRO_AVG_LAST10 NODE=node-beta ACC=0.9488 PREC=0.9850 REC=0.9116 F1=0.9467 AUC=0.9829
ROUND=48 NODE=node-beta ACC=0.9293 PREC=0.9848 REC=0.8720 F1=0.9250 AUC=0.9775 TRAIN_TIME_S=64.750 PEAK_MEM_MB=1079.5 GRADXINPUT_MS=0.32 GRADXINPUT_MEM_MB=0.0 SHAP_MS=2839.59 SHAP_MEM_MB=7.7 LIME_MS=2173.73 LIME_MEM_MB=1.2 XAI_METHODS=GRAD,SHAP,LIME
MACRO_AVG_LAST10 NODE=node-beta ACC=0.9456 PREC=0.9850 REC=0.9049 F1=0.9431 AUC=0.9825
ROUND=49 NODE=node-beta ACC=0.9452 PREC=0.9849 REC=0.9044 F1=0.9429 AUC=0.9795 TRAIN_TIME_S=62.499 PEAK_MEM_MB=1082.1 GRADXINPUT_MS=0.32 GRADXINPUT_MEM_MB=0.0 SHAP_MS=2823.27 SHAP_MEM_MB=2.8 LIME_MS=2174.84 LIME_MEM_MB=0.6 XAI_METHODS=GRAD,SHAP,LIME
MACRO_AVG_LAST10 NODE=node-beta ACC=0.9455 PREC=0.9849 REC=0.9049 F1=0.9430 AUC=0.9823
ROUND=50 NODE=node-beta ACC=0.9413 PREC=0.9843 REC=0.8968 F1=0.9385 AUC=0.9791 TRAIN_TIME_S=64.788 PEAK_MEM_MB=1081.7 GRADXINPUT_MS=0.32 GRADXINPUT_MEM_MB=0.0 SHAP_MS=2833.40 SHAP_MEM_MB=-11.4 LIME_MS=2166.08 LIME_MEM_MB=6.1 XAI_METHODS=GRAD,SHAP,LIME
MACRO_AVG_LAST10 NODE=node-beta ACC=0.9436 PREC=0.9848 REC=0.9011 F1=0.9409 AUC=0.9819
