# Metrics log for client node-orin - Run started at 2025-09-09 12:16:01.582349
# XAI_ENABLED=True DEVICE_TYPE=JetsonOrinNano
# XAI Methods: GRADXINPUT=True SHAP=True LIME=True
# Format: ROUND=X NODE=Y ACC=Z ... [GRADXINPUT_MS=A GRADXINPUT_MEM_MB=B] [SHAP_MS=C SHAP_MEM_MB=D] [LIME_MS=E LIME_MEM_MB=F] XAI_METHODS=G,H,I
ROUND=1 NODE=node-orin ACC=0.9664 PREC=0.9533 REC=0.9808 F1=0.9669 AUC=0.9952 TRAIN_TIME_S=50.350 PEAK_MEM_MB=870.7 GRADXINPUT_MS=0.22 GRADXINPUT_MEM_MB=0.0 SHAP_MS=1411.80 SHAP_MEM_MB=8.5 LIME_MS=1100.69 LIME_MEM_MB=0.4 XAI_METHODS=GRAD,SHAP,LIME
ROUND=2 NODE=node-orin ACC=0.9658 PREC=0.9486 REC=0.9850 F1=0.9664 AUC=0.9955 TRAIN_TIME_S=50.633 PEAK_MEM_MB=959.0 GRADXINPUT_MS=0.21 GRADXINPUT_MEM_MB=0.0 SHAP_MS=1407.01 SHAP_MEM_MB=10.8 LIME_MS=1102.71 LIME_MEM_MB=0.0 XAI_METHODS=GRAD,SHAP,LIME
ROUND=3 NODE=node-orin ACC=0.9430 PREC=0.9555 REC=0.9293 F1=0.9422 AUC=0.9936 TRAIN_TIME_S=47.612 PEAK_MEM_MB=973.1 GRADXINPUT_MS=0.21 GRADXINPUT_MEM_MB=0.0 SHAP_MS=1414.91 SHAP_MEM_MB=-9.2 LIME_MS=1104.06 LIME_MEM_MB=10.9 XAI_METHODS=GRAD,SHAP,LIME
ROUND=4 NODE=node-orin ACC=0.9344 PREC=0.9577 REC=0.9090 F1=0.9327 AUC=0.9932 TRAIN_TIME_S=47.446 PEAK_MEM_MB=973.1 GRADXINPUT_MS=0.21 GRADXINPUT_MEM_MB=0.0 SHAP_MS=1416.72 SHAP_MEM_MB=8.9 LIME_MS=1124.03 LIME_MEM_MB=2.6 XAI_METHODS=GRAD,SHAP,LIME
ROUND=5 NODE=node-orin ACC=0.9327 PREC=0.9590 REC=0.9041 F1=0.9307 AUC=0.9928 TRAIN_TIME_S=46.924 PEAK_MEM_MB=1034.4 GRADXINPUT_MS=0.22 GRADXINPUT_MEM_MB=0.0 SHAP_MS=1437.96 SHAP_MEM_MB=8.7 LIME_MS=1107.47 LIME_MEM_MB=2.3 XAI_METHODS=GRAD,SHAP,LIME
ROUND=6 NODE=node-orin ACC=0.9190 PREC=0.9564 REC=0.8780 F1=0.9155 AUC=0.9916 TRAIN_TIME_S=46.942 PEAK_MEM_MB=982.3 GRADXINPUT_MS=0.22 GRADXINPUT_MEM_MB=0.3 SHAP_MS=1406.37 SHAP_MEM_MB=12.0 LIME_MS=1104.66 LIME_MEM_MB=0.4 XAI_METHODS=GRAD,SHAP,LIME
ROUND=7 NODE=node-orin ACC=0.9296 PREC=0.9576 REC=0.8990 F1=0.9274 AUC=0.9923 TRAIN_TIME_S=47.360 PEAK_MEM_MB=985.4 GRADXINPUT_MS=0.22 GRADXINPUT_MEM_MB=0.0 SHAP_MS=1410.17 SHAP_MEM_MB=2.9 LIME_MS=1105.88 LIME_MEM_MB=0.2 XAI_METHODS=GRAD,SHAP,LIME
ROUND=8 NODE=node-orin ACC=0.9240 PREC=0.9591 REC=0.8858 F1=0.9210 AUC=0.9918 TRAIN_TIME_S=46.739 PEAK_MEM_MB=982.8 GRADXINPUT_MS=0.21 GRADXINPUT_MEM_MB=0.0 SHAP_MS=1427.68 SHAP_MEM_MB=-2.5 LIME_MS=1101.79 LIME_MEM_MB=0.2 XAI_METHODS=GRAD,SHAP,LIME
ROUND=9 NODE=node-orin ACC=0.9251 PREC=0.9608 REC=0.8864 F1=0.9221 AUC=0.9921 TRAIN_TIME_S=47.137 PEAK_MEM_MB=987.8 GRADXINPUT_MS=0.22 GRADXINPUT_MEM_MB=0.0 SHAP_MS=1413.00 SHAP_MEM_MB=9.6 LIME_MS=1102.61 LIME_MEM_MB=3.2 XAI_METHODS=GRAD,SHAP,LIME
ROUND=10 NODE=node-orin ACC=0.9218 PREC=0.9601 REC=0.8801 F1=0.9183 AUC=0.9919 TRAIN_TIME_S=47.860 PEAK_MEM_MB=1048.0 GRADXINPUT_MS=0.22 GRADXINPUT_MEM_MB=0.0 SHAP_MS=1419.85 SHAP_MEM_MB=-11.5 LIME_MS=1113.12 LIME_MEM_MB=6.9 XAI_METHODS=GRAD,SHAP,LIME
MACRO_AVG_LAST10 NODE=node-orin ACC=0.9362 PREC=0.9568 REC=0.9137 F1=0.9343 AUC=0.9930
ROUND=11 NODE=node-orin ACC=0.9230 PREC=0.9606 REC=0.8823 F1=0.9198 AUC=0.9918 TRAIN_TIME_S=47.497 PEAK_MEM_MB=986.2 GRADXINPUT_MS=0.22 GRADXINPUT_MEM_MB=0.0 SHAP_MS=1405.93 SHAP_MEM_MB=-12.1 LIME_MS=1103.97 LIME_MEM_MB=6.8 XAI_METHODS=GRAD,SHAP,LIME
MACRO_AVG_LAST10 NODE=node-orin ACC=0.9318 PREC=0.9575 REC=0.9039 F1=0.9296 AUC=0.9927
ROUND=12 NODE=node-orin ACC=0.9248 PREC=0.9607 REC=0.8859 F1=0.9218 AUC=0.9920 TRAIN_TIME_S=46.604 PEAK_MEM_MB=987.4 GRADXINPUT_MS=0.22 GRADXINPUT_MEM_MB=0.0 SHAP_MS=1435.56 SHAP_MEM_MB=-9.3 LIME_MS=1099.36 LIME_MEM_MB=4.9 XAI_METHODS=GRAD,SHAP,LIME
MACRO_AVG_LAST10 NODE=node-orin ACC=0.9278 PREC=0.9587 REC=0.8940 F1=0.9252 AUC=0.9923
ROUND=13 NODE=node-orin ACC=0.9219 PREC=0.9606 REC=0.8800 F1=0.9185 AUC=0.9917 TRAIN_TIME_S=46.926 PEAK_MEM_MB=986.8 GRADXINPUT_MS=0.22 GRADXINPUT_MEM_MB=0.0 SHAP_MS=1449.42 SHAP_MEM_MB=-10.4 LIME_MS=1140.72 LIME_MEM_MB=4.8 XAI_METHODS=GRAD,SHAP,LIME
MACRO_AVG_LAST10 NODE=node-orin ACC=0.9256 PREC=0.9593 REC=0.8891 F1=0.9228 AUC=0.9921
ROUND=14 NODE=node-orin ACC=0.9281 PREC=0.9617 REC=0.8918 F1=0.9254 AUC=0.9924 TRAIN_TIME_S=47.497 PEAK_MEM_MB=989.2 GRADXINPUT_MS=0.22 GRADXINPUT_MEM_MB=0.0 SHAP_MS=1435.07 SHAP_MEM_MB=-5.9 LIME_MS=1093.73 LIME_MEM_MB=4.7 XAI_METHODS=GRAD,SHAP,LIME
MACRO_AVG_LAST10 NODE=node-orin ACC=0.9250 PREC=0.9597 REC=0.8873 F1=0.9221 AUC=0.9921
ROUND=15 NODE=node-orin ACC=0.9306 PREC=0.9620 REC=0.8967 F1=0.9282 AUC=0.9928 TRAIN_TIME_S=46.885 PEAK_MEM_MB=978.9 GRADXINPUT_MS=0.22 GRADXINPUT_MEM_MB=0.0 SHAP_MS=1411.93 SHAP_MEM_MB=-5.0 LIME_MS=1093.07 LIME_MEM_MB=5.3 XAI_METHODS=GRAD,SHAP,LIME
MACRO_AVG_LAST10 NODE=node-orin ACC=0.9248 PREC=0.9600 REC=0.8866 F1=0.9218 AUC=0.9920
ROUND=16 NODE=node-orin ACC=0.9226 PREC=0.9630 REC=0.8790 F1=0.9191 AUC=0.9926 TRAIN_TIME_S=46.825 PEAK_MEM_MB=992.8 GRADXINPUT_MS=0.21 GRADXINPUT_MEM_MB=0.0 SHAP_MS=1394.07 SHAP_MEM_MB=5.5 LIME_MS=1084.15 LIME_MEM_MB=5.7 XAI_METHODS=GRAD,SHAP,LIME
MACRO_AVG_LAST10 NODE=node-orin ACC=0.9252 PREC=0.9606 REC=0.8867 F1=0.9222 AUC=0.9921
ROUND=17 NODE=node-orin ACC=0.9347 PREC=0.9610 REC=0.9062 F1=0.9328 AUC=0.9934 TRAIN_TIME_S=47.144 PEAK_MEM_MB=1049.2 GRADXINPUT_MS=0.22 GRADXINPUT_MEM_MB=0.0 SHAP_MS=1433.05 SHAP_MEM_MB=5.4 LIME_MS=1100.30 LIME_MEM_MB=-15.6 XAI_METHODS=GRAD,SHAP,LIME
MACRO_AVG_LAST10 NODE=node-orin ACC=0.9257 PREC=0.9610 REC=0.8874 F1=0.9227 AUC=0.9923
ROUND=18 NODE=node-orin ACC=0.9246 PREC=0.9625 REC=0.8836 F1=0.9214 AUC=0.9926 TRAIN_TIME_S=46.507 PEAK_MEM_MB=991.4 GRADXINPUT_MS=0.21 GRADXINPUT_MEM_MB=0.0 SHAP_MS=1402.66 SHAP_MEM_MB=2.1 LIME_MS=1098.72 LIME_MEM_MB=9.4 XAI_METHODS=GRAD,SHAP,LIME
MACRO_AVG_LAST10 NODE=node-orin ACC=0.9257 PREC=0.9613 REC=0.8872 F1=0.9227 AUC=0.9923
ROUND=19 NODE=node-orin ACC=0.9298 PREC=0.9619 REC=0.8951 F1=0.9273 AUC=0.9935 TRAIN_TIME_S=46.496 PEAK_MEM_MB=1001.7 GRADXINPUT_MS=0.21 GRADXINPUT_MEM_MB=0.0 SHAP_MS=1400.65 SHAP_MEM_MB=4.7 LIME_MS=1091.15 LIME_MEM_MB=5.3 XAI_METHODS=GRAD,SHAP,LIME
MACRO_AVG_LAST10 NODE=node-orin ACC=0.9262 PREC=0.9614 REC=0.8881 F1=0.9233 AUC=0.9925
ROUND=20 NODE=node-orin ACC=0.9348 PREC=0.9609 REC=0.9066 F1=0.9330 AUC=0.9934 TRAIN_TIME_S=46.493 PEAK_MEM_MB=1068.1 GRADXINPUT_MS=0.21 GRADXINPUT_MEM_MB=0.0 SHAP_MS=1389.29 SHAP_MEM_MB=9.0 LIME_MS=1087.99 LIME_MEM_MB=12.5 XAI_METHODS=GRAD,SHAP,LIME
MACRO_AVG_LAST10 NODE=node-orin ACC=0.9275 PREC=0.9615 REC=0.8907 F1=0.9247 AUC=0.9926
ROUND=21 NODE=node-orin ACC=0.9405 PREC=0.9595 REC=0.9198 F1=0.9392 AUC=0.9936 TRAIN_TIME_S=45.748 PEAK_MEM_MB=1000.7 GRADXINPUT_MS=0.21 GRADXINPUT_MEM_MB=0.0 SHAP_MS=1394.73 SHAP_MEM_MB=3.0 LIME_MS=1085.15 LIME_MEM_MB=7.5 XAI_METHODS=GRAD,SHAP,LIME
MACRO_AVG_LAST10 NODE=node-orin ACC=0.9293 PREC=0.9614 REC=0.8945 F1=0.9267 AUC=0.9928
ROUND=22 NODE=node-orin ACC=0.9302 PREC=0.9603 REC=0.8975 F1=0.9278 AUC=0.9935 TRAIN_TIME_S=49.987 PEAK_MEM_MB=1065.2 GRADXINPUT_MS=0.21 GRADXINPUT_MEM_MB=0.0 SHAP_MS=1397.33 SHAP_MEM_MB=6.2 LIME_MS=1083.53 LIME_MEM_MB=4.2 XAI_METHODS=GRAD,SHAP,LIME
MACRO_AVG_LAST10 NODE=node-orin ACC=0.9298 PREC=0.9613 REC=0.8956 F1=0.9273 AUC=0.9930
ROUND=23 NODE=node-orin ACC=0.9277 PREC=0.9634 REC=0.8893 F1=0.9249 AUC=0.9935 TRAIN_TIME_S=46.051 PEAK_MEM_MB=1067.0 GRADXINPUT_MS=0.21 GRADXINPUT_MEM_MB=0.0 SHAP_MS=1397.83 SHAP_MEM_MB=0.4 LIME_MS=1089.07 LIME_MEM_MB=5.7 XAI_METHODS=GRAD,SHAP,LIME
MACRO_AVG_LAST10 NODE=node-orin ACC=0.9304 PREC=0.9616 REC=0.8966 F1=0.9279 AUC=0.9931
ROUND=24 NODE=node-orin ACC=0.9330 PREC=0.9609 REC=0.9028 F1=0.9310 AUC=0.9937 TRAIN_TIME_S=46.753 PEAK_MEM_MB=1067.2 GRADXINPUT_MS=0.21 GRADXINPUT_MEM_MB=0.0 SHAP_MS=1384.42 SHAP_MEM_MB=12.5 LIME_MS=1122.51 LIME_MEM_MB=1.3 XAI_METHODS=GRAD,SHAP,LIME
MACRO_AVG_LAST10 NODE=node-orin ACC=0.9309 PREC=0.9615 REC=0.8977 F1=0.9285 AUC=0.9933
ROUND=25 NODE=node-orin ACC=0.9274 PREC=0.9612 REC=0.8908 F1=0.9246 AUC=0.9930 TRAIN_TIME_S=46.028 PEAK_MEM_MB=1069.0 GRADXINPUT_MS=0.21 GRADXINPUT_MEM_MB=0.0 SHAP_MS=1384.46 SHAP_MEM_MB=3.2 LIME_MS=1081.70 LIME_MEM_MB=0.8 XAI_METHODS=GRAD,SHAP,LIME
MACRO_AVG_LAST10 NODE=node-orin ACC=0.9305 PREC=0.9615 REC=0.8971 F1=0.9281 AUC=0.9933
ROUND=26 NODE=node-orin ACC=0.9276 PREC=0.9622 REC=0.8902 F1=0.9248 AUC=0.9929 TRAIN_TIME_S=46.479 PEAK_MEM_MB=1014.8 GRADXINPUT_MS=0.21 GRADXINPUT_MEM_MB=0.0 SHAP_MS=1399.58 SHAP_MEM_MB=1.5 LIME_MS=1083.72 LIME_MEM_MB=3.7 XAI_METHODS=GRAD,SHAP,LIME
MACRO_AVG_LAST10 NODE=node-orin ACC=0.9310 PREC=0.9614 REC=0.8982 F1=0.9287 AUC=0.9933
ROUND=27 NODE=node-orin ACC=0.9262 PREC=0.9622 REC=0.8873 F1=0.9232 AUC=0.9934 TRAIN_TIME_S=46.552 PEAK_MEM_MB=1066.3 GRADXINPUT_MS=0.21 GRADXINPUT_MEM_MB=0.0 SHAP_MS=1382.97 SHAP_MEM_MB=13.4 LIME_MS=1089.57 LIME_MEM_MB=0.6 XAI_METHODS=GRAD,SHAP,LIME
MACRO_AVG_LAST10 NODE=node-orin ACC=0.9302 PREC=0.9615 REC=0.8963 F1=0.9277 AUC=0.9933
ROUND=28 NODE=node-orin ACC=0.9302 PREC=0.9626 REC=0.8953 F1=0.9277 AUC=0.9938 TRAIN_TIME_S=46.336 PEAK_MEM_MB=1051.6 GRADXINPUT_MS=0.21 GRADXINPUT_MEM_MB=0.0 SHAP_MS=1394.93 SHAP_MEM_MB=4.0 LIME_MS=1107.29 LIME_MEM_MB=0.2 XAI_METHODS=GRAD,SHAP,LIME
MACRO_AVG_LAST10 NODE=node-orin ACC=0.9308 PREC=0.9615 REC=0.8975 F1=0.9284 AUC=0.9934
ROUND=29 NODE=node-orin ACC=0.9255 PREC=0.9618 REC=0.8863 F1=0.9225 AUC=0.9936 TRAIN_TIME_S=46.426 PEAK_MEM_MB=1059.6 GRADXINPUT_MS=0.21 GRADXINPUT_MEM_MB=0.0 SHAP_MS=1398.73 SHAP_MEM_MB=0.6 LIME_MS=1121.85 LIME_MEM_MB=4.8 XAI_METHODS=GRAD,SHAP,LIME
MACRO_AVG_LAST10 NODE=node-orin ACC=0.9303 PREC=0.9615 REC=0.8966 F1=0.9279 AUC=0.9934
ROUND=30 NODE=node-orin ACC=0.9193 PREC=0.9628 REC=0.8723 F1=0.9153 AUC=0.9926 TRAIN_TIME_S=46.275 PEAK_MEM_MB=1069.5 GRADXINPUT_MS=0.21 GRADXINPUT_MEM_MB=0.0 SHAP_MS=1406.98 SHAP_MEM_MB=5.1 LIME_MS=1081.98 LIME_MEM_MB=0.2 XAI_METHODS=GRAD,SHAP,LIME
MACRO_AVG_LAST10 NODE=node-orin ACC=0.9288 PREC=0.9617 REC=0.8932 F1=0.9261 AUC=0.9934
ROUND=31 NODE=node-orin ACC=0.9216 PREC=0.9625 REC=0.8774 F1=0.9180 AUC=0.9929 TRAIN_TIME_S=46.304 PEAK_MEM_MB=1070.8 GRADXINPUT_MS=0.21 GRADXINPUT_MEM_MB=0.0 SHAP_MS=1379.70 SHAP_MEM_MB=4.7 LIME_MS=1097.07 LIME_MEM_MB=-16.2 XAI_METHODS=GRAD,SHAP,LIME
MACRO_AVG_LAST10 NODE=node-orin ACC=0.9269 PREC=0.9620 REC=0.8889 F1=0.9240 AUC=0.9933
ROUND=32 NODE=node-orin ACC=0.9255 PREC=0.9607 REC=0.8873 F1=0.9225 AUC=0.9928 TRAIN_TIME_S=45.976 PEAK_MEM_MB=1069.3 GRADXINPUT_MS=0.21 GRADXINPUT_MEM_MB=0.0 SHAP_MS=1401.49 SHAP_MEM_MB=0.7 LIME_MS=1094.19 LIME_MEM_MB=5.0 XAI_METHODS=GRAD,SHAP,LIME
MACRO_AVG_LAST10 NODE=node-orin ACC=0.9264 PREC=0.9620 REC=0.8879 F1=0.9235 AUC=0.9932
ROUND=33 NODE=node-orin ACC=0.9184 PREC=0.9635 REC=0.8699 F1=0.9143 AUC=0.9933 TRAIN_TIME_S=45.689 PEAK_MEM_MB=1070.1 GRADXINPUT_MS=0.21 GRADXINPUT_MEM_MB=0.0 SHAP_MS=1390.98 SHAP_MEM_MB=6.3 LIME_MS=1087.58 LIME_MEM_MB=0.0 XAI_METHODS=GRAD,SHAP,LIME
MACRO_AVG_LAST10 NODE=node-orin ACC=0.9255 PREC=0.9620 REC=0.8860 F1=0.9224 AUC=0.9932
ROUND=34 NODE=node-orin ACC=0.9209 PREC=0.9604 REC=0.8781 F1=0.9174 AUC=0.9930 TRAIN_TIME_S=45.984 PEAK_MEM_MB=1071.2 GRADXINPUT_MS=0.21 GRADXINPUT_MEM_MB=0.0 SHAP_MS=1394.92 SHAP_MEM_MB=-9.0 LIME_MS=1085.24 LIME_MEM_MB=9.7 XAI_METHODS=GRAD,SHAP,LIME
MACRO_AVG_LAST10 NODE=node-orin ACC=0.9243 PREC=0.9620 REC=0.8835 F1=0.9210 AUC=0.9931
ROUND=35 NODE=node-orin ACC=0.9191 PREC=0.9581 REC=0.8766 F1=0.9156 AUC=0.9925 TRAIN_TIME_S=46.087 PEAK_MEM_MB=1070.6 GRADXINPUT_MS=0.21 GRADXINPUT_MEM_MB=0.0 SHAP_MS=1392.37 SHAP_MEM_MB=0.8 LIME_MS=1091.52 LIME_MEM_MB=4.5 XAI_METHODS=GRAD,SHAP,LIME
MACRO_AVG_LAST10 NODE=node-orin ACC=0.9235 PREC=0.9617 REC=0.8821 F1=0.9201 AUC=0.9931
ROUND=36 NODE=node-orin ACC=0.9299 PREC=0.9630 REC=0.8943 F1=0.9274 AUC=0.9941 TRAIN_TIME_S=46.117 PEAK_MEM_MB=1071.1 GRADXINPUT_MS=0.40 GRADXINPUT_MEM_MB=0.0 SHAP_MS=1375.13 SHAP_MEM_MB=5.9 LIME_MS=1077.78 LIME_MEM_MB=0.0 XAI_METHODS=GRAD,SHAP,LIME
MACRO_AVG_LAST10 NODE=node-orin ACC=0.9237 PREC=0.9617 REC=0.8825 F1=0.9204 AUC=0.9932
ROUND=37 NODE=node-orin ACC=0.9280 PREC=0.9633 REC=0.8898 F1=0.9251 AUC=0.9939 TRAIN_TIME_S=46.666 PEAK_MEM_MB=1072.7 GRADXINPUT_MS=0.21 GRADXINPUT_MEM_MB=0.0 SHAP_MS=1403.77 SHAP_MEM_MB=14.6 LIME_MS=1083.39 LIME_MEM_MB=5.1 XAI_METHODS=GRAD,SHAP,LIME
MACRO_AVG_LAST10 NODE=node-orin ACC=0.9239 PREC=0.9619 REC=0.8827 F1=0.9206 AUC=0.9932
ROUND=38 NODE=node-orin ACC=0.9230 PREC=0.9621 REC=0.8807 F1=0.9196 AUC=0.9936 TRAIN_TIME_S=46.851 PEAK_MEM_MB=1072.6 GRADXINPUT_MS=0.21 GRADXINPUT_MEM_MB=0.0 SHAP_MS=1380.71 SHAP_MEM_MB=1.5 LIME_MS=1094.98 LIME_MEM_MB=4.8 XAI_METHODS=GRAD,SHAP,LIME
MACRO_AVG_LAST10 NODE=node-orin ACC=0.9231 PREC=0.9618 REC=0.8813 F1=0.9198 AUC=0.9932
ROUND=39 NODE=node-orin ACC=0.9294 PREC=0.9642 REC=0.8920 F1=0.9267 AUC=0.9941 TRAIN_TIME_S=46.281 PEAK_MEM_MB=1073.8 GRADXINPUT_MS=0.21 GRADXINPUT_MEM_MB=0.0 SHAP_MS=1379.13 SHAP_MEM_MB=5.6 LIME_MS=1081.77 LIME_MEM_MB=0.2 XAI_METHODS=GRAD,SHAP,LIME
MACRO_AVG_LAST10 NODE=node-orin ACC=0.9235 PREC=0.9621 REC=0.8818 F1=0.9202 AUC=0.9933
ROUND=40 NODE=node-orin ACC=0.9354 PREC=0.9690 REC=0.8996 F1=0.9330 AUC=0.9944 TRAIN_TIME_S=46.127 PEAK_MEM_MB=1074.0 GRADXINPUT_MS=0.21 GRADXINPUT_MEM_MB=0.0 SHAP_MS=1396.51 SHAP_MEM_MB=2.4 LIME_MS=1080.69 LIME_MEM_MB=9.5 XAI_METHODS=GRAD,SHAP,LIME
MACRO_AVG_LAST10 NODE=node-orin ACC=0.9251 PREC=0.9627 REC=0.8846 F1=0.9220 AUC=0.9935
ROUND=41 NODE=node-orin ACC=0.9301 PREC=0.9803 REC=0.8779 F1=0.9263 AUC=0.9937 TRAIN_TIME_S=46.316 PEAK_MEM_MB=1056.0 GRADXINPUT_MS=0.21 GRADXINPUT_MEM_MB=0.0 SHAP_MS=1394.82 SHAP_MEM_MB=6.3 LIME_MS=1076.39 LIME_MEM_MB=0.4 XAI_METHODS=GRAD,SHAP,LIME
MACRO_AVG_LAST10 NODE=node-orin ACC=0.9260 PREC=0.9645 REC=0.8846 F1=0.9228 AUC=0.9935
ROUND=42 NODE=node-orin ACC=0.9362 PREC=0.9817 REC=0.8890 F1=0.9330 AUC=0.9944 TRAIN_TIME_S=45.773 PEAK_MEM_MB=1075.5 GRADXINPUT_MS=0.21 GRADXINPUT_MEM_MB=0.0 SHAP_MS=1397.83 SHAP_MEM_MB=6.1 LIME_MS=1092.88 LIME_MEM_MB=0.4 XAI_METHODS=GRAD,SHAP,LIME
MACRO_AVG_LAST10 NODE=node-orin ACC=0.9271 PREC=0.9666 REC=0.8848 F1=0.9238 AUC=0.9937
ROUND=43 NODE=node-orin ACC=0.9386 PREC=0.9860 REC=0.8898 F1=0.9354 AUC=0.9946 TRAIN_TIME_S=46.488 PEAK_MEM_MB=1066.2 GRADXINPUT_MS=0.21 GRADXINPUT_MEM_MB=0.0 SHAP_MS=1392.98 SHAP_MEM_MB=7.8 LIME_MS=1077.06 LIME_MEM_MB=5.1 XAI_METHODS=GRAD,SHAP,LIME
MACRO_AVG_LAST10 NODE=node-orin ACC=0.9291 PREC=0.9688 REC=0.8868 F1=0.9260 AUC=0.9938
ROUND=44 NODE=node-orin ACC=0.9355 PREC=0.9803 REC=0.8888 F1=0.9323 AUC=0.9941 TRAIN_TIME_S=46.079 PEAK_MEM_MB=1056.8 GRADXINPUT_MS=0.21 GRADXINPUT_MEM_MB=0.0 SHAP_MS=1406.14 SHAP_MEM_MB=8.2 LIME_MS=1095.17 LIME_MEM_MB=0.2 XAI_METHODS=GRAD,SHAP,LIME
MACRO_AVG_LAST10 NODE=node-orin ACC=0.9305 PREC=0.9708 REC=0.8879 F1=0.9274 AUC=0.9939
ROUND=45 NODE=node-orin ACC=0.9233 PREC=0.9660 REC=0.8774 F1=0.9196 AUC=0.9937 TRAIN_TIME_S=46.181 PEAK_MEM_MB=1075.6 GRADXINPUT_MS=0.21 GRADXINPUT_MEM_MB=0.0 SHAP_MS=1413.62 SHAP_MEM_MB=12.4 LIME_MS=1095.53 LIME_MEM_MB=-20.4 XAI_METHODS=GRAD,SHAP,LIME
MACRO_AVG_LAST10 NODE=node-orin ACC=0.9309 PREC=0.9716 REC=0.8879 F1=0.9278 AUC=0.9941
ROUND=46 NODE=node-orin ACC=0.9259 PREC=0.9619 REC=0.8869 F1=0.9229 AUC=0.9935 TRAIN_TIME_S=46.231 PEAK_MEM_MB=1054.9 GRADXINPUT_MS=0.40 GRADXINPUT_MEM_MB=0.0 SHAP_MS=1386.09 SHAP_MEM_MB=7.4 LIME_MS=1090.39 LIME_MEM_MB=5.6 XAI_METHODS=GRAD,SHAP,LIME
MACRO_AVG_LAST10 NODE=node-orin ACC=0.9305 PREC=0.9715 REC=0.8872 F1=0.9274 AUC=0.9940
ROUND=47 NODE=node-orin ACC=0.9196 PREC=0.9621 REC=0.8736 F1=0.9157 AUC=0.9923 TRAIN_TIME_S=46.042 PEAK_MEM_MB=1055.6 GRADXINPUT_MS=0.21 GRADXINPUT_MEM_MB=0.0 SHAP_MS=1400.41 SHAP_MEM_MB=12.6 LIME_MS=1080.22 LIME_MEM_MB=0.2 XAI_METHODS=GRAD,SHAP,LIME
MACRO_AVG_LAST10 NODE=node-orin ACC=0.9297 PREC=0.9714 REC=0.8856 F1=0.9265 AUC=0.9939
ROUND=48 NODE=node-orin ACC=0.9225 PREC=0.9630 REC=0.8788 F1=0.9190 AUC=0.9922 TRAIN_TIME_S=46.467 PEAK_MEM_MB=1057.3 GRADXINPUT_MS=0.21 GRADXINPUT_MEM_MB=0.0 SHAP_MS=1392.37 SHAP_MEM_MB=-7.8 LIME_MS=1097.38 LIME_MEM_MB=10.7 XAI_METHODS=GRAD,SHAP,LIME
MACRO_AVG_LAST10 NODE=node-orin ACC=0.9297 PREC=0.9714 REC=0.8854 F1=0.9264 AUC=0.9937
ROUND=49 NODE=node-orin ACC=0.9153 PREC=0.9628 REC=0.8639 F1=0.9107 AUC=0.9907 TRAIN_TIME_S=46.470 PEAK_MEM_MB=1073.3 GRADXINPUT_MS=0.21 GRADXINPUT_MEM_MB=0.0 SHAP_MS=1384.30 SHAP_MEM_MB=7.2 LIME_MS=1085.07 LIME_MEM_MB=5.6 XAI_METHODS=GRAD,SHAP,LIME
MACRO_AVG_LAST10 NODE=node-orin ACC=0.9282 PREC=0.9713 REC=0.8826 F1=0.9248 AUC=0.9934
ROUND=50 NODE=node-orin ACC=0.9347 PREC=0.9628 REC=0.9043 F1=0.9327 AUC=0.9945 TRAIN_TIME_S=45.969 PEAK_MEM_MB=1055.5 GRADXINPUT_MS=0.21 GRADXINPUT_MEM_MB=0.0 SHAP_MS=1407.75 SHAP_MEM_MB=12.5 LIME_MS=1147.28 LIME_MEM_MB=0.1 XAI_METHODS=GRAD,SHAP,LIME
MACRO_AVG_LAST10 NODE=node-orin ACC=0.9282 PREC=0.9707 REC=0.8830 F1=0.9248 AUC=0.9934
