# Metrics log for client node-alpha - Run started at 2025-09-09 12:15:51.322134
# XAI_ENABLED=True DEVICE_TYPE=RaspberryPi-4B
# XAI Methods: GRADXINPUT=True SHAP=True LIME=True
# Format: ROUND=X NODE=Y ACC=Z ... [GRADXINPUT_MS=A GRADXINPUT_MEM_MB=B] [SHAP_MS=C SHAP_MEM_MB=D] [LIME_MS=E LIME_MEM_MB=F] XAI_METHODS=G,H,I
ROUND=1 NODE=node-alpha ACC=0.9710 PREC=0.9569 REC=0.9864 F1=0.9714 AUC=0.9947 TRAIN_TIME_S=66.079 PEAK_MEM_MB=932.3 GRADXINPUT_MS=0.31 GRADXINPUT_MEM_MB=0.0 SHAP_MS=2557.91 SHAP_MEM_MB=14.5 LIME_MS=2009.52 LIME_MEM_MB=0.2 XAI_METHODS=GRAD,SHAP,LIME
ROUND=2 NODE=node-alpha ACC=0.9603 PREC=0.9684 REC=0.9518 F1=0.9600 AUC=0.9950 TRAIN_TIME_S=61.396 PEAK_MEM_MB=1020.3 GRADXINPUT_MS=0.30 GRADXINPUT_MEM_MB=0.0 SHAP_MS=2561.96 SHAP_MEM_MB=-0.5 LIME_MS=2015.18 LIME_MEM_MB=-0.1 XAI_METHODS=GRAD,SHAP,LIME
ROUND=3 NODE=node-alpha ACC=0.9433 PREC=0.9719 REC=0.9130 F1=0.9415 AUC=0.9953 TRAIN_TIME_S=60.775 PEAK_MEM_MB=1026.0 GRADXINPUT_MS=0.30 GRADXINPUT_MEM_MB=0.0 SHAP_MS=2585.39 SHAP_MEM_MB=-9.7 LIME_MS=2043.48 LIME_MEM_MB=5.0 XAI_METHODS=GRAD,SHAP,LIME
ROUND=4 NODE=node-alpha ACC=0.9388 PREC=0.9744 REC=0.9013 F1=0.9364 AUC=0.9955 TRAIN_TIME_S=61.605 PEAK_MEM_MB=1097.7 GRADXINPUT_MS=0.30 GRADXINPUT_MEM_MB=0.0 SHAP_MS=2593.39 SHAP_MEM_MB=6.9 LIME_MS=2026.91 LIME_MEM_MB=0.1 XAI_METHODS=GRAD,SHAP,LIME
ROUND=5 NODE=node-alpha ACC=0.9394 PREC=0.9773 REC=0.8997 F1=0.9369 AUC=0.9959 TRAIN_TIME_S=58.798 PEAK_MEM_MB=1095.0 GRADXINPUT_MS=0.30 GRADXINPUT_MEM_MB=0.0 SHAP_MS=2594.86 SHAP_MEM_MB=-1.5 LIME_MS=2040.08 LIME_MEM_MB=-0.0 XAI_METHODS=GRAD,SHAP,LIME
ROUND=6 NODE=node-alpha ACC=0.9301 PREC=0.9780 REC=0.8801 F1=0.9265 AUC=0.9955 TRAIN_TIME_S=61.623 PEAK_MEM_MB=1095.7 GRADXINPUT_MS=0.31 GRADXINPUT_MEM_MB=0.0 SHAP_MS=2595.12 SHAP_MEM_MB=8.7 LIME_MS=2046.77 LIME_MEM_MB=6.9 XAI_METHODS=GRAD,SHAP,LIME
ROUND=7 NODE=node-alpha ACC=0.9446 PREC=0.9753 REC=0.9123 F1=0.9428 AUC=0.9962 TRAIN_TIME_S=61.001 PEAK_MEM_MB=1096.2 GRADXINPUT_MS=0.30 GRADXINPUT_MEM_MB=0.0 SHAP_MS=2595.43 SHAP_MEM_MB=6.9 LIME_MS=2036.01 LIME_MEM_MB=0.5 XAI_METHODS=GRAD,SHAP,LIME
ROUND=8 NODE=node-alpha ACC=0.9398 PREC=0.9792 REC=0.8988 F1=0.9373 AUC=0.9961 TRAIN_TIME_S=59.998 PEAK_MEM_MB=1097.6 GRADXINPUT_MS=0.30 GRADXINPUT_MEM_MB=0.0 SHAP_MS=2594.36 SHAP_MEM_MB=15.8 LIME_MS=2042.06 LIME_MEM_MB=0.8 XAI_METHODS=GRAD,SHAP,LIME
ROUND=9 NODE=node-alpha ACC=0.9402 PREC=0.9772 REC=0.9013 F1=0.9377 AUC=0.9961 TRAIN_TIME_S=58.888 PEAK_MEM_MB=1047.1 GRADXINPUT_MS=0.30 GRADXINPUT_MEM_MB=0.0 SHAP_MS=2602.78 SHAP_MEM_MB=9.9 LIME_MS=2044.15 LIME_MEM_MB=1.6 XAI_METHODS=GRAD,SHAP,LIME
ROUND=10 NODE=node-alpha ACC=0.9375 PREC=0.9814 REC=0.8919 F1=0.9345 AUC=0.9959 TRAIN_TIME_S=58.840 PEAK_MEM_MB=1109.8 GRADXINPUT_MS=0.30 GRADXINPUT_MEM_MB=0.0 SHAP_MS=2598.50 SHAP_MEM_MB=11.3 LIME_MS=2044.95 LIME_MEM_MB=0.6 XAI_METHODS=GRAD,SHAP,LIME
MACRO_AVG_LAST10 NODE=node-alpha ACC=0.9445 PREC=0.9740 REC=0.9137 F1=0.9425 AUC=0.9956
ROUND=11 NODE=node-alpha ACC=0.9373 PREC=0.9765 REC=0.8961 F1=0.9346 AUC=0.9959 TRAIN_TIME_S=60.942 PEAK_MEM_MB=1041.8 GRADXINPUT_MS=0.30 GRADXINPUT_MEM_MB=0.0 SHAP_MS=2599.57 SHAP_MEM_MB=10.5 LIME_MS=2047.28 LIME_MEM_MB=0.8 XAI_METHODS=GRAD,SHAP,LIME
MACRO_AVG_LAST10 NODE=node-alpha ACC=0.9411 PREC=0.9760 REC=0.9046 F1=0.9388 AUC=0.9957
ROUND=12 NODE=node-alpha ACC=0.9406 PREC=0.9756 REC=0.9038 F1=0.9383 AUC=0.9961 TRAIN_TIME_S=58.876 PEAK_MEM_MB=1055.4 GRADXINPUT_MS=0.31 GRADXINPUT_MEM_MB=0.0 SHAP_MS=2602.16 SHAP_MEM_MB=11.2 LIME_MS=2037.96 LIME_MEM_MB=1.5 XAI_METHODS=GRAD,SHAP,LIME
MACRO_AVG_LAST10 NODE=node-alpha ACC=0.9392 PREC=0.9767 REC=0.8998 F1=0.9366 AUC=0.9958
ROUND=13 NODE=node-alpha ACC=0.9395 PREC=0.9771 REC=0.9001 F1=0.9370 AUC=0.9960 TRAIN_TIME_S=61.307 PEAK_MEM_MB=1105.5 GRADXINPUT_MS=0.30 GRADXINPUT_MEM_MB=0.0 SHAP_MS=2604.90 SHAP_MEM_MB=6.6 LIME_MS=2051.09 LIME_MEM_MB=1.1 XAI_METHODS=GRAD,SHAP,LIME
MACRO_AVG_LAST10 NODE=node-alpha ACC=0.9388 PREC=0.9772 REC=0.8985 F1=0.9362 AUC=0.9959
ROUND=14 NODE=node-alpha ACC=0.9466 PREC=0.9751 REC=0.9165 F1=0.9449 AUC=0.9962 TRAIN_TIME_S=58.953 PEAK_MEM_MB=1110.9 GRADXINPUT_MS=0.30 GRADXINPUT_MEM_MB=0.0 SHAP_MS=2610.62 SHAP_MEM_MB=11.2 LIME_MS=2047.81 LIME_MEM_MB=1.0 XAI_METHODS=GRAD,SHAP,LIME
MACRO_AVG_LAST10 NODE=node-alpha ACC=0.9396 PREC=0.9773 REC=0.9001 F1=0.9370 AUC=0.9960
ROUND=15 NODE=node-alpha ACC=0.9496 PREC=0.9753 REC=0.9227 F1=0.9483 AUC=0.9965 TRAIN_TIME_S=59.096 PEAK_MEM_MB=1092.4 GRADXINPUT_MS=0.30 GRADXINPUT_MEM_MB=0.0 SHAP_MS=2597.97 SHAP_MEM_MB=11.0 LIME_MS=2045.75 LIME_MEM_MB=1.4 XAI_METHODS=GRAD,SHAP,LIME
MACRO_AVG_LAST10 NODE=node-alpha ACC=0.9406 PREC=0.9771 REC=0.9024 F1=0.9382 AUC=0.9960
ROUND=16 NODE=node-alpha ACC=0.9435 PREC=0.9813 REC=0.9042 F1=0.9412 AUC=0.9965 TRAIN_TIME_S=59.032 PEAK_MEM_MB=1105.5 GRADXINPUT_MS=0.31 GRADXINPUT_MEM_MB=0.0 SHAP_MS=2611.38 SHAP_MEM_MB=12.0 LIME_MS=2056.41 LIME_MEM_MB=0.9 XAI_METHODS=GRAD,SHAP,LIME
MACRO_AVG_LAST10 NODE=node-alpha ACC=0.9419 PREC=0.9774 REC=0.9048 F1=0.9397 AUC=0.9961
ROUND=17 NODE=node-alpha ACC=0.9596 PREC=0.9764 REC=0.9420 F1=0.9589 AUC=0.9970 TRAIN_TIME_S=58.906 PEAK_MEM_MB=1111.5 GRADXINPUT_MS=0.31 GRADXINPUT_MEM_MB=0.0 SHAP_MS=2607.18 SHAP_MEM_MB=4.7 LIME_MS=2073.78 LIME_MEM_MB=-13.1 XAI_METHODS=GRAD,SHAP,LIME
MACRO_AVG_LAST10 NODE=node-alpha ACC=0.9434 PREC=0.9775 REC=0.9077 F1=0.9413 AUC=0.9962
ROUND=18 NODE=node-alpha ACC=0.9431 PREC=0.9805 REC=0.9043 F1=0.9409 AUC=0.9965 TRAIN_TIME_S=61.012 PEAK_MEM_MB=1103.8 GRADXINPUT_MS=0.31 GRADXINPUT_MEM_MB=0.0 SHAP_MS=2605.23 SHAP_MEM_MB=11.3 LIME_MS=2053.88 LIME_MEM_MB=0.1 XAI_METHODS=GRAD,SHAP,LIME
MACRO_AVG_LAST10 NODE=node-alpha ACC=0.9437 PREC=0.9776 REC=0.9083 F1=0.9416 AUC=0.9963
ROUND=19 NODE=node-alpha ACC=0.9488 PREC=0.9742 REC=0.9221 F1=0.9474 AUC=0.9965 TRAIN_TIME_S=59.011 PEAK_MEM_MB=1098.0 GRADXINPUT_MS=0.31 GRADXINPUT_MEM_MB=0.0 SHAP_MS=2605.65 SHAP_MEM_MB=6.6 LIME_MS=2051.50 LIME_MEM_MB=0.1 XAI_METHODS=GRAD,SHAP,LIME
MACRO_AVG_LAST10 NODE=node-alpha ACC=0.9446 PREC=0.9773 REC=0.9104 F1=0.9426 AUC=0.9963
ROUND=20 NODE=node-alpha ACC=0.9611 PREC=0.9749 REC=0.9467 F1=0.9606 AUC=0.9969 TRAIN_TIME_S=58.881 PEAK_MEM_MB=1092.3 GRADXINPUT_MS=0.31 GRADXINPUT_MEM_MB=0.1 SHAP_MS=2609.52 SHAP_MEM_MB=14.2 LIME_MS=2052.49 LIME_MEM_MB=4.0 XAI_METHODS=GRAD,SHAP,LIME
MACRO_AVG_LAST10 NODE=node-alpha ACC=0.9470 PREC=0.9767 REC=0.9158 F1=0.9452 AUC=0.9964
ROUND=21 NODE=node-alpha ACC=0.9651 PREC=0.9759 REC=0.9539 F1=0.9648 AUC=0.9969 TRAIN_TIME_S=60.103 PEAK_MEM_MB=1090.5 GRADXINPUT_MS=0.30 GRADXINPUT_MEM_MB=0.0 SHAP_MS=2605.86 SHAP_MEM_MB=6.7 LIME_MS=2055.88 LIME_MEM_MB=0.1 XAI_METHODS=GRAD,SHAP,LIME
MACRO_AVG_LAST10 NODE=node-alpha ACC=0.9498 PREC=0.9766 REC=0.9216 F1=0.9482 AUC=0.9965
ROUND=22 NODE=node-alpha ACC=0.9487 PREC=0.9767 REC=0.9193 F1=0.9471 AUC=0.9968 TRAIN_TIME_S=58.958 PEAK_MEM_MB=1092.7 GRADXINPUT_MS=0.30 GRADXINPUT_MEM_MB=0.0 SHAP_MS=2605.65 SHAP_MEM_MB=6.8 LIME_MS=2052.70 LIME_MEM_MB=0.4 XAI_METHODS=GRAD,SHAP,LIME
MACRO_AVG_LAST10 NODE=node-alpha ACC=0.9506 PREC=0.9767 REC=0.9232 F1=0.9491 AUC=0.9966
ROUND=23 NODE=node-alpha ACC=0.9481 PREC=0.9768 REC=0.9180 F1=0.9465 AUC=0.9966 TRAIN_TIME_S=61.342 PEAK_MEM_MB=1093.9 GRADXINPUT_MS=0.30 GRADXINPUT_MEM_MB=0.0 SHAP_MS=2604.82 SHAP_MEM_MB=8.2 LIME_MS=2042.55 LIME_MEM_MB=2.0 XAI_METHODS=GRAD,SHAP,LIME
MACRO_AVG_LAST10 NODE=node-alpha ACC=0.9514 PREC=0.9767 REC=0.9250 F1=0.9500 AUC=0.9967
ROUND=24 NODE=node-alpha ACC=0.9519 PREC=0.9786 REC=0.9240 F1=0.9505 AUC=0.9970 TRAIN_TIME_S=60.091 PEAK_MEM_MB=1093.5 GRADXINPUT_MS=0.30 GRADXINPUT_MEM_MB=0.0 SHAP_MS=2605.36 SHAP_MEM_MB=1.0 LIME_MS=2047.29 LIME_MEM_MB=5.0 XAI_METHODS=GRAD,SHAP,LIME
MACRO_AVG_LAST10 NODE=node-alpha ACC=0.9520 PREC=0.9771 REC=0.9257 F1=0.9506 AUC=0.9967
ROUND=25 NODE=node-alpha ACC=0.9456 PREC=0.9787 REC=0.9110 F1=0.9437 AUC=0.9966 TRAIN_TIME_S=60.050 PEAK_MEM_MB=1110.8 GRADXINPUT_MS=0.31 GRADXINPUT_MEM_MB=0.0 SHAP_MS=2608.92 SHAP_MEM_MB=1.0 LIME_MS=2048.53 LIME_MEM_MB=4.8 XAI_METHODS=GRAD,SHAP,LIME
MACRO_AVG_LAST10 NODE=node-alpha ACC=0.9516 PREC=0.9774 REC=0.9245 F1=0.9502 AUC=0.9968
ROUND=26 NODE=node-alpha ACC=0.9432 PREC=0.9780 REC=0.9068 F1=0.9411 AUC=0.9964 TRAIN_TIME_S=60.298 PEAK_MEM_MB=1057.1 GRADXINPUT_MS=0.30 GRADXINPUT_MEM_MB=0.0 SHAP_MS=2609.10 SHAP_MEM_MB=1.1 LIME_MS=2058.12 LIME_MEM_MB=4.9 XAI_METHODS=GRAD,SHAP,LIME
MACRO_AVG_LAST10 NODE=node-alpha ACC=0.9515 PREC=0.9771 REC=0.9248 F1=0.9501 AUC=0.9967
ROUND=27 NODE=node-alpha ACC=0.9447 PREC=0.9787 REC=0.9092 F1=0.9427 AUC=0.9967 TRAIN_TIME_S=61.228 PEAK_MEM_MB=1094.2 GRADXINPUT_MS=0.30 GRADXINPUT_MEM_MB=0.0 SHAP_MS=2610.83 SHAP_MEM_MB=3.3 LIME_MS=2057.46 LIME_MEM_MB=2.2 XAI_METHODS=GRAD,SHAP,LIME
MACRO_AVG_LAST10 NODE=node-alpha ACC=0.9500 PREC=0.9773 REC=0.9215 F1=0.9485 AUC=0.9967
ROUND=28 NODE=node-alpha ACC=0.9488 PREC=0.9790 REC=0.9174 F1=0.9472 AUC=0.9969 TRAIN_TIME_S=61.277 PEAK_MEM_MB=1092.9 GRADXINPUT_MS=0.30 GRADXINPUT_MEM_MB=0.0 SHAP_MS=2606.67 SHAP_MEM_MB=7.1 LIME_MS=2044.74 LIME_MEM_MB=3.0 XAI_METHODS=GRAD,SHAP,LIME
MACRO_AVG_LAST10 NODE=node-alpha ACC=0.9506 PREC=0.9771 REC=0.9228 F1=0.9491 AUC=0.9967
ROUND=29 NODE=node-alpha ACC=0.9442 PREC=0.9787 REC=0.9082 F1=0.9421 AUC=0.9967 TRAIN_TIME_S=61.145 PEAK_MEM_MB=1081.1 GRADXINPUT_MS=0.30 GRADXINPUT_MEM_MB=0.0 SHAP_MS=2603.78 SHAP_MEM_MB=2.1 LIME_MS=2054.52 LIME_MEM_MB=3.1 XAI_METHODS=GRAD,SHAP,LIME
MACRO_AVG_LAST10 NODE=node-alpha ACC=0.9502 PREC=0.9776 REC=0.9215 F1=0.9486 AUC=0.9968
ROUND=30 NODE=node-alpha ACC=0.9375 PREC=0.9782 REC=0.8949 F1=0.9347 AUC=0.9961 TRAIN_TIME_S=58.972 PEAK_MEM_MB=1111.5 GRADXINPUT_MS=0.30 GRADXINPUT_MEM_MB=0.0 SHAP_MS=2603.67 SHAP_MEM_MB=-8.0 LIME_MS=2048.12 LIME_MEM_MB=2.9 XAI_METHODS=GRAD,SHAP,LIME
MACRO_AVG_LAST10 NODE=node-alpha ACC=0.9478 PREC=0.9779 REC=0.9163 F1=0.9460 AUC=0.9967
ROUND=31 NODE=node-alpha ACC=0.9407 PREC=0.9809 REC=0.8989 F1=0.9381 AUC=0.9965 TRAIN_TIME_S=60.236 PEAK_MEM_MB=1111.5 GRADXINPUT_MS=0.31 GRADXINPUT_MEM_MB=0.0 SHAP_MS=2613.13 SHAP_MEM_MB=13.0 LIME_MS=2063.33 LIME_MEM_MB=-15.7 XAI_METHODS=GRAD,SHAP,LIME
MACRO_AVG_LAST10 NODE=node-alpha ACC=0.9453 PREC=0.9784 REC=0.9108 F1=0.9434 AUC=0.9966
ROUND=32 NODE=node-alpha ACC=0.9471 PREC=0.9762 REC=0.9166 F1=0.9455 AUC=0.9967 TRAIN_TIME_S=62.531 PEAK_MEM_MB=1093.9 GRADXINPUT_MS=0.30 GRADXINPUT_MEM_MB=0.0 SHAP_MS=2618.75 SHAP_MEM_MB=12.6 LIME_MS=2059.62 LIME_MEM_MB=3.4 XAI_METHODS=GRAD,SHAP,LIME
MACRO_AVG_LAST10 NODE=node-alpha ACC=0.9452 PREC=0.9784 REC=0.9105 F1=0.9432 AUC=0.9966
ROUND=33 NODE=node-alpha ACC=0.9372 PREC=0.9832 REC=0.8896 F1=0.9341 AUC=0.9962 TRAIN_TIME_S=61.321 PEAK_MEM_MB=1098.3 GRADXINPUT_MS=0.31 GRADXINPUT_MEM_MB=0.0 SHAP_MS=2612.46 SHAP_MEM_MB=-10.2 LIME_MS=2062.80 LIME_MEM_MB=1.6 XAI_METHODS=GRAD,SHAP,LIME
MACRO_AVG_LAST10 NODE=node-alpha ACC=0.9441 PREC=0.9790 REC=0.9077 F1=0.9420 AUC=0.9966
ROUND=34 NODE=node-alpha ACC=0.9362 PREC=0.9790 REC=0.8915 F1=0.9332 AUC=0.9965 TRAIN_TIME_S=58.607 PEAK_MEM_MB=1093.9 GRADXINPUT_MS=0.30 GRADXINPUT_MEM_MB=0.0 SHAP_MS=2607.90 SHAP_MEM_MB=2.6 LIME_MS=2050.93 LIME_MEM_MB=5.4 XAI_METHODS=GRAD,SHAP,LIME
MACRO_AVG_LAST10 NODE=node-alpha ACC=0.9425 PREC=0.9791 REC=0.9044 F1=0.9402 AUC=0.9965
ROUND=35 NODE=node-alpha ACC=0.9340 PREC=0.9776 REC=0.8884 F1=0.9308 AUC=0.9964 TRAIN_TIME_S=60.945 PEAK_MEM_MB=1096.7 GRADXINPUT_MS=0.30 GRADXINPUT_MEM_MB=0.0 SHAP_MS=2593.03 SHAP_MEM_MB=5.6 LIME_MS=2035.13 LIME_MEM_MB=1.5 XAI_METHODS=GRAD,SHAP,LIME
MACRO_AVG_LAST10 NODE=node-alpha ACC=0.9414 PREC=0.9790 REC=0.9021 F1=0.9389 AUC=0.9965
ROUND=36 NODE=node-alpha ACC=0.9431 PREC=0.9744 REC=0.9100 F1=0.9411 AUC=0.9965 TRAIN_TIME_S=59.559 PEAK_MEM_MB=1098.8 GRADXINPUT_MS=0.30 GRADXINPUT_MEM_MB=0.0 SHAP_MS=2588.59 SHAP_MEM_MB=-1.4 LIME_MS=2040.64 LIME_MEM_MB=1.8 XAI_METHODS=GRAD,SHAP,LIME
MACRO_AVG_LAST10 NODE=node-alpha ACC=0.9414 PREC=0.9786 REC=0.9025 F1=0.9390 AUC=0.9965
ROUND=37 NODE=node-alpha ACC=0.9433 PREC=0.9767 REC=0.9082 F1=0.9412 AUC=0.9968 TRAIN_TIME_S=59.615 PEAK_MEM_MB=1098.7 GRADXINPUT_MS=0.31 GRADXINPUT_MEM_MB=0.1 SHAP_MS=2585.51 SHAP_MEM_MB=21.3 LIME_MS=2034.30 LIME_MEM_MB=2.1 XAI_METHODS=GRAD,SHAP,LIME
MACRO_AVG_LAST10 NODE=node-alpha ACC=0.9412 PREC=0.9784 REC=0.9024 F1=0.9388 AUC=0.9965
ROUND=38 NODE=node-alpha ACC=0.9373 PREC=0.9798 REC=0.8930 F1=0.9344 AUC=0.9965 TRAIN_TIME_S=60.952 PEAK_MEM_MB=1098.8 GRADXINPUT_MS=0.30 GRADXINPUT_MEM_MB=0.0 SHAP_MS=2590.66 SHAP_MEM_MB=3.9 LIME_MS=2037.91 LIME_MEM_MB=1.6 XAI_METHODS=GRAD,SHAP,LIME
MACRO_AVG_LAST10 NODE=node-alpha ACC=0.9401 PREC=0.9785 REC=0.8999 F1=0.9375 AUC=0.9965
ROUND=39 NODE=node-alpha ACC=0.9337 PREC=0.9876 REC=0.8784 F1=0.9298 AUC=0.9965 TRAIN_TIME_S=61.986 PEAK_MEM_MB=1099.1 GRADXINPUT_MS=0.30 GRADXINPUT_MEM_MB=0.0 SHAP_MS=2582.91 SHAP_MEM_MB=4.1 LIME_MS=2027.06 LIME_MEM_MB=1.5 XAI_METHODS=GRAD,SHAP,LIME
MACRO_AVG_LAST10 NODE=node-alpha ACC=0.9390 PREC=0.9794 REC=0.8970 F1=0.9363 AUC=0.9965
ROUND=40 NODE=node-alpha ACC=0.9390 PREC=0.9885 REC=0.8882 F1=0.9357 AUC=0.9968 TRAIN_TIME_S=58.473 PEAK_MEM_MB=1099.2 GRADXINPUT_MS=0.30 GRADXINPUT_MEM_MB=0.0 SHAP_MS=2586.50 SHAP_MEM_MB=7.0 LIME_MS=2038.06 LIME_MEM_MB=1.9 XAI_METHODS=GRAD,SHAP,LIME
MACRO_AVG_LAST10 NODE=node-alpha ACC=0.9392 PREC=0.9804 REC=0.8963 F1=0.9364 AUC=0.9965
ROUND=41 NODE=node-alpha ACC=0.9283 PREC=0.9883 REC=0.8669 F1=0.9236 AUC=0.9960 TRAIN_TIME_S=60.428 PEAK_MEM_MB=1099.5 GRADXINPUT_MS=0.30 GRADXINPUT_MEM_MB=0.0 SHAP_MS=2586.33 SHAP_MEM_MB=9.9 LIME_MS=2037.75 LIME_MEM_MB=0.6 XAI_METHODS=GRAD,SHAP,LIME
MACRO_AVG_LAST10 NODE=node-alpha ACC=0.9379 PREC=0.9811 REC=0.8931 F1=0.9349 AUC=0.9965
ROUND=42 NODE=node-alpha ACC=0.9424 PREC=0.9897 REC=0.8941 F1=0.9395 AUC=0.9966 TRAIN_TIME_S=58.444 PEAK_MEM_MB=1099.3 GRADXINPUT_MS=0.30 GRADXINPUT_MEM_MB=0.0 SHAP_MS=2589.47 SHAP_MEM_MB=8.8 LIME_MS=2033.21 LIME_MEM_MB=1.6 XAI_METHODS=GRAD,SHAP,LIME
MACRO_AVG_LAST10 NODE=node-alpha ACC=0.9374 PREC=0.9825 REC=0.8908 F1=0.9343 AUC=0.9965
ROUND=43 NODE=node-alpha ACC=0.9449 PREC=0.9875 REC=0.9013 F1=0.9424 AUC=0.9969 TRAIN_TIME_S=61.761 PEAK_MEM_MB=1084.5 GRADXINPUT_MS=0.30 GRADXINPUT_MEM_MB=0.0 SHAP_MS=2580.71 SHAP_MEM_MB=-1.4 LIME_MS=2026.53 LIME_MEM_MB=1.9 XAI_METHODS=GRAD,SHAP,LIME
MACRO_AVG_LAST10 NODE=node-alpha ACC=0.9382 PREC=0.9829 REC=0.8920 F1=0.9352 AUC=0.9965
ROUND=44 NODE=node-alpha ACC=0.9446 PREC=0.9828 REC=0.9051 F1=0.9424 AUC=0.9966 TRAIN_TIME_S=61.478 PEAK_MEM_MB=1094.1 GRADXINPUT_MS=0.30 GRADXINPUT_MEM_MB=0.0 SHAP_MS=2589.18 SHAP_MEM_MB=4.3 LIME_MS=2035.12 LIME_MEM_MB=1.0 XAI_METHODS=GRAD,SHAP,LIME
MACRO_AVG_LAST10 NODE=node-alpha ACC=0.9391 PREC=0.9833 REC=0.8934 F1=0.9361 AUC=0.9965
ROUND=45 NODE=node-alpha ACC=0.9396 PREC=0.9824 REC=0.8952 F1=0.9368 AUC=0.9967 TRAIN_TIME_S=58.532 PEAK_MEM_MB=1099.7 GRADXINPUT_MS=0.30 GRADXINPUT_MEM_MB=0.0 SHAP_MS=2588.63 SHAP_MEM_MB=4.2 LIME_MS=2064.43 LIME_MEM_MB=-15.0 XAI_METHODS=GRAD,SHAP,LIME
MACRO_AVG_LAST10 NODE=node-alpha ACC=0.9396 PREC=0.9838 REC=0.8940 F1=0.9367 AUC=0.9966
ROUND=46 NODE=node-alpha ACC=0.9417 PREC=0.9781 REC=0.9037 F1=0.9394 AUC=0.9965 TRAIN_TIME_S=59.533 PEAK_MEM_MB=1091.4 GRADXINPUT_MS=0.30 GRADXINPUT_MEM_MB=0.0 SHAP_MS=2590.49 SHAP_MEM_MB=-1.3 LIME_MS=2040.14 LIME_MEM_MB=2.0 XAI_METHODS=GRAD,SHAP,LIME
MACRO_AVG_LAST10 NODE=node-alpha ACC=0.9395 PREC=0.9842 REC=0.8934 F1=0.9365 AUC=0.9966
ROUND=47 NODE=node-alpha ACC=0.9322 PREC=0.9914 REC=0.8720 F1=0.9279 AUC=0.9964 TRAIN_TIME_S=59.652 PEAK_MEM_MB=1095.1 GRADXINPUT_MS=0.30 GRADXINPUT_MEM_MB=0.0 SHAP_MS=2592.14 SHAP_MEM_MB=9.5 LIME_MS=2039.39 LIME_MEM_MB=0.7 XAI_METHODS=GRAD,SHAP,LIME
MACRO_AVG_LAST10 NODE=node-alpha ACC=0.9384 PREC=0.9856 REC=0.8898 F1=0.9352 AUC=0.9965
ROUND=48 NODE=node-alpha ACC=0.9414 PREC=0.9779 REC=0.9033 F1=0.9391 AUC=0.9966 TRAIN_TIME_S=60.369 PEAK_MEM_MB=1100.1 GRADXINPUT_MS=0.30 GRADXINPUT_MEM_MB=0.0 SHAP_MS=2591.57 SHAP_MEM_MB=-12.8 LIME_MS=2045.43 LIME_MEM_MB=9.5 XAI_METHODS=GRAD,SHAP,LIME
MACRO_AVG_LAST10 NODE=node-alpha ACC=0.9388 PREC=0.9854 REC=0.8908 F1=0.9357 AUC=0.9965
ROUND=49 NODE=node-alpha ACC=0.9297 PREC=0.9788 REC=0.8783 F1=0.9258 AUC=0.9951 TRAIN_TIME_S=58.687 PEAK_MEM_MB=1098.7 GRADXINPUT_MS=0.30 GRADXINPUT_MEM_MB=0.0 SHAP_MS=2586.97 SHAP_MEM_MB=-2.3 LIME_MS=2044.81 LIME_MEM_MB=3.4 XAI_METHODS=GRAD,SHAP,LIME
MACRO_AVG_LAST10 NODE=node-alpha ACC=0.9384 PREC=0.9846 REC=0.8908 F1=0.9353 AUC=0.9964
ROUND=50 NODE=node-alpha ACC=0.9590 PREC=0.9787 REC=0.9385 F1=0.9582 AUC=0.9973 TRAIN_TIME_S=59.454 PEAK_MEM_MB=1100.2 GRADXINPUT_MS=0.30 GRADXINPUT_MEM_MB=0.0 SHAP_MS=2586.02 SHAP_MEM_MB=6.8 LIME_MS=2024.58 LIME_MEM_MB=4.4 XAI_METHODS=GRAD,SHAP,LIME
MACRO_AVG_LAST10 NODE=node-alpha ACC=0.9404 PREC=0.9836 REC=0.8958 F1=0.9375 AUC=0.9965
