# Metrics log for client node-orin - Run started at 2025-09-09 08:26:09.585237
# XAI_ENABLED=False DEVICE_TYPE=JetsonOrinNano
# XAI Methods: GRADXINPUT=False SHAP=False LIME=False
# Format: ROUND=X NODE=Y ACC=Z ... [GRADXINPUT_MS=A GRADXINPUT_MEM_MB=B] [SHAP_MS=C SHAP_MEM_MB=D] [LIME_MS=E LIME_MEM_MB=F] XAI_METHODS=G,H,I
ROUND=1 NODE=node-orin ACC=0.9707 PREC=0.9614 REC=0.9808 F1=0.9710 AUC=0.9948 TRAIN_TIME_S=49.648 PEAK_MEM_MB=872.5 XAI_STATUS=DISABLED
ROUND=2 NODE=node-orin ACC=0.9624 PREC=0.9532 REC=0.9725 F1=0.9627 AUC=0.9940 TRAIN_TIME_S=46.138 PEAK_MEM_MB=878.3 XAI_STATUS=DISABLED
ROUND=3 NODE=node-orin ACC=0.9512 PREC=0.9549 REC=0.9471 F1=0.9510 AUC=0.9939 TRAIN_TIME_S=45.694 PEAK_MEM_MB=885.0 XAI_STATUS=DISABLED
ROUND=4 NODE=node-orin ACC=0.9412 PREC=0.9559 REC=0.9251 F1=0.9402 AUC=0.9938 TRAIN_TIME_S=46.335 PEAK_MEM_MB=889.1 XAI_STATUS=DISABLED
ROUND=5 NODE=node-orin ACC=0.9343 PREC=0.9583 REC=0.9081 F1=0.9325 AUC=0.9926 TRAIN_TIME_S=46.346 PEAK_MEM_MB=895.2 XAI_STATUS=DISABLED
ROUND=6 NODE=node-orin ACC=0.9305 PREC=0.9556 REC=0.9030 F1=0.9285 AUC=0.9925 TRAIN_TIME_S=46.537 PEAK_MEM_MB=897.2 XAI_STATUS=DISABLED
ROUND=7 NODE=node-orin ACC=0.9324 PREC=0.9547 REC=0.9080 F1=0.9308 AUC=0.9926 TRAIN_TIME_S=50.524 PEAK_MEM_MB=898.5 XAI_STATUS=DISABLED
ROUND=8 NODE=node-orin ACC=0.9321 PREC=0.9585 REC=0.9033 F1=0.9301 AUC=0.9926 TRAIN_TIME_S=46.240 PEAK_MEM_MB=897.1 XAI_STATUS=DISABLED
ROUND=9 NODE=node-orin ACC=0.9343 PREC=0.9548 REC=0.9118 F1=0.9328 AUC=0.9923 TRAIN_TIME_S=46.204 PEAK_MEM_MB=898.2 XAI_STATUS=DISABLED
ROUND=10 NODE=node-orin ACC=0.9344 PREC=0.9597 REC=0.9069 F1=0.9325 AUC=0.9926 TRAIN_TIME_S=47.075 PEAK_MEM_MB=900.3 XAI_STATUS=DISABLED
MACRO_AVG_LAST10 NODE=node-orin ACC=0.9424 PREC=0.9567 REC=0.9267 F1=0.9412 AUC=0.9932
ROUND=11 NODE=node-orin ACC=0.9323 PREC=0.9599 REC=0.9023 F1=0.9302 AUC=0.9922 TRAIN_TIME_S=46.571 PEAK_MEM_MB=897.5 XAI_STATUS=DISABLED
MACRO_AVG_LAST10 NODE=node-orin ACC=0.9385 PREC=0.9565 REC=0.9188 F1=0.9371 AUC=0.9929
ROUND=12 NODE=node-orin ACC=0.9373 PREC=0.9577 REC=0.9151 F1=0.9359 AUC=0.9924 TRAIN_TIME_S=46.640 PEAK_MEM_MB=900.3 XAI_STATUS=DISABLED
MACRO_AVG_LAST10 NODE=node-orin ACC=0.9360 PREC=0.9570 REC=0.9131 F1=0.9345 AUC=0.9927
ROUND=13 NODE=node-orin ACC=0.9340 PREC=0.9597 REC=0.9060 F1=0.9321 AUC=0.9925 TRAIN_TIME_S=46.353 PEAK_MEM_MB=905.6 XAI_STATUS=DISABLED
MACRO_AVG_LAST10 NODE=node-orin ACC=0.9343 PREC=0.9575 REC=0.9090 F1=0.9326 AUC=0.9926
ROUND=14 NODE=node-orin ACC=0.9376 PREC=0.9581 REC=0.9152 F1=0.9362 AUC=0.9938 TRAIN_TIME_S=46.564 PEAK_MEM_MB=904.4 XAI_STATUS=DISABLED
MACRO_AVG_LAST10 NODE=node-orin ACC=0.9339 PREC=0.9577 REC=0.9080 F1=0.9322 AUC=0.9926
ROUND=15 NODE=node-orin ACC=0.9387 PREC=0.9605 REC=0.9150 F1=0.9372 AUC=0.9932 TRAIN_TIME_S=46.854 PEAK_MEM_MB=906.9 XAI_STATUS=DISABLED
MACRO_AVG_LAST10 NODE=node-orin ACC=0.9344 PREC=0.9579 REC=0.9087 F1=0.9326 AUC=0.9927
ROUND=16 NODE=node-orin ACC=0.9421 PREC=0.9619 REC=0.9208 F1=0.9409 AUC=0.9935 TRAIN_TIME_S=46.748 PEAK_MEM_MB=907.8 XAI_STATUS=DISABLED
MACRO_AVG_LAST10 NODE=node-orin ACC=0.9355 PREC=0.9586 REC=0.9104 F1=0.9339 AUC=0.9928
ROUND=17 NODE=node-orin ACC=0.9334 PREC=0.9631 REC=0.9012 F1=0.9311 AUC=0.9933 TRAIN_TIME_S=46.229 PEAK_MEM_MB=906.7 XAI_STATUS=DISABLED
MACRO_AVG_LAST10 NODE=node-orin ACC=0.9356 PREC=0.9594 REC=0.9098 F1=0.9339 AUC=0.9928
ROUND=18 NODE=node-orin ACC=0.9365 PREC=0.9609 REC=0.9099 F1=0.9347 AUC=0.9941 TRAIN_TIME_S=46.573 PEAK_MEM_MB=905.0 XAI_STATUS=DISABLED
MACRO_AVG_LAST10 NODE=node-orin ACC=0.9361 PREC=0.9596 REC=0.9104 F1=0.9344 AUC=0.9930
ROUND=19 NODE=node-orin ACC=0.9316 PREC=0.9632 REC=0.8976 F1=0.9292 AUC=0.9931 TRAIN_TIME_S=46.954 PEAK_MEM_MB=905.1 XAI_STATUS=DISABLED
MACRO_AVG_LAST10 NODE=node-orin ACC=0.9358 PREC=0.9605 REC=0.9090 F1=0.9340 AUC=0.9931
ROUND=20 NODE=node-orin ACC=0.9380 PREC=0.9625 REC=0.9115 F1=0.9363 AUC=0.9938 TRAIN_TIME_S=46.516 PEAK_MEM_MB=907.5 XAI_STATUS=DISABLED
MACRO_AVG_LAST10 NODE=node-orin ACC=0.9362 PREC=0.9608 REC=0.9095 F1=0.9344 AUC=0.9932
ROUND=21 NODE=node-orin ACC=0.9363 PREC=0.9623 REC=0.9083 F1=0.9345 AUC=0.9927 TRAIN_TIME_S=46.357 PEAK_MEM_MB=912.0 XAI_STATUS=DISABLED
MACRO_AVG_LAST10 NODE=node-orin ACC=0.9366 PREC=0.9610 REC=0.9101 F1=0.9348 AUC=0.9932
ROUND=22 NODE=node-orin ACC=0.9340 PREC=0.9618 REC=0.9039 F1=0.9320 AUC=0.9931 TRAIN_TIME_S=46.177 PEAK_MEM_MB=913.2 XAI_STATUS=DISABLED
MACRO_AVG_LAST10 NODE=node-orin ACC=0.9362 PREC=0.9614 REC=0.9089 F1=0.9344 AUC=0.9933
ROUND=23 NODE=node-orin ACC=0.9373 PREC=0.9618 REC=0.9107 F1=0.9355 AUC=0.9933 TRAIN_TIME_S=46.859 PEAK_MEM_MB=911.0 XAI_STATUS=DISABLED
MACRO_AVG_LAST10 NODE=node-orin ACC=0.9366 PREC=0.9616 REC=0.9094 F1=0.9348 AUC=0.9934
ROUND=24 NODE=node-orin ACC=0.9371 PREC=0.9622 REC=0.9099 F1=0.9353 AUC=0.9939 TRAIN_TIME_S=46.525 PEAK_MEM_MB=913.0 XAI_STATUS=DISABLED
MACRO_AVG_LAST10 NODE=node-orin ACC=0.9365 PREC=0.9620 REC=0.9089 F1=0.9347 AUC=0.9934
ROUND=25 NODE=node-orin ACC=0.9377 PREC=0.9646 REC=0.9087 F1=0.9358 AUC=0.9945 TRAIN_TIME_S=46.704 PEAK_MEM_MB=913.6 XAI_STATUS=DISABLED
MACRO_AVG_LAST10 NODE=node-orin ACC=0.9364 PREC=0.9624 REC=0.9082 F1=0.9345 AUC=0.9935
ROUND=26 NODE=node-orin ACC=0.9385 PREC=0.9627 REC=0.9123 F1=0.9368 AUC=0.9944 TRAIN_TIME_S=46.819 PEAK_MEM_MB=912.6 XAI_STATUS=DISABLED
MACRO_AVG_LAST10 NODE=node-orin ACC=0.9360 PREC=0.9625 REC=0.9074 F1=0.9341 AUC=0.9936
ROUND=27 NODE=node-orin ACC=0.9346 PREC=0.9639 REC=0.9030 F1=0.9325 AUC=0.9930 TRAIN_TIME_S=46.669 PEAK_MEM_MB=915.0 XAI_STATUS=DISABLED
MACRO_AVG_LAST10 NODE=node-orin ACC=0.9362 PREC=0.9626 REC=0.9076 F1=0.9343 AUC=0.9936
ROUND=28 NODE=node-orin ACC=0.9312 PREC=0.9690 REC=0.8910 F1=0.9284 AUC=0.9936 TRAIN_TIME_S=47.034 PEAK_MEM_MB=915.4 XAI_STATUS=DISABLED
MACRO_AVG_LAST10 NODE=node-orin ACC=0.9356 PREC=0.9634 REC=0.9057 F1=0.9336 AUC=0.9935
ROUND=29 NODE=node-orin ACC=0.9355 PREC=0.9631 REC=0.9058 F1=0.9336 AUC=0.9932 TRAIN_TIME_S=46.197 PEAK_MEM_MB=908.4 XAI_STATUS=DISABLED
MACRO_AVG_LAST10 NODE=node-orin ACC=0.9360 PREC=0.9634 REC=0.9065 F1=0.9341 AUC=0.9935
ROUND=30 NODE=node-orin ACC=0.9322 PREC=0.9632 REC=0.8986 F1=0.9298 AUC=0.9926 TRAIN_TIME_S=46.170 PEAK_MEM_MB=942.5 XAI_STATUS=DISABLED
MACRO_AVG_LAST10 NODE=node-orin ACC=0.9354 PREC=0.9635 REC=0.9052 F1=0.9334 AUC=0.9934
ROUND=31 NODE=node-orin ACC=0.9348 PREC=0.9623 REC=0.9052 F1=0.9329 AUC=0.9932 TRAIN_TIME_S=47.266 PEAK_MEM_MB=942.6 XAI_STATUS=DISABLED
MACRO_AVG_LAST10 NODE=node-orin ACC=0.9353 PREC=0.9635 REC=0.9049 F1=0.9333 AUC=0.9935
ROUND=32 NODE=node-orin ACC=0.9305 PREC=0.9646 REC=0.8939 F1=0.9279 AUC=0.9934 TRAIN_TIME_S=46.480 PEAK_MEM_MB=909.0 XAI_STATUS=DISABLED
MACRO_AVG_LAST10 NODE=node-orin ACC=0.9349 PREC=0.9638 REC=0.9039 F1=0.9329 AUC=0.9935
ROUND=33 NODE=node-orin ACC=0.9287 PREC=0.9690 REC=0.8857 F1=0.9255 AUC=0.9927 TRAIN_TIME_S=46.572 PEAK_MEM_MB=945.5 XAI_STATUS=DISABLED
MACRO_AVG_LAST10 NODE=node-orin ACC=0.9341 PREC=0.9645 REC=0.9014 F1=0.9318 AUC=0.9935
ROUND=34 NODE=node-orin ACC=0.9242 PREC=0.9719 REC=0.8737 F1=0.9202 AUC=0.9917 TRAIN_TIME_S=46.142 PEAK_MEM_MB=945.6 XAI_STATUS=DISABLED
MACRO_AVG_LAST10 NODE=node-orin ACC=0.9328 PREC=0.9654 REC=0.8978 F1=0.9303 AUC=0.9932
ROUND=35 NODE=node-orin ACC=0.9281 PREC=0.9927 REC=0.8626 F1=0.9231 AUC=0.9931 TRAIN_TIME_S=45.515 PEAK_MEM_MB=919.3 XAI_STATUS=DISABLED
MACRO_AVG_LAST10 NODE=node-orin ACC=0.9318 PREC=0.9683 REC=0.8932 F1=0.9291 AUC=0.9931
ROUND=36 NODE=node-orin ACC=0.9398 PREC=0.9872 REC=0.8913 F1=0.9368 AUC=0.9939 TRAIN_TIME_S=45.543 PEAK_MEM_MB=919.3 XAI_STATUS=DISABLED
MACRO_AVG_LAST10 NODE=node-orin ACC=0.9320 PREC=0.9707 REC=0.8911 F1=0.9291 AUC=0.9930
ROUND=37 NODE=node-orin ACC=0.9463 PREC=0.9823 REC=0.9091 F1=0.9443 AUC=0.9951 TRAIN_TIME_S=45.889 PEAK_MEM_MB=919.7 XAI_STATUS=DISABLED
MACRO_AVG_LAST10 NODE=node-orin ACC=0.9332 PREC=0.9725 REC=0.8917 F1=0.9302 AUC=0.9933
ROUND=38 NODE=node-orin ACC=0.9329 PREC=0.9894 REC=0.8751 F1=0.9287 AUC=0.9924 TRAIN_TIME_S=49.729 PEAK_MEM_MB=920.0 XAI_STATUS=DISABLED
MACRO_AVG_LAST10 NODE=node-orin ACC=0.9333 PREC=0.9746 REC=0.8901 F1=0.9303 AUC=0.9931
ROUND=39 NODE=node-orin ACC=0.9371 PREC=0.9770 REC=0.8953 F1=0.9344 AUC=0.9940 TRAIN_TIME_S=46.012 PEAK_MEM_MB=920.0 XAI_STATUS=DISABLED
MACRO_AVG_LAST10 NODE=node-orin ACC=0.9335 PREC=0.9760 REC=0.8891 F1=0.9303 AUC=0.9932
ROUND=40 NODE=node-orin ACC=0.9312 PREC=0.9758 REC=0.8844 F1=0.9279 AUC=0.9933 TRAIN_TIME_S=45.908 PEAK_MEM_MB=917.7 XAI_STATUS=DISABLED
MACRO_AVG_LAST10 NODE=node-orin ACC=0.9334 PREC=0.9772 REC=0.8876 F1=0.9302 AUC=0.9933
ROUND=41 NODE=node-orin ACC=0.9300 PREC=0.9658 REC=0.8916 F1=0.9272 AUC=0.9933 TRAIN_TIME_S=46.224 PEAK_MEM_MB=919.0 XAI_STATUS=DISABLED
MACRO_AVG_LAST10 NODE=node-orin ACC=0.9329 PREC=0.9776 REC=0.8863 F1=0.9296 AUC=0.9933
ROUND=42 NODE=node-orin ACC=0.9254 PREC=0.9761 REC=0.8722 F1=0.9212 AUC=0.9928 TRAIN_TIME_S=45.741 PEAK_MEM_MB=919.8 XAI_STATUS=DISABLED
MACRO_AVG_LAST10 NODE=node-orin ACC=0.9324 PREC=0.9787 REC=0.8841 F1=0.9289 AUC=0.9932
ROUND=43 NODE=node-orin ACC=0.9208 PREC=0.9632 REC=0.8749 F1=0.9169 AUC=0.9920 TRAIN_TIME_S=45.586 PEAK_MEM_MB=922.5 XAI_STATUS=DISABLED
MACRO_AVG_LAST10 NODE=node-orin ACC=0.9316 PREC=0.9781 REC=0.8830 F1=0.9281 AUC=0.9932
ROUND=44 NODE=node-orin ACC=0.9356 PREC=0.9897 REC=0.8804 F1=0.9318 AUC=0.9927 TRAIN_TIME_S=45.489 PEAK_MEM_MB=920.0 XAI_STATUS=DISABLED
MACRO_AVG_LAST10 NODE=node-orin ACC=0.9327 PREC=0.9799 REC=0.8837 F1=0.9292 AUC=0.9933
ROUND=45 NODE=node-orin ACC=0.9308 PREC=0.9802 REC=0.8794 F1=0.9271 AUC=0.9931 TRAIN_TIME_S=45.908 PEAK_MEM_MB=920.3 XAI_STATUS=DISABLED
MACRO_AVG_LAST10 NODE=node-orin ACC=0.9330 PREC=0.9786 REC=0.8854 F1=0.9296 AUC=0.9933
ROUND=46 NODE=node-orin ACC=0.9250 PREC=0.9661 REC=0.8809 F1=0.9215 AUC=0.9921 TRAIN_TIME_S=45.184 PEAK_MEM_MB=923.7 XAI_STATUS=DISABLED
MACRO_AVG_LAST10 NODE=node-orin ACC=0.9315 PREC=0.9765 REC=0.8843 F1=0.9281 AUC=0.9931
ROUND=47 NODE=node-orin ACC=0.9304 PREC=0.9738 REC=0.8846 F1=0.9271 AUC=0.9941 TRAIN_TIME_S=45.529 PEAK_MEM_MB=921.3 XAI_STATUS=DISABLED
MACRO_AVG_LAST10 NODE=node-orin ACC=0.9299 PREC=0.9757 REC=0.8819 F1=0.9264 AUC=0.9930
ROUND=48 NODE=node-orin ACC=0.9342 PREC=0.9804 REC=0.8861 F1=0.9309 AUC=0.9930 TRAIN_TIME_S=45.106 PEAK_MEM_MB=921.2 XAI_STATUS=DISABLED
MACRO_AVG_LAST10 NODE=node-orin ACC=0.9301 PREC=0.9748 REC=0.8830 F1=0.9266 AUC=0.9931
ROUND=49 NODE=node-orin ACC=0.9373 PREC=0.9858 REC=0.8873 F1=0.9340 AUC=0.9927 TRAIN_TIME_S=45.854 PEAK_MEM_MB=923.9 XAI_STATUS=DISABLED
MACRO_AVG_LAST10 NODE=node-orin ACC=0.9301 PREC=0.9757 REC=0.8822 F1=0.9266 AUC=0.9929
ROUND=50 NODE=node-orin ACC=0.9270 PREC=0.9959 REC=0.8575 F1=0.9215 AUC=0.9928 TRAIN_TIME_S=45.618 PEAK_MEM_MB=919.4 XAI_STATUS=DISABLED
MACRO_AVG_LAST10 NODE=node-orin ACC=0.9296 PREC=0.9777 REC=0.8795 F1=0.9259 AUC=0.9929
ROUND=51 NODE=node-orin ACC=0.9376 PREC=0.9794 REC=0.8939 F1=0.9347 AUC=0.9928 TRAIN_TIME_S=45.127 PEAK_MEM_MB=920.2 XAI_STATUS=DISABLED
MACRO_AVG_LAST10 NODE=node-orin ACC=0.9304 PREC=0.9791 REC=0.8797 F1=0.9267 AUC=0.9928
ROUND=52 NODE=node-orin ACC=0.9363 PREC=0.9813 REC=0.8897 F1=0.9332 AUC=0.9921 TRAIN_TIME_S=45.507 PEAK_MEM_MB=920.6 XAI_STATUS=DISABLED
MACRO_AVG_LAST10 NODE=node-orin ACC=0.9315 PREC=0.9796 REC=0.8815 F1=0.9279 AUC=0.9928
ROUND=53 NODE=node-orin ACC=0.9362 PREC=0.9901 REC=0.8811 F1=0.9324 AUC=0.9917 TRAIN_TIME_S=44.984 PEAK_MEM_MB=920.8 XAI_STATUS=DISABLED
MACRO_AVG_LAST10 NODE=node-orin ACC=0.9330 PREC=0.9823 REC=0.8821 F1=0.9294 AUC=0.9927
ROUND=54 NODE=node-orin ACC=0.9333 PREC=0.9818 REC=0.8829 F1=0.9297 AUC=0.9923 TRAIN_TIME_S=45.292 PEAK_MEM_MB=921.3 XAI_STATUS=DISABLED
MACRO_AVG_LAST10 NODE=node-orin ACC=0.9328 PREC=0.9815 REC=0.8823 F1=0.9292 AUC=0.9927
ROUND=55 NODE=node-orin ACC=0.9240 PREC=0.9724 REC=0.8728 F1=0.9199 AUC=0.9904 TRAIN_TIME_S=45.521 PEAK_MEM_MB=921.5 XAI_STATUS=DISABLED
MACRO_AVG_LAST10 NODE=node-orin ACC=0.9321 PREC=0.9807 REC=0.8817 F1=0.9285 AUC=0.9924
ROUND=56 NODE=node-orin ACC=0.9287 PREC=0.9717 REC=0.8832 F1=0.9253 AUC=0.9912 TRAIN_TIME_S=45.698 PEAK_MEM_MB=921.7 XAI_STATUS=DISABLED
MACRO_AVG_LAST10 NODE=node-orin ACC=0.9325 PREC=0.9813 REC=0.8819 F1=0.9289 AUC=0.9923
ROUND=57 NODE=node-orin ACC=0.9305 PREC=0.9679 REC=0.8906 F1=0.9277 AUC=0.9920 TRAIN_TIME_S=45.550 PEAK_MEM_MB=919.0 XAI_STATUS=DISABLED
MACRO_AVG_LAST10 NODE=node-orin ACC=0.9325 PREC=0.9807 REC=0.8825 F1=0.9289 AUC=0.9921
ROUND=58 NODE=node-orin ACC=0.9344 PREC=0.9776 REC=0.8891 F1=0.9312 AUC=0.9927 TRAIN_TIME_S=45.432 PEAK_MEM_MB=925.0 XAI_STATUS=DISABLED
MACRO_AVG_LAST10 NODE=node-orin ACC=0.9325 PREC=0.9804 REC=0.8828 F1=0.9290 AUC=0.9921
ROUND=59 NODE=node-orin ACC=0.9349 PREC=0.9671 REC=0.9004 F1=0.9326 AUC=0.9926 TRAIN_TIME_S=45.775 PEAK_MEM_MB=952.2 XAI_STATUS=DISABLED
MACRO_AVG_LAST10 NODE=node-orin ACC=0.9323 PREC=0.9785 REC=0.8841 F1=0.9288 AUC=0.9921
ROUND=60 NODE=node-orin ACC=0.9335 PREC=0.9724 REC=0.8923 F1=0.9306 AUC=0.9922 TRAIN_TIME_S=46.044 PEAK_MEM_MB=952.3 XAI_STATUS=DISABLED
MACRO_AVG_LAST10 NODE=node-orin ACC=0.9329 PREC=0.9762 REC=0.8876 F1=0.9297 AUC=0.9920
ROUND=61 NODE=node-orin ACC=0.9358 PREC=0.9881 REC=0.8822 F1=0.9322 AUC=0.9923 TRAIN_TIME_S=49.651 PEAK_MEM_MB=925.6 XAI_STATUS=DISABLED
MACRO_AVG_LAST10 NODE=node-orin ACC=0.9328 PREC=0.9770 REC=0.8864 F1=0.9295 AUC=0.9920
ROUND=62 NODE=node-orin ACC=0.9357 PREC=0.9717 REC=0.8975 F1=0.9331 AUC=0.9929 TRAIN_TIME_S=45.815 PEAK_MEM_MB=918.5 XAI_STATUS=DISABLED
MACRO_AVG_LAST10 NODE=node-orin ACC=0.9327 PREC=0.9761 REC=0.8872 F1=0.9295 AUC=0.9920
ROUND=63 NODE=node-orin ACC=0.9437 PREC=0.9689 REC=0.9167 F1=0.9421 AUC=0.9938 TRAIN_TIME_S=45.377 PEAK_MEM_MB=924.9 XAI_STATUS=DISABLED
MACRO_AVG_LAST10 NODE=node-orin ACC=0.9334 PREC=0.9740 REC=0.8908 F1=0.9304 AUC=0.9922
ROUND=64 NODE=node-orin ACC=0.9395 PREC=0.9699 REC=0.9073 F1=0.9375 AUC=0.9934 TRAIN_TIME_S=45.829 PEAK_MEM_MB=926.8 XAI_STATUS=DISABLED
MACRO_AVG_LAST10 NODE=node-orin ACC=0.9341 PREC=0.9728 REC=0.8932 F1=0.9312 AUC=0.9923
ROUND=65 NODE=node-orin ACC=0.9392 PREC=0.9797 REC=0.8971 F1=0.9366 AUC=0.9933 TRAIN_TIME_S=45.098 PEAK_MEM_MB=956.5 XAI_STATUS=DISABLED
MACRO_AVG_LAST10 NODE=node-orin ACC=0.9356 PREC=0.9735 REC=0.8956 F1=0.9329 AUC=0.9926
ROUND=66 NODE=node-orin ACC=0.9281 PREC=0.9721 REC=0.8816 F1=0.9246 AUC=0.9908 TRAIN_TIME_S=45.419 PEAK_MEM_MB=956.5 XAI_STATUS=DISABLED
MACRO_AVG_LAST10 NODE=node-orin ACC=0.9355 PREC=0.9736 REC=0.8955 F1=0.9328 AUC=0.9926
ROUND=67 NODE=node-orin ACC=0.9320 PREC=0.9702 REC=0.8915 F1=0.9292 AUC=0.9926 TRAIN_TIME_S=45.940 PEAK_MEM_MB=928.1 XAI_STATUS=DISABLED
MACRO_AVG_LAST10 NODE=node-orin ACC=0.9357 PREC=0.9738 REC=0.8956 F1=0.9330 AUC=0.9927
ROUND=68 NODE=node-orin ACC=0.9470 PREC=0.9674 REC=0.9253 F1=0.9459 AUC=0.9954 TRAIN_TIME_S=45.728 PEAK_MEM_MB=928.1 XAI_STATUS=DISABLED
MACRO_AVG_LAST10 NODE=node-orin ACC=0.9370 PREC=0.9728 REC=0.8992 F1=0.9344 AUC=0.9929
ROUND=69 NODE=node-orin ACC=0.9459 PREC=0.9720 REC=0.9184 F1=0.9444 AUC=0.9949 TRAIN_TIME_S=45.781 PEAK_MEM_MB=924.9 XAI_STATUS=DISABLED
MACRO_AVG_LAST10 NODE=node-orin ACC=0.9381 PREC=0.9732 REC=0.9010 F1=0.9356 AUC=0.9932
ROUND=70 NODE=node-orin ACC=0.9348 PREC=0.9611 REC=0.9063 F1=0.9329 AUC=0.9925 TRAIN_TIME_S=45.634 PEAK_MEM_MB=925.8 XAI_STATUS=DISABLED
MACRO_AVG_LAST10 NODE=node-orin ACC=0.9382 PREC=0.9721 REC=0.9024 F1=0.9359 AUC=0.9932
ROUND=71 NODE=node-orin ACC=0.9474 PREC=0.9703 REC=0.9231 F1=0.9461 AUC=0.9955 TRAIN_TIME_S=45.696 PEAK_MEM_MB=928.0 XAI_STATUS=DISABLED
MACRO_AVG_LAST10 NODE=node-orin ACC=0.9394 PREC=0.9703 REC=0.9065 F1=0.9372 AUC=0.9935
ROUND=72 NODE=node-orin ACC=0.9556 PREC=0.9768 REC=0.9333 F1=0.9545 AUC=0.9961 TRAIN_TIME_S=45.845 PEAK_MEM_MB=929.2 XAI_STATUS=DISABLED
MACRO_AVG_LAST10 NODE=node-orin ACC=0.9413 PREC=0.9708 REC=0.9101 F1=0.9394 AUC=0.9938
ROUND=73 NODE=node-orin ACC=0.9455 PREC=0.9708 REC=0.9185 F1=0.9439 AUC=0.9947 TRAIN_TIME_S=45.557 PEAK_MEM_MB=929.5 XAI_STATUS=DISABLED
MACRO_AVG_LAST10 NODE=node-orin ACC=0.9415 PREC=0.9710 REC=0.9102 F1=0.9396 AUC=0.9939
ROUND=74 NODE=node-orin ACC=0.9458 PREC=0.9661 REC=0.9240 F1=0.9446 AUC=0.9953 TRAIN_TIME_S=45.610 PEAK_MEM_MB=929.1 XAI_STATUS=DISABLED
MACRO_AVG_LAST10 NODE=node-orin ACC=0.9421 PREC=0.9706 REC=0.9119 F1=0.9403 AUC=0.9941
ROUND=75 NODE=node-orin ACC=0.9479 PREC=0.9759 REC=0.9185 F1=0.9463 AUC=0.9950 TRAIN_TIME_S=45.825 PEAK_MEM_MB=929.7 XAI_STATUS=DISABLED
MACRO_AVG_LAST10 NODE=node-orin ACC=0.9430 PREC=0.9703 REC=0.9141 F1=0.9412 AUC=0.9943
ROUND=76 NODE=node-orin ACC=0.9495 PREC=0.9736 REC=0.9241 F1=0.9482 AUC=0.9949 TRAIN_TIME_S=46.192 PEAK_MEM_MB=931.7 XAI_STATUS=DISABLED
MACRO_AVG_LAST10 NODE=node-orin ACC=0.9451 PREC=0.9704 REC=0.9183 F1=0.9436 AUC=0.9947
ROUND=77 NODE=node-orin ACC=0.9450 PREC=0.9596 REC=0.9291 F1=0.9441 AUC=0.9956 TRAIN_TIME_S=45.541 PEAK_MEM_MB=930.8 XAI_STATUS=DISABLED
MACRO_AVG_LAST10 NODE=node-orin ACC=0.9464 PREC=0.9693 REC=0.9221 F1=0.9451 AUC=0.9950
ROUND=78 NODE=node-orin ACC=0.9523 PREC=0.9655 REC=0.9380 F1=0.9516 AUC=0.9952 TRAIN_TIME_S=45.690 PEAK_MEM_MB=932.8 XAI_STATUS=DISABLED
MACRO_AVG_LAST10 NODE=node-orin ACC=0.9470 PREC=0.9692 REC=0.9233 F1=0.9457 AUC=0.9950
ROUND=79 NODE=node-orin ACC=0.9427 PREC=0.9592 REC=0.9248 F1=0.9417 AUC=0.9935 TRAIN_TIME_S=45.777 PEAK_MEM_MB=928.4 XAI_STATUS=DISABLED
MACRO_AVG_LAST10 NODE=node-orin ACC=0.9466 PREC=0.9679 REC=0.9240 F1=0.9454 AUC=0.9948
ROUND=80 NODE=node-orin ACC=0.9423 PREC=0.9592 REC=0.9238 F1=0.9412 AUC=0.9943 TRAIN_TIME_S=45.475 PEAK_MEM_MB=930.1 XAI_STATUS=DISABLED
MACRO_AVG_LAST10 NODE=node-orin ACC=0.9474 PREC=0.9677 REC=0.9257 F1=0.9462 AUC=0.9950
ROUND=81 NODE=node-orin ACC=0.9520 PREC=0.9626 REC=0.9404 F1=0.9514 AUC=0.9959 TRAIN_TIME_S=45.491 PEAK_MEM_MB=930.4 XAI_STATUS=DISABLED
MACRO_AVG_LAST10 NODE=node-orin ACC=0.9478 PREC=0.9669 REC=0.9275 F1=0.9468 AUC=0.9951
ROUND=82 NODE=node-orin ACC=0.9427 PREC=0.9580 REC=0.9261 F1=0.9418 AUC=0.9942 TRAIN_TIME_S=45.576 PEAK_MEM_MB=933.2 XAI_STATUS=DISABLED
MACRO_AVG_LAST10 NODE=node-orin ACC=0.9466 PREC=0.9651 REC=0.9267 F1=0.9455 AUC=0.9949
ROUND=83 NODE=node-orin ACC=0.9321 PREC=0.9621 REC=0.8996 F1=0.9298 AUC=0.9929 TRAIN_TIME_S=45.909 PEAK_MEM_MB=933.6 XAI_STATUS=DISABLED
MACRO_AVG_LAST10 NODE=node-orin ACC=0.9452 PREC=0.9642 REC=0.9248 F1=0.9441 AUC=0.9947
ROUND=84 NODE=node-orin ACC=0.9362 PREC=0.9613 REC=0.9091 F1=0.9345 AUC=0.9940 TRAIN_TIME_S=45.834 PEAK_MEM_MB=933.5 XAI_STATUS=DISABLED
MACRO_AVG_LAST10 NODE=node-orin ACC=0.9443 PREC=0.9637 REC=0.9234 F1=0.9431 AUC=0.9946
ROUND=85 NODE=node-orin ACC=0.9459 PREC=0.9679 REC=0.9225 F1=0.9447 AUC=0.9947 TRAIN_TIME_S=46.110 PEAK_MEM_MB=933.6 XAI_STATUS=DISABLED
MACRO_AVG_LAST10 NODE=node-orin ACC=0.9441 PREC=0.9629 REC=0.9238 F1=0.9429 AUC=0.9945
ROUND=86 NODE=node-orin ACC=0.9518 PREC=0.9679 REC=0.9346 F1=0.9510 AUC=0.9948 TRAIN_TIME_S=45.617 PEAK_MEM_MB=933.7 XAI_STATUS=DISABLED
MACRO_AVG_LAST10 NODE=node-orin ACC=0.9443 PREC=0.9623 REC=0.9248 F1=0.9432 AUC=0.9945
ROUND=87 NODE=node-orin ACC=0.9481 PREC=0.9675 REC=0.9275 F1=0.9471 AUC=0.9946 TRAIN_TIME_S=45.338 PEAK_MEM_MB=933.6 XAI_STATUS=DISABLED
MACRO_AVG_LAST10 NODE=node-orin ACC=0.9446 PREC=0.9631 REC=0.9246 F1=0.9435 AUC=0.9944
ROUND=88 NODE=node-orin ACC=0.9309 PREC=0.9726 REC=0.8867 F1=0.9277 AUC=0.9928 TRAIN_TIME_S=45.453 PEAK_MEM_MB=924.9 XAI_STATUS=DISABLED
MACRO_AVG_LAST10 NODE=node-orin ACC=0.9425 PREC=0.9638 REC=0.9195 F1=0.9411 AUC=0.9942
ROUND=89 NODE=node-orin ACC=0.9470 PREC=0.9595 REC=0.9335 F1=0.9463 AUC=0.9947 TRAIN_TIME_S=45.775 PEAK_MEM_MB=932.2 XAI_STATUS=DISABLED
MACRO_AVG_LAST10 NODE=node-orin ACC=0.9429 PREC=0.9639 REC=0.9204 F1=0.9415 AUC=0.9943
ROUND=90 NODE=node-orin ACC=0.9327 PREC=0.9635 REC=0.8996 F1=0.9304 AUC=0.9936 TRAIN_TIME_S=45.743 PEAK_MEM_MB=933.3 XAI_STATUS=DISABLED
MACRO_AVG_LAST10 NODE=node-orin ACC=0.9420 PREC=0.9643 REC=0.9180 F1=0.9405 AUC=0.9942
ROUND=91 NODE=node-orin ACC=0.9236 PREC=0.9628 REC=0.8811 F1=0.9202 AUC=0.9931 TRAIN_TIME_S=45.506 PEAK_MEM_MB=935.5 XAI_STATUS=DISABLED
MACRO_AVG_LAST10 NODE=node-orin ACC=0.9391 PREC=0.9643 REC=0.9120 F1=0.9373 AUC=0.9940
ROUND=92 NODE=node-orin ACC=0.9262 PREC=0.9623 REC=0.8871 F1=0.9231 AUC=0.9935 TRAIN_TIME_S=45.473 PEAK_MEM_MB=933.9 XAI_STATUS=DISABLED
MACRO_AVG_LAST10 NODE=node-orin ACC=0.9375 PREC=0.9647 REC=0.9081 F1=0.9355 AUC=0.9939
ROUND=93 NODE=node-orin ACC=0.9541 PREC=0.9637 REC=0.9436 F1=0.9536 AUC=0.9942 TRAIN_TIME_S=45.635 PEAK_MEM_MB=934.0 XAI_STATUS=DISABLED
MACRO_AVG_LAST10 NODE=node-orin ACC=0.9397 PREC=0.9649 REC=0.9125 F1=0.9378 AUC=0.9940
ROUND=94 NODE=node-orin ACC=0.9574 PREC=0.9608 REC=0.9537 F1=0.9572 AUC=0.9954 TRAIN_TIME_S=45.888 PEAK_MEM_MB=934.5 XAI_STATUS=DISABLED
MACRO_AVG_LAST10 NODE=node-orin ACC=0.9418 PREC=0.9648 REC=0.9170 F1=0.9401 AUC=0.9941
ROUND=95 NODE=node-orin ACC=0.9431 PREC=0.9606 REC=0.9242 F1=0.9421 AUC=0.9947 TRAIN_TIME_S=45.926 PEAK_MEM_MB=934.5 XAI_STATUS=DISABLED
MACRO_AVG_LAST10 NODE=node-orin ACC=0.9415 PREC=0.9641 REC=0.9172 F1=0.9399 AUC=0.9941
ROUND=96 NODE=node-orin ACC=0.9428 PREC=0.9638 REC=0.9202 F1=0.9415 AUC=0.9937 TRAIN_TIME_S=45.558 PEAK_MEM_MB=935.1 XAI_STATUS=DISABLED
MACRO_AVG_LAST10 NODE=node-orin ACC=0.9406 PREC=0.9637 REC=0.9157 F1=0.9389 AUC=0.9940
ROUND=97 NODE=node-orin ACC=0.9499 PREC=0.9614 REC=0.9373 F1=0.9492 AUC=0.9943 TRAIN_TIME_S=45.662 PEAK_MEM_MB=937.8 XAI_STATUS=DISABLED
MACRO_AVG_LAST10 NODE=node-orin ACC=0.9408 PREC=0.9631 REC=0.9167 F1=0.9391 AUC=0.9940
ROUND=98 NODE=node-orin ACC=0.9485 PREC=0.9701 REC=0.9254 F1=0.9472 AUC=0.9953 TRAIN_TIME_S=45.679 PEAK_MEM_MB=932.8 XAI_STATUS=DISABLED
MACRO_AVG_LAST10 NODE=node-orin ACC=0.9425 PREC=0.9629 REC=0.9206 F1=0.9411 AUC=0.9942
ROUND=99 NODE=node-orin ACC=0.9550 PREC=0.9606 REC=0.9490 F1=0.9548 AUC=0.9948 TRAIN_TIME_S=45.653 PEAK_MEM_MB=934.8 XAI_STATUS=DISABLED
MACRO_AVG_LAST10 NODE=node-orin ACC=0.9433 PREC=0.9630 REC=0.9221 F1=0.9419 AUC=0.9943
ROUND=100 NODE=node-orin ACC=0.9405 PREC=0.9756 REC=0.9036 F1=0.9382 AUC=0.9948 TRAIN_TIME_S=45.664 PEAK_MEM_MB=937.8 XAI_STATUS=DISABLED
MACRO_AVG_LAST10 NODE=node-orin ACC=0.9441 PREC=0.9642 REC=0.9225 F1=0.9427 AUC=0.9944
