# Metrics log for client node-zeta - Run started at 2025-09-09 12:15:49.974566
# XAI_ENABLED=True DEVICE_TYPE=RaspberryPi-5
# XAI Methods: GRADXINPUT=True SHAP=True LIME=True
# Format: ROUND=X NODE=Y ACC=Z ... [GRADXINPUT_MS=A GRADXINPUT_MEM_MB=B] [SHAP_MS=C SHAP_MEM_MB=D] [LIME_MS=E LIME_MEM_MB=F] XAI_METHODS=G,H,I
ROUND=1 NODE=node-zeta ACC=0.9740 PREC=0.9654 REC=0.9833 F1=0.9743 AUC=0.9964 TRAIN_TIME_S=25.126 PEAK_MEM_MB=934.0 GRADXINPUT_MS=0.11 GRADXINPUT_MEM_MB=0.0 SHAP_MS=788.90 SHAP_MEM_MB=7.5 LIME_MS=629.89 LIME_MEM_MB=0.5 XAI_METHODS=GRAD,SHAP,LIME
ROUND=2 NODE=node-zeta ACC=0.9778 PREC=0.9665 REC=0.9899 F1=0.9781 AUC=0.9968 TRAIN_TIME_S=23.570 PEAK_MEM_MB=1076.4 GRADXINPUT_MS=0.11 GRADXINPUT_MEM_MB=0.0 SHAP_MS=793.76 SHAP_MEM_MB=-10.4 LIME_MS=634.46 LIME_MEM_MB=5.5 XAI_METHODS=GRAD,SHAP,LIME
ROUND=3 NODE=node-zeta ACC=0.9477 PREC=0.9755 REC=0.9185 F1=0.9461 AUC=0.9959 TRAIN_TIME_S=21.020 PEAK_MEM_MB=1014.6 GRADXINPUT_MS=0.11 GRADXINPUT_MEM_MB=0.0 SHAP_MS=789.98 SHAP_MEM_MB=-4.9 LIME_MS=622.58 LIME_MEM_MB=4.0 XAI_METHODS=GRAD,SHAP,LIME
ROUND=4 NODE=node-zeta ACC=0.9438 PREC=0.9771 REC=0.9090 F1=0.9418 AUC=0.9953 TRAIN_TIME_S=21.230 PEAK_MEM_MB=1015.0 GRADXINPUT_MS=0.11 GRADXINPUT_MEM_MB=0.0 SHAP_MS=790.66 SHAP_MEM_MB=4.2 LIME_MS=624.26 LIME_MEM_MB=1.0 XAI_METHODS=GRAD,SHAP,LIME
ROUND=5 NODE=node-zeta ACC=0.9388 PREC=0.9766 REC=0.8990 F1=0.9362 AUC=0.9949 TRAIN_TIME_S=21.470 PEAK_MEM_MB=1021.2 GRADXINPUT_MS=0.11 GRADXINPUT_MEM_MB=0.0 SHAP_MS=790.41 SHAP_MEM_MB=3.8 LIME_MS=624.13 LIME_MEM_MB=0.5 XAI_METHODS=GRAD,SHAP,LIME
ROUND=6 NODE=node-zeta ACC=0.9204 PREC=0.9581 REC=0.8794 F1=0.9170 AUC=0.9926 TRAIN_TIME_S=23.384 PEAK_MEM_MB=1022.5 GRADXINPUT_MS=0.11 GRADXINPUT_MEM_MB=0.0 SHAP_MS=792.60 SHAP_MEM_MB=7.4 LIME_MS=624.79 LIME_MEM_MB=1.0 XAI_METHODS=GRAD,SHAP,LIME
ROUND=7 NODE=node-zeta ACC=0.9281 PREC=0.9591 REC=0.8943 F1=0.9256 AUC=0.9935 TRAIN_TIME_S=23.596 PEAK_MEM_MB=1024.7 GRADXINPUT_MS=0.11 GRADXINPUT_MEM_MB=0.0 SHAP_MS=798.50 SHAP_MEM_MB=4.7 LIME_MS=632.60 LIME_MEM_MB=0.0 XAI_METHODS=GRAD,SHAP,LIME
ROUND=8 NODE=node-zeta ACC=0.9223 PREC=0.9590 REC=0.8824 F1=0.9191 AUC=0.9931 TRAIN_TIME_S=23.244 PEAK_MEM_MB=1025.8 GRADXINPUT_MS=0.11 GRADXINPUT_MEM_MB=0.0 SHAP_MS=800.15 SHAP_MEM_MB=3.3 LIME_MS=628.02 LIME_MEM_MB=1.0 XAI_METHODS=GRAD,SHAP,LIME
ROUND=9 NODE=node-zeta ACC=0.9238 PREC=0.9617 REC=0.8829 F1=0.9206 AUC=0.9931 TRAIN_TIME_S=23.487 PEAK_MEM_MB=1026.4 GRADXINPUT_MS=0.11 GRADXINPUT_MEM_MB=0.0 SHAP_MS=799.12 SHAP_MEM_MB=5.1 LIME_MS=635.14 LIME_MEM_MB=0.5 XAI_METHODS=GRAD,SHAP,LIME
ROUND=10 NODE=node-zeta ACC=0.9222 PREC=0.9610 REC=0.8800 F1=0.9187 AUC=0.9930 TRAIN_TIME_S=21.320 PEAK_MEM_MB=1026.4 GRADXINPUT_MS=0.11 GRADXINPUT_MEM_MB=0.0 SHAP_MS=797.74 SHAP_MEM_MB=3.3 LIME_MS=636.88 LIME_MEM_MB=1.0 XAI_METHODS=GRAD,SHAP,LIME
MACRO_AVG_LAST10 NODE=node-zeta ACC=0.9399 PREC=0.9660 REC=0.9119 F1=0.9378 AUC=0.9945
ROUND=11 NODE=node-zeta ACC=0.9234 PREC=0.9624 REC=0.8812 F1=0.9200 AUC=0.9928 TRAIN_TIME_S=21.336 PEAK_MEM_MB=1027.1 GRADXINPUT_MS=0.11 GRADXINPUT_MEM_MB=0.0 SHAP_MS=797.48 SHAP_MEM_MB=4.5 LIME_MS=634.95 LIME_MEM_MB=0.0 XAI_METHODS=GRAD,SHAP,LIME
MACRO_AVG_LAST10 NODE=node-zeta ACC=0.9348 PREC=0.9657 REC=0.9017 F1=0.9323 AUC=0.9941
ROUND=12 NODE=node-zeta ACC=0.9242 PREC=0.9618 REC=0.8835 F1=0.9210 AUC=0.9930 TRAIN_TIME_S=23.393 PEAK_MEM_MB=1049.9 GRADXINPUT_MS=0.11 GRADXINPUT_MEM_MB=0.0 SHAP_MS=795.18 SHAP_MEM_MB=5.6 LIME_MS=629.81 LIME_MEM_MB=0.5 XAI_METHODS=GRAD,SHAP,LIME
MACRO_AVG_LAST10 NODE=node-zeta ACC=0.9295 PREC=0.9652 REC=0.8910 F1=0.9266 AUC=0.9937
ROUND=13 NODE=node-zeta ACC=0.9229 PREC=0.9614 REC=0.8812 F1=0.9195 AUC=0.9928 TRAIN_TIME_S=21.550 PEAK_MEM_MB=1029.6 GRADXINPUT_MS=0.11 GRADXINPUT_MEM_MB=0.0 SHAP_MS=795.91 SHAP_MEM_MB=5.1 LIME_MS=646.57 LIME_MEM_MB=0.5 XAI_METHODS=GRAD,SHAP,LIME
MACRO_AVG_LAST10 NODE=node-zeta ACC=0.9270 PREC=0.9638 REC=0.8873 F1=0.9240 AUC=0.9934
ROUND=14 NODE=node-zeta ACC=0.9250 PREC=0.9631 REC=0.8839 F1=0.9218 AUC=0.9935 TRAIN_TIME_S=21.495 PEAK_MEM_MB=1029.6 GRADXINPUT_MS=0.12 GRADXINPUT_MEM_MB=0.0 SHAP_MS=802.84 SHAP_MEM_MB=5.2 LIME_MS=637.63 LIME_MEM_MB=0.0 XAI_METHODS=GRAD,SHAP,LIME
MACRO_AVG_LAST10 NODE=node-zeta ACC=0.9251 PREC=0.9624 REC=0.8848 F1=0.9220 AUC=0.9932
ROUND=15 NODE=node-zeta ACC=0.9298 PREC=0.9656 REC=0.8915 F1=0.9271 AUC=0.9942 TRAIN_TIME_S=21.105 PEAK_MEM_MB=1022.5 GRADXINPUT_MS=0.11 GRADXINPUT_MEM_MB=0.0 SHAP_MS=802.05 SHAP_MEM_MB=10.4 LIME_MS=632.10 LIME_MEM_MB=0.5 XAI_METHODS=GRAD,SHAP,LIME
MACRO_AVG_LAST10 NODE=node-zeta ACC=0.9242 PREC=0.9613 REC=0.8840 F1=0.9210 AUC=0.9932
ROUND=16 NODE=node-zeta ACC=0.9288 PREC=0.9721 REC=0.8830 F1=0.9254 AUC=0.9936 TRAIN_TIME_S=21.252 PEAK_MEM_MB=1035.9 GRADXINPUT_MS=0.11 GRADXINPUT_MEM_MB=0.0 SHAP_MS=789.41 SHAP_MEM_MB=4.7 LIME_MS=631.13 LIME_MEM_MB=0.0 XAI_METHODS=GRAD,SHAP,LIME
MACRO_AVG_LAST10 NODE=node-zeta ACC=0.9251 PREC=0.9627 REC=0.8844 F1=0.9219 AUC=0.9932
ROUND=17 NODE=node-zeta ACC=0.9341 PREC=0.9668 REC=0.8992 F1=0.9318 AUC=0.9947 TRAIN_TIME_S=21.063 PEAK_MEM_MB=1099.4 GRADXINPUT_MS=0.11 GRADXINPUT_MEM_MB=0.0 SHAP_MS=790.67 SHAP_MEM_MB=4.6 LIME_MS=622.04 LIME_MEM_MB=-11.4 XAI_METHODS=GRAD,SHAP,LIME
MACRO_AVG_LAST10 NODE=node-zeta ACC=0.9257 PREC=0.9635 REC=0.8849 F1=0.9225 AUC=0.9934
ROUND=18 NODE=node-zeta ACC=0.9295 PREC=0.9707 REC=0.8858 F1=0.9263 AUC=0.9940 TRAIN_TIME_S=23.490 PEAK_MEM_MB=1102.9 GRADXINPUT_MS=0.11 GRADXINPUT_MEM_MB=0.0 SHAP_MS=800.38 SHAP_MEM_MB=8.6 LIME_MS=626.47 LIME_MEM_MB=1.5 XAI_METHODS=GRAD,SHAP,LIME
MACRO_AVG_LAST10 NODE=node-zeta ACC=0.9264 PREC=0.9647 REC=0.8852 F1=0.9232 AUC=0.9935
ROUND=19 NODE=node-zeta ACC=0.9366 PREC=0.9775 REC=0.8937 F1=0.9337 AUC=0.9960 TRAIN_TIME_S=23.393 PEAK_MEM_MB=1104.5 GRADXINPUT_MS=0.11 GRADXINPUT_MEM_MB=0.0 SHAP_MS=794.81 SHAP_MEM_MB=10.8 LIME_MS=629.21 LIME_MEM_MB=0.0 XAI_METHODS=GRAD,SHAP,LIME
MACRO_AVG_LAST10 NODE=node-zeta ACC=0.9277 PREC=0.9662 REC=0.8863 F1=0.9245 AUC=0.9938
ROUND=20 NODE=node-zeta ACC=0.9374 PREC=0.9704 REC=0.9023 F1=0.9351 AUC=0.9952 TRAIN_TIME_S=21.166 PEAK_MEM_MB=1100.6 GRADXINPUT_MS=0.11 GRADXINPUT_MEM_MB=0.0 SHAP_MS=799.96 SHAP_MEM_MB=11.5 LIME_MS=631.72 LIME_MEM_MB=1.0 XAI_METHODS=GRAD,SHAP,LIME
MACRO_AVG_LAST10 NODE=node-zeta ACC=0.9292 PREC=0.9672 REC=0.8885 F1=0.9262 AUC=0.9940
ROUND=21 NODE=node-zeta ACC=0.9421 PREC=0.9725 REC=0.9099 F1=0.9402 AUC=0.9955 TRAIN_TIME_S=21.790 PEAK_MEM_MB=1100.3 GRADXINPUT_MS=0.11 GRADXINPUT_MEM_MB=0.0 SHAP_MS=794.18 SHAP_MEM_MB=10.4 LIME_MS=621.07 LIME_MEM_MB=0.5 XAI_METHODS=GRAD,SHAP,LIME
MACRO_AVG_LAST10 NODE=node-zeta ACC=0.9311 PREC=0.9682 REC=0.8914 F1=0.9282 AUC=0.9943
ROUND=22 NODE=node-zeta ACC=0.9355 PREC=0.9785 REC=0.8907 F1=0.9325 AUC=0.9959 TRAIN_TIME_S=23.219 PEAK_MEM_MB=1101.0 GRADXINPUT_MS=0.11 GRADXINPUT_MEM_MB=0.0 SHAP_MS=793.28 SHAP_MEM_MB=3.6 LIME_MS=626.12 LIME_MEM_MB=1.0 XAI_METHODS=GRAD,SHAP,LIME
MACRO_AVG_LAST10 NODE=node-zeta ACC=0.9322 PREC=0.9699 REC=0.8921 F1=0.9293 AUC=0.9945
ROUND=23 NODE=node-zeta ACC=0.9334 PREC=0.9788 REC=0.8859 F1=0.9300 AUC=0.9957 TRAIN_TIME_S=21.279 PEAK_MEM_MB=1100.4 GRADXINPUT_MS=0.12 GRADXINPUT_MEM_MB=0.0 SHAP_MS=793.30 SHAP_MEM_MB=6.5 LIME_MS=627.13 LIME_MEM_MB=3.0 XAI_METHODS=GRAD,SHAP,LIME
MACRO_AVG_LAST10 NODE=node-zeta ACC=0.9332 PREC=0.9716 REC=0.8926 F1=0.9304 AUC=0.9948
ROUND=24 NODE=node-zeta ACC=0.9291 PREC=0.9624 REC=0.8932 F1=0.9265 AUC=0.9943 TRAIN_TIME_S=21.159 PEAK_MEM_MB=1100.6 GRADXINPUT_MS=0.11 GRADXINPUT_MEM_MB=0.0 SHAP_MS=795.08 SHAP_MEM_MB=4.3 LIME_MS=628.61 LIME_MEM_MB=0.5 XAI_METHODS=GRAD,SHAP,LIME
MACRO_AVG_LAST10 NODE=node-zeta ACC=0.9336 PREC=0.9715 REC=0.8935 F1=0.9309 AUC=0.9949
ROUND=25 NODE=node-zeta ACC=0.9317 PREC=0.9712 REC=0.8898 F1=0.9287 AUC=0.9942 TRAIN_TIME_S=23.151 PEAK_MEM_MB=1105.5 GRADXINPUT_MS=0.11 GRADXINPUT_MEM_MB=0.0 SHAP_MS=792.44 SHAP_MEM_MB=4.6 LIME_MS=625.14 LIME_MEM_MB=0.5 XAI_METHODS=GRAD,SHAP,LIME
MACRO_AVG_LAST10 NODE=node-zeta ACC=0.9338 PREC=0.9721 REC=0.8934 F1=0.9310 AUC=0.9949
ROUND=26 NODE=node-zeta ACC=0.9303 PREC=0.9710 REC=0.8871 F1=0.9272 AUC=0.9942 TRAIN_TIME_S=25.446 PEAK_MEM_MB=1038.2 GRADXINPUT_MS=0.11 GRADXINPUT_MEM_MB=0.0 SHAP_MS=797.92 SHAP_MEM_MB=-1.5 LIME_MS=625.00 LIME_MEM_MB=2.0 XAI_METHODS=GRAD,SHAP,LIME
MACRO_AVG_LAST10 NODE=node-zeta ACC=0.9340 PREC=0.9720 REC=0.8938 F1=0.9312 AUC=0.9950
ROUND=27 NODE=node-zeta ACC=0.9310 PREC=0.9798 REC=0.8801 F1=0.9273 AUC=0.9960 TRAIN_TIME_S=21.273 PEAK_MEM_MB=1100.2 GRADXINPUT_MS=0.11 GRADXINPUT_MEM_MB=0.0 SHAP_MS=794.37 SHAP_MEM_MB=4.2 LIME_MS=629.97 LIME_MEM_MB=0.0 XAI_METHODS=GRAD,SHAP,LIME
MACRO_AVG_LAST10 NODE=node-zeta ACC=0.9337 PREC=0.9733 REC=0.8919 F1=0.9308 AUC=0.9951
ROUND=28 NODE=node-zeta ACC=0.9315 PREC=0.9696 REC=0.8909 F1=0.9286 AUC=0.9944 TRAIN_TIME_S=21.077 PEAK_MEM_MB=1036.0 GRADXINPUT_MS=0.11 GRADXINPUT_MEM_MB=0.0 SHAP_MS=792.26 SHAP_MEM_MB=-1.3 LIME_MS=632.85 LIME_MEM_MB=4.5 XAI_METHODS=GRAD,SHAP,LIME
MACRO_AVG_LAST10 NODE=node-zeta ACC=0.9339 PREC=0.9732 REC=0.8924 F1=0.9310 AUC=0.9951
ROUND=29 NODE=node-zeta ACC=0.9330 PREC=0.9741 REC=0.8898 F1=0.9300 AUC=0.9945 TRAIN_TIME_S=21.246 PEAK_MEM_MB=1100.9 GRADXINPUT_MS=0.11 GRADXINPUT_MEM_MB=0.0 SHAP_MS=790.57 SHAP_MEM_MB=-1.8 LIME_MS=627.39 LIME_MEM_MB=2.5 XAI_METHODS=GRAD,SHAP,LIME
MACRO_AVG_LAST10 NODE=node-zeta ACC=0.9335 PREC=0.9728 REC=0.8920 F1=0.9306 AUC=0.9950
ROUND=30 NODE=node-zeta ACC=0.9264 PREC=0.9677 REC=0.8822 F1=0.9230 AUC=0.9932 TRAIN_TIME_S=23.270 PEAK_MEM_MB=1102.0 GRADXINPUT_MS=0.11 GRADXINPUT_MEM_MB=0.0 SHAP_MS=795.25 SHAP_MEM_MB=3.9 LIME_MS=629.14 LIME_MEM_MB=2.0 XAI_METHODS=GRAD,SHAP,LIME
MACRO_AVG_LAST10 NODE=node-zeta ACC=0.9324 PREC=0.9726 REC=0.8900 F1=0.9294 AUC=0.9948
ROUND=31 NODE=node-zeta ACC=0.9281 PREC=0.9710 REC=0.8826 F1=0.9247 AUC=0.9937 TRAIN_TIME_S=23.569 PEAK_MEM_MB=1107.8 GRADXINPUT_MS=0.11 GRADXINPUT_MEM_MB=0.0 SHAP_MS=800.44 SHAP_MEM_MB=1.4 LIME_MS=631.07 LIME_MEM_MB=-5.5 XAI_METHODS=GRAD,SHAP,LIME
MACRO_AVG_LAST10 NODE=node-zeta ACC=0.9310 PREC=0.9724 REC=0.8872 F1=0.9279 AUC=0.9946
ROUND=32 NODE=node-zeta ACC=0.9282 PREC=0.9622 REC=0.8914 F1=0.9255 AUC=0.9938 TRAIN_TIME_S=21.127 PEAK_MEM_MB=1107.2 GRADXINPUT_MS=0.11 GRADXINPUT_MEM_MB=0.0 SHAP_MS=793.09 SHAP_MEM_MB=4.0 LIME_MS=619.77 LIME_MEM_MB=1.0 XAI_METHODS=GRAD,SHAP,LIME
MACRO_AVG_LAST10 NODE=node-zeta ACC=0.9303 PREC=0.9708 REC=0.8873 F1=0.9271 AUC=0.9944
ROUND=33 NODE=node-zeta ACC=0.9248 PREC=0.9658 REC=0.8808 F1=0.9213 AUC=0.9932 TRAIN_TIME_S=25.464 PEAK_MEM_MB=1108.2 GRADXINPUT_MS=0.11 GRADXINPUT_MEM_MB=0.0 SHAP_MS=800.69 SHAP_MEM_MB=4.4 LIME_MS=630.88 LIME_MEM_MB=1.0 XAI_METHODS=GRAD,SHAP,LIME
MACRO_AVG_LAST10 NODE=node-zeta ACC=0.9294 PREC=0.9695 REC=0.8868 F1=0.9263 AUC=0.9941
ROUND=34 NODE=node-zeta ACC=0.9241 PREC=0.9641 REC=0.8810 F1=0.9207 AUC=0.9931 TRAIN_TIME_S=21.081 PEAK_MEM_MB=1042.0 GRADXINPUT_MS=0.11 GRADXINPUT_MEM_MB=0.0 SHAP_MS=799.29 SHAP_MEM_MB=-4.5 LIME_MS=623.94 LIME_MEM_MB=6.5 XAI_METHODS=GRAD,SHAP,LIME
MACRO_AVG_LAST10 NODE=node-zeta ACC=0.9289 PREC=0.9697 REC=0.8856 F1=0.9257 AUC=0.9940
ROUND=35 NODE=node-zeta ACC=0.9272 PREC=0.9720 REC=0.8796 F1=0.9235 AUC=0.9927 TRAIN_TIME_S=23.197 PEAK_MEM_MB=1040.2 GRADXINPUT_MS=0.11 GRADXINPUT_MEM_MB=0.0 SHAP_MS=792.96 SHAP_MEM_MB=1.8 LIME_MS=617.03 LIME_MEM_MB=1.5 XAI_METHODS=GRAD,SHAP,LIME
MACRO_AVG_LAST10 NODE=node-zeta ACC=0.9285 PREC=0.9697 REC=0.8845 F1=0.9252 AUC=0.9939
ROUND=36 NODE=node-zeta ACC=0.9302 PREC=0.9665 REC=0.8913 F1=0.9274 AUC=0.9945 TRAIN_TIME_S=23.463 PEAK_MEM_MB=1108.3 GRADXINPUT_MS=0.11 GRADXINPUT_MEM_MB=0.0 SHAP_MS=795.77 SHAP_MEM_MB=2.1 LIME_MS=631.16 LIME_MEM_MB=1.5 XAI_METHODS=GRAD,SHAP,LIME
MACRO_AVG_LAST10 NODE=node-zeta ACC=0.9284 PREC=0.9693 REC=0.8850 F1=0.9252 AUC=0.9939
ROUND=37 NODE=node-zeta ACC=0.9335 PREC=0.9709 REC=0.8938 F1=0.9308 AUC=0.9946 TRAIN_TIME_S=21.307 PEAK_MEM_MB=1107.7 GRADXINPUT_MS=0.11 GRADXINPUT_MEM_MB=0.0 SHAP_MS=792.93 SHAP_MEM_MB=6.5 LIME_MS=629.98 LIME_MEM_MB=1.5 XAI_METHODS=GRAD,SHAP,LIME
MACRO_AVG_LAST10 NODE=node-zeta ACC=0.9287 PREC=0.9684 REC=0.8863 F1=0.9255 AUC=0.9938
ROUND=38 NODE=node-zeta ACC=0.9294 PREC=0.9735 REC=0.8829 F1=0.9260 AUC=0.9942 TRAIN_TIME_S=21.069 PEAK_MEM_MB=1041.1 GRADXINPUT_MS=0.11 GRADXINPUT_MEM_MB=0.0 SHAP_MS=792.79 SHAP_MEM_MB=12.9 LIME_MS=614.89 LIME_MEM_MB=0.5 XAI_METHODS=GRAD,SHAP,LIME
MACRO_AVG_LAST10 NODE=node-zeta ACC=0.9285 PREC=0.9688 REC=0.8855 F1=0.9253 AUC=0.9937
ROUND=39 NODE=node-zeta ACC=0.9374 PREC=0.9781 REC=0.8948 F1=0.9346 AUC=0.9945 TRAIN_TIME_S=21.456 PEAK_MEM_MB=1108.1 GRADXINPUT_MS=0.11 GRADXINPUT_MEM_MB=0.0 SHAP_MS=792.63 SHAP_MEM_MB=2.0 LIME_MS=621.09 LIME_MEM_MB=1.0 XAI_METHODS=GRAD,SHAP,LIME
MACRO_AVG_LAST10 NODE=node-zeta ACC=0.9289 PREC=0.9692 REC=0.8860 F1=0.9257 AUC=0.9937
ROUND=40 NODE=node-zeta ACC=0.9352 PREC=0.9865 REC=0.8825 F1=0.9316 AUC=0.9947 TRAIN_TIME_S=23.102 PEAK_MEM_MB=1041.9 GRADXINPUT_MS=0.11 GRADXINPUT_MEM_MB=0.0 SHAP_MS=793.18 SHAP_MEM_MB=12.1 LIME_MS=620.10 LIME_MEM_MB=1.0 XAI_METHODS=GRAD,SHAP,LIME
MACRO_AVG_LAST10 NODE=node-zeta ACC=0.9298 PREC=0.9711 REC=0.8861 F1=0.9266 AUC=0.9939
ROUND=41 NODE=node-zeta ACC=0.9336 PREC=0.9851 REC=0.8804 F1=0.9298 AUC=0.9938 TRAIN_TIME_S=21.189 PEAK_MEM_MB=1108.5 GRADXINPUT_MS=0.11 GRADXINPUT_MEM_MB=0.0 SHAP_MS=793.16 SHAP_MEM_MB=-0.5 LIME_MS=616.27 LIME_MEM_MB=1.0 XAI_METHODS=GRAD,SHAP,LIME
MACRO_AVG_LAST10 NODE=node-zeta ACC=0.9304 PREC=0.9725 REC=0.8859 F1=0.9271 AUC=0.9939
ROUND=42 NODE=node-zeta ACC=0.9369 PREC=0.9892 REC=0.8834 F1=0.9333 AUC=0.9950 TRAIN_TIME_S=23.351 PEAK_MEM_MB=1108.5 GRADXINPUT_MS=0.11 GRADXINPUT_MEM_MB=0.0 SHAP_MS=793.65 SHAP_MEM_MB=2.1 LIME_MS=623.17 LIME_MEM_MB=0.0 XAI_METHODS=GRAD,SHAP,LIME
MACRO_AVG_LAST10 NODE=node-zeta ACC=0.9312 PREC=0.9752 REC=0.8851 F1=0.9279 AUC=0.9940
ROUND=43 NODE=node-zeta ACC=0.9344 PREC=0.9871 REC=0.8804 F1=0.9307 AUC=0.9943 TRAIN_TIME_S=21.044 PEAK_MEM_MB=1102.5 GRADXINPUT_MS=0.11 GRADXINPUT_MEM_MB=0.0 SHAP_MS=793.97 SHAP_MEM_MB=-0.1 LIME_MS=622.13 LIME_MEM_MB=3.0 XAI_METHODS=GRAD,SHAP,LIME
MACRO_AVG_LAST10 NODE=node-zeta ACC=0.9322 PREC=0.9773 REC=0.8850 F1=0.9288 AUC=0.9941
ROUND=44 NODE=node-zeta ACC=0.9304 PREC=0.9725 REC=0.8857 F1=0.9271 AUC=0.9941 TRAIN_TIME_S=23.308 PEAK_MEM_MB=1044.2 GRADXINPUT_MS=0.11 GRADXINPUT_MEM_MB=0.0 SHAP_MS=793.97 SHAP_MEM_MB=3.4 LIME_MS=623.31 LIME_MEM_MB=0.5 XAI_METHODS=GRAD,SHAP,LIME
MACRO_AVG_LAST10 NODE=node-zeta ACC=0.9328 PREC=0.9782 REC=0.8855 F1=0.9295 AUC=0.9942
ROUND=45 NODE=node-zeta ACC=0.9244 PREC=0.9655 REC=0.8803 F1=0.9209 AUC=0.9934 TRAIN_TIME_S=23.090 PEAK_MEM_MB=1045.9 GRADXINPUT_MS=0.11 GRADXINPUT_MEM_MB=0.0 SHAP_MS=794.31 SHAP_MEM_MB=-1.0 LIME_MS=623.95 LIME_MEM_MB=-4.5 XAI_METHODS=GRAD,SHAP,LIME
MACRO_AVG_LAST10 NODE=node-zeta ACC=0.9325 PREC=0.9775 REC=0.8856 F1=0.9292 AUC=0.9943
ROUND=46 NODE=node-zeta ACC=0.9280 PREC=0.9645 REC=0.8886 F1=0.9250 AUC=0.9939 TRAIN_TIME_S=21.090 PEAK_MEM_MB=1037.1 GRADXINPUT_MS=0.11 GRADXINPUT_MEM_MB=0.0 SHAP_MS=795.11 SHAP_MEM_MB=-4.8 LIME_MS=620.76 LIME_MEM_MB=5.5 XAI_METHODS=GRAD,SHAP,LIME
MACRO_AVG_LAST10 NODE=node-zeta ACC=0.9323 PREC=0.9773 REC=0.8853 F1=0.9290 AUC=0.9943
ROUND=47 NODE=node-zeta ACC=0.9240 PREC=0.9688 REC=0.8763 F1=0.9202 AUC=0.9923 TRAIN_TIME_S=21.242 PEAK_MEM_MB=1108.3 GRADXINPUT_MS=0.11 GRADXINPUT_MEM_MB=0.0 SHAP_MS=793.84 SHAP_MEM_MB=15.7 LIME_MS=626.27 LIME_MEM_MB=0.0 XAI_METHODS=GRAD,SHAP,LIME
MACRO_AVG_LAST10 NODE=node-zeta ACC=0.9314 PREC=0.9771 REC=0.8835 F1=0.9279 AUC=0.9940
ROUND=48 NODE=node-zeta ACC=0.9289 PREC=0.9643 REC=0.8908 F1=0.9261 AUC=0.9929 TRAIN_TIME_S=25.564 PEAK_MEM_MB=1108.8 GRADXINPUT_MS=0.11 GRADXINPUT_MEM_MB=0.0 SHAP_MS=792.22 SHAP_MEM_MB=-7.7 LIME_MS=621.37 LIME_MEM_MB=9.0 XAI_METHODS=GRAD,SHAP,LIME
MACRO_AVG_LAST10 NODE=node-zeta ACC=0.9313 PREC=0.9762 REC=0.8843 F1=0.9279 AUC=0.9939
ROUND=49 NODE=node-zeta ACC=0.9202 PREC=0.9632 REC=0.8738 F1=0.9163 AUC=0.9911 TRAIN_TIME_S=21.224 PEAK_MEM_MB=1116.5 GRADXINPUT_MS=0.11 GRADXINPUT_MEM_MB=0.0 SHAP_MS=796.03 SHAP_MEM_MB=12.1 LIME_MS=625.33 LIME_MEM_MB=3.0 XAI_METHODS=GRAD,SHAP,LIME
MACRO_AVG_LAST10 NODE=node-zeta ACC=0.9296 PREC=0.9747 REC=0.8822 F1=0.9261 AUC=0.9936
ROUND=50 NODE=node-zeta ACC=0.9462 PREC=0.9791 REC=0.9119 F1=0.9443 AUC=0.9958 TRAIN_TIME_S=21.533 PEAK_MEM_MB=1123.6 GRADXINPUT_MS=0.11 GRADXINPUT_MEM_MB=0.0 SHAP_MS=793.36 SHAP_MEM_MB=10.3 LIME_MS=623.91 LIME_MEM_MB=0.5 XAI_METHODS=GRAD,SHAP,LIME
MACRO_AVG_LAST10 NODE=node-zeta ACC=0.9307 PREC=0.9739 REC=0.8852 F1=0.9274 AUC=0.9937
