# Metrics log for client node-beta - Run started at 2025-09-09 05:25:55.105496
# XAI_ENABLED=False DEVICE_TYPE=RaspberryPi-4B
# XAI Methods: GRADXINPUT=False SHAP=False LIME=False
# Format: ROUND=X NODE=Y ACC=Z ... [GRADXINPUT_MS=A GRADXINPUT_MEM_MB=B] [SHAP_MS=C SHAP_MEM_MB=D] [LIME_MS=E LIME_MEM_MB=F] XAI_METHODS=G,H,I
ROUND=1 NODE=node-beta ACC=0.9657 PREC=0.9767 REC=0.9541 F1=0.9652 AUC=0.9973 TRAIN_TIME_S=68.773 PEAK_MEM_MB=920.4 XAI_STATUS=DISABLED
ROUND=2 NODE=node-beta ACC=0.9665 PREC=0.9799 REC=0.9526 F1=0.9661 AUC=0.9976 TRAIN_TIME_S=62.088 PEAK_MEM_MB=930.9 XAI_STATUS=DISABLED
ROUND=3 NODE=node-beta ACC=0.9643 PREC=0.9848 REC=0.9431 F1=0.9635 AUC=0.9976 TRAIN_TIME_S=63.495 PEAK_MEM_MB=934.1 XAI_STATUS=DISABLED
ROUND=4 NODE=node-beta ACC=0.9622 PREC=0.9819 REC=0.9418 F1=0.9614 AUC=0.9964 TRAIN_TIME_S=62.025 PEAK_MEM_MB=939.8 XAI_STATUS=DISABLED
ROUND=5 NODE=node-beta ACC=0.9635 PREC=0.9846 REC=0.9418 F1=0.9627 AUC=0.9966 TRAIN_TIME_S=63.227 PEAK_MEM_MB=941.2 XAI_STATUS=DISABLED
ROUND=6 NODE=node-beta ACC=0.9495 PREC=0.9813 REC=0.9166 F1=0.9478 AUC=0.9827 TRAIN_TIME_S=62.671 PEAK_MEM_MB=931.1 XAI_STATUS=DISABLED
ROUND=7 NODE=node-beta ACC=0.9487 PREC=0.9813 REC=0.9147 F1=0.9468 AUC=0.9826 TRAIN_TIME_S=62.818 PEAK_MEM_MB=931.9 XAI_STATUS=DISABLED
ROUND=8 NODE=node-beta ACC=0.9588 PREC=0.9816 REC=0.9350 F1=0.9577 AUC=0.9832 TRAIN_TIME_S=63.855 PEAK_MEM_MB=932.6 XAI_STATUS=DISABLED
ROUND=9 NODE=node-beta ACC=0.9484 PREC=0.9812 REC=0.9142 F1=0.9465 AUC=0.9826 TRAIN_TIME_S=64.130 PEAK_MEM_MB=933.3 XAI_STATUS=DISABLED
ROUND=10 NODE=node-beta ACC=0.9588 PREC=0.9841 REC=0.9326 F1=0.9576 AUC=0.9831 TRAIN_TIME_S=66.562 PEAK_MEM_MB=934.1 XAI_STATUS=DISABLED
MACRO_AVG_LAST10 NODE=node-beta ACC=0.9586 PREC=0.9817 REC=0.9346 F1=0.9576 AUC=0.9900
ROUND=11 NODE=node-beta ACC=0.9480 PREC=0.9831 REC=0.9116 F1=0.9460 AUC=0.9825 TRAIN_TIME_S=64.051 PEAK_MEM_MB=945.7 XAI_STATUS=DISABLED
MACRO_AVG_LAST10 NODE=node-beta ACC=0.9569 PREC=0.9824 REC=0.9304 F1=0.9556 AUC=0.9885
ROUND=12 NODE=node-beta ACC=0.9477 PREC=0.9837 REC=0.9104 F1=0.9456 AUC=0.9825 TRAIN_TIME_S=64.140 PEAK_MEM_MB=947.8 XAI_STATUS=DISABLED
MACRO_AVG_LAST10 NODE=node-beta ACC=0.9550 PREC=0.9828 REC=0.9262 F1=0.9536 AUC=0.9870
ROUND=13 NODE=node-beta ACC=0.9610 PREC=0.9840 REC=0.9371 F1=0.9600 AUC=0.9962 TRAIN_TIME_S=63.085 PEAK_MEM_MB=948.8 XAI_STATUS=DISABLED
MACRO_AVG_LAST10 NODE=node-beta ACC=0.9546 PREC=0.9827 REC=0.9256 F1=0.9532 AUC=0.9868
ROUND=14 NODE=node-beta ACC=0.9512 PREC=0.9897 REC=0.9119 F1=0.9492 AUC=0.9947 TRAIN_TIME_S=62.968 PEAK_MEM_MB=949.4 XAI_STATUS=DISABLED
MACRO_AVG_LAST10 NODE=node-beta ACC=0.9535 PREC=0.9835 REC=0.9226 F1=0.9520 AUC=0.9867
ROUND=15 NODE=node-beta ACC=0.9639 PREC=0.9860 REC=0.9412 F1=0.9631 AUC=0.9953 TRAIN_TIME_S=64.005 PEAK_MEM_MB=949.5 XAI_STATUS=DISABLED
MACRO_AVG_LAST10 NODE=node-beta ACC=0.9536 PREC=0.9836 REC=0.9225 F1=0.9520 AUC=0.9865
ROUND=16 NODE=node-beta ACC=0.9621 PREC=0.9853 REC=0.9382 F1=0.9612 AUC=0.9925 TRAIN_TIME_S=64.103 PEAK_MEM_MB=949.7 XAI_STATUS=DISABLED
MACRO_AVG_LAST10 NODE=node-beta ACC=0.9548 PREC=0.9840 REC=0.9247 F1=0.9534 AUC=0.9875
ROUND=17 NODE=node-beta ACC=0.9591 PREC=0.9853 REC=0.9321 F1=0.9580 AUC=0.9859 TRAIN_TIME_S=63.986 PEAK_MEM_MB=949.8 XAI_STATUS=DISABLED
MACRO_AVG_LAST10 NODE=node-beta ACC=0.9559 PREC=0.9844 REC=0.9264 F1=0.9545 AUC=0.9879
ROUND=18 NODE=node-beta ACC=0.9628 PREC=0.9849 REC=0.9401 F1=0.9620 AUC=0.9976 TRAIN_TIME_S=63.138 PEAK_MEM_MB=950.9 XAI_STATUS=DISABLED
MACRO_AVG_LAST10 NODE=node-beta ACC=0.9563 PREC=0.9847 REC=0.9269 F1=0.9549 AUC=0.9893
ROUND=19 NODE=node-beta ACC=0.9618 PREC=0.9856 REC=0.9373 F1=0.9608 AUC=0.9960 TRAIN_TIME_S=63.171 PEAK_MEM_MB=951.3 XAI_STATUS=DISABLED
MACRO_AVG_LAST10 NODE=node-beta ACC=0.9576 PREC=0.9852 REC=0.9293 F1=0.9563 AUC=0.9906
ROUND=20 NODE=node-beta ACC=0.9625 PREC=0.9850 REC=0.9393 F1=0.9616 AUC=0.9967 TRAIN_TIME_S=64.312 PEAK_MEM_MB=951.1 XAI_STATUS=DISABLED
MACRO_AVG_LAST10 NODE=node-beta ACC=0.9580 PREC=0.9853 REC=0.9299 F1=0.9567 AUC=0.9920
ROUND=21 NODE=node-beta ACC=0.9622 PREC=0.9849 REC=0.9389 F1=0.9613 AUC=0.9973 TRAIN_TIME_S=63.222 PEAK_MEM_MB=950.4 XAI_STATUS=DISABLED
MACRO_AVG_LAST10 NODE=node-beta ACC=0.9594 PREC=0.9854 REC=0.9326 F1=0.9583 AUC=0.9935
ROUND=22 NODE=node-beta ACC=0.9600 PREC=0.9857 REC=0.9335 F1=0.9589 AUC=0.9847 TRAIN_TIME_S=63.271 PEAK_MEM_MB=951.1 XAI_STATUS=DISABLED
MACRO_AVG_LAST10 NODE=node-beta ACC=0.9607 PREC=0.9856 REC=0.9350 F1=0.9596 AUC=0.9937
ROUND=23 NODE=node-beta ACC=0.9622 PREC=0.9851 REC=0.9387 F1=0.9613 AUC=0.9969 TRAIN_TIME_S=65.161 PEAK_MEM_MB=951.6 XAI_STATUS=DISABLED
MACRO_AVG_LAST10 NODE=node-beta ACC=0.9608 PREC=0.9858 REC=0.9351 F1=0.9597 AUC=0.9938
ROUND=24 NODE=node-beta ACC=0.9617 PREC=0.9855 REC=0.9373 F1=0.9608 AUC=0.9968 TRAIN_TIME_S=63.181 PEAK_MEM_MB=952.6 XAI_STATUS=DISABLED
MACRO_AVG_LAST10 NODE=node-beta ACC=0.9618 PREC=0.9853 REC=0.9377 F1=0.9609 AUC=0.9940
ROUND=25 NODE=node-beta ACC=0.9610 PREC=0.9852 REC=0.9362 F1=0.9601 AUC=0.9963 TRAIN_TIME_S=63.220 PEAK_MEM_MB=952.9 XAI_STATUS=DISABLED
MACRO_AVG_LAST10 NODE=node-beta ACC=0.9616 PREC=0.9853 REC=0.9372 F1=0.9606 AUC=0.9941
ROUND=26 NODE=node-beta ACC=0.9588 PREC=0.9850 REC=0.9317 F1=0.9576 AUC=0.9848 TRAIN_TIME_S=63.503 PEAK_MEM_MB=953.1 XAI_STATUS=DISABLED
MACRO_AVG_LAST10 NODE=node-beta ACC=0.9612 PREC=0.9852 REC=0.9365 F1=0.9602 AUC=0.9933
ROUND=27 NODE=node-beta ACC=0.9494 PREC=0.9849 REC=0.9128 F1=0.9475 AUC=0.9832 TRAIN_TIME_S=65.270 PEAK_MEM_MB=953.4 XAI_STATUS=DISABLED
MACRO_AVG_LAST10 NODE=node-beta ACC=0.9603 PREC=0.9852 REC=0.9346 F1=0.9592 AUC=0.9930
ROUND=28 NODE=node-beta ACC=0.9633 PREC=0.9851 REC=0.9409 F1=0.9625 AUC=0.9961 TRAIN_TIME_S=64.113 PEAK_MEM_MB=953.2 XAI_STATUS=DISABLED
MACRO_AVG_LAST10 NODE=node-beta ACC=0.9603 PREC=0.9852 REC=0.9347 F1=0.9592 AUC=0.9929
ROUND=29 NODE=node-beta ACC=0.9625 PREC=0.9853 REC=0.9390 F1=0.9616 AUC=0.9966 TRAIN_TIME_S=63.343 PEAK_MEM_MB=953.5 XAI_STATUS=DISABLED
MACRO_AVG_LAST10 NODE=node-beta ACC=0.9604 PREC=0.9852 REC=0.9348 F1=0.9593 AUC=0.9929
ROUND=30 NODE=node-beta ACC=0.9610 PREC=0.9846 REC=0.9368 F1=0.9601 AUC=0.9965 TRAIN_TIME_S=63.374 PEAK_MEM_MB=947.8 XAI_STATUS=DISABLED
MACRO_AVG_LAST10 NODE=node-beta ACC=0.9602 PREC=0.9851 REC=0.9346 F1=0.9592 AUC=0.9929
ROUND=31 NODE=node-beta ACC=0.9604 PREC=0.9847 REC=0.9353 F1=0.9594 AUC=0.9952 TRAIN_TIME_S=63.326 PEAK_MEM_MB=952.8 XAI_STATUS=DISABLED
MACRO_AVG_LAST10 NODE=node-beta ACC=0.9600 PREC=0.9851 REC=0.9342 F1=0.9590 AUC=0.9927
ROUND=32 NODE=node-beta ACC=0.9590 PREC=0.9850 REC=0.9323 F1=0.9579 AUC=0.9840 TRAIN_TIME_S=63.313 PEAK_MEM_MB=953.3 XAI_STATUS=DISABLED
MACRO_AVG_LAST10 NODE=node-beta ACC=0.9600 PREC=0.9850 REC=0.9341 F1=0.9589 AUC=0.9926
ROUND=33 NODE=node-beta ACC=0.9586 PREC=0.9851 REC=0.9314 F1=0.9575 AUC=0.9847 TRAIN_TIME_S=64.548 PEAK_MEM_MB=949.2 XAI_STATUS=DISABLED
MACRO_AVG_LAST10 NODE=node-beta ACC=0.9596 PREC=0.9850 REC=0.9334 F1=0.9585 AUC=0.9914
ROUND=34 NODE=node-beta ACC=0.9604 PREC=0.9852 REC=0.9349 F1=0.9594 AUC=0.9851 TRAIN_TIME_S=65.735 PEAK_MEM_MB=955.4 XAI_STATUS=DISABLED
MACRO_AVG_LAST10 NODE=node-beta ACC=0.9595 PREC=0.9850 REC=0.9331 F1=0.9584 AUC=0.9903
ROUND=35 NODE=node-beta ACC=0.9592 PREC=0.9848 REC=0.9329 F1=0.9581 AUC=0.9840 TRAIN_TIME_S=66.570 PEAK_MEM_MB=956.1 XAI_STATUS=DISABLED
MACRO_AVG_LAST10 NODE=node-beta ACC=0.9593 PREC=0.9850 REC=0.9328 F1=0.9582 AUC=0.9890
ROUND=36 NODE=node-beta ACC=0.9620 PREC=0.9851 REC=0.9382 F1=0.9611 AUC=0.9841 TRAIN_TIME_S=65.538 PEAK_MEM_MB=956.1 XAI_STATUS=DISABLED
MACRO_AVG_LAST10 NODE=node-beta ACC=0.9596 PREC=0.9850 REC=0.9335 F1=0.9585 AUC=0.9890
ROUND=37 NODE=node-beta ACC=0.9597 PREC=0.9849 REC=0.9337 F1=0.9586 AUC=0.9866 TRAIN_TIME_S=63.206 PEAK_MEM_MB=956.3 XAI_STATUS=DISABLED
MACRO_AVG_LAST10 NODE=node-beta ACC=0.9606 PREC=0.9850 REC=0.9355 F1=0.9596 AUC=0.9893
ROUND=38 NODE=node-beta ACC=0.9582 PREC=0.9851 REC=0.9304 F1=0.9570 AUC=0.9820 TRAIN_TIME_S=63.249 PEAK_MEM_MB=956.3 XAI_STATUS=DISABLED
MACRO_AVG_LAST10 NODE=node-beta ACC=0.9601 PREC=0.9850 REC=0.9345 F1=0.9591 AUC=0.9879
ROUND=39 NODE=node-beta ACC=0.9566 PREC=0.9850 REC=0.9272 F1=0.9552 AUC=0.9831 TRAIN_TIME_S=65.554 PEAK_MEM_MB=956.2 XAI_STATUS=DISABLED
MACRO_AVG_LAST10 NODE=node-beta ACC=0.9595 PREC=0.9850 REC=0.9333 F1=0.9584 AUC=0.9865
ROUND=40 NODE=node-beta ACC=0.9573 PREC=0.9849 REC=0.9288 F1=0.9560 AUC=0.9830 TRAIN_TIME_S=65.377 PEAK_MEM_MB=988.0 XAI_STATUS=DISABLED
MACRO_AVG_LAST10 NODE=node-beta ACC=0.9591 PREC=0.9850 REC=0.9325 F1=0.9580 AUC=0.9852
ROUND=41 NODE=node-beta ACC=0.9584 PREC=0.9852 REC=0.9307 F1=0.9572 AUC=0.9834 TRAIN_TIME_S=63.196 PEAK_MEM_MB=988.1 XAI_STATUS=DISABLED
MACRO_AVG_LAST10 NODE=node-beta ACC=0.9589 PREC=0.9850 REC=0.9321 F1=0.9578 AUC=0.9840
ROUND=42 NODE=node-beta ACC=0.9562 PREC=0.9848 REC=0.9267 F1=0.9549 AUC=0.9836 TRAIN_TIME_S=63.341 PEAK_MEM_MB=989.3 XAI_STATUS=DISABLED
MACRO_AVG_LAST10 NODE=node-beta ACC=0.9587 PREC=0.9850 REC=0.9315 F1=0.9575 AUC=0.9840
ROUND=43 NODE=node-beta ACC=0.9459 PREC=0.9848 REC=0.9059 F1=0.9437 AUC=0.9817 TRAIN_TIME_S=64.250 PEAK_MEM_MB=989.2 XAI_STATUS=DISABLED
MACRO_AVG_LAST10 NODE=node-beta ACC=0.9574 PREC=0.9850 REC=0.9289 F1=0.9561 AUC=0.9837
ROUND=44 NODE=node-beta ACC=0.9585 PREC=0.9849 REC=0.9314 F1=0.9574 AUC=0.9829 TRAIN_TIME_S=63.295 PEAK_MEM_MB=990.5 XAI_STATUS=DISABLED
MACRO_AVG_LAST10 NODE=node-beta ACC=0.9572 PREC=0.9849 REC=0.9286 F1=0.9559 AUC=0.9834
ROUND=45 NODE=node-beta ACC=0.9577 PREC=0.9853 REC=0.9293 F1=0.9565 AUC=0.9827 TRAIN_TIME_S=63.223 PEAK_MEM_MB=990.7 XAI_STATUS=DISABLED
MACRO_AVG_LAST10 NODE=node-beta ACC=0.9570 PREC=0.9850 REC=0.9282 F1=0.9558 AUC=0.9833
ROUND=46 NODE=node-beta ACC=0.9584 PREC=0.9852 REC=0.9308 F1=0.9572 AUC=0.9825 TRAIN_TIME_S=63.396 PEAK_MEM_MB=961.4 XAI_STATUS=DISABLED
MACRO_AVG_LAST10 NODE=node-beta ACC=0.9567 PREC=0.9850 REC=0.9275 F1=0.9554 AUC=0.9831
ROUND=47 NODE=node-beta ACC=0.9585 PREC=0.9851 REC=0.9312 F1=0.9574 AUC=0.9834 TRAIN_TIME_S=63.398 PEAK_MEM_MB=962.6 XAI_STATUS=DISABLED
MACRO_AVG_LAST10 NODE=node-beta ACC=0.9566 PREC=0.9850 REC=0.9272 F1=0.9552 AUC=0.9828
ROUND=48 NODE=node-beta ACC=0.9595 PREC=0.9851 REC=0.9330 F1=0.9583 AUC=0.9829 TRAIN_TIME_S=63.275 PEAK_MEM_MB=991.7 XAI_STATUS=DISABLED
MACRO_AVG_LAST10 NODE=node-beta ACC=0.9567 PREC=0.9850 REC=0.9275 F1=0.9554 AUC=0.9829
ROUND=49 NODE=node-beta ACC=0.9595 PREC=0.9851 REC=0.9330 F1=0.9583 AUC=0.9963 TRAIN_TIME_S=64.538 PEAK_MEM_MB=991.6 XAI_STATUS=DISABLED
MACRO_AVG_LAST10 NODE=node-beta ACC=0.9570 PREC=0.9850 REC=0.9281 F1=0.9557 AUC=0.9842
ROUND=50 NODE=node-beta ACC=0.9610 PREC=0.9851 REC=0.9362 F1=0.9600 AUC=0.9848 TRAIN_TIME_S=63.416 PEAK_MEM_MB=967.9 XAI_STATUS=DISABLED
MACRO_AVG_LAST10 NODE=node-beta ACC=0.9574 PREC=0.9850 REC=0.9288 F1=0.9561 AUC=0.9844
ROUND=51 NODE=node-beta ACC=0.9632 PREC=0.9850 REC=0.9407 F1=0.9624 AUC=0.9958 TRAIN_TIME_S=64.443 PEAK_MEM_MB=968.1 XAI_STATUS=DISABLED
MACRO_AVG_LAST10 NODE=node-beta ACC=0.9578 PREC=0.9850 REC=0.9298 F1=0.9566 AUC=0.9857
ROUND=52 NODE=node-beta ACC=0.9612 PREC=0.9851 REC=0.9366 F1=0.9602 AUC=0.9830 TRAIN_TIME_S=65.559 PEAK_MEM_MB=968.1 XAI_STATUS=DISABLED
MACRO_AVG_LAST10 NODE=node-beta ACC=0.9583 PREC=0.9851 REC=0.9308 F1=0.9571 AUC=0.9856
ROUND=53 NODE=node-beta ACC=0.9636 PREC=0.9854 REC=0.9412 F1=0.9628 AUC=0.9926 TRAIN_TIME_S=68.160 PEAK_MEM_MB=968.0 XAI_STATUS=DISABLED
MACRO_AVG_LAST10 NODE=node-beta ACC=0.9601 PREC=0.9851 REC=0.9343 F1=0.9591 AUC=0.9867
ROUND=54 NODE=node-beta ACC=0.9589 PREC=0.9852 REC=0.9318 F1=0.9578 AUC=0.9950 TRAIN_TIME_S=63.539 PEAK_MEM_MB=968.2 XAI_STATUS=DISABLED
MACRO_AVG_LAST10 NODE=node-beta ACC=0.9601 PREC=0.9852 REC=0.9344 F1=0.9591 AUC=0.9879
ROUND=55 NODE=node-beta ACC=0.9607 PREC=0.9849 REC=0.9358 F1=0.9597 AUC=0.9954 TRAIN_TIME_S=63.383 PEAK_MEM_MB=968.2 XAI_STATUS=DISABLED
MACRO_AVG_LAST10 NODE=node-beta ACC=0.9605 PREC=0.9851 REC=0.9350 F1=0.9594 AUC=0.9892
ROUND=56 NODE=node-beta ACC=0.9658 PREC=0.9857 REC=0.9453 F1=0.9651 AUC=0.9856 TRAIN_TIME_S=63.349 PEAK_MEM_MB=968.4 XAI_STATUS=DISABLED
MACRO_AVG_LAST10 NODE=node-beta ACC=0.9612 PREC=0.9852 REC=0.9365 F1=0.9602 AUC=0.9895
ROUND=57 NODE=node-beta ACC=0.9574 PREC=0.9852 REC=0.9289 F1=0.9562 AUC=0.9954 TRAIN_TIME_S=65.419 PEAK_MEM_MB=968.6 XAI_STATUS=DISABLED
MACRO_AVG_LAST10 NODE=node-beta ACC=0.9611 PREC=0.9852 REC=0.9363 F1=0.9601 AUC=0.9907
ROUND=58 NODE=node-beta ACC=0.9568 PREC=0.9848 REC=0.9280 F1=0.9556 AUC=0.9956 TRAIN_TIME_S=65.675 PEAK_MEM_MB=968.9 XAI_STATUS=DISABLED
MACRO_AVG_LAST10 NODE=node-beta ACC=0.9608 PREC=0.9852 REC=0.9358 F1=0.9598 AUC=0.9920
ROUND=59 NODE=node-beta ACC=0.9577 PREC=0.9854 REC=0.9291 F1=0.9564 AUC=0.9957 TRAIN_TIME_S=63.829 PEAK_MEM_MB=968.2 XAI_STATUS=DISABLED
MACRO_AVG_LAST10 NODE=node-beta ACC=0.9606 PREC=0.9852 REC=0.9354 F1=0.9596 AUC=0.9919
ROUND=60 NODE=node-beta ACC=0.9597 PREC=0.9852 REC=0.9335 F1=0.9587 AUC=0.9958 TRAIN_TIME_S=63.481 PEAK_MEM_MB=968.6 XAI_STATUS=DISABLED
MACRO_AVG_LAST10 NODE=node-beta ACC=0.9605 PREC=0.9852 REC=0.9351 F1=0.9595 AUC=0.9930
ROUND=61 NODE=node-beta ACC=0.9620 PREC=0.9854 REC=0.9379 F1=0.9611 AUC=0.9962 TRAIN_TIME_S=64.377 PEAK_MEM_MB=969.1 XAI_STATUS=DISABLED
MACRO_AVG_LAST10 NODE=node-beta ACC=0.9604 PREC=0.9852 REC=0.9348 F1=0.9594 AUC=0.9930
ROUND=62 NODE=node-beta ACC=0.9591 PREC=0.9853 REC=0.9321 F1=0.9580 AUC=0.9959 TRAIN_TIME_S=65.548 PEAK_MEM_MB=969.1 XAI_STATUS=DISABLED
MACRO_AVG_LAST10 NODE=node-beta ACC=0.9602 PREC=0.9853 REC=0.9344 F1=0.9591 AUC=0.9943
ROUND=63 NODE=node-beta ACC=0.9652 PREC=0.9855 REC=0.9443 F1=0.9645 AUC=0.9844 TRAIN_TIME_S=64.593 PEAK_MEM_MB=969.1 XAI_STATUS=DISABLED
MACRO_AVG_LAST10 NODE=node-beta ACC=0.9603 PREC=0.9853 REC=0.9347 F1=0.9593 AUC=0.9935
ROUND=64 NODE=node-beta ACC=0.9633 PREC=0.9854 REC=0.9405 F1=0.9624 AUC=0.9808 TRAIN_TIME_S=65.607 PEAK_MEM_MB=969.0 XAI_STATUS=DISABLED
MACRO_AVG_LAST10 NODE=node-beta ACC=0.9608 PREC=0.9853 REC=0.9355 F1=0.9598 AUC=0.9921
ROUND=65 NODE=node-beta ACC=0.9612 PREC=0.9852 REC=0.9365 F1=0.9602 AUC=0.9855 TRAIN_TIME_S=66.179 PEAK_MEM_MB=969.3 XAI_STATUS=DISABLED
MACRO_AVG_LAST10 NODE=node-beta ACC=0.9608 PREC=0.9853 REC=0.9356 F1=0.9598 AUC=0.9911
ROUND=66 NODE=node-beta ACC=0.9616 PREC=0.9858 REC=0.9367 F1=0.9606 AUC=0.9822 TRAIN_TIME_S=63.483 PEAK_MEM_MB=969.2 XAI_STATUS=DISABLED
MACRO_AVG_LAST10 NODE=node-beta ACC=0.9604 PREC=0.9853 REC=0.9347 F1=0.9594 AUC=0.9907
ROUND=67 NODE=node-beta ACC=0.9621 PREC=0.9858 REC=0.9378 F1=0.9612 AUC=0.9955 TRAIN_TIME_S=64.398 PEAK_MEM_MB=969.5 XAI_STATUS=DISABLED
MACRO_AVG_LAST10 NODE=node-beta ACC=0.9609 PREC=0.9854 REC=0.9356 F1=0.9599 AUC=0.9908
ROUND=68 NODE=node-beta ACC=0.9596 PREC=0.9857 REC=0.9326 F1=0.9584 AUC=0.9835 TRAIN_TIME_S=64.664 PEAK_MEM_MB=998.5 XAI_STATUS=DISABLED
MACRO_AVG_LAST10 NODE=node-beta ACC=0.9612 PREC=0.9855 REC=0.9361 F1=0.9601 AUC=0.9895
ROUND=69 NODE=node-beta ACC=0.9595 PREC=0.9853 REC=0.9328 F1=0.9583 AUC=0.9926 TRAIN_TIME_S=64.408 PEAK_MEM_MB=1017.1 XAI_STATUS=DISABLED
MACRO_AVG_LAST10 NODE=node-beta ACC=0.9613 PREC=0.9855 REC=0.9365 F1=0.9603 AUC=0.9892
ROUND=70 NODE=node-beta ACC=0.9592 PREC=0.9856 REC=0.9319 F1=0.9580 AUC=0.9952 TRAIN_TIME_S=64.407 PEAK_MEM_MB=1017.2 XAI_STATUS=DISABLED
MACRO_AVG_LAST10 NODE=node-beta ACC=0.9613 PREC=0.9855 REC=0.9363 F1=0.9603 AUC=0.9892
ROUND=71 NODE=node-beta ACC=0.9562 PREC=0.9854 REC=0.9261 F1=0.9548 AUC=0.9950 TRAIN_TIME_S=63.359 PEAK_MEM_MB=1017.3 XAI_STATUS=DISABLED
MACRO_AVG_LAST10 NODE=node-beta ACC=0.9607 PREC=0.9855 REC=0.9351 F1=0.9597 AUC=0.9890
ROUND=72 NODE=node-beta ACC=0.9575 PREC=0.9851 REC=0.9292 F1=0.9563 AUC=0.9962 TRAIN_TIME_S=64.568 PEAK_MEM_MB=1017.3 XAI_STATUS=DISABLED
MACRO_AVG_LAST10 NODE=node-beta ACC=0.9605 PREC=0.9855 REC=0.9348 F1=0.9595 AUC=0.9891
ROUND=73 NODE=node-beta ACC=0.9558 PREC=0.9856 REC=0.9251 F1=0.9544 AUC=0.9798 TRAIN_TIME_S=63.194 PEAK_MEM_MB=1017.9 XAI_STATUS=DISABLED
MACRO_AVG_LAST10 NODE=node-beta ACC=0.9596 PREC=0.9855 REC=0.9329 F1=0.9585 AUC=0.9886
ROUND=74 NODE=node-beta ACC=0.9588 PREC=0.9854 REC=0.9314 F1=0.9576 AUC=0.9795 TRAIN_TIME_S=64.515 PEAK_MEM_MB=1017.9 XAI_STATUS=DISABLED
MACRO_AVG_LAST10 NODE=node-beta ACC=0.9591 PREC=0.9855 REC=0.9320 F1=0.9580 AUC=0.9885
ROUND=75 NODE=node-beta ACC=0.9549 PREC=0.9855 REC=0.9233 F1=0.9534 AUC=0.9826 TRAIN_TIME_S=63.294 PEAK_MEM_MB=1017.9 XAI_STATUS=DISABLED
MACRO_AVG_LAST10 NODE=node-beta ACC=0.9585 PREC=0.9855 REC=0.9307 F1=0.9573 AUC=0.9882
ROUND=76 NODE=node-beta ACC=0.9559 PREC=0.9853 REC=0.9255 F1=0.9545 AUC=0.9820 TRAIN_TIME_S=63.253 PEAK_MEM_MB=1017.9 XAI_STATUS=DISABLED
MACRO_AVG_LAST10 NODE=node-beta ACC=0.9579 PREC=0.9855 REC=0.9296 F1=0.9567 AUC=0.9882
ROUND=77 NODE=node-beta ACC=0.9580 PREC=0.9856 REC=0.9296 F1=0.9568 AUC=0.9824 TRAIN_TIME_S=65.729 PEAK_MEM_MB=1018.0 XAI_STATUS=DISABLED
MACRO_AVG_LAST10 NODE=node-beta ACC=0.9575 PREC=0.9855 REC=0.9288 F1=0.9563 AUC=0.9869
ROUND=78 NODE=node-beta ACC=0.9557 PREC=0.9853 REC=0.9253 F1=0.9544 AUC=0.9832 TRAIN_TIME_S=63.502 PEAK_MEM_MB=1018.0 XAI_STATUS=DISABLED
MACRO_AVG_LAST10 NODE=node-beta ACC=0.9571 PREC=0.9854 REC=0.9280 F1=0.9559 AUC=0.9869
ROUND=79 NODE=node-beta ACC=0.9565 PREC=0.9851 REC=0.9270 F1=0.9552 AUC=0.9805 TRAIN_TIME_S=65.626 PEAK_MEM_MB=978.0 XAI_STATUS=DISABLED
MACRO_AVG_LAST10 NODE=node-beta ACC=0.9568 PREC=0.9854 REC=0.9274 F1=0.9555 AUC=0.9857
ROUND=80 NODE=node-beta ACC=0.9563 PREC=0.9855 REC=0.9262 F1=0.9549 AUC=0.9782 TRAIN_TIME_S=64.372 PEAK_MEM_MB=978.5 XAI_STATUS=DISABLED
MACRO_AVG_LAST10 NODE=node-beta ACC=0.9566 PREC=0.9854 REC=0.9269 F1=0.9552 AUC=0.9839
ROUND=81 NODE=node-beta ACC=0.9560 PREC=0.9852 REC=0.9260 F1=0.9547 AUC=0.9787 TRAIN_TIME_S=63.560 PEAK_MEM_MB=978.6 XAI_STATUS=DISABLED
MACRO_AVG_LAST10 NODE=node-beta ACC=0.9565 PREC=0.9854 REC=0.9269 F1=0.9552 AUC=0.9823
ROUND=82 NODE=node-beta ACC=0.9571 PREC=0.9853 REC=0.9281 F1=0.9559 AUC=0.9780 TRAIN_TIME_S=63.382 PEAK_MEM_MB=978.8 XAI_STATUS=DISABLED
MACRO_AVG_LAST10 NODE=node-beta ACC=0.9565 PREC=0.9854 REC=0.9267 F1=0.9552 AUC=0.9805
ROUND=83 NODE=node-beta ACC=0.9556 PREC=0.9854 REC=0.9249 F1=0.9542 AUC=0.9813 TRAIN_TIME_S=63.417 PEAK_MEM_MB=978.7 XAI_STATUS=DISABLED
MACRO_AVG_LAST10 NODE=node-beta ACC=0.9565 PREC=0.9854 REC=0.9267 F1=0.9551 AUC=0.9806
ROUND=84 NODE=node-beta ACC=0.9557 PREC=0.9856 REC=0.9249 F1=0.9543 AUC=0.9760 TRAIN_TIME_S=63.329 PEAK_MEM_MB=978.8 XAI_STATUS=DISABLED
MACRO_AVG_LAST10 NODE=node-beta ACC=0.9562 PREC=0.9854 REC=0.9261 F1=0.9548 AUC=0.9803
ROUND=85 NODE=node-beta ACC=0.9547 PREC=0.9853 REC=0.9232 F1=0.9532 AUC=0.9748 TRAIN_TIME_S=63.253 PEAK_MEM_MB=978.8 XAI_STATUS=DISABLED
MACRO_AVG_LAST10 NODE=node-beta ACC=0.9562 PREC=0.9854 REC=0.9261 F1=0.9548 AUC=0.9795
ROUND=86 NODE=node-beta ACC=0.9570 PREC=0.9850 REC=0.9281 F1=0.9557 AUC=0.9749 TRAIN_TIME_S=64.630 PEAK_MEM_MB=979.6 XAI_STATUS=DISABLED
MACRO_AVG_LAST10 NODE=node-beta ACC=0.9563 PREC=0.9853 REC=0.9263 F1=0.9549 AUC=0.9788
ROUND=87 NODE=node-beta ACC=0.9560 PREC=0.9846 REC=0.9265 F1=0.9547 AUC=0.9781 TRAIN_TIME_S=65.305 PEAK_MEM_MB=979.6 XAI_STATUS=DISABLED
MACRO_AVG_LAST10 NODE=node-beta ACC=0.9561 PREC=0.9852 REC=0.9260 F1=0.9547 AUC=0.9784
ROUND=88 NODE=node-beta ACC=0.9450 PREC=0.9849 REC=0.9039 F1=0.9426 AUC=0.9758 TRAIN_TIME_S=64.102 PEAK_MEM_MB=972.3 XAI_STATUS=DISABLED
MACRO_AVG_LAST10 NODE=node-beta ACC=0.9550 PREC=0.9852 REC=0.9239 F1=0.9535 AUC=0.9776
ROUND=89 NODE=node-beta ACC=0.9457 PREC=0.9847 REC=0.9055 F1=0.9434 AUC=0.9775 TRAIN_TIME_S=64.735 PEAK_MEM_MB=979.2 XAI_STATUS=DISABLED
MACRO_AVG_LAST10 NODE=node-beta ACC=0.9539 PREC=0.9852 REC=0.9217 F1=0.9524 AUC=0.9773
ROUND=90 NODE=node-beta ACC=0.9363 PREC=0.9848 REC=0.8864 F1=0.9330 AUC=0.9778 TRAIN_TIME_S=63.907 PEAK_MEM_MB=980.8 XAI_STATUS=DISABLED
MACRO_AVG_LAST10 NODE=node-beta ACC=0.9519 PREC=0.9851 REC=0.9178 F1=0.9502 AUC=0.9773
ROUND=91 NODE=node-beta ACC=0.9434 PREC=0.9849 REC=0.9006 F1=0.9409 AUC=0.9763 TRAIN_TIME_S=62.952 PEAK_MEM_MB=980.9 XAI_STATUS=DISABLED
MACRO_AVG_LAST10 NODE=node-beta ACC=0.9507 PREC=0.9850 REC=0.9152 F1=0.9488 AUC=0.9770
ROUND=92 NODE=node-beta ACC=0.9462 PREC=0.9851 REC=0.9060 F1=0.9439 AUC=0.9768 TRAIN_TIME_S=62.834 PEAK_MEM_MB=981.0 XAI_STATUS=DISABLED
MACRO_AVG_LAST10 NODE=node-beta ACC=0.9496 PREC=0.9850 REC=0.9130 F1=0.9476 AUC=0.9769
ROUND=93 NODE=node-beta ACC=0.9450 PREC=0.9843 REC=0.9044 F1=0.9427 AUC=0.9812 TRAIN_TIME_S=63.880 PEAK_MEM_MB=980.9 XAI_STATUS=DISABLED
MACRO_AVG_LAST10 NODE=node-beta ACC=0.9485 PREC=0.9849 REC=0.9110 F1=0.9464 AUC=0.9769
ROUND=94 NODE=node-beta ACC=0.9449 PREC=0.9849 REC=0.9036 F1=0.9425 AUC=0.9775 TRAIN_TIME_S=62.999 PEAK_MEM_MB=981.6 XAI_STATUS=DISABLED
MACRO_AVG_LAST10 NODE=node-beta ACC=0.9474 PREC=0.9848 REC=0.9088 F1=0.9453 AUC=0.9771
ROUND=95 NODE=node-beta ACC=0.9451 PREC=0.9859 REC=0.9030 F1=0.9426 AUC=0.9792 TRAIN_TIME_S=62.775 PEAK_MEM_MB=1017.6 XAI_STATUS=DISABLED
MACRO_AVG_LAST10 NODE=node-beta ACC=0.9465 PREC=0.9849 REC=0.9068 F1=0.9442 AUC=0.9775
ROUND=96 NODE=node-beta ACC=0.9457 PREC=0.9857 REC=0.9046 F1=0.9434 AUC=0.9796 TRAIN_TIME_S=62.748 PEAK_MEM_MB=1017.6 XAI_STATUS=DISABLED
MACRO_AVG_LAST10 NODE=node-beta ACC=0.9453 PREC=0.9850 REC=0.9045 F1=0.9430 AUC=0.9780
ROUND=97 NODE=node-beta ACC=0.9306 PREC=0.9846 REC=0.8750 F1=0.9266 AUC=0.9766 TRAIN_TIME_S=63.904 PEAK_MEM_MB=987.9 XAI_STATUS=DISABLED
MACRO_AVG_LAST10 NODE=node-beta ACC=0.9428 PREC=0.9850 REC=0.8993 F1=0.9402 AUC=0.9778
ROUND=98 NODE=node-beta ACC=0.9301 PREC=0.9845 REC=0.8739 F1=0.9259 AUC=0.9823 TRAIN_TIME_S=65.348 PEAK_MEM_MB=983.6 XAI_STATUS=DISABLED
MACRO_AVG_LAST10 NODE=node-beta ACC=0.9413 PREC=0.9849 REC=0.8963 F1=0.9385 AUC=0.9785
ROUND=99 NODE=node-beta ACC=0.9561 PREC=0.9842 REC=0.9271 F1=0.9548 AUC=0.9807 TRAIN_TIME_S=63.808 PEAK_MEM_MB=985.0 XAI_STATUS=DISABLED
MACRO_AVG_LAST10 NODE=node-beta ACC=0.9423 PREC=0.9849 REC=0.8985 F1=0.9396 AUC=0.9788
ROUND=100 NODE=node-beta ACC=0.9311 PREC=0.9849 REC=0.8756 F1=0.9271 AUC=0.9796 TRAIN_TIME_S=63.774 PEAK_MEM_MB=985.2 XAI_STATUS=DISABLED
MACRO_AVG_LAST10 NODE=node-beta ACC=0.9418 PREC=0.9849 REC=0.8974 F1=0.9390 AUC=0.9790
