# Metrics log for client node-alpha - Run started at 2025-09-09 10:27:20.909815
# XAI_ENABLED=False DEVICE_TYPE=RaspberryPi-4B
# XAI Methods: GRADXINPUT=False SHAP=False LIME=False
# Format: ROUND=X NODE=Y ACC=Z ... [GRADXINPUT_MS=A GRADXINPUT_MEM_MB=B] [SHAP_MS=C SHAP_MEM_MB=D] [LIME_MS=E LIME_MEM_MB=F] XAI_METHODS=G,H,I
ROUND=1 NODE=node-alpha ACC=0.9676 PREC=0.9600 REC=0.9760 F1=0.9679 AUC=0.9947 TRAIN_TIME_S=63.880 PEAK_MEM_MB=932.3 XAI_STATUS=DISABLED
ROUND=2 NODE=node-alpha ACC=0.9467 PREC=0.9662 REC=0.9257 F1=0.9455 AUC=0.9941 TRAIN_TIME_S=60.561 PEAK_MEM_MB=939.2 XAI_STATUS=DISABLED
ROUND=3 NODE=node-alpha ACC=0.9409 PREC=0.9723 REC=0.9077 F1=0.9389 AUC=0.9946 TRAIN_TIME_S=58.100 PEAK_MEM_MB=945.6 XAI_STATUS=DISABLED
ROUND=4 NODE=node-alpha ACC=0.9442 PREC=0.9737 REC=0.9132 F1=0.9425 AUC=0.9958 TRAIN_TIME_S=58.060 PEAK_MEM_MB=949.7 XAI_STATUS=DISABLED
ROUND=5 NODE=node-alpha ACC=0.9442 PREC=0.9718 REC=0.9150 F1=0.9425 AUC=0.9956 TRAIN_TIME_S=58.151 PEAK_MEM_MB=948.1 XAI_STATUS=DISABLED
ROUND=6 NODE=node-alpha ACC=0.9408 PREC=0.9746 REC=0.9052 F1=0.9386 AUC=0.9960 TRAIN_TIME_S=59.455 PEAK_MEM_MB=949.9 XAI_STATUS=DISABLED
ROUND=7 NODE=node-alpha ACC=0.9463 PREC=0.9757 REC=0.9154 F1=0.9446 AUC=0.9962 TRAIN_TIME_S=60.519 PEAK_MEM_MB=951.2 XAI_STATUS=DISABLED
ROUND=8 NODE=node-alpha ACC=0.9510 PREC=0.9729 REC=0.9279 F1=0.9499 AUC=0.9962 TRAIN_TIME_S=58.163 PEAK_MEM_MB=952.5 XAI_STATUS=DISABLED
ROUND=9 NODE=node-alpha ACC=0.9454 PREC=0.9746 REC=0.9146 F1=0.9437 AUC=0.9960 TRAIN_TIME_S=61.363 PEAK_MEM_MB=952.9 XAI_STATUS=DISABLED
ROUND=10 NODE=node-alpha ACC=0.9451 PREC=0.9760 REC=0.9125 F1=0.9432 AUC=0.9960 TRAIN_TIME_S=60.522 PEAK_MEM_MB=952.7 XAI_STATUS=DISABLED
MACRO_AVG_LAST10 NODE=node-alpha ACC=0.9472 PREC=0.9718 REC=0.9213 F1=0.9457 AUC=0.9955
ROUND=11 NODE=node-alpha ACC=0.9379 PREC=0.9795 REC=0.8945 F1=0.9351 AUC=0.9960 TRAIN_TIME_S=60.708 PEAK_MEM_MB=955.6 XAI_STATUS=DISABLED
MACRO_AVG_LAST10 NODE=node-alpha ACC=0.9443 PREC=0.9737 REC=0.9132 F1=0.9424 AUC=0.9957
ROUND=12 NODE=node-alpha ACC=0.9427 PREC=0.9771 REC=0.9065 F1=0.9405 AUC=0.9962 TRAIN_TIME_S=59.344 PEAK_MEM_MB=1012.1 XAI_STATUS=DISABLED
MACRO_AVG_LAST10 NODE=node-alpha ACC=0.9439 PREC=0.9748 REC=0.9113 F1=0.9419 AUC=0.9959
ROUND=13 NODE=node-alpha ACC=0.9400 PREC=0.9773 REC=0.9009 F1=0.9376 AUC=0.9960 TRAIN_TIME_S=59.421 PEAK_MEM_MB=1012.2 XAI_STATUS=DISABLED
MACRO_AVG_LAST10 NODE=node-alpha ACC=0.9438 PREC=0.9753 REC=0.9106 F1=0.9418 AUC=0.9960
ROUND=14 NODE=node-alpha ACC=0.9433 PREC=0.9772 REC=0.9078 F1=0.9412 AUC=0.9964 TRAIN_TIME_S=58.299 PEAK_MEM_MB=985.4 XAI_STATUS=DISABLED
MACRO_AVG_LAST10 NODE=node-alpha ACC=0.9437 PREC=0.9757 REC=0.9100 F1=0.9417 AUC=0.9961
ROUND=15 NODE=node-alpha ACC=0.9453 PREC=0.9768 REC=0.9124 F1=0.9435 AUC=0.9966 TRAIN_TIME_S=58.166 PEAK_MEM_MB=985.4 XAI_STATUS=DISABLED
MACRO_AVG_LAST10 NODE=node-alpha ACC=0.9438 PREC=0.9762 REC=0.9098 F1=0.9418 AUC=0.9962
ROUND=16 NODE=node-alpha ACC=0.9418 PREC=0.9791 REC=0.9029 F1=0.9394 AUC=0.9963 TRAIN_TIME_S=61.302 PEAK_MEM_MB=959.8 XAI_STATUS=DISABLED
MACRO_AVG_LAST10 NODE=node-alpha ACC=0.9439 PREC=0.9766 REC=0.9095 F1=0.9419 AUC=0.9962
ROUND=17 NODE=node-alpha ACC=0.9430 PREC=0.9774 REC=0.9070 F1=0.9409 AUC=0.9963 TRAIN_TIME_S=59.525 PEAK_MEM_MB=960.8 XAI_STATUS=DISABLED
MACRO_AVG_LAST10 NODE=node-alpha ACC=0.9436 PREC=0.9768 REC=0.9087 F1=0.9415 AUC=0.9962
ROUND=18 NODE=node-alpha ACC=0.9414 PREC=0.9776 REC=0.9036 F1=0.9391 AUC=0.9964 TRAIN_TIME_S=59.455 PEAK_MEM_MB=960.8 XAI_STATUS=DISABLED
MACRO_AVG_LAST10 NODE=node-alpha ACC=0.9426 PREC=0.9773 REC=0.9063 F1=0.9404 AUC=0.9962
ROUND=19 NODE=node-alpha ACC=0.9396 PREC=0.9791 REC=0.8984 F1=0.9370 AUC=0.9966 TRAIN_TIME_S=58.374 PEAK_MEM_MB=961.5 XAI_STATUS=DISABLED
MACRO_AVG_LAST10 NODE=node-alpha ACC=0.9420 PREC=0.9777 REC=0.9047 F1=0.9398 AUC=0.9963
ROUND=20 NODE=node-alpha ACC=0.9477 PREC=0.9795 REC=0.9144 F1=0.9458 AUC=0.9969 TRAIN_TIME_S=59.404 PEAK_MEM_MB=962.1 XAI_STATUS=DISABLED
MACRO_AVG_LAST10 NODE=node-alpha ACC=0.9423 PREC=0.9781 REC=0.9048 F1=0.9400 AUC=0.9964
ROUND=21 NODE=node-alpha ACC=0.9443 PREC=0.9799 REC=0.9072 F1=0.9422 AUC=0.9967 TRAIN_TIME_S=61.736 PEAK_MEM_MB=960.6 XAI_STATUS=DISABLED
MACRO_AVG_LAST10 NODE=node-alpha ACC=0.9429 PREC=0.9781 REC=0.9061 F1=0.9407 AUC=0.9964
ROUND=22 NODE=node-alpha ACC=0.9459 PREC=0.9823 REC=0.9082 F1=0.9438 AUC=0.9968 TRAIN_TIME_S=59.532 PEAK_MEM_MB=961.0 XAI_STATUS=DISABLED
MACRO_AVG_LAST10 NODE=node-alpha ACC=0.9432 PREC=0.9786 REC=0.9063 F1=0.9411 AUC=0.9965
ROUND=23 NODE=node-alpha ACC=0.9559 PREC=0.9784 REC=0.9323 F1=0.9548 AUC=0.9972 TRAIN_TIME_S=59.437 PEAK_MEM_MB=961.3 XAI_STATUS=DISABLED
MACRO_AVG_LAST10 NODE=node-alpha ACC=0.9448 PREC=0.9787 REC=0.9094 F1=0.9428 AUC=0.9966
ROUND=24 NODE=node-alpha ACC=0.9546 PREC=0.9739 REC=0.9343 F1=0.9537 AUC=0.9966 TRAIN_TIME_S=60.653 PEAK_MEM_MB=963.3 XAI_STATUS=DISABLED
MACRO_AVG_LAST10 NODE=node-alpha ACC=0.9460 PREC=0.9784 REC=0.9121 F1=0.9440 AUC=0.9966
ROUND=25 NODE=node-alpha ACC=0.9442 PREC=0.9795 REC=0.9074 F1=0.9421 AUC=0.9966 TRAIN_TIME_S=58.413 PEAK_MEM_MB=966.7 XAI_STATUS=DISABLED
MACRO_AVG_LAST10 NODE=node-alpha ACC=0.9458 PREC=0.9787 REC=0.9116 F1=0.9439 AUC=0.9966
ROUND=26 NODE=node-alpha ACC=0.9452 PREC=0.9786 REC=0.9103 F1=0.9432 AUC=0.9966 TRAIN_TIME_S=59.464 PEAK_MEM_MB=963.1 XAI_STATUS=DISABLED
MACRO_AVG_LAST10 NODE=node-alpha ACC=0.9462 PREC=0.9786 REC=0.9123 F1=0.9443 AUC=0.9967
ROUND=27 NODE=node-alpha ACC=0.9385 PREC=0.9790 REC=0.8963 F1=0.9358 AUC=0.9961 TRAIN_TIME_S=60.629 PEAK_MEM_MB=963.4 XAI_STATUS=DISABLED
MACRO_AVG_LAST10 NODE=node-alpha ACC=0.9457 PREC=0.9788 REC=0.9112 F1=0.9438 AUC=0.9967
ROUND=28 NODE=node-alpha ACC=0.9419 PREC=0.9778 REC=0.9043 F1=0.9396 AUC=0.9963 TRAIN_TIME_S=58.383 PEAK_MEM_MB=963.6 XAI_STATUS=DISABLED
MACRO_AVG_LAST10 NODE=node-alpha ACC=0.9458 PREC=0.9788 REC=0.9113 F1=0.9438 AUC=0.9966
ROUND=29 NODE=node-alpha ACC=0.9437 PREC=0.9845 REC=0.9015 F1=0.9412 AUC=0.9964 TRAIN_TIME_S=58.517 PEAK_MEM_MB=967.8 XAI_STATUS=DISABLED
MACRO_AVG_LAST10 NODE=node-alpha ACC=0.9462 PREC=0.9793 REC=0.9116 F1=0.9442 AUC=0.9966
ROUND=30 NODE=node-alpha ACC=0.9443 PREC=0.9843 REC=0.9030 F1=0.9419 AUC=0.9964 TRAIN_TIME_S=59.543 PEAK_MEM_MB=964.9 XAI_STATUS=DISABLED
MACRO_AVG_LAST10 NODE=node-alpha ACC=0.9459 PREC=0.9798 REC=0.9105 F1=0.9438 AUC=0.9966
ROUND=31 NODE=node-alpha ACC=0.9498 PREC=0.9807 REC=0.9176 F1=0.9481 AUC=0.9964 TRAIN_TIME_S=60.878 PEAK_MEM_MB=966.3 XAI_STATUS=DISABLED
MACRO_AVG_LAST10 NODE=node-alpha ACC=0.9464 PREC=0.9799 REC=0.9115 F1=0.9444 AUC=0.9965
ROUND=32 NODE=node-alpha ACC=0.9520 PREC=0.9764 REC=0.9264 F1=0.9507 AUC=0.9969 TRAIN_TIME_S=60.393 PEAK_MEM_MB=967.0 XAI_STATUS=DISABLED
MACRO_AVG_LAST10 NODE=node-alpha ACC=0.9470 PREC=0.9793 REC=0.9133 F1=0.9451 AUC=0.9965
ROUND=33 NODE=node-alpha ACC=0.9442 PREC=0.9819 REC=0.9052 F1=0.9420 AUC=0.9966 TRAIN_TIME_S=60.470 PEAK_MEM_MB=962.3 XAI_STATUS=DISABLED
MACRO_AVG_LAST10 NODE=node-alpha ACC=0.9458 PREC=0.9797 REC=0.9106 F1=0.9438 AUC=0.9965
ROUND=34 NODE=node-alpha ACC=0.9466 PREC=0.9836 REC=0.9083 F1=0.9445 AUC=0.9966 TRAIN_TIME_S=60.330 PEAK_MEM_MB=962.4 XAI_STATUS=DISABLED
MACRO_AVG_LAST10 NODE=node-alpha ACC=0.9450 PREC=0.9806 REC=0.9080 F1=0.9429 AUC=0.9965
ROUND=35 NODE=node-alpha ACC=0.9534 PREC=0.9798 REC=0.9259 F1=0.9521 AUC=0.9968 TRAIN_TIME_S=60.848 PEAK_MEM_MB=962.7 XAI_STATUS=DISABLED
MACRO_AVG_LAST10 NODE=node-alpha ACC=0.9460 PREC=0.9807 REC=0.9099 F1=0.9439 AUC=0.9965
ROUND=36 NODE=node-alpha ACC=0.9440 PREC=0.9793 REC=0.9072 F1=0.9419 AUC=0.9964 TRAIN_TIME_S=59.680 PEAK_MEM_MB=962.8 XAI_STATUS=DISABLED
MACRO_AVG_LAST10 NODE=node-alpha ACC=0.9458 PREC=0.9807 REC=0.9096 F1=0.9438 AUC=0.9965
ROUND=37 NODE=node-alpha ACC=0.9479 PREC=0.9786 REC=0.9158 F1=0.9462 AUC=0.9968 TRAIN_TIME_S=59.563 PEAK_MEM_MB=962.8 XAI_STATUS=DISABLED
MACRO_AVG_LAST10 NODE=node-alpha ACC=0.9468 PREC=0.9807 REC=0.9115 F1=0.9448 AUC=0.9966
ROUND=38 NODE=node-alpha ACC=0.9523 PREC=0.9825 REC=0.9209 F1=0.9507 AUC=0.9969 TRAIN_TIME_S=58.378 PEAK_MEM_MB=961.5 XAI_STATUS=DISABLED
MACRO_AVG_LAST10 NODE=node-alpha ACC=0.9478 PREC=0.9812 REC=0.9132 F1=0.9459 AUC=0.9966
ROUND=39 NODE=node-alpha ACC=0.9488 PREC=0.9786 REC=0.9178 F1=0.9472 AUC=0.9971 TRAIN_TIME_S=61.828 PEAK_MEM_MB=994.6 XAI_STATUS=DISABLED
MACRO_AVG_LAST10 NODE=node-alpha ACC=0.9483 PREC=0.9806 REC=0.9148 F1=0.9465 AUC=0.9967
ROUND=40 NODE=node-alpha ACC=0.9473 PREC=0.9774 REC=0.9157 F1=0.9455 AUC=0.9967 TRAIN_TIME_S=58.301 PEAK_MEM_MB=994.9 XAI_STATUS=DISABLED
MACRO_AVG_LAST10 NODE=node-alpha ACC=0.9486 PREC=0.9799 REC=0.9161 F1=0.9469 AUC=0.9967
ROUND=41 NODE=node-alpha ACC=0.9389 PREC=0.9855 REC=0.8909 F1=0.9358 AUC=0.9965 TRAIN_TIME_S=59.660 PEAK_MEM_MB=972.8 XAI_STATUS=DISABLED
MACRO_AVG_LAST10 NODE=node-alpha ACC=0.9475 PREC=0.9804 REC=0.9134 F1=0.9457 AUC=0.9967
ROUND=42 NODE=node-alpha ACC=0.9449 PREC=0.9826 REC=0.9059 F1=0.9427 AUC=0.9967 TRAIN_TIME_S=58.497 PEAK_MEM_MB=973.3 XAI_STATUS=DISABLED
MACRO_AVG_LAST10 NODE=node-alpha ACC=0.9468 PREC=0.9810 REC=0.9114 F1=0.9449 AUC=0.9967
ROUND=43 NODE=node-alpha ACC=0.9473 PREC=0.9858 REC=0.9076 F1=0.9451 AUC=0.9966 TRAIN_TIME_S=58.588 PEAK_MEM_MB=973.9 XAI_STATUS=DISABLED
MACRO_AVG_LAST10 NODE=node-alpha ACC=0.9471 PREC=0.9814 REC=0.9116 F1=0.9452 AUC=0.9967
ROUND=44 NODE=node-alpha ACC=0.9507 PREC=0.9866 REC=0.9139 F1=0.9489 AUC=0.9968 TRAIN_TIME_S=58.437 PEAK_MEM_MB=973.9 XAI_STATUS=DISABLED
MACRO_AVG_LAST10 NODE=node-alpha ACC=0.9475 PREC=0.9817 REC=0.9122 F1=0.9456 AUC=0.9967
ROUND=45 NODE=node-alpha ACC=0.9477 PREC=0.9783 REC=0.9158 F1=0.9460 AUC=0.9963 TRAIN_TIME_S=58.468 PEAK_MEM_MB=974.0 XAI_STATUS=DISABLED
MACRO_AVG_LAST10 NODE=node-alpha ACC=0.9470 PREC=0.9815 REC=0.9111 F1=0.9450 AUC=0.9967
ROUND=46 NODE=node-alpha ACC=0.9478 PREC=0.9798 REC=0.9145 F1=0.9460 AUC=0.9964 TRAIN_TIME_S=60.792 PEAK_MEM_MB=974.1 XAI_STATUS=DISABLED
MACRO_AVG_LAST10 NODE=node-alpha ACC=0.9474 PREC=0.9816 REC=0.9119 F1=0.9454 AUC=0.9967
ROUND=47 NODE=node-alpha ACC=0.9445 PREC=0.9781 REC=0.9093 F1=0.9424 AUC=0.9965 TRAIN_TIME_S=59.598 PEAK_MEM_MB=974.4 XAI_STATUS=DISABLED
MACRO_AVG_LAST10 NODE=node-alpha ACC=0.9470 PREC=0.9815 REC=0.9112 F1=0.9450 AUC=0.9966
ROUND=48 NODE=node-alpha ACC=0.9430 PREC=0.9826 REC=0.9019 F1=0.9405 AUC=0.9956 TRAIN_TIME_S=58.441 PEAK_MEM_MB=980.3 XAI_STATUS=DISABLED
MACRO_AVG_LAST10 NODE=node-alpha ACC=0.9461 PREC=0.9815 REC=0.9093 F1=0.9440 AUC=0.9965
ROUND=49 NODE=node-alpha ACC=0.9445 PREC=0.9898 REC=0.8984 F1=0.9419 AUC=0.9971 TRAIN_TIME_S=60.657 PEAK_MEM_MB=980.2 XAI_STATUS=DISABLED
MACRO_AVG_LAST10 NODE=node-alpha ACC=0.9457 PREC=0.9826 REC=0.9074 F1=0.9435 AUC=0.9965
ROUND=50 NODE=node-alpha ACC=0.9538 PREC=0.9863 REC=0.9205 F1=0.9523 AUC=0.9972 TRAIN_TIME_S=58.613 PEAK_MEM_MB=975.1 XAI_STATUS=DISABLED
MACRO_AVG_LAST10 NODE=node-alpha ACC=0.9463 PREC=0.9835 REC=0.9079 F1=0.9442 AUC=0.9966
