# Metrics log for client node-epsilon - Run started at 2025-09-09 08:26:02.703394
# XAI_ENABLED=False DEVICE_TYPE=RaspberryPi-5
# XAI Methods: GRADXINPUT=False SHAP=False LIME=False
# Format: ROUND=X NODE=Y ACC=Z ... [GRADXINPUT_MS=A GRADXINPUT_MEM_MB=B] [SHAP_MS=C SHAP_MEM_MB=D] [LIME_MS=E LIME_MEM_MB=F] XAI_METHODS=G,H,I
ROUND=1 NODE=node-epsilon ACC=0.9678 PREC=0.9770 REC=0.9582 F1=0.9675 AUC=0.9966 TRAIN_TIME_S=24.909 PEAK_MEM_MB=937.5 XAI_STATUS=DISABLED
ROUND=2 NODE=node-epsilon ACC=0.9708 PREC=0.9771 REC=0.9642 F1=0.9706 AUC=0.9930 TRAIN_TIME_S=23.441 PEAK_MEM_MB=937.5 XAI_STATUS=DISABLED
ROUND=3 NODE=node-epsilon ACC=0.9687 PREC=0.9805 REC=0.9564 F1=0.9683 AUC=0.9917 TRAIN_TIME_S=23.206 PEAK_MEM_MB=951.6 XAI_STATUS=DISABLED
ROUND=4 NODE=node-epsilon ACC=0.9684 PREC=0.9792 REC=0.9571 F1=0.9680 AUC=0.9906 TRAIN_TIME_S=23.350 PEAK_MEM_MB=951.6 XAI_STATUS=DISABLED
ROUND=5 NODE=node-epsilon ACC=0.9697 PREC=0.9808 REC=0.9582 F1=0.9693 AUC=0.9913 TRAIN_TIME_S=21.168 PEAK_MEM_MB=955.1 XAI_STATUS=DISABLED
ROUND=6 NODE=node-epsilon ACC=0.9562 PREC=0.9784 REC=0.9330 F1=0.9552 AUC=0.9789 TRAIN_TIME_S=21.151 PEAK_MEM_MB=957.6 XAI_STATUS=DISABLED
ROUND=7 NODE=node-epsilon ACC=0.9556 PREC=0.9762 REC=0.9339 F1=0.9546 AUC=0.9788 TRAIN_TIME_S=21.049 PEAK_MEM_MB=959.1 XAI_STATUS=DISABLED
ROUND=8 NODE=node-epsilon ACC=0.9653 PREC=0.9753 REC=0.9547 F1=0.9649 AUC=0.9792 TRAIN_TIME_S=23.280 PEAK_MEM_MB=964.6 XAI_STATUS=DISABLED
ROUND=9 NODE=node-epsilon ACC=0.9654 PREC=0.9750 REC=0.9553 F1=0.9650 AUC=0.9788 TRAIN_TIME_S=23.254 PEAK_MEM_MB=965.7 XAI_STATUS=DISABLED
ROUND=10 NODE=node-epsilon ACC=0.9664 PREC=0.9775 REC=0.9547 F1=0.9660 AUC=0.9791 TRAIN_TIME_S=25.604 PEAK_MEM_MB=960.7 XAI_STATUS=DISABLED
MACRO_AVG_LAST10 NODE=node-epsilon ACC=0.9654 PREC=0.9777 REC=0.9526 F1=0.9649 AUC=0.9858
ROUND=11 NODE=node-epsilon ACC=0.9554 PREC=0.9764 REC=0.9334 F1=0.9544 AUC=0.9785 TRAIN_TIME_S=21.024 PEAK_MEM_MB=960.3 XAI_STATUS=DISABLED
MACRO_AVG_LAST10 NODE=node-epsilon ACC=0.9642 PREC=0.9776 REC=0.9501 F1=0.9636 AUC=0.9840
ROUND=12 NODE=node-epsilon ACC=0.9564 PREC=0.9782 REC=0.9335 F1=0.9553 AUC=0.9783 TRAIN_TIME_S=21.116 PEAK_MEM_MB=960.5 XAI_STATUS=DISABLED
MACRO_AVG_LAST10 NODE=node-epsilon ACC=0.9627 PREC=0.9777 REC=0.9470 F1=0.9621 AUC=0.9825
ROUND=13 NODE=node-epsilon ACC=0.9685 PREC=0.9783 REC=0.9582 F1=0.9681 AUC=0.9805 TRAIN_TIME_S=21.034 PEAK_MEM_MB=1033.0 XAI_STATUS=DISABLED
MACRO_AVG_LAST10 NODE=node-epsilon ACC=0.9627 PREC=0.9775 REC=0.9472 F1=0.9621 AUC=0.9814
ROUND=14 NODE=node-epsilon ACC=0.9636 PREC=0.9807 REC=0.9458 F1=0.9629 AUC=0.9798 TRAIN_TIME_S=23.116 PEAK_MEM_MB=1033.0 XAI_STATUS=DISABLED
MACRO_AVG_LAST10 NODE=node-epsilon ACC=0.9622 PREC=0.9777 REC=0.9461 F1=0.9616 AUC=0.9803
ROUND=15 NODE=node-epsilon ACC=0.9685 PREC=0.9782 REC=0.9583 F1=0.9681 AUC=0.9907 TRAIN_TIME_S=21.033 PEAK_MEM_MB=1034.0 XAI_STATUS=DISABLED
MACRO_AVG_LAST10 NODE=node-epsilon ACC=0.9621 PREC=0.9774 REC=0.9461 F1=0.9615 AUC=0.9803
ROUND=16 NODE=node-epsilon ACC=0.9691 PREC=0.9788 REC=0.9590 F1=0.9688 AUC=0.9913 TRAIN_TIME_S=21.353 PEAK_MEM_MB=1034.0 XAI_STATUS=DISABLED
MACRO_AVG_LAST10 NODE=node-epsilon ACC=0.9634 PREC=0.9774 REC=0.9487 F1=0.9628 AUC=0.9815
ROUND=17 NODE=node-epsilon ACC=0.9664 PREC=0.9775 REC=0.9549 F1=0.9661 AUC=0.9793 TRAIN_TIME_S=21.106 PEAK_MEM_MB=968.8 XAI_STATUS=DISABLED
MACRO_AVG_LAST10 NODE=node-epsilon ACC=0.9645 PREC=0.9776 REC=0.9508 F1=0.9640 AUC=0.9815
ROUND=18 NODE=node-epsilon ACC=0.9683 PREC=0.9768 REC=0.9595 F1=0.9681 AUC=0.9912 TRAIN_TIME_S=21.347 PEAK_MEM_MB=968.6 XAI_STATUS=DISABLED
MACRO_AVG_LAST10 NODE=node-epsilon ACC=0.9648 PREC=0.9777 REC=0.9513 F1=0.9643 AUC=0.9827
ROUND=19 NODE=node-epsilon ACC=0.9683 PREC=0.9775 REC=0.9587 F1=0.9680 AUC=0.9912 TRAIN_TIME_S=21.226 PEAK_MEM_MB=968.9 XAI_STATUS=DISABLED
MACRO_AVG_LAST10 NODE=node-epsilon ACC=0.9651 PREC=0.9780 REC=0.9516 F1=0.9646 AUC=0.9840
ROUND=20 NODE=node-epsilon ACC=0.9690 PREC=0.9794 REC=0.9582 F1=0.9687 AUC=0.9912 TRAIN_TIME_S=20.991 PEAK_MEM_MB=968.7 XAI_STATUS=DISABLED
MACRO_AVG_LAST10 NODE=node-epsilon ACC=0.9653 PREC=0.9782 REC=0.9519 F1=0.9648 AUC=0.9852
ROUND=21 NODE=node-epsilon ACC=0.9692 PREC=0.9791 REC=0.9588 F1=0.9688 AUC=0.9913 TRAIN_TIME_S=23.288 PEAK_MEM_MB=968.0 XAI_STATUS=DISABLED
MACRO_AVG_LAST10 NODE=node-epsilon ACC=0.9667 PREC=0.9784 REC=0.9545 F1=0.9663 AUC=0.9865
ROUND=22 NODE=node-epsilon ACC=0.9664 PREC=0.9773 REC=0.9551 F1=0.9661 AUC=0.9785 TRAIN_TIME_S=21.030 PEAK_MEM_MB=1036.0 XAI_STATUS=DISABLED
MACRO_AVG_LAST10 NODE=node-epsilon ACC=0.9677 PREC=0.9783 REC=0.9567 F1=0.9674 AUC=0.9865
ROUND=23 NODE=node-epsilon ACC=0.9686 PREC=0.9782 REC=0.9587 F1=0.9683 AUC=0.9907 TRAIN_TIME_S=23.237 PEAK_MEM_MB=1036.0 XAI_STATUS=DISABLED
MACRO_AVG_LAST10 NODE=node-epsilon ACC=0.9677 PREC=0.9783 REC=0.9567 F1=0.9674 AUC=0.9875
ROUND=24 NODE=node-epsilon ACC=0.9694 PREC=0.9816 REC=0.9567 F1=0.9690 AUC=0.9805 TRAIN_TIME_S=20.993 PEAK_MEM_MB=1036.0 XAI_STATUS=DISABLED
MACRO_AVG_LAST10 NODE=node-epsilon ACC=0.9683 PREC=0.9784 REC=0.9578 F1=0.9680 AUC=0.9876
ROUND=25 NODE=node-epsilon ACC=0.9681 PREC=0.9780 REC=0.9576 F1=0.9677 AUC=0.9874 TRAIN_TIME_S=25.422 PEAK_MEM_MB=970.7 XAI_STATUS=DISABLED
MACRO_AVG_LAST10 NODE=node-epsilon ACC=0.9683 PREC=0.9784 REC=0.9577 F1=0.9680 AUC=0.9873
ROUND=26 NODE=node-epsilon ACC=0.9654 PREC=0.9783 REC=0.9520 F1=0.9650 AUC=0.9794 TRAIN_TIME_S=23.083 PEAK_MEM_MB=970.3 XAI_STATUS=DISABLED
MACRO_AVG_LAST10 NODE=node-epsilon ACC=0.9679 PREC=0.9784 REC=0.9570 F1=0.9676 AUC=0.9861
ROUND=27 NODE=node-epsilon ACC=0.9549 PREC=0.9780 REC=0.9308 F1=0.9538 AUC=0.9785 TRAIN_TIME_S=21.225 PEAK_MEM_MB=970.1 XAI_STATUS=DISABLED
MACRO_AVG_LAST10 NODE=node-epsilon ACC=0.9668 PREC=0.9784 REC=0.9546 F1=0.9663 AUC=0.9860
ROUND=28 NODE=node-epsilon ACC=0.9684 PREC=0.9770 REC=0.9594 F1=0.9681 AUC=0.9796 TRAIN_TIME_S=21.158 PEAK_MEM_MB=969.8 XAI_STATUS=DISABLED
MACRO_AVG_LAST10 NODE=node-epsilon ACC=0.9668 PREC=0.9784 REC=0.9546 F1=0.9664 AUC=0.9848
ROUND=29 NODE=node-epsilon ACC=0.9678 PREC=0.9805 REC=0.9545 F1=0.9673 AUC=0.9793 TRAIN_TIME_S=25.391 PEAK_MEM_MB=970.5 XAI_STATUS=DISABLED
MACRO_AVG_LAST10 NODE=node-epsilon ACC=0.9667 PREC=0.9787 REC=0.9542 F1=0.9663 AUC=0.9836
ROUND=30 NODE=node-epsilon ACC=0.9682 PREC=0.9772 REC=0.9589 F1=0.9680 AUC=0.9795 TRAIN_TIME_S=21.186 PEAK_MEM_MB=966.1 XAI_STATUS=DISABLED
MACRO_AVG_LAST10 NODE=node-epsilon ACC=0.9666 PREC=0.9785 REC=0.9543 F1=0.9662 AUC=0.9825
ROUND=31 NODE=node-epsilon ACC=0.9670 PREC=0.9773 REC=0.9562 F1=0.9666 AUC=0.9793 TRAIN_TIME_S=21.066 PEAK_MEM_MB=969.8 XAI_STATUS=DISABLED
MACRO_AVG_LAST10 NODE=node-epsilon ACC=0.9664 PREC=0.9783 REC=0.9540 F1=0.9660 AUC=0.9813
ROUND=32 NODE=node-epsilon ACC=0.9679 PREC=0.9761 REC=0.9592 F1=0.9676 AUC=0.9785 TRAIN_TIME_S=21.504 PEAK_MEM_MB=969.9 XAI_STATUS=DISABLED
MACRO_AVG_LAST10 NODE=node-epsilon ACC=0.9666 PREC=0.9782 REC=0.9544 F1=0.9661 AUC=0.9813
ROUND=33 NODE=node-epsilon ACC=0.9547 PREC=0.9761 REC=0.9322 F1=0.9537 AUC=0.9783 TRAIN_TIME_S=21.251 PEAK_MEM_MB=971.5 XAI_STATUS=DISABLED
MACRO_AVG_LAST10 NODE=node-epsilon ACC=0.9652 PREC=0.9780 REC=0.9518 F1=0.9647 AUC=0.9800
ROUND=34 NODE=node-epsilon ACC=0.9671 PREC=0.9760 REC=0.9576 F1=0.9667 AUC=0.9790 TRAIN_TIME_S=23.146 PEAK_MEM_MB=971.9 XAI_STATUS=DISABLED
MACRO_AVG_LAST10 NODE=node-epsilon ACC=0.9649 PREC=0.9775 REC=0.9518 F1=0.9645 AUC=0.9799
ROUND=35 NODE=node-epsilon ACC=0.9645 PREC=0.9771 REC=0.9513 F1=0.9640 AUC=0.9787 TRAIN_TIME_S=21.188 PEAK_MEM_MB=972.1 XAI_STATUS=DISABLED
MACRO_AVG_LAST10 NODE=node-epsilon ACC=0.9646 PREC=0.9774 REC=0.9512 F1=0.9641 AUC=0.9790
ROUND=36 NODE=node-epsilon ACC=0.9694 PREC=0.9761 REC=0.9624 F1=0.9692 AUC=0.9790 TRAIN_TIME_S=23.122 PEAK_MEM_MB=971.9 XAI_STATUS=DISABLED
MACRO_AVG_LAST10 NODE=node-epsilon ACC=0.9650 PREC=0.9771 REC=0.9523 F1=0.9645 AUC=0.9790
ROUND=37 NODE=node-epsilon ACC=0.9693 PREC=0.9776 REC=0.9607 F1=0.9691 AUC=0.9797 TRAIN_TIME_S=23.614 PEAK_MEM_MB=972.2 XAI_STATUS=DISABLED
MACRO_AVG_LAST10 NODE=node-epsilon ACC=0.9664 PREC=0.9771 REC=0.9552 F1=0.9660 AUC=0.9791
ROUND=38 NODE=node-epsilon ACC=0.9659 PREC=0.9767 REC=0.9546 F1=0.9655 AUC=0.9786 TRAIN_TIME_S=21.276 PEAK_MEM_MB=971.8 XAI_STATUS=DISABLED
MACRO_AVG_LAST10 NODE=node-epsilon ACC=0.9662 PREC=0.9771 REC=0.9548 F1=0.9658 AUC=0.9790
ROUND=39 NODE=node-epsilon ACC=0.9649 PREC=0.9765 REC=0.9527 F1=0.9645 AUC=0.9781 TRAIN_TIME_S=21.086 PEAK_MEM_MB=971.8 XAI_STATUS=DISABLED
MACRO_AVG_LAST10 NODE=node-epsilon ACC=0.9659 PREC=0.9767 REC=0.9546 F1=0.9655 AUC=0.9789
ROUND=40 NODE=node-epsilon ACC=0.9677 PREC=0.9755 REC=0.9595 F1=0.9674 AUC=0.9782 TRAIN_TIME_S=21.222 PEAK_MEM_MB=971.5 XAI_STATUS=DISABLED
MACRO_AVG_LAST10 NODE=node-epsilon ACC=0.9658 PREC=0.9765 REC=0.9546 F1=0.9654 AUC=0.9788
ROUND=41 NODE=node-epsilon ACC=0.9678 PREC=0.9757 REC=0.9595 F1=0.9675 AUC=0.9789 TRAIN_TIME_S=25.446 PEAK_MEM_MB=972.2 XAI_STATUS=DISABLED
MACRO_AVG_LAST10 NODE=node-epsilon ACC=0.9659 PREC=0.9763 REC=0.9550 F1=0.9655 AUC=0.9787
ROUND=42 NODE=node-epsilon ACC=0.9553 PREC=0.9750 REC=0.9346 F1=0.9544 AUC=0.9785 TRAIN_TIME_S=20.972 PEAK_MEM_MB=971.8 XAI_STATUS=DISABLED
MACRO_AVG_LAST10 NODE=node-epsilon ACC=0.9647 PREC=0.9762 REC=0.9525 F1=0.9642 AUC=0.9787
ROUND=43 NODE=node-epsilon ACC=0.9515 PREC=0.9746 REC=0.9272 F1=0.9503 AUC=0.9776 TRAIN_TIME_S=21.125 PEAK_MEM_MB=972.3 XAI_STATUS=DISABLED
MACRO_AVG_LAST10 NODE=node-epsilon ACC=0.9643 PREC=0.9761 REC=0.9520 F1=0.9639 AUC=0.9786
ROUND=44 NODE=node-epsilon ACC=0.9564 PREC=0.9746 REC=0.9373 F1=0.9556 AUC=0.9783 TRAIN_TIME_S=23.160 PEAK_MEM_MB=972.4 XAI_STATUS=DISABLED
MACRO_AVG_LAST10 NODE=node-epsilon ACC=0.9633 PREC=0.9759 REC=0.9500 F1=0.9627 AUC=0.9786
ROUND=45 NODE=node-epsilon ACC=0.9509 PREC=0.9735 REC=0.9269 F1=0.9496 AUC=0.9773 TRAIN_TIME_S=21.282 PEAK_MEM_MB=972.9 XAI_STATUS=DISABLED
MACRO_AVG_LAST10 NODE=node-epsilon ACC=0.9619 PREC=0.9756 REC=0.9475 F1=0.9613 AUC=0.9784
ROUND=46 NODE=node-epsilon ACC=0.9533 PREC=0.9751 REC=0.9304 F1=0.9522 AUC=0.9778 TRAIN_TIME_S=23.388 PEAK_MEM_MB=972.3 XAI_STATUS=DISABLED
MACRO_AVG_LAST10 NODE=node-epsilon ACC=0.9603 PREC=0.9755 REC=0.9443 F1=0.9596 AUC=0.9783
ROUND=47 NODE=node-epsilon ACC=0.9643 PREC=0.9770 REC=0.9511 F1=0.9639 AUC=0.9787 TRAIN_TIME_S=21.391 PEAK_MEM_MB=972.7 XAI_STATUS=DISABLED
MACRO_AVG_LAST10 NODE=node-epsilon ACC=0.9598 PREC=0.9754 REC=0.9434 F1=0.9591 AUC=0.9782
ROUND=48 NODE=node-epsilon ACC=0.9540 PREC=0.9759 REC=0.9310 F1=0.9529 AUC=0.9779 TRAIN_TIME_S=23.316 PEAK_MEM_MB=973.2 XAI_STATUS=DISABLED
MACRO_AVG_LAST10 NODE=node-epsilon ACC=0.9586 PREC=0.9753 REC=0.9410 F1=0.9578 AUC=0.9781
ROUND=49 NODE=node-epsilon ACC=0.9651 PREC=0.9763 REC=0.9533 F1=0.9647 AUC=0.9787 TRAIN_TIME_S=21.420 PEAK_MEM_MB=962.2 XAI_STATUS=DISABLED
MACRO_AVG_LAST10 NODE=node-epsilon ACC=0.9586 PREC=0.9753 REC=0.9411 F1=0.9579 AUC=0.9782
ROUND=50 NODE=node-epsilon ACC=0.9536 PREC=0.9715 REC=0.9346 F1=0.9527 AUC=0.9780 TRAIN_TIME_S=25.447 PEAK_MEM_MB=967.7 XAI_STATUS=DISABLED
MACRO_AVG_LAST10 NODE=node-epsilon ACC=0.9572 PREC=0.9749 REC=0.9386 F1=0.9564 AUC=0.9782
ROUND=51 NODE=node-epsilon ACC=0.9700 PREC=0.9742 REC=0.9657 F1=0.9699 AUC=0.9793 TRAIN_TIME_S=23.188 PEAK_MEM_MB=968.0 XAI_STATUS=DISABLED
MACRO_AVG_LAST10 NODE=node-epsilon ACC=0.9574 PREC=0.9748 REC=0.9392 F1=0.9566 AUC=0.9782
ROUND=52 NODE=node-epsilon ACC=0.9611 PREC=0.9759 REC=0.9456 F1=0.9605 AUC=0.9783 TRAIN_TIME_S=21.344 PEAK_MEM_MB=968.5 XAI_STATUS=DISABLED
MACRO_AVG_LAST10 NODE=node-epsilon ACC=0.9580 PREC=0.9749 REC=0.9403 F1=0.9572 AUC=0.9782
ROUND=53 NODE=node-epsilon ACC=0.9667 PREC=0.9756 REC=0.9573 F1=0.9664 AUC=0.9788 TRAIN_TIME_S=25.736 PEAK_MEM_MB=970.0 XAI_STATUS=DISABLED
MACRO_AVG_LAST10 NODE=node-epsilon ACC=0.9595 PREC=0.9750 REC=0.9433 F1=0.9588 AUC=0.9783
ROUND=54 NODE=node-epsilon ACC=0.9646 PREC=0.9763 REC=0.9522 F1=0.9641 AUC=0.9786 TRAIN_TIME_S=21.430 PEAK_MEM_MB=970.9 XAI_STATUS=DISABLED
MACRO_AVG_LAST10 NODE=node-epsilon ACC=0.9604 PREC=0.9751 REC=0.9448 F1=0.9597 AUC=0.9784
ROUND=55 NODE=node-epsilon ACC=0.9650 PREC=0.9752 REC=0.9544 F1=0.9647 AUC=0.9789 TRAIN_TIME_S=23.377 PEAK_MEM_MB=970.7 XAI_STATUS=DISABLED
MACRO_AVG_LAST10 NODE=node-epsilon ACC=0.9618 PREC=0.9753 REC=0.9476 F1=0.9612 AUC=0.9785
ROUND=56 NODE=node-epsilon ACC=0.9649 PREC=0.9759 REC=0.9533 F1=0.9645 AUC=0.9781 TRAIN_TIME_S=21.490 PEAK_MEM_MB=971.0 XAI_STATUS=DISABLED
MACRO_AVG_LAST10 NODE=node-epsilon ACC=0.9629 PREC=0.9754 REC=0.9498 F1=0.9624 AUC=0.9785
ROUND=57 NODE=node-epsilon ACC=0.9539 PREC=0.9747 REC=0.9321 F1=0.9529 AUC=0.9780 TRAIN_TIME_S=21.151 PEAK_MEM_MB=971.3 XAI_STATUS=DISABLED
MACRO_AVG_LAST10 NODE=node-epsilon ACC=0.9619 PREC=0.9752 REC=0.9479 F1=0.9613 AUC=0.9785
ROUND=58 NODE=node-epsilon ACC=0.9534 PREC=0.9744 REC=0.9312 F1=0.9523 AUC=0.9786 TRAIN_TIME_S=21.136 PEAK_MEM_MB=971.0 XAI_STATUS=DISABLED
MACRO_AVG_LAST10 NODE=node-epsilon ACC=0.9618 PREC=0.9750 REC=0.9480 F1=0.9613 AUC=0.9785
ROUND=59 NODE=node-epsilon ACC=0.9647 PREC=0.9758 REC=0.9530 F1=0.9643 AUC=0.9891 TRAIN_TIME_S=21.125 PEAK_MEM_MB=969.8 XAI_STATUS=DISABLED
MACRO_AVG_LAST10 NODE=node-epsilon ACC=0.9618 PREC=0.9750 REC=0.9479 F1=0.9612 AUC=0.9796
ROUND=60 NODE=node-epsilon ACC=0.9645 PREC=0.9752 REC=0.9531 F1=0.9640 AUC=0.9867 TRAIN_TIME_S=20.966 PEAK_MEM_MB=970.2 XAI_STATUS=DISABLED
MACRO_AVG_LAST10 NODE=node-epsilon ACC=0.9629 PREC=0.9753 REC=0.9498 F1=0.9624 AUC=0.9804
ROUND=61 NODE=node-epsilon ACC=0.9646 PREC=0.9757 REC=0.9528 F1=0.9641 AUC=0.9898 TRAIN_TIME_S=21.269 PEAK_MEM_MB=970.8 XAI_STATUS=DISABLED
MACRO_AVG_LAST10 NODE=node-epsilon ACC=0.9623 PREC=0.9755 REC=0.9485 F1=0.9618 AUC=0.9815
ROUND=62 NODE=node-epsilon ACC=0.9643 PREC=0.9760 REC=0.9519 F1=0.9638 AUC=0.9909 TRAIN_TIME_S=23.329 PEAK_MEM_MB=970.1 XAI_STATUS=DISABLED
MACRO_AVG_LAST10 NODE=node-epsilon ACC=0.9626 PREC=0.9755 REC=0.9491 F1=0.9621 AUC=0.9827
ROUND=63 NODE=node-epsilon ACC=0.9658 PREC=0.9758 REC=0.9553 F1=0.9654 AUC=0.9899 TRAIN_TIME_S=21.226 PEAK_MEM_MB=971.5 XAI_STATUS=DISABLED
MACRO_AVG_LAST10 NODE=node-epsilon ACC=0.9626 PREC=0.9755 REC=0.9489 F1=0.9620 AUC=0.9839
ROUND=64 NODE=node-epsilon ACC=0.9661 PREC=0.9758 REC=0.9560 F1=0.9658 AUC=0.9899 TRAIN_TIME_S=23.267 PEAK_MEM_MB=971.0 XAI_STATUS=DISABLED
MACRO_AVG_LAST10 NODE=node-epsilon ACC=0.9627 PREC=0.9755 REC=0.9493 F1=0.9622 AUC=0.9850
ROUND=65 NODE=node-epsilon ACC=0.9650 PREC=0.9763 REC=0.9531 F1=0.9646 AUC=0.9904 TRAIN_TIME_S=21.105 PEAK_MEM_MB=971.1 XAI_STATUS=DISABLED
MACRO_AVG_LAST10 NODE=node-epsilon ACC=0.9627 PREC=0.9756 REC=0.9492 F1=0.9622 AUC=0.9861
ROUND=66 NODE=node-epsilon ACC=0.9644 PREC=0.9762 REC=0.9520 F1=0.9640 AUC=0.9907 TRAIN_TIME_S=23.299 PEAK_MEM_MB=970.8 XAI_STATUS=DISABLED
MACRO_AVG_LAST10 NODE=node-epsilon ACC=0.9627 PREC=0.9756 REC=0.9491 F1=0.9621 AUC=0.9874
ROUND=67 NODE=node-epsilon ACC=0.9633 PREC=0.9758 REC=0.9503 F1=0.9629 AUC=0.9907 TRAIN_TIME_S=25.434 PEAK_MEM_MB=971.5 XAI_STATUS=DISABLED
MACRO_AVG_LAST10 NODE=node-epsilon ACC=0.9636 PREC=0.9757 REC=0.9509 F1=0.9631 AUC=0.9887
ROUND=68 NODE=node-epsilon ACC=0.9637 PREC=0.9758 REC=0.9510 F1=0.9632 AUC=0.9902 TRAIN_TIME_S=23.277 PEAK_MEM_MB=972.0 XAI_STATUS=DISABLED
MACRO_AVG_LAST10 NODE=node-epsilon ACC=0.9646 PREC=0.9759 REC=0.9528 F1=0.9642 AUC=0.9898
ROUND=69 NODE=node-epsilon ACC=0.9670 PREC=0.9762 REC=0.9573 F1=0.9667 AUC=0.9908 TRAIN_TIME_S=21.306 PEAK_MEM_MB=970.8 XAI_STATUS=DISABLED
MACRO_AVG_LAST10 NODE=node-epsilon ACC=0.9649 PREC=0.9759 REC=0.9533 F1=0.9645 AUC=0.9900
ROUND=70 NODE=node-epsilon ACC=0.9647 PREC=0.9759 REC=0.9529 F1=0.9643 AUC=0.9913 TRAIN_TIME_S=21.148 PEAK_MEM_MB=971.8 XAI_STATUS=DISABLED
MACRO_AVG_LAST10 NODE=node-epsilon ACC=0.9649 PREC=0.9760 REC=0.9533 F1=0.9645 AUC=0.9905
ROUND=71 NODE=node-epsilon ACC=0.9528 PREC=0.9758 REC=0.9285 F1=0.9516 AUC=0.9910 TRAIN_TIME_S=21.177 PEAK_MEM_MB=972.0 XAI_STATUS=DISABLED
MACRO_AVG_LAST10 NODE=node-epsilon ACC=0.9637 PREC=0.9760 REC=0.9508 F1=0.9632 AUC=0.9906
ROUND=72 NODE=node-epsilon ACC=0.9662 PREC=0.9759 REC=0.9560 F1=0.9659 AUC=0.9913 TRAIN_TIME_S=23.228 PEAK_MEM_MB=972.2 XAI_STATUS=DISABLED
MACRO_AVG_LAST10 NODE=node-epsilon ACC=0.9639 PREC=0.9760 REC=0.9512 F1=0.9634 AUC=0.9906
ROUND=73 NODE=node-epsilon ACC=0.9649 PREC=0.9765 REC=0.9526 F1=0.9644 AUC=0.9914 TRAIN_TIME_S=25.304 PEAK_MEM_MB=972.9 XAI_STATUS=DISABLED
MACRO_AVG_LAST10 NODE=node-epsilon ACC=0.9638 PREC=0.9760 REC=0.9510 F1=0.9633 AUC=0.9908
ROUND=74 NODE=node-epsilon ACC=0.9673 PREC=0.9727 REC=0.9616 F1=0.9671 AUC=0.9909 TRAIN_TIME_S=21.123 PEAK_MEM_MB=974.3 XAI_STATUS=DISABLED
MACRO_AVG_LAST10 NODE=node-epsilon ACC=0.9639 PREC=0.9757 REC=0.9515 F1=0.9635 AUC=0.9909
ROUND=75 NODE=node-epsilon ACC=0.9623 PREC=0.9771 REC=0.9468 F1=0.9617 AUC=0.9908 TRAIN_TIME_S=21.066 PEAK_MEM_MB=973.8 XAI_STATUS=DISABLED
MACRO_AVG_LAST10 NODE=node-epsilon ACC=0.9637 PREC=0.9758 REC=0.9509 F1=0.9632 AUC=0.9909
ROUND=76 NODE=node-epsilon ACC=0.9649 PREC=0.9758 REC=0.9533 F1=0.9644 AUC=0.9908 TRAIN_TIME_S=23.294 PEAK_MEM_MB=973.3 XAI_STATUS=DISABLED
MACRO_AVG_LAST10 NODE=node-epsilon ACC=0.9637 PREC=0.9758 REC=0.9510 F1=0.9632 AUC=0.9909
ROUND=77 NODE=node-epsilon ACC=0.9645 PREC=0.9768 REC=0.9516 F1=0.9640 AUC=0.9914 TRAIN_TIME_S=23.235 PEAK_MEM_MB=974.0 XAI_STATUS=DISABLED
MACRO_AVG_LAST10 NODE=node-epsilon ACC=0.9638 PREC=0.9759 REC=0.9512 F1=0.9633 AUC=0.9910
ROUND=78 NODE=node-epsilon ACC=0.9646 PREC=0.9761 REC=0.9526 F1=0.9642 AUC=0.9911 TRAIN_TIME_S=23.222 PEAK_MEM_MB=968.0 XAI_STATUS=DISABLED
MACRO_AVG_LAST10 NODE=node-epsilon ACC=0.9639 PREC=0.9759 REC=0.9513 F1=0.9634 AUC=0.9911
ROUND=79 NODE=node-epsilon ACC=0.9632 PREC=0.9727 REC=0.9533 F1=0.9629 AUC=0.9912 TRAIN_TIME_S=21.200 PEAK_MEM_MB=979.9 XAI_STATUS=DISABLED
MACRO_AVG_LAST10 NODE=node-epsilon ACC=0.9635 PREC=0.9755 REC=0.9509 F1=0.9631 AUC=0.9911
ROUND=80 NODE=node-epsilon ACC=0.9634 PREC=0.9728 REC=0.9535 F1=0.9630 AUC=0.9907 TRAIN_TIME_S=21.121 PEAK_MEM_MB=979.9 XAI_STATUS=DISABLED
MACRO_AVG_LAST10 NODE=node-epsilon ACC=0.9634 PREC=0.9752 REC=0.9510 F1=0.9629 AUC=0.9911
ROUND=81 NODE=node-epsilon ACC=0.9530 PREC=0.9727 REC=0.9321 F1=0.9519 AUC=0.9908 TRAIN_TIME_S=21.192 PEAK_MEM_MB=975.2 XAI_STATUS=DISABLED
MACRO_AVG_LAST10 NODE=node-epsilon ACC=0.9634 PREC=0.9749 REC=0.9513 F1=0.9630 AUC=0.9910
ROUND=82 NODE=node-epsilon ACC=0.9639 PREC=0.9765 REC=0.9506 F1=0.9634 AUC=0.9907 TRAIN_TIME_S=21.235 PEAK_MEM_MB=975.3 XAI_STATUS=DISABLED
MACRO_AVG_LAST10 NODE=node-epsilon ACC=0.9632 PREC=0.9750 REC=0.9508 F1=0.9627 AUC=0.9910
ROUND=83 NODE=node-epsilon ACC=0.9609 PREC=0.9755 REC=0.9455 F1=0.9603 AUC=0.9903 TRAIN_TIME_S=25.461 PEAK_MEM_MB=975.8 XAI_STATUS=DISABLED
MACRO_AVG_LAST10 NODE=node-epsilon ACC=0.9628 PREC=0.9749 REC=0.9501 F1=0.9623 AUC=0.9909
ROUND=84 NODE=node-epsilon ACC=0.9545 PREC=0.9763 REC=0.9315 F1=0.9534 AUC=0.9906 TRAIN_TIME_S=21.273 PEAK_MEM_MB=975.9 XAI_STATUS=DISABLED
MACRO_AVG_LAST10 NODE=node-epsilon ACC=0.9615 PREC=0.9752 REC=0.9471 F1=0.9609 AUC=0.9908
ROUND=85 NODE=node-epsilon ACC=0.9610 PREC=0.9764 REC=0.9448 F1=0.9604 AUC=0.9908 TRAIN_TIME_S=21.441 PEAK_MEM_MB=975.9 XAI_STATUS=DISABLED
MACRO_AVG_LAST10 NODE=node-epsilon ACC=0.9614 PREC=0.9752 REC=0.9469 F1=0.9608 AUC=0.9908
ROUND=86 NODE=node-epsilon ACC=0.9610 PREC=0.9768 REC=0.9444 F1=0.9603 AUC=0.9907 TRAIN_TIME_S=21.299 PEAK_MEM_MB=975.8 XAI_STATUS=DISABLED
MACRO_AVG_LAST10 NODE=node-epsilon ACC=0.9610 PREC=0.9753 REC=0.9460 F1=0.9604 AUC=0.9908
ROUND=87 NODE=node-epsilon ACC=0.9652 PREC=0.9762 REC=0.9536 F1=0.9648 AUC=0.9911 TRAIN_TIME_S=23.367 PEAK_MEM_MB=975.9 XAI_STATUS=DISABLED
MACRO_AVG_LAST10 NODE=node-epsilon ACC=0.9611 PREC=0.9752 REC=0.9462 F1=0.9605 AUC=0.9908
ROUND=88 NODE=node-epsilon ACC=0.9545 PREC=0.9762 REC=0.9316 F1=0.9534 AUC=0.9904 TRAIN_TIME_S=21.158 PEAK_MEM_MB=974.9 XAI_STATUS=DISABLED
MACRO_AVG_LAST10 NODE=node-epsilon ACC=0.9600 PREC=0.9752 REC=0.9441 F1=0.9594 AUC=0.9907
ROUND=89 NODE=node-epsilon ACC=0.9651 PREC=0.9772 REC=0.9525 F1=0.9647 AUC=0.9911 TRAIN_TIME_S=23.173 PEAK_MEM_MB=975.2 XAI_STATUS=DISABLED
MACRO_AVG_LAST10 NODE=node-epsilon ACC=0.9602 PREC=0.9757 REC=0.9440 F1=0.9596 AUC=0.9907
ROUND=90 NODE=node-epsilon ACC=0.9538 PREC=0.9760 REC=0.9304 F1=0.9526 AUC=0.9911 TRAIN_TIME_S=25.321 PEAK_MEM_MB=975.0 XAI_STATUS=DISABLED
MACRO_AVG_LAST10 NODE=node-epsilon ACC=0.9593 PREC=0.9760 REC=0.9417 F1=0.9585 AUC=0.9908
ROUND=91 NODE=node-epsilon ACC=0.9655 PREC=0.9766 REC=0.9539 F1=0.9651 AUC=0.9911 TRAIN_TIME_S=23.600 PEAK_MEM_MB=976.4 XAI_STATUS=DISABLED
MACRO_AVG_LAST10 NODE=node-epsilon ACC=0.9605 PREC=0.9764 REC=0.9439 F1=0.9598 AUC=0.9908
ROUND=92 NODE=node-epsilon ACC=0.9532 PREC=0.9766 REC=0.9287 F1=0.9520 AUC=0.9909 TRAIN_TIME_S=21.133 PEAK_MEM_MB=976.1 XAI_STATUS=DISABLED
MACRO_AVG_LAST10 NODE=node-epsilon ACC=0.9595 PREC=0.9764 REC=0.9417 F1=0.9587 AUC=0.9908
ROUND=93 NODE=node-epsilon ACC=0.9636 PREC=0.9767 REC=0.9500 F1=0.9631 AUC=0.9909 TRAIN_TIME_S=21.053 PEAK_MEM_MB=976.6 XAI_STATUS=DISABLED
MACRO_AVG_LAST10 NODE=node-epsilon ACC=0.9597 PREC=0.9765 REC=0.9421 F1=0.9590 AUC=0.9909
ROUND=94 NODE=node-epsilon ACC=0.9632 PREC=0.9744 REC=0.9514 F1=0.9628 AUC=0.9908 TRAIN_TIME_S=25.777 PEAK_MEM_MB=983.4 XAI_STATUS=DISABLED
MACRO_AVG_LAST10 NODE=node-epsilon ACC=0.9606 PREC=0.9763 REC=0.9441 F1=0.9599 AUC=0.9909
ROUND=95 NODE=node-epsilon ACC=0.9639 PREC=0.9727 REC=0.9545 F1=0.9635 AUC=0.9910 TRAIN_TIME_S=21.120 PEAK_MEM_MB=983.4 XAI_STATUS=DISABLED
MACRO_AVG_LAST10 NODE=node-epsilon ACC=0.9609 PREC=0.9759 REC=0.9451 F1=0.9602 AUC=0.9909
ROUND=96 NODE=node-epsilon ACC=0.9537 PREC=0.9718 REC=0.9345 F1=0.9528 AUC=0.9904 TRAIN_TIME_S=21.067 PEAK_MEM_MB=982.9 XAI_STATUS=DISABLED
MACRO_AVG_LAST10 NODE=node-epsilon ACC=0.9602 PREC=0.9754 REC=0.9441 F1=0.9595 AUC=0.9909
ROUND=97 NODE=node-epsilon ACC=0.9529 PREC=0.9746 REC=0.9300 F1=0.9518 AUC=0.9906 TRAIN_TIME_S=25.510 PEAK_MEM_MB=982.9 XAI_STATUS=DISABLED
MACRO_AVG_LAST10 NODE=node-epsilon ACC=0.9589 PREC=0.9753 REC=0.9417 F1=0.9582 AUC=0.9908
ROUND=98 NODE=node-epsilon ACC=0.9528 PREC=0.9761 REC=0.9283 F1=0.9516 AUC=0.9908 TRAIN_TIME_S=21.205 PEAK_MEM_MB=982.8 XAI_STATUS=DISABLED
MACRO_AVG_LAST10 NODE=node-epsilon ACC=0.9588 PREC=0.9753 REC=0.9414 F1=0.9580 AUC=0.9909
ROUND=99 NODE=node-epsilon ACC=0.9644 PREC=0.9763 REC=0.9519 F1=0.9639 AUC=0.9909 TRAIN_TIME_S=23.396 PEAK_MEM_MB=988.2 XAI_STATUS=DISABLED
MACRO_AVG_LAST10 NODE=node-epsilon ACC=0.9587 PREC=0.9752 REC=0.9414 F1=0.9579 AUC=0.9908
ROUND=100 NODE=node-epsilon ACC=0.9643 PREC=0.9759 REC=0.9521 F1=0.9639 AUC=0.9913 TRAIN_TIME_S=23.259 PEAK_MEM_MB=989.0 XAI_STATUS=DISABLED
MACRO_AVG_LAST10 NODE=node-epsilon ACC=0.9597 PREC=0.9752 REC=0.9435 F1=0.9591 AUC=0.9909
