# Metrics log for client node-alpha - Run started at 2025-09-09 08:25:59.884508
# XAI_ENABLED=False DEVICE_TYPE=RaspberryPi-4B
# XAI Methods: GRADXINPUT=False SHAP=False LIME=False
# Format: ROUND=X NODE=Y ACC=Z ... [GRADXINPUT_MS=A GRADXINPUT_MEM_MB=B] [SHAP_MS=C SHAP_MEM_MB=D] [LIME_MS=E LIME_MEM_MB=F] XAI_METHODS=G,H,I
ROUND=1 NODE=node-alpha ACC=0.9718 PREC=0.9591 REC=0.9857 F1=0.9722 AUC=0.9949 TRAIN_TIME_S=67.463 PEAK_MEM_MB=932.2 XAI_STATUS=DISABLED
ROUND=2 NODE=node-alpha ACC=0.9582 PREC=0.9680 REC=0.9476 F1=0.9577 AUC=0.9947 TRAIN_TIME_S=60.216 PEAK_MEM_MB=940.1 XAI_STATUS=DISABLED
ROUND=3 NODE=node-alpha ACC=0.9423 PREC=0.9699 REC=0.9128 F1=0.9405 AUC=0.9952 TRAIN_TIME_S=60.446 PEAK_MEM_MB=945.9 XAI_STATUS=DISABLED
ROUND=4 NODE=node-alpha ACC=0.9416 PREC=0.9736 REC=0.9078 F1=0.9396 AUC=0.9957 TRAIN_TIME_S=59.439 PEAK_MEM_MB=946.2 XAI_STATUS=DISABLED
ROUND=5 NODE=node-alpha ACC=0.9426 PREC=0.9728 REC=0.9107 F1=0.9407 AUC=0.9953 TRAIN_TIME_S=59.612 PEAK_MEM_MB=949.9 XAI_STATUS=DISABLED
ROUND=6 NODE=node-alpha ACC=0.9420 PREC=0.9754 REC=0.9069 F1=0.9399 AUC=0.9959 TRAIN_TIME_S=61.679 PEAK_MEM_MB=950.4 XAI_STATUS=DISABLED
ROUND=7 NODE=node-alpha ACC=0.9478 PREC=0.9724 REC=0.9218 F1=0.9464 AUC=0.9962 TRAIN_TIME_S=58.763 PEAK_MEM_MB=951.5 XAI_STATUS=DISABLED
ROUND=8 NODE=node-alpha ACC=0.9477 PREC=0.9732 REC=0.9207 F1=0.9462 AUC=0.9962 TRAIN_TIME_S=59.814 PEAK_MEM_MB=953.5 XAI_STATUS=DISABLED
ROUND=9 NODE=node-alpha ACC=0.9543 PREC=0.9724 REC=0.9352 F1=0.9535 AUC=0.9961 TRAIN_TIME_S=61.105 PEAK_MEM_MB=954.9 XAI_STATUS=DISABLED
ROUND=10 NODE=node-alpha ACC=0.9530 PREC=0.9732 REC=0.9317 F1=0.9520 AUC=0.9963 TRAIN_TIME_S=59.078 PEAK_MEM_MB=955.1 XAI_STATUS=DISABLED
MACRO_AVG_LAST10 NODE=node-alpha ACC=0.9501 PREC=0.9710 REC=0.9281 F1=0.9489 AUC=0.9956
ROUND=11 NODE=node-alpha ACC=0.9508 PREC=0.9735 REC=0.9268 F1=0.9496 AUC=0.9964 TRAIN_TIME_S=60.144 PEAK_MEM_MB=954.0 XAI_STATUS=DISABLED
MACRO_AVG_LAST10 NODE=node-alpha ACC=0.9480 PREC=0.9724 REC=0.9222 F1=0.9466 AUC=0.9958
ROUND=12 NODE=node-alpha ACC=0.9560 PREC=0.9722 REC=0.9388 F1=0.9552 AUC=0.9963 TRAIN_TIME_S=58.879 PEAK_MEM_MB=955.1 XAI_STATUS=DISABLED
MACRO_AVG_LAST10 NODE=node-alpha ACC=0.9478 PREC=0.9729 REC=0.9213 F1=0.9464 AUC=0.9959
ROUND=13 NODE=node-alpha ACC=0.9549 PREC=0.9733 REC=0.9356 F1=0.9541 AUC=0.9964 TRAIN_TIME_S=60.782 PEAK_MEM_MB=959.2 XAI_STATUS=DISABLED
MACRO_AVG_LAST10 NODE=node-alpha ACC=0.9491 PREC=0.9732 REC=0.9236 F1=0.9477 AUC=0.9961
ROUND=14 NODE=node-alpha ACC=0.9556 PREC=0.9741 REC=0.9362 F1=0.9548 AUC=0.9968 TRAIN_TIME_S=62.161 PEAK_MEM_MB=958.5 XAI_STATUS=DISABLED
MACRO_AVG_LAST10 NODE=node-alpha ACC=0.9505 PREC=0.9732 REC=0.9264 F1=0.9492 AUC=0.9962
ROUND=15 NODE=node-alpha ACC=0.9587 PREC=0.9732 REC=0.9434 F1=0.9581 AUC=0.9964 TRAIN_TIME_S=60.491 PEAK_MEM_MB=959.4 XAI_STATUS=DISABLED
MACRO_AVG_LAST10 NODE=node-alpha ACC=0.9521 PREC=0.9733 REC=0.9297 F1=0.9510 AUC=0.9963
ROUND=16 NODE=node-alpha ACC=0.9615 PREC=0.9761 REC=0.9463 F1=0.9610 AUC=0.9968 TRAIN_TIME_S=60.240 PEAK_MEM_MB=961.6 XAI_STATUS=DISABLED
MACRO_AVG_LAST10 NODE=node-alpha ACC=0.9540 PREC=0.9733 REC=0.9337 F1=0.9531 AUC=0.9964
ROUND=17 NODE=node-alpha ACC=0.9524 PREC=0.9765 REC=0.9270 F1=0.9511 AUC=0.9966 TRAIN_TIME_S=60.375 PEAK_MEM_MB=961.7 XAI_STATUS=DISABLED
MACRO_AVG_LAST10 NODE=node-alpha ACC=0.9545 PREC=0.9738 REC=0.9342 F1=0.9535 AUC=0.9964
ROUND=18 NODE=node-alpha ACC=0.9568 PREC=0.9753 REC=0.9374 F1=0.9560 AUC=0.9971 TRAIN_TIME_S=60.296 PEAK_MEM_MB=961.1 XAI_STATUS=DISABLED
MACRO_AVG_LAST10 NODE=node-alpha ACC=0.9554 PREC=0.9740 REC=0.9358 F1=0.9545 AUC=0.9965
ROUND=19 NODE=node-alpha ACC=0.9485 PREC=0.9767 REC=0.9188 F1=0.9469 AUC=0.9964 TRAIN_TIME_S=60.995 PEAK_MEM_MB=962.4 XAI_STATUS=DISABLED
MACRO_AVG_LAST10 NODE=node-alpha ACC=0.9548 PREC=0.9744 REC=0.9342 F1=0.9539 AUC=0.9966
ROUND=20 NODE=node-alpha ACC=0.9604 PREC=0.9756 REC=0.9445 F1=0.9598 AUC=0.9967 TRAIN_TIME_S=60.384 PEAK_MEM_MB=963.4 XAI_STATUS=DISABLED
MACRO_AVG_LAST10 NODE=node-alpha ACC=0.9556 PREC=0.9747 REC=0.9355 F1=0.9546 AUC=0.9966
ROUND=21 NODE=node-alpha ACC=0.9577 PREC=0.9757 REC=0.9387 F1=0.9568 AUC=0.9966 TRAIN_TIME_S=62.855 PEAK_MEM_MB=962.3 XAI_STATUS=DISABLED
MACRO_AVG_LAST10 NODE=node-alpha ACC=0.9563 PREC=0.9749 REC=0.9367 F1=0.9554 AUC=0.9966
ROUND=22 NODE=node-alpha ACC=0.9567 PREC=0.9762 REC=0.9362 F1=0.9558 AUC=0.9968 TRAIN_TIME_S=59.139 PEAK_MEM_MB=957.4 XAI_STATUS=DISABLED
MACRO_AVG_LAST10 NODE=node-alpha ACC=0.9563 PREC=0.9753 REC=0.9364 F1=0.9554 AUC=0.9967
ROUND=23 NODE=node-alpha ACC=0.9578 PREC=0.9755 REC=0.9393 F1=0.9571 AUC=0.9967 TRAIN_TIME_S=61.446 PEAK_MEM_MB=957.7 XAI_STATUS=DISABLED
MACRO_AVG_LAST10 NODE=node-alpha ACC=0.9566 PREC=0.9755 REC=0.9368 F1=0.9557 AUC=0.9967
ROUND=24 NODE=node-alpha ACC=0.9580 PREC=0.9782 REC=0.9369 F1=0.9571 AUC=0.9972 TRAIN_TIME_S=60.293 PEAK_MEM_MB=958.6 XAI_STATUS=DISABLED
MACRO_AVG_LAST10 NODE=node-alpha ACC=0.9569 PREC=0.9759 REC=0.9369 F1=0.9560 AUC=0.9967
ROUND=25 NODE=node-alpha ACC=0.9549 PREC=0.9783 REC=0.9305 F1=0.9538 AUC=0.9971 TRAIN_TIME_S=59.251 PEAK_MEM_MB=958.8 XAI_STATUS=DISABLED
MACRO_AVG_LAST10 NODE=node-alpha ACC=0.9565 PREC=0.9764 REC=0.9356 F1=0.9555 AUC=0.9968
ROUND=26 NODE=node-alpha ACC=0.9621 PREC=0.9793 REC=0.9443 F1=0.9615 AUC=0.9974 TRAIN_TIME_S=60.378 PEAK_MEM_MB=964.8 XAI_STATUS=DISABLED
MACRO_AVG_LAST10 NODE=node-alpha ACC=0.9565 PREC=0.9767 REC=0.9354 F1=0.9556 AUC=0.9969
ROUND=27 NODE=node-alpha ACC=0.9532 PREC=0.9790 REC=0.9263 F1=0.9519 AUC=0.9968 TRAIN_TIME_S=60.400 PEAK_MEM_MB=959.2 XAI_STATUS=DISABLED
MACRO_AVG_LAST10 NODE=node-alpha ACC=0.9566 PREC=0.9770 REC=0.9353 F1=0.9557 AUC=0.9969
ROUND=28 NODE=node-alpha ACC=0.9513 PREC=0.9840 REC=0.9176 F1=0.9497 AUC=0.9967 TRAIN_TIME_S=59.223 PEAK_MEM_MB=959.2 XAI_STATUS=DISABLED
MACRO_AVG_LAST10 NODE=node-alpha ACC=0.9561 PREC=0.9779 REC=0.9333 F1=0.9550 AUC=0.9968
ROUND=29 NODE=node-alpha ACC=0.9545 PREC=0.9781 REC=0.9298 F1=0.9533 AUC=0.9970 TRAIN_TIME_S=60.445 PEAK_MEM_MB=959.2 XAI_STATUS=DISABLED
MACRO_AVG_LAST10 NODE=node-alpha ACC=0.9567 PREC=0.9780 REC=0.9344 F1=0.9557 AUC=0.9969
ROUND=30 NODE=node-alpha ACC=0.9530 PREC=0.9780 REC=0.9267 F1=0.9517 AUC=0.9964 TRAIN_TIME_S=60.373 PEAK_MEM_MB=958.4 XAI_STATUS=DISABLED
MACRO_AVG_LAST10 NODE=node-alpha ACC=0.9559 PREC=0.9782 REC=0.9326 F1=0.9549 AUC=0.9969
ROUND=31 NODE=node-alpha ACC=0.9539 PREC=0.9782 REC=0.9285 F1=0.9527 AUC=0.9969 TRAIN_TIME_S=59.128 PEAK_MEM_MB=959.0 XAI_STATUS=DISABLED
MACRO_AVG_LAST10 NODE=node-alpha ACC=0.9556 PREC=0.9785 REC=0.9316 F1=0.9545 AUC=0.9969
ROUND=32 NODE=node-alpha ACC=0.9521 PREC=0.9813 REC=0.9219 F1=0.9507 AUC=0.9969 TRAIN_TIME_S=60.444 PEAK_MEM_MB=996.0 XAI_STATUS=DISABLED
MACRO_AVG_LAST10 NODE=node-alpha ACC=0.9551 PREC=0.9790 REC=0.9302 F1=0.9539 AUC=0.9969
ROUND=33 NODE=node-alpha ACC=0.9513 PREC=0.9893 REC=0.9124 F1=0.9493 AUC=0.9971 TRAIN_TIME_S=59.262 PEAK_MEM_MB=996.2 XAI_STATUS=DISABLED
MACRO_AVG_LAST10 NODE=node-alpha ACC=0.9544 PREC=0.9804 REC=0.9275 F1=0.9532 AUC=0.9969
ROUND=34 NODE=node-alpha ACC=0.9452 PREC=0.9870 REC=0.9024 F1=0.9428 AUC=0.9964 TRAIN_TIME_S=60.460 PEAK_MEM_MB=973.1 XAI_STATUS=DISABLED
MACRO_AVG_LAST10 NODE=node-alpha ACC=0.9532 PREC=0.9812 REC=0.9240 F1=0.9517 AUC=0.9969
ROUND=35 NODE=node-alpha ACC=0.9370 PREC=0.9919 REC=0.8812 F1=0.9333 AUC=0.9964 TRAIN_TIME_S=60.491 PEAK_MEM_MB=973.3 XAI_STATUS=DISABLED
MACRO_AVG_LAST10 NODE=node-alpha ACC=0.9514 PREC=0.9826 REC=0.9191 F1=0.9497 AUC=0.9968
ROUND=36 NODE=node-alpha ACC=0.9498 PREC=0.9852 REC=0.9133 F1=0.9479 AUC=0.9969 TRAIN_TIME_S=61.555 PEAK_MEM_MB=973.7 XAI_STATUS=DISABLED
MACRO_AVG_LAST10 NODE=node-alpha ACC=0.9501 PREC=0.9832 REC=0.9160 F1=0.9483 AUC=0.9967
ROUND=37 NODE=node-alpha ACC=0.9565 PREC=0.9871 REC=0.9251 F1=0.9551 AUC=0.9977 TRAIN_TIME_S=61.643 PEAK_MEM_MB=973.9 XAI_STATUS=DISABLED
MACRO_AVG_LAST10 NODE=node-alpha ACC=0.9505 PREC=0.9840 REC=0.9159 F1=0.9486 AUC=0.9968
ROUND=38 NODE=node-alpha ACC=0.9366 PREC=0.9903 REC=0.8817 F1=0.9329 AUC=0.9957 TRAIN_TIME_S=59.443 PEAK_MEM_MB=973.9 XAI_STATUS=DISABLED
MACRO_AVG_LAST10 NODE=node-alpha ACC=0.9490 PREC=0.9846 REC=0.9123 F1=0.9470 AUC=0.9967
ROUND=39 NODE=node-alpha ACC=0.9479 PREC=0.9898 REC=0.9051 F1=0.9456 AUC=0.9970 TRAIN_TIME_S=61.470 PEAK_MEM_MB=994.9 XAI_STATUS=DISABLED
MACRO_AVG_LAST10 NODE=node-alpha ACC=0.9483 PREC=0.9858 REC=0.9098 F1=0.9462 AUC=0.9967
ROUND=40 NODE=node-alpha ACC=0.9310 PREC=0.9961 REC=0.8654 F1=0.9262 AUC=0.9963 TRAIN_TIME_S=60.342 PEAK_MEM_MB=1019.5 XAI_STATUS=DISABLED
MACRO_AVG_LAST10 NODE=node-alpha ACC=0.9461 PREC=0.9876 REC=0.9037 F1=0.9436 AUC=0.9967
ROUND=41 NODE=node-alpha ACC=0.9428 PREC=0.9808 REC=0.9034 F1=0.9405 AUC=0.9965 TRAIN_TIME_S=62.248 PEAK_MEM_MB=1020.0 XAI_STATUS=DISABLED
MACRO_AVG_LAST10 NODE=node-alpha ACC=0.9450 PREC=0.9879 REC=0.9012 F1=0.9424 AUC=0.9967
ROUND=42 NODE=node-alpha ACC=0.9383 PREC=0.9881 REC=0.8873 F1=0.9350 AUC=0.9962 TRAIN_TIME_S=60.327 PEAK_MEM_MB=1020.6 XAI_STATUS=DISABLED
MACRO_AVG_LAST10 NODE=node-alpha ACC=0.9436 PREC=0.9886 REC=0.8977 F1=0.9408 AUC=0.9966
ROUND=43 NODE=node-alpha ACC=0.9377 PREC=0.9809 REC=0.8928 F1=0.9348 AUC=0.9960 TRAIN_TIME_S=60.336 PEAK_MEM_MB=1020.9 XAI_STATUS=DISABLED
MACRO_AVG_LAST10 NODE=node-alpha ACC=0.9423 PREC=0.9877 REC=0.8958 F1=0.9394 AUC=0.9965
ROUND=44 NODE=node-alpha ACC=0.9363 PREC=0.9860 REC=0.8852 F1=0.9329 AUC=0.9961 TRAIN_TIME_S=60.281 PEAK_MEM_MB=1021.0 XAI_STATUS=DISABLED
MACRO_AVG_LAST10 NODE=node-alpha ACC=0.9414 PREC=0.9876 REC=0.8941 F1=0.9384 AUC=0.9965
ROUND=45 NODE=node-alpha ACC=0.9356 PREC=0.9863 REC=0.8836 F1=0.9321 AUC=0.9963 TRAIN_TIME_S=61.524 PEAK_MEM_MB=1021.2 XAI_STATUS=DISABLED
MACRO_AVG_LAST10 NODE=node-alpha ACC=0.9413 PREC=0.9871 REC=0.8943 F1=0.9383 AUC=0.9965
ROUND=46 NODE=node-alpha ACC=0.9374 PREC=0.9871 REC=0.8865 F1=0.9341 AUC=0.9960 TRAIN_TIME_S=63.267 PEAK_MEM_MB=1021.9 XAI_STATUS=DISABLED
MACRO_AVG_LAST10 NODE=node-alpha ACC=0.9400 PREC=0.9872 REC=0.8916 F1=0.9369 AUC=0.9964
ROUND=47 NODE=node-alpha ACC=0.9438 PREC=0.9834 REC=0.9028 F1=0.9414 AUC=0.9967 TRAIN_TIME_S=59.275 PEAK_MEM_MB=1022.3 XAI_STATUS=DISABLED
MACRO_AVG_LAST10 NODE=node-alpha ACC=0.9387 PREC=0.9869 REC=0.8894 F1=0.9355 AUC=0.9963
ROUND=48 NODE=node-alpha ACC=0.9409 PREC=0.9842 REC=0.8961 F1=0.9381 AUC=0.9963 TRAIN_TIME_S=60.465 PEAK_MEM_MB=1022.4 XAI_STATUS=DISABLED
MACRO_AVG_LAST10 NODE=node-alpha ACC=0.9392 PREC=0.9863 REC=0.8908 F1=0.9361 AUC=0.9963
ROUND=49 NODE=node-alpha ACC=0.9418 PREC=0.9851 REC=0.8972 F1=0.9391 AUC=0.9960 TRAIN_TIME_S=62.594 PEAK_MEM_MB=1022.6 XAI_STATUS=DISABLED
MACRO_AVG_LAST10 NODE=node-alpha ACC=0.9386 PREC=0.9858 REC=0.8900 F1=0.9354 AUC=0.9962
ROUND=50 NODE=node-alpha ACC=0.9455 PREC=0.9889 REC=0.9010 F1=0.9429 AUC=0.9963 TRAIN_TIME_S=60.456 PEAK_MEM_MB=974.7 XAI_STATUS=DISABLED
MACRO_AVG_LAST10 NODE=node-alpha ACC=0.9400 PREC=0.9851 REC=0.8936 F1=0.9371 AUC=0.9962
ROUND=51 NODE=node-alpha ACC=0.9433 PREC=0.9835 REC=0.9017 F1=0.9408 AUC=0.9958 TRAIN_TIME_S=61.507 PEAK_MEM_MB=974.9 XAI_STATUS=DISABLED
MACRO_AVG_LAST10 NODE=node-alpha ACC=0.9401 PREC=0.9853 REC=0.8934 F1=0.9371 AUC=0.9962
ROUND=52 NODE=node-alpha ACC=0.9417 PREC=0.9835 REC=0.8985 F1=0.9391 AUC=0.9957 TRAIN_TIME_S=60.425 PEAK_MEM_MB=975.0 XAI_STATUS=DISABLED
MACRO_AVG_LAST10 NODE=node-alpha ACC=0.9404 PREC=0.9849 REC=0.8945 F1=0.9375 AUC=0.9961
ROUND=53 NODE=node-alpha ACC=0.9413 PREC=0.9889 REC=0.8925 F1=0.9382 AUC=0.9953 TRAIN_TIME_S=60.551 PEAK_MEM_MB=975.1 XAI_STATUS=DISABLED
MACRO_AVG_LAST10 NODE=node-alpha ACC=0.9408 PREC=0.9857 REC=0.8945 F1=0.9379 AUC=0.9961
ROUND=54 NODE=node-alpha ACC=0.9427 PREC=0.9864 REC=0.8977 F1=0.9400 AUC=0.9958 TRAIN_TIME_S=60.531 PEAK_MEM_MB=975.2 XAI_STATUS=DISABLED
MACRO_AVG_LAST10 NODE=node-alpha ACC=0.9414 PREC=0.9857 REC=0.8958 F1=0.9386 AUC=0.9960
ROUND=55 NODE=node-alpha ACC=0.9294 PREC=0.9820 REC=0.8749 F1=0.9254 AUC=0.9945 TRAIN_TIME_S=59.298 PEAK_MEM_MB=975.3 XAI_STATUS=DISABLED
MACRO_AVG_LAST10 NODE=node-alpha ACC=0.9408 PREC=0.9853 REC=0.8949 F1=0.9379 AUC=0.9958
ROUND=56 NODE=node-alpha ACC=0.9392 PREC=0.9835 REC=0.8935 F1=0.9363 AUC=0.9954 TRAIN_TIME_S=60.538 PEAK_MEM_MB=975.4 XAI_STATUS=DISABLED
MACRO_AVG_LAST10 NODE=node-alpha ACC=0.9410 PREC=0.9849 REC=0.8956 F1=0.9381 AUC=0.9958
ROUND=57 NODE=node-alpha ACC=0.9408 PREC=0.9838 REC=0.8964 F1=0.9380 AUC=0.9958 TRAIN_TIME_S=60.570 PEAK_MEM_MB=981.1 XAI_STATUS=DISABLED
MACRO_AVG_LAST10 NODE=node-alpha ACC=0.9407 PREC=0.9850 REC=0.8949 F1=0.9378 AUC=0.9957
ROUND=58 NODE=node-alpha ACC=0.9462 PREC=0.9908 REC=0.9007 F1=0.9436 AUC=0.9962 TRAIN_TIME_S=59.388 PEAK_MEM_MB=1000.2 XAI_STATUS=DISABLED
MACRO_AVG_LAST10 NODE=node-alpha ACC=0.9412 PREC=0.9856 REC=0.8954 F1=0.9383 AUC=0.9957
ROUND=59 NODE=node-alpha ACC=0.9474 PREC=0.9789 REC=0.9146 F1=0.9457 AUC=0.9962 TRAIN_TIME_S=59.347 PEAK_MEM_MB=1019.0 XAI_STATUS=DISABLED
MACRO_AVG_LAST10 NODE=node-alpha ACC=0.9417 PREC=0.9850 REC=0.8971 F1=0.9390 AUC=0.9957
ROUND=60 NODE=node-alpha ACC=0.9413 PREC=0.9825 REC=0.8985 F1=0.9386 AUC=0.9956 TRAIN_TIME_S=60.387 PEAK_MEM_MB=1020.5 XAI_STATUS=DISABLED
MACRO_AVG_LAST10 NODE=node-alpha ACC=0.9413 PREC=0.9844 REC=0.8969 F1=0.9386 AUC=0.9956
ROUND=61 NODE=node-alpha ACC=0.9380 PREC=0.9871 REC=0.8876 F1=0.9347 AUC=0.9955 TRAIN_TIME_S=59.441 PEAK_MEM_MB=1020.5 XAI_STATUS=DISABLED
MACRO_AVG_LAST10 NODE=node-alpha ACC=0.9408 PREC=0.9847 REC=0.8955 F1=0.9380 AUC=0.9956
ROUND=62 NODE=node-alpha ACC=0.9438 PREC=0.9810 REC=0.9052 F1=0.9416 AUC=0.9958 TRAIN_TIME_S=63.052 PEAK_MEM_MB=1020.7 XAI_STATUS=DISABLED
MACRO_AVG_LAST10 NODE=node-alpha ACC=0.9410 PREC=0.9845 REC=0.8962 F1=0.9382 AUC=0.9956
ROUND=63 NODE=node-alpha ACC=0.9491 PREC=0.9794 REC=0.9174 F1=0.9474 AUC=0.9964 TRAIN_TIME_S=63.188 PEAK_MEM_MB=1021.7 XAI_STATUS=DISABLED
MACRO_AVG_LAST10 NODE=node-alpha ACC=0.9418 PREC=0.9835 REC=0.8986 F1=0.9391 AUC=0.9957
ROUND=64 NODE=node-alpha ACC=0.9481 PREC=0.9812 REC=0.9137 F1=0.9463 AUC=0.9962 TRAIN_TIME_S=60.378 PEAK_MEM_MB=1021.7 XAI_STATUS=DISABLED
MACRO_AVG_LAST10 NODE=node-alpha ACC=0.9423 PREC=0.9830 REC=0.9002 F1=0.9398 AUC=0.9958
ROUND=65 NODE=node-alpha ACC=0.9460 PREC=0.9835 REC=0.9072 F1=0.9438 AUC=0.9962 TRAIN_TIME_S=59.345 PEAK_MEM_MB=1022.3 XAI_STATUS=DISABLED
MACRO_AVG_LAST10 NODE=node-alpha ACC=0.9440 PREC=0.9832 REC=0.9035 F1=0.9416 AUC=0.9960
ROUND=66 NODE=node-alpha ACC=0.9341 PREC=0.9844 REC=0.8822 F1=0.9305 AUC=0.9942 TRAIN_TIME_S=60.369 PEAK_MEM_MB=1022.3 XAI_STATUS=DISABLED
MACRO_AVG_LAST10 NODE=node-alpha ACC=0.9435 PREC=0.9833 REC=0.9023 F1=0.9410 AUC=0.9958
ROUND=67 NODE=node-alpha ACC=0.9376 PREC=0.9858 REC=0.8879 F1=0.9343 AUC=0.9956 TRAIN_TIME_S=59.529 PEAK_MEM_MB=1022.4 XAI_STATUS=DISABLED
MACRO_AVG_LAST10 NODE=node-alpha ACC=0.9431 PREC=0.9835 REC=0.9015 F1=0.9406 AUC=0.9958
ROUND=68 NODE=node-alpha ACC=0.9580 PREC=0.9809 REC=0.9342 F1=0.9570 AUC=0.9973 TRAIN_TIME_S=60.574 PEAK_MEM_MB=1022.4 XAI_STATUS=DISABLED
MACRO_AVG_LAST10 NODE=node-alpha ACC=0.9443 PREC=0.9825 REC=0.9049 F1=0.9420 AUC=0.9959
ROUND=69 NODE=node-alpha ACC=0.9514 PREC=0.9840 REC=0.9177 F1=0.9497 AUC=0.9969 TRAIN_TIME_S=60.551 PEAK_MEM_MB=1022.8 XAI_STATUS=DISABLED
MACRO_AVG_LAST10 NODE=node-alpha ACC=0.9447 PREC=0.9830 REC=0.9052 F1=0.9424 AUC=0.9960
ROUND=70 NODE=node-alpha ACC=0.9485 PREC=0.9794 REC=0.9164 F1=0.9468 AUC=0.9961 TRAIN_TIME_S=59.310 PEAK_MEM_MB=1022.9 XAI_STATUS=DISABLED
MACRO_AVG_LAST10 NODE=node-alpha ACC=0.9455 PREC=0.9827 REC=0.9069 F1=0.9432 AUC=0.9960
ROUND=71 NODE=node-alpha ACC=0.9497 PREC=0.9784 REC=0.9197 F1=0.9481 AUC=0.9970 TRAIN_TIME_S=61.383 PEAK_MEM_MB=1023.1 XAI_STATUS=DISABLED
MACRO_AVG_LAST10 NODE=node-alpha ACC=0.9466 PREC=0.9818 REC=0.9102 F1=0.9445 AUC=0.9962
ROUND=72 NODE=node-alpha ACC=0.9628 PREC=0.9825 REC=0.9425 F1=0.9621 AUC=0.9973 TRAIN_TIME_S=59.040 PEAK_MEM_MB=1023.1 XAI_STATUS=DISABLED
MACRO_AVG_LAST10 NODE=node-alpha ACC=0.9485 PREC=0.9819 REC=0.9139 F1=0.9466 AUC=0.9963
ROUND=73 NODE=node-alpha ACC=0.9603 PREC=0.9822 REC=0.9377 F1=0.9594 AUC=0.9970 TRAIN_TIME_S=59.898 PEAK_MEM_MB=1023.2 XAI_STATUS=DISABLED
MACRO_AVG_LAST10 NODE=node-alpha ACC=0.9497 PREC=0.9822 REC=0.9159 F1=0.9478 AUC=0.9964
ROUND=74 NODE=node-alpha ACC=0.9569 PREC=0.9777 REC=0.9351 F1=0.9559 AUC=0.9970 TRAIN_TIME_S=61.146 PEAK_MEM_MB=1023.2 XAI_STATUS=DISABLED
MACRO_AVG_LAST10 NODE=node-alpha ACC=0.9505 PREC=0.9819 REC=0.9181 F1=0.9488 AUC=0.9965
ROUND=75 NODE=node-alpha ACC=0.9510 PREC=0.9819 REC=0.9188 F1=0.9493 AUC=0.9968 TRAIN_TIME_S=58.739 PEAK_MEM_MB=1023.3 XAI_STATUS=DISABLED
MACRO_AVG_LAST10 NODE=node-alpha ACC=0.9510 PREC=0.9817 REC=0.9192 F1=0.9493 AUC=0.9965
ROUND=76 NODE=node-alpha ACC=0.9577 PREC=0.9842 REC=0.9303 F1=0.9565 AUC=0.9969 TRAIN_TIME_S=60.690 PEAK_MEM_MB=1023.3 XAI_STATUS=DISABLED
MACRO_AVG_LAST10 NODE=node-alpha ACC=0.9534 PREC=0.9817 REC=0.9240 F1=0.9519 AUC=0.9968
ROUND=77 NODE=node-alpha ACC=0.9619 PREC=0.9802 REC=0.9428 F1=0.9612 AUC=0.9973 TRAIN_TIME_S=58.923 PEAK_MEM_MB=987.4 XAI_STATUS=DISABLED
MACRO_AVG_LAST10 NODE=node-alpha ACC=0.9558 PREC=0.9812 REC=0.9295 F1=0.9546 AUC=0.9970
ROUND=78 NODE=node-alpha ACC=0.9655 PREC=0.9809 REC=0.9495 F1=0.9649 AUC=0.9975 TRAIN_TIME_S=61.126 PEAK_MEM_MB=981.0 XAI_STATUS=DISABLED
MACRO_AVG_LAST10 NODE=node-alpha ACC=0.9566 PREC=0.9812 REC=0.9311 F1=0.9554 AUC=0.9970
ROUND=79 NODE=node-alpha ACC=0.9604 PREC=0.9787 REC=0.9413 F1=0.9596 AUC=0.9961 TRAIN_TIME_S=58.894 PEAK_MEM_MB=981.3 XAI_STATUS=DISABLED
MACRO_AVG_LAST10 NODE=node-alpha ACC=0.9575 PREC=0.9806 REC=0.9334 F1=0.9564 AUC=0.9969
ROUND=80 NODE=node-alpha ACC=0.9543 PREC=0.9803 REC=0.9273 F1=0.9531 AUC=0.9967 TRAIN_TIME_S=58.918 PEAK_MEM_MB=981.7 XAI_STATUS=DISABLED
MACRO_AVG_LAST10 NODE=node-alpha ACC=0.9581 PREC=0.9807 REC=0.9345 F1=0.9570 AUC=0.9970
ROUND=81 NODE=node-alpha ACC=0.9638 PREC=0.9776 REC=0.9492 F1=0.9632 AUC=0.9976 TRAIN_TIME_S=59.013 PEAK_MEM_MB=981.8 XAI_STATUS=DISABLED
MACRO_AVG_LAST10 NODE=node-alpha ACC=0.9595 PREC=0.9806 REC=0.9374 F1=0.9585 AUC=0.9970
ROUND=82 NODE=node-alpha ACC=0.9577 PREC=0.9791 REC=0.9354 F1=0.9567 AUC=0.9965 TRAIN_TIME_S=60.745 PEAK_MEM_MB=982.2 XAI_STATUS=DISABLED
MACRO_AVG_LAST10 NODE=node-alpha ACC=0.9590 PREC=0.9803 REC=0.9367 F1=0.9580 AUC=0.9969
ROUND=83 NODE=node-alpha ACC=0.9447 PREC=0.9815 REC=0.9065 F1=0.9425 AUC=0.9960 TRAIN_TIME_S=58.874 PEAK_MEM_MB=982.2 XAI_STATUS=DISABLED
MACRO_AVG_LAST10 NODE=node-alpha ACC=0.9574 PREC=0.9802 REC=0.9336 F1=0.9563 AUC=0.9968
ROUND=84 NODE=node-alpha ACC=0.9447 PREC=0.9796 REC=0.9083 F1=0.9426 AUC=0.9965 TRAIN_TIME_S=58.819 PEAK_MEM_MB=982.3 XAI_STATUS=DISABLED
MACRO_AVG_LAST10 NODE=node-alpha ACC=0.9562 PREC=0.9804 REC=0.9309 F1=0.9550 AUC=0.9968
ROUND=85 NODE=node-alpha ACC=0.9543 PREC=0.9817 REC=0.9259 F1=0.9530 AUC=0.9969 TRAIN_TIME_S=61.170 PEAK_MEM_MB=982.5 XAI_STATUS=DISABLED
MACRO_AVG_LAST10 NODE=node-alpha ACC=0.9565 PREC=0.9804 REC=0.9316 F1=0.9553 AUC=0.9968
ROUND=86 NODE=node-alpha ACC=0.9636 PREC=0.9791 REC=0.9474 F1=0.9630 AUC=0.9968 TRAIN_TIME_S=60.050 PEAK_MEM_MB=982.5 XAI_STATUS=DISABLED
MACRO_AVG_LAST10 NODE=node-alpha ACC=0.9571 PREC=0.9799 REC=0.9334 F1=0.9560 AUC=0.9968
ROUND=87 NODE=node-alpha ACC=0.9627 PREC=0.9800 REC=0.9447 F1=0.9620 AUC=0.9967 TRAIN_TIME_S=58.862 PEAK_MEM_MB=1010.7 XAI_STATUS=DISABLED
MACRO_AVG_LAST10 NODE=node-alpha ACC=0.9572 PREC=0.9798 REC=0.9335 F1=0.9561 AUC=0.9967
ROUND=88 NODE=node-alpha ACC=0.9521 PREC=0.9865 REC=0.9167 F1=0.9503 AUC=0.9962 TRAIN_TIME_S=61.128 PEAK_MEM_MB=1023.9 XAI_STATUS=DISABLED
MACRO_AVG_LAST10 NODE=node-alpha ACC=0.9558 PREC=0.9804 REC=0.9303 F1=0.9546 AUC=0.9966
ROUND=89 NODE=node-alpha ACC=0.9638 PREC=0.9766 REC=0.9503 F1=0.9633 AUC=0.9965 TRAIN_TIME_S=58.878 PEAK_MEM_MB=1025.3 XAI_STATUS=DISABLED
MACRO_AVG_LAST10 NODE=node-alpha ACC=0.9562 PREC=0.9802 REC=0.9312 F1=0.9550 AUC=0.9966
ROUND=90 NODE=node-alpha ACC=0.9563 PREC=0.9820 REC=0.9295 F1=0.9550 AUC=0.9964 TRAIN_TIME_S=58.836 PEAK_MEM_MB=1025.9 XAI_STATUS=DISABLED
MACRO_AVG_LAST10 NODE=node-alpha ACC=0.9564 PREC=0.9804 REC=0.9314 F1=0.9552 AUC=0.9966
ROUND=91 NODE=node-alpha ACC=0.9316 PREC=0.9848 REC=0.8767 F1=0.9276 AUC=0.9959 TRAIN_TIME_S=58.861 PEAK_MEM_MB=1026.0 XAI_STATUS=DISABLED
MACRO_AVG_LAST10 NODE=node-alpha ACC=0.9531 PREC=0.9811 REC=0.9241 F1=0.9516 AUC=0.9964
ROUND=92 NODE=node-alpha ACC=0.9403 PREC=0.9824 REC=0.8967 F1=0.9376 AUC=0.9964 TRAIN_TIME_S=63.309 PEAK_MEM_MB=1026.0 XAI_STATUS=DISABLED
MACRO_AVG_LAST10 NODE=node-alpha ACC=0.9514 PREC=0.9814 REC=0.9203 F1=0.9497 AUC=0.9964
ROUND=93 NODE=node-alpha ACC=0.9649 PREC=0.9806 REC=0.9485 F1=0.9643 AUC=0.9970 TRAIN_TIME_S=58.786 PEAK_MEM_MB=1026.0 XAI_STATUS=DISABLED
MACRO_AVG_LAST10 NODE=node-alpha ACC=0.9534 PREC=0.9813 REC=0.9245 F1=0.9519 AUC=0.9965
ROUND=94 NODE=node-alpha ACC=0.9649 PREC=0.9760 REC=0.9531 F1=0.9644 AUC=0.9969 TRAIN_TIME_S=58.832 PEAK_MEM_MB=1027.2 XAI_STATUS=DISABLED
MACRO_AVG_LAST10 NODE=node-alpha ACC=0.9554 PREC=0.9810 REC=0.9289 F1=0.9541 AUC=0.9966
ROUND=95 NODE=node-alpha ACC=0.9617 PREC=0.9788 REC=0.9437 F1=0.9609 AUC=0.9969 TRAIN_TIME_S=59.919 PEAK_MEM_MB=1027.3 XAI_STATUS=DISABLED
MACRO_AVG_LAST10 NODE=node-alpha ACC=0.9562 PREC=0.9807 REC=0.9307 F1=0.9549 AUC=0.9966
ROUND=96 NODE=node-alpha ACC=0.9604 PREC=0.9781 REC=0.9420 F1=0.9597 AUC=0.9965 TRAIN_TIME_S=60.032 PEAK_MEM_MB=1027.4 XAI_STATUS=DISABLED
MACRO_AVG_LAST10 NODE=node-alpha ACC=0.9558 PREC=0.9806 REC=0.9302 F1=0.9545 AUC=0.9965
ROUND=97 NODE=node-alpha ACC=0.9654 PREC=0.9783 REC=0.9519 F1=0.9649 AUC=0.9966 TRAIN_TIME_S=59.982 PEAK_MEM_MB=1027.4 XAI_STATUS=DISABLED
MACRO_AVG_LAST10 NODE=node-alpha ACC=0.9561 PREC=0.9804 REC=0.9309 F1=0.9548 AUC=0.9965
ROUND=98 NODE=node-alpha ACC=0.9505 PREC=0.9812 REC=0.9186 F1=0.9489 AUC=0.9966 TRAIN_TIME_S=58.856 PEAK_MEM_MB=1027.1 XAI_STATUS=DISABLED
MACRO_AVG_LAST10 NODE=node-alpha ACC=0.9560 PREC=0.9799 REC=0.9311 F1=0.9547 AUC=0.9966
ROUND=99 NODE=node-alpha ACC=0.9618 PREC=0.9770 REC=0.9460 F1=0.9612 AUC=0.9970 TRAIN_TIME_S=59.950 PEAK_MEM_MB=1027.2 XAI_STATUS=DISABLED
MACRO_AVG_LAST10 NODE=node-alpha ACC=0.9558 PREC=0.9799 REC=0.9307 F1=0.9545 AUC=0.9966
ROUND=100 NODE=node-alpha ACC=0.9585 PREC=0.9813 REC=0.9347 F1=0.9574 AUC=0.9969 TRAIN_TIME_S=60.202 PEAK_MEM_MB=1027.2 XAI_STATUS=DISABLED
MACRO_AVG_LAST10 NODE=node-alpha ACC=0.9560 PREC=0.9799 REC=0.9312 F1=0.9547 AUC=0.9967
